   kl=        1000
 kl,ierr=        1000           0
      1   3849.496348084333  -0.460201E-12  -0.421304E-11   0.232750E+02
      2   3849.496348094818   0.167937E-05   0.159664E-14  -0.201829E+02
      3   3849.496348095367  -0.215564E-04   0.584829E-15  -0.248142E+02
      4   3849.496348095657  -0.945613E-07  -0.663771E-13  -0.231588E+02
      5   3849.496348098250  -0.221634E-01  -0.138316E-16  -0.228908E+02
      6   7517.166801473923   0.399808E-06   0.124822E-09  -0.522712E+01
      7   7517.166801475561  -0.295455E-04   0.282411E-11   0.498502E+01
      8   7517.166801478008  -0.140909E-01  -0.202223E-14  -0.512314E+01
      9   7517.166802585809   0.218814E-15  -0.111893E-05   0.511203E+01
     10   7627.337129137720   0.153589E-04   0.983099E-09  -0.382466E-06
     11   7627.337129138571  -0.410978E-03   0.667141E-10   0.308566E-06
     12   7627.337129139667   0.333154E-02   0.370169E-11  -0.261408E-06
     13   7627.337129175372   0.595382E-10  -0.226797E-06   0.145307E-04
     14  11077.364564493564   0.114945E-02   0.527303E-11   0.200196E+02
     15  11077.364564494123   0.220542E-01  -0.275212E-12  -0.222212E+02
     16  11077.364567855169   0.568084E-12   0.177360E-05  -0.211493E+02
     17  11135.335919850639  -0.803157E-04   0.728176E-13   0.115641E-04
     18  11135.335919853889  -0.150367E-01  -0.755072E-15  -0.116880E-04
     19  11135.337721537780  -0.288035E-15   0.409986E-04  -0.356997E-02
     20  11344.319498715962  -0.249883E-03  -0.271507E-10   0.118559E+02
     21  11344.319498716148   0.159379E-02  -0.425774E-11  -0.864186E+01
     22  11344.319499871644   0.982681E-12   0.102963E-05  -0.103738E+02
     23  14500.794729292194   0.985816E-03  -0.634473E-11   0.707365E+01
     24  14500.794729292822  -0.188985E-01  -0.331746E-12   0.785224E+01
     25  14519.291511027890  -0.157577E-01   0.339549E-12  -0.300618E-04
     26  14519.291511028900  -0.268210E-03  -0.198422E-10  -0.310997E-04
     27  14772.326568055598  -0.661424E-04   0.912386E-12  -0.899938E+00
     28  14772.326568064089   0.113513E-01   0.625968E-14  -0.910487E+00
     29  14970.450183236393  -0.102252E-02   0.702250E-14  -0.249427E-06
     30  14970.450183236484  -0.975173E-07  -0.684929E-10   0.261566E-06
     31  17760.845143428778   0.160641E-01   0.991499E-15   0.212475E+02
     32  17761.808125511841   0.909015E-12   0.376290E-04   0.176236E+02
     33  17763.925097817817  -0.151244E-01   0.249267E-14  -0.942582E-03
     34  18133.462591856562   0.148450E-13   0.128486E-02   0.399598E+01
     35  18137.433276990134   0.123868E-01  -0.206879E-14   0.247707E+01
     36  18259.749668777793   0.173087E-13   0.184444E-02   0.153186E+01
     37  18264.896612753069   0.161513E-02  -0.211371E-13   0.251754E-05
     38  18517.794804305595  -0.163239E-11  -0.408908E-03   0.107518E+02
     39  18517.861413106370  -0.497774E-02   0.134358E-12   0.109894E+02
     40  18676.830449354071   0.591223E-16   0.217383E-01   0.106531E+02
     41  20865.366015072726   0.127782E-01  -0.698813E-13  -0.747968E+01
     42  20865.416515994006  -0.375601E-01  -0.247938E-13   0.325702E-01
     43  21424.798380720742  -0.193960E-01   0.256003E-14   0.308821E+01
     44  21466.947211738967  -0.366701E-02  -0.134256E-13   0.937847E-05
     45  21728.168928371753   0.879431E-02  -0.288848E-14   0.247912E+01
     46  21979.011708265098  -0.121449E-01  -0.677436E-15   0.272224E-06
     47  23848.237191643992  -0.580684E-02   0.778516E-09  -0.180139E+02
     48  23848.441940365745   0.164897E-01   0.274574E-09  -0.330774E-01
     49  24601.201773086195  -0.855501E-02   0.781962E-08  -0.586447E-04
     50  24605.293699807917   0.134793E-01   0.515795E-08   0.106184E+01
     51  24967.773280424084  -0.406796E-08   0.535772E-01  -0.476926E+01
     52  24986.197813492756   0.654829E-02   0.389145E-07   0.110560E+02
     53  25091.295478229393   0.212340E-01  -0.203714E-08  -0.671682E-05
     54  25359.823323657027  -0.322617E-01  -0.123950E-09  -0.831405E+01
     55  26782.661026132420  -0.598491E-03   0.723164E-04   0.429334E+01
     56  26782.742882126120   0.186591E-02   0.232029E-04   0.206555E-02
     57  27706.122532798763  -0.988000E-02   0.612558E-05   0.753412E+00
     58  27708.817683250811  -0.761853E-03  -0.805465E-04   0.159693E-01
     59  28294.163705721003  -0.736674E-02   0.112489E-04  -0.310640E-02
     60  28319.570430571799   0.250616E-01   0.374247E-05  -0.185208E+01
     61  28590.142362349896  -0.352159E-02   0.957262E-05  -0.151972E+01
     62  28666.045704895219   0.105585E-01   0.210816E-05  -0.773513E-03
     63  29775.151909513006   0.989318E-02  -0.120769E-06  -0.655354E+00
     64  30841.317315462536  -0.259641E-02  -0.474897E-04  -0.232501E+00
     65  31017.169720975588   0.150850E-04  -0.219540E-01  -0.721098E+01
     66  31551.375409286495   0.146448E-01   0.306277E-02  -0.532723E+01
     67  31564.222555658500   0.997647E-02  -0.475123E-02  -0.945738E+01
     68  31910.225486103718  -0.177544E-01  -0.441729E-03   0.522074E+01
     69  32062.508259213359   0.804786E-03  -0.768702E-02  -0.131810E+01
     70  32437.821117750627  -0.189785E-01  -0.740627E-04  -0.691494E+01
     71  32914.471078703951   0.107569E-01  -0.350706E-04   0.132245E+00
     72  34067.889463454689  -0.226456E-01  -0.196576E-04  -0.552307E-01
     73  34828.994528070485  -0.982268E-02   0.800346E-03   0.900267E+00
     74  35106.796724476095   0.944934E-02   0.266147E-02   0.606124E+00
     75  35408.417692211246  -0.948772E-02   0.382818E-02   0.332389E+00
     76  35910.617315535077   0.791319E-02   0.941488E-02   0.230596E+01
     77  36177.517162806129  -0.154415E-01   0.637257E-02   0.721439E+01
     78  36539.072209359590   0.616188E-02   0.994902E-02  -0.736426E+00
     79  37328.758829518614  -0.656554E-02   0.342228E-01  -0.220323E+01
     80  37416.074521306888   0.279119E-01   0.818006E-02   0.129887E+01
     81  38194.572442404955  -0.241954E-01   0.276117E-02   0.112401E+02
     82  38637.838436511629   0.586339E-02   0.196287E-01   0.138613E+01
     83  38911.651060261749  -0.114171E-01   0.763351E-02   0.174412E+00
     84  39661.019263762442   0.132698E-01   0.235561E-02   0.411516E+01
     85  40387.560992182611  -0.848746E-02   0.521713E-02   0.179350E+01
     86  40827.205656504681   0.365504E-01   0.136656E-02   0.129287E+01
     87  41647.434362296313  -0.110422E-01   0.918474E-02  -0.104446E+02
     88  41905.740475901657   0.153319E-01   0.692089E-02   0.189826E+02
     89  42889.376676643842  -0.151990E-01   0.915658E-02   0.538546E+01
     90  43217.532666069943   0.328004E-01   0.589505E-02   0.226177E+01
     91  43782.339909962895  -0.267199E-01   0.519760E-02  -0.738600E+01
     92  44581.820833091893   0.186228E-01   0.118818E-01   0.140359E+01
     93  44962.286950979578  -0.265923E-01   0.974141E-02   0.859844E+00
     94  45724.581561351944   0.190640E-01   0.172402E-01   0.417273E+01
     95  46042.583693831744  -0.251380E-01   0.119412E-01   0.671614E+01
     96  47007.679158306797   0.158891E-01   0.144701E-01   0.308514E+01
     97  47462.304993673592  -0.183477E-01   0.149586E-01  -0.211196E+01
     98  48158.271947592832   0.252350E-01   0.896660E-02   0.557799E+00
     99  48901.001508342335  -0.376552E-01   0.768384E-02   0.733521E+00
    100  49497.684222844116   0.272360E-01   0.139885E-01  -0.243411E+00
    101  50102.551834666221  -0.228569E-01   0.177630E-01   0.463735E+01
    102  50709.826638374914   0.185935E-01   0.188137E-01   0.157004E+01
    103  51545.584685298229  -0.434031E-01   0.106710E-01   0.320210E+00
    104  51942.462487196659   0.132927E-01   0.323466E-01   0.465711E+00
    105  52897.902031855345  -0.352197E-01   0.796848E-02  -0.206911E+01
    106  53652.717434797778   0.269237E-01   0.179537E-01   0.296325E+01
    107  54175.188459937548  -0.484611E-01   0.122448E-01   0.950244E+00
    108  54768.298258205854   0.340290E-01   0.128208E-01   0.120026E+01
    109  55578.261144357282  -0.234941E-01   0.141931E-01   0.295326E+00
    110  56171.481350342910   0.242271E-01   0.104804E-01   0.482591E+00
    111  57150.535299220646  -0.267329E-01   0.660058E-02   0.257575E+01
    112  58042.134415143060   0.190338E-01   0.158818E-01   0.491886E+00
    113  58529.936826434729  -0.172252E-01   0.182446E-01   0.878844E+00
    114  59420.724424388754   0.226899E-01   0.952868E-02  -0.112192E+01
    115  60217.823719491891  -0.241444E-01   0.887298E-02  -0.286794E+00
    116  61103.828855982327   0.236462E-01   0.107235E-01   0.108026E+01
    117  61830.886725448363  -0.189432E-01   0.155263E-01  -0.326323E+01
    118  62669.266850391810   0.248829E-01   0.127146E-01   0.512000E+00
    119  63527.783616646077  -0.318915E-01   0.136852E-01   0.122251E+01
    120  64239.343926267778   0.272349E-01   0.209484E-01   0.142384E+01
    121  64963.023758010735  -0.393686E-01   0.151480E-01   0.103754E+01
    122  65749.566442049865   0.276715E-01   0.220257E-01   0.135827E+01
    123  66424.425164565269  -0.265931E-01   0.195327E-01   0.175062E+01
    124  67308.069066972224   0.364468E-01   0.104021E-01   0.115781E+01
    125  68151.237789243969  -0.340563E-01   0.982326E-02  -0.255099E+00
    126  68953.404225103732   0.144755E-01   0.176242E-01   0.109892E+01
    127  70109.140497433851  -0.354678E-01   0.765718E-02   0.994469E+00
    128  70866.630195510268   0.201126E-01   0.172260E-01   0.169839E+01
    129  71726.423923987502  -0.251771E-01   0.133365E-01   0.128634E+01
    130  72776.339165778278   0.401900E-01   0.127265E-01  -0.143769E+01
    131  73369.183654508088  -0.497848E-01   0.113850E-01  -0.297219E+00
    132  74308.256422484774   0.282154E-01   0.147188E-01   0.180469E+01
    133  75347.750979869335  -0.343454E-01   0.166939E-01   0.378461E+00
    134  75916.200230479692   0.264715E-01   0.204904E-01   0.786280E+00
    135  77020.969329499116  -0.178928E-01   0.184660E-01   0.393146E-01
    136  78080.242767624368   0.224428E-01   0.181491E-01  -0.277462E+00
    137  78934.450047531151  -0.424613E-01   0.117252E-01   0.631935E+00
    138  79923.303256415151   0.211872E-01   0.290008E-01   0.570575E+00
    139  80833.185853854826  -0.555839E-01   0.171118E-01   0.824553E+00
    140  81481.799585617657   0.339449E-01   0.283497E-01   0.989315E+00
    141  82390.914437774627  -0.434134E-01   0.144232E-01   0.604318E+00
    142  83441.498003648579   0.227478E-01   0.228491E-01   0.725985E+00
    143  84330.579693113963  -0.220320E-01   0.205272E-01   0.766617E+00
    144  85533.561092448595   0.395740E-01   0.123316E-01  -0.980515E+00
    145  86367.209424182656  -0.313104E-01   0.181699E-01  -0.323133E+00
    146  87359.496915824013   0.265792E-01   0.200848E-01   0.251711E+00
    147  88377.469732337486  -0.364220E-01   0.152559E-01  -0.218416E+00
    148  89394.202548670291   0.412591E-01   0.157871E-01   0.407533E+00
    149  90320.180746063241  -0.434983E-01   0.171234E-01   0.407463E+00
    150  91232.144970973866   0.362235E-01   0.198925E-01   0.741872E+00
    151  92193.218792061161  -0.318765E-01   0.187952E-01   0.698771E+00
    152  93305.776391669686   0.248892E-01   0.220582E-01   0.443905E+00
    153  94303.360778380622  -0.202241E-01   0.276982E-01   0.389485E+00
    154  95346.589912321549   0.368605E-01   0.145127E-01   0.682072E+00
    155  96509.907815492217  -0.326484E-01   0.203611E-01  -0.171351E+00
    156  97326.914800693892   0.446317E-01   0.150044E-01   0.216496E+01
    157  98626.471764481292  -0.394191E-01   0.184984E-01   0.811737E+00
    158  99489.058591829045   0.410258E-01   0.219598E-01   0.593509E-01
    159 100469.765130071391  -0.334040E-01   0.247482E-01   0.463244E+00
    160 101484.879025280461   0.493826E-01   0.144204E-01  -0.120120E+00
    161 102574.885883166324  -0.324512E-01   0.192144E-01  -0.241913E+00
    162 103617.333227918207   0.212376E-01   0.248687E-01   0.765036E+00
    163 105012.972713041614  -0.395590E-01   0.197110E-01   0.846130E+00
    164 105632.774542540777   0.380041E-01   0.203209E-01   0.778641E+00
    165 107062.981294192083  -0.374215E-01   0.139794E-01   0.261916E+00
    166 108114.529489807581   0.374834E-01   0.176946E-01   0.271632E+00
    167 109011.548277449707  -0.333530E-01   0.172581E-01   0.514896E-01
    168 110309.481958314398   0.380579E-01   0.114361E-01  -0.837302E-01
    169 111545.192996946163  -0.384006E-01   0.136228E-01  -0.534423E+00
    170 112484.110786320613   0.242270E-01   0.206941E-01  -0.655159E+00
    171 113997.076976327284  -0.297553E-01   0.209143E-01   0.594202E-01
    172 114916.763832258686   0.224025E-01   0.410906E-01   0.559632E+00
    173 115728.193847716175  -0.339912E-01   0.206125E-01  -0.213183E+00
    174 117381.869902122955   0.208299E-01   0.280347E-01   0.310457E+00
    175 118441.114869628669  -0.338203E-01   0.267277E-01   0.962731E-02
    176 119374.061570503472   0.391817E-01   0.237844E-01   0.664647E+00
    177 120524.146385750049  -0.381357E-01   0.200260E-01   0.100662E+01
    178 121693.516185757049   0.380246E-01   0.176172E-01   0.757111E-01
    179 122889.905540614069  -0.266285E-01   0.220790E-01   0.120158E+00
    180 124216.464150534594   0.489211E-01   0.124369E-01   0.281350E-01
    181 125413.172306674693  -0.206332E-01   0.361561E-01   0.917731E+00
    182 126475.582898678345   0.424677E-01   0.175735E-01   0.306902E+00
    183 127851.482040281277  -0.467549E-01   0.179144E-01   0.146986E+00
    184 128889.709799128061   0.500471E-01   0.202148E-01   0.171050E+00
    185 129912.669418422331  -0.342931E-01   0.245439E-01   0.401445E+00
    186 131180.329164707597   0.334700E-01   0.172386E-01   0.137790E+00
    187 132715.214353881718  -0.256467E-01   0.249310E-01   0.748019E+00
    188 133799.242111022468   0.328059E-01   0.245590E-01   0.981320E+00
    189 134888.753957640438  -0.340805E-01   0.204809E-01   0.427870E+00
    190 136366.461598544643   0.297441E-01   0.235960E-01   0.422439E+00
    191 137452.411713242065  -0.217061E-01   0.368028E-01   0.466434E+00
    192 138617.940441336686   0.314699E-01   0.221247E-01   0.739144E+00
    193 139792.239785475860  -0.330124E-01   0.147996E-01  -0.885437E-01
    194 141635.442633529892   0.321437E-01   0.188589E-01   0.151531E+00
    195 142567.125347540481  -0.450418E-01   0.174049E-01   0.353763E+00
    196 143762.758473403374   0.313239E-01   0.192107E-01  -0.143571E-01
    197 145452.875601092208  -0.251604E-01   0.320940E-01   0.431998E+00
    198 146345.514432386437   0.443988E-01   0.214114E-01   0.360216E+00
    199 147701.557989854162  -0.385392E-01   0.209146E-01   0.535412E+00
    200 148970.285054938315   0.322044E-01   0.301967E-01  -0.446721E-01
    201 149757.709948832111  -0.378662E-01   0.184655E-01   0.298857E+00
    202 151852.873011345597   0.338177E-01   0.120307E-01  -0.102738E-01
    203 152879.478039425390   0.161342E-01  -0.259641E-01  -0.190146E+00
    204 154834.327820356732  -0.450208E-01  -0.122863E-01  -0.519842E+00
    205 155924.475683105178   0.293361E-01  -0.305777E-01   0.156607E-01
    206 157056.767975247873  -0.349757E-01  -0.264823E-01  -0.234718E+00
    207 158431.985031973833   0.429195E-01  -0.213666E-01  -0.189725E+00
    208 159636.280268980016  -0.268948E-01  -0.336810E-01  -0.390040E+00
    209 160978.088519606565   0.491264E-01  -0.162928E-01  -0.988177E+00
    210 162254.798739800986  -0.266111E-01  -0.244439E-01   0.439811E+00
    211 163968.576621481945   0.226937E-01  -0.322351E-01  -0.181644E+00
    212 164941.977458232112  -0.312975E-01  -0.219866E-01  -0.246187E+00
    213 167006.333646128478   0.389168E-01  -0.215746E-01  -0.767512E-01
    214 167946.503891023662  -0.337846E-01  -0.313619E-01  -0.366587E+00
    215 169487.742527374823  -0.383931E-01   0.263977E-01   0.474932E+00
    216 170887.006659824110   0.435607E-01   0.338946E-01   0.376260E+00
    217 171856.085818981344   0.396093E-01  -0.350520E-01  -0.704849E+00
    218 173608.220818477712  -0.437877E-01  -0.297678E-01  -0.928073E-01
    219 174639.403413904714   0.476871E-01  -0.282861E-01  -0.844652E-01
    220 176144.862045126472  -0.338245E-01  -0.306891E-01  -0.316918E+00
    221 177498.889259376854   0.413460E-01  -0.224309E-01  -0.389024E+00
    222 178951.106408751977  -0.308689E-01  -0.240927E-01   0.667090E-01
    223 180823.130382787960   0.540337E-01  -0.200861E-01   0.706290E-01
    224 181811.385415416065  -0.415928E-01  -0.311403E-01  -0.344735E+00
    225 183243.684794542205  -0.454224E-01   0.219424E-01   0.321340E+00
    226 184708.272846731357   0.456864E-01   0.193501E-01   0.729566E+00
    227 186137.261835256097  -0.362470E-01   0.211677E-01   0.974645E-01
    228 187815.171479359007   0.443757E-01   0.175998E-01   0.163846E+00
    229 189224.576074628276  -0.249095E-01   0.361221E-01   0.279663E+00
    230 190662.799307943467   0.452254E-01   0.200644E-01   0.177820E+00
    231 192357.040248727717  -0.360010E-01   0.369784E-01   0.499355E+00
    232 193323.987900018838   0.543182E-01   0.255407E-01   0.660841E+00
    233 194877.135375343729  -0.300149E-01   0.312597E-01   0.173875E+00
    234 196215.023408854817   0.445842E-01   0.148599E-01   0.310580E+00
    235 198348.743174474948  -0.220905E-01   0.280104E-01   0.242082E+00
    236 199830.572501366725   0.245678E-01   0.392092E-01   0.701653E+00
    237 201141.409962667996  -0.368087E-01   0.299141E-01  -0.350465E+00
    238 202813.022346950893   0.387708E-01   0.382601E-01   0.380493E+00
    239 203812.500701283221   0.394626E-01  -0.365218E-01   0.140892E+00
    240 205506.705996338453  -0.382889E-01  -0.235544E-01  -0.186923E+00
    241 207402.250778443675   0.321579E-01  -0.379260E-01  -0.295025E-01
    242 208625.861731527664  -0.512293E-01  -0.320666E-01   0.466584E-01
    243 209888.050356533349   0.436363E-01  -0.324866E-01  -0.251887E+00
    244 211309.180575408565  -0.299632E-01  -0.298274E-01  -0.212063E+00
    245 213276.632542665524   0.406829E-01  -0.165428E-01  -0.590242E+00
    246 214946.152180358156  -0.331193E-01  -0.237403E-01  -0.253810E-01
    247 216724.046320938971   0.426766E-01  -0.294586E-01  -0.267480E+00
    248 217938.886014792690  -0.477996E-01  -0.342451E-01  -0.444397E+00
    249 219218.876950371079  -0.390309E-01   0.320177E-01  -0.330248E-01
    250 221260.216635217745   0.493239E-01   0.238075E-01   0.401373E-01
    251 222609.016071358172  -0.494207E-01   0.282851E-01   0.164841E+00
    252 224290.987506146339   0.585382E-01   0.263620E-01   0.291595E+00
    253 225766.139879691618  -0.631274E-01   0.307980E-01   0.198944E+00
    254 227070.028428137477   0.444473E-01   0.428795E-01   0.390667E+00
    255 228566.119374116446  -0.482981E-01   0.309197E-01   0.504631E+00
    256 230041.241175247356   0.246971E-01   0.419450E-01  -0.510996E-01
    257 232091.953994600452   0.351948E-01  -0.263475E-01  -0.923466E-01
    258 233482.356675322866  -0.384265E-01  -0.254649E-01  -0.224314E+00
    259 235222.465626150894   0.270825E-01  -0.323748E-01   0.167981E+00
    260 236835.703892653924  -0.481525E-01  -0.180540E-01  -0.116237E-01
    261 238493.648412917537   0.217080E-01  -0.375687E-01  -0.508945E-02
    262 240334.398708323977  -0.286383E-01  -0.322080E-01  -0.144550E+00
    263 241913.786989670742   0.396718E-01  -0.295847E-01  -0.747516E-01
    264 243347.767164488876   0.434866E-01   0.265883E-01   0.172701E+00
    265 245163.352766936005  -0.228232E-01   0.503350E-01   0.410921E+00
    266 246753.390091954730   0.456826E-01   0.305775E-01   0.257873E+00
    267 248209.598637903924  -0.397210E-01   0.380373E-01   0.273773E+00
    268 249453.813113024196   0.368471E-01   0.279106E-01   0.467103E+00
    269 252003.693890973023   0.296084E-01  -0.287341E-01   0.656349E-01
    270 253450.952172377933  -0.324282E-01  -0.381882E-01  -0.120455E+00
    271 254915.066356595984  -0.429862E-01   0.280535E-01  -0.356310E-01
    272 256717.741061297129  -0.487304E-01  -0.239392E-01  -0.287663E+00
    273 258337.892755993147  -0.313691E-01   0.420528E-01   0.201701E+00
    274 259844.000575696962  -0.448122E-01  -0.283315E-01  -0.101969E+00
    275 261515.272778936021  -0.412759E-01   0.263986E-01   0.324419E+00
    276 263144.568525884068  -0.585235E-01  -0.154299E-01  -0.449075E-01
    277 264958.939813214238   0.250714E-01  -0.290619E-01  -0.754933E-01
    278 266907.576970639930   0.206292E-01   0.368224E-01   0.236602E+00
    279 268555.772572045680   0.433572E-01  -0.191700E-01  -0.117246E+00
    280 270380.940947091207  -0.316172E-01  -0.282079E-01  -0.185595E+00
    281 272067.461019799812   0.329240E-01  -0.303360E-01  -0.709686E-01
    282 273747.011053920374   0.461948E-01   0.218863E-01   0.402885E+00
    283 275640.002281856490   0.377884E-01  -0.313213E-01  -0.262865E+00
    284 277182.848422693671   0.339838E-01   0.404198E-01   0.190661E+00
    285 278796.965690516517   0.522280E-01  -0.240769E-01  -0.204639E+00
    286 280678.657488348545   0.369036E-01   0.345254E-01   0.428389E+00
    287 282198.814143450581   0.512156E-01  -0.239857E-01  -0.100697E+00
    288 284194.594098173198   0.375684E-01   0.333057E-01   0.940297E-01
    289 285604.423244111706   0.431703E-01  -0.270748E-01   0.225207E+00
    290 287775.275208589097   0.255269E-01   0.410292E-01   0.231583E+00
    291 289567.794897625572   0.418421E-01  -0.348469E-01  -0.220305E+00
    292 291061.096777255530   0.448839E-01   0.354584E-01   0.409854E+00
    293 292925.108000729640  -0.337029E-01   0.502425E-01   0.440826E+00
    294 294346.178543541231   0.456924E-01   0.351202E-01   0.730350E-01
    295 296176.970259551599   0.313264E-01  -0.369424E-01  -0.982754E-01
    296 298269.803880501073   0.391364E-01   0.318625E-01   0.402902E-01
    297 299798.857143003959   0.407387E-01  -0.335861E-01  -0.300945E+00
    298 301541.428398619755   0.308411E-01   0.376338E-01   0.354104E-01
    299 303344.812626086932   0.455322E-01  -0.208574E-01  -0.941462E-01
    300 305431.388249521726   0.260689E-01   0.363004E-01   0.301025E+00
    301 307161.167714276002   0.482959E-01  -0.213038E-01  -0.487116E-02
    302 309121.830773039255   0.432942E-01   0.261529E-01   0.336189E-01
    303 310860.734400707006   0.565283E-01  -0.228691E-01  -0.211045E+00
    304 312722.331439299101   0.486285E-01   0.307684E-01   0.761192E-01
    305 314337.221959642658   0.323568E-01  -0.489410E-01  -0.160352E+00
    306 316101.689157180779   0.467614E-01   0.296800E-01   0.365825E-01
    307 318168.626790034410   0.347584E-01  -0.459041E-01  -0.743162E-01
    308 319607.943900024169   0.487539E-01   0.335165E-01  -0.153631E+00
    309 321477.514652577229   0.306354E-01  -0.397767E-01  -0.223827E+00
    310 323546.431218549609   0.460279E-01   0.260410E-01   0.103418E+00
    311 325243.688183278136   0.249950E-01  -0.481964E-01  -0.333243E+00
    312 327280.139188372530   0.519730E-01   0.233205E-01   0.211733E-01
    313 328937.475272439769   0.308138E-01  -0.370851E-01  -0.683822E-01
    314 331404.669191275607   0.522024E-01   0.308119E-01  -0.813062E-01
    315 332770.720863394206   0.591256E-01  -0.368798E-01  -0.127160E+00
    316 334294.826594480430   0.433615E-01   0.376239E-01   0.140576E+00
    317 336646.861422455695   0.514157E-01  -0.276285E-01   0.193861E+00
    318 338295.204733275576   0.447573E-01   0.356248E-01   0.833238E-01
    319 340179.207214496564   0.531629E-01  -0.274756E-01  -0.167259E+00
    320 342141.256860644207   0.419429E-01   0.345261E-01   0.219531E+00
    321 344173.904068122734   0.536176E-01  -0.338662E-01  -0.489957E-01
    322 345708.155548598792   0.335977E-01   0.550227E-01   0.199514E+00
    323 347875.655175866210   0.445577E-01  -0.399260E-01  -0.356820E+00
    324 349761.019983169390   0.547233E-01   0.449804E-01   0.132905E+00
    325 351185.485726634273   0.660260E-01  -0.357466E-01   0.750472E-01
    326 353296.717556533869   0.515487E-01   0.360490E-01   0.316746E+00
    327 355213.994463648181   0.461427E-01  -0.442142E-01  -0.216368E+00
    328 356895.860897646053   0.341213E-01   0.558637E-01   0.283127E+00
    329 358980.369897045835   0.411916E-01  -0.412401E-01  -0.326758E+00
    330 360942.286390909459   0.473888E-01   0.405905E-01   0.854448E-01
    331 362725.532766968943   0.413451E-01  -0.518306E-01  -0.204670E+00
    332 364300.340869925974   0.397535E-01   0.423155E-01   0.130941E+00
    333 366861.536619653401   0.640566E-01  -0.238598E-01  -0.995427E-01
    334 368697.683595390175   0.648989E-01   0.352743E-01   0.115440E+00
    335 370200.581199697743   0.508616E-01  -0.461702E-01  -0.217251E+00
    336 371962.311708602472   0.455644E-01   0.349545E-01   0.121878E+00
    337 374432.982580491866   0.413799E-01  -0.372281E-01  -0.197920E+00
    338 375910.930433452071   0.503193E-01   0.303131E-01   0.299438E+00
    339 378075.107711338846   0.355961E-01  -0.296936E-01  -0.977321E-01
    340 380454.830880444846   0.351257E-01   0.337877E-01   0.218004E+00
    341 382498.396619194769   0.637374E-01  -0.293588E-01  -0.374296E-01
    342 384168.443933879025   0.522851E-01   0.488310E-01   0.968199E-01
    343 385636.620327014185   0.613296E-01  -0.346786E-01  -0.483406E-01
    344 387949.079101726005   0.494182E-01   0.318475E-01   0.151639E+00
    345 389812.096139098518   0.467183E-01  -0.330239E-01  -0.158192E+00
    346 392090.691375846567   0.394638E-01   0.461665E-01   0.185385E+00
    347 393676.363309143984   0.566797E-01  -0.346840E-01  -0.101685E+00
    348 395730.455407089205   0.508307E-01   0.334193E-01   0.158098E+00
    349 397699.693460150855   0.414407E-01  -0.406697E-01  -0.198507E+00
    350 399666.571167481947   0.370475E-01   0.459887E-01   0.950889E-01
    351 401461.098788875330   0.571805E-01  -0.257641E-01  -0.647194E-01
    352 403760.209948623786   0.592653E-01   0.221359E-01   0.102347E+00
    353 405831.117443173542   0.326068E-01  -0.488806E-01  -0.103768E+00
    354 407639.236164360773   0.354160E-01   0.484306E-01   0.655401E-01
    355 409646.432738351170   0.486318E-01  -0.340795E-01   0.102567E+00
    356 411601.981631041504   0.424779E-01   0.386995E-01   0.163185E+00
    357 413544.282641278056   0.516553E-01  -0.295184E-01  -0.102001E+00
    358 415596.521313965321   0.558552E-01   0.243993E-01  -0.335211E-01
    359 417852.225878655736   0.323579E-01  -0.474130E-01  -0.112820E+00
    360 419612.764901832212   0.466093E-01   0.345592E-01   0.180978E+00
    361 421895.214335482102   0.459766E-01  -0.381315E-01  -0.178399E+00
    362 423621.887285649893   0.420036E-01   0.450361E-01   0.953004E-01
    363 425797.686280591530   0.475087E-01  -0.421049E-01  -0.213617E+00
    364 427435.093147845939   0.539907E-01   0.352518E-01   0.210492E-01
    365 429629.201952421223   0.440580E-01  -0.340017E-01  -0.694528E-01
    366 431797.766508650675   0.412997E-01   0.397206E-01   0.215123E-02
    367 433525.139096636267   0.442958E-01  -0.345797E-01  -0.121691E+00
    368 435943.748326466710   0.446727E-01   0.339558E-01   0.487082E-01
    369 437588.096819533501   0.438308E-01  -0.335315E-01  -0.113150E+00
    370 440031.290982946404   0.317546E-01   0.418399E-01   0.475306E-01
    371 441908.422511586512   0.456391E-01  -0.309794E-01  -0.848321E-01
    372 444247.282363369712   0.504885E-01   0.338875E-01   0.167849E+00
    373 445855.009338363074   0.316635E-01  -0.573188E-01  -0.220054E+00
    374 447959.713736636215   0.437929E-01   0.325354E-01   0.212305E+00
    375 450192.803450490523   0.573741E-01  -0.246713E-01  -0.570394E-01
    376 452117.737834993692   0.342024E-01   0.405567E-01   0.988433E-01
    377 454478.774284251733   0.384281E-01  -0.394177E-01  -0.168060E+00
    378 456316.971657539019   0.383721E-01   0.443981E-01   0.203285E+00
    379 458372.308004288410   0.558230E-01  -0.287433E-01  -0.120614E+00
    380 460533.925556987408   0.415546E-01   0.408541E-01   0.844936E-01
    381 462464.264701506007   0.700109E-01  -0.254847E-01  -0.107567E+00
    382 464421.429998676525   0.469957E-01   0.330624E-01   0.456083E-01
    383 466720.320770721301   0.397242E-01  -0.355395E-01  -0.115443E+00
    384 469057.452208126604   0.401576E-01   0.491996E-01   0.217385E+00
    385 470624.600657753064   0.516231E-01  -0.407183E-01  -0.128698E+00
    386 472907.643033658329   0.400772E-01   0.449969E-01   0.240084E+00
    387 474925.538952107134   0.495468E-01  -0.386037E-01  -0.720708E-01
    388 476916.461445830122   0.475086E-01   0.386542E-01   0.106019E+00
    389 479000.257459736255   0.402742E-01  -0.412126E-01  -0.141294E-01
    390 481166.066093918809   0.356290E-01   0.434738E-01   0.190341E+00
    391 483473.153202738904   0.496612E-01  -0.365007E-01  -0.794099E-01
    392 485303.663227992656   0.487331E-01   0.406558E-01   0.141903E+00
    393 487371.884072176588   0.338101E-01  -0.516843E-01  -0.133104E+00
    394 489603.070006748254   0.515201E-01   0.325921E-01   0.239655E-01
    395 491881.563718545018   0.494861E-01  -0.433502E-01  -0.142520E+00
    396 493572.916188179224   0.499086E-01   0.448113E-01   0.125001E+00
    397 495809.490961433097   0.575118E-01  -0.332473E-01  -0.404251E-01
    398 498119.513788933051   0.508077E-01   0.503288E-01   0.118615E+00
    399 499589.751897527312   0.550257E-01  -0.453476E-01  -0.719407E-02
    400 501835.087914137053   0.459285E-01   0.351139E-01   0.337502E+00
    401 504109.365392742504   0.511539E-01  -0.269089E-01  -0.749283E-01
    402 506482.884782866691   0.742210E-01   0.203049E-01   0.138392E+00
    403 508545.516628435871   0.471128E-01  -0.387555E-01  -0.749544E-02
    404 510456.861217385449   0.487710E-01   0.371253E-01   0.838507E-01
    405 512688.271158327581   0.438522E-01  -0.405811E-01  -0.591134E-01
    406 514488.087131833483   0.413250E-01   0.372311E-01   0.155668E+00
    407 517021.927825332212   0.315018E-01  -0.395346E-01  -0.142472E+00
    408 519367.798847624508   0.295002E-01   0.548976E-01   0.541371E-01
    409 521262.016833259200   0.415396E-01  -0.472106E-01  -0.971506E-01
    410 523118.969847947068   0.593045E-01   0.279637E-01   0.236270E-01
    411 525853.171452827286   0.445664E-01  -0.457914E-01  -0.142058E+00
    412 527253.623594593257   0.473227E-01   0.453821E-01   0.138326E+00
    413 529426.756463811733   0.378189E-01  -0.327611E-01  -0.132952E+00
    414 532346.644970256602   0.473439E-01   0.281229E-01   0.958632E-01
    415 534180.154563003569   0.295635E-01  -0.562466E-01  -0.205969E+00
    416 536443.922645787243   0.476599E-01   0.365575E-01   0.136944E+00
    417 538684.277689601178   0.535793E-01  -0.442056E-01  -0.694207E-01
    418 540350.204323918675   0.489263E-01   0.496364E-01   0.815873E-01
    419 542742.509588105488   0.468559E-01  -0.484306E-01  -0.763104E-01
    420 544593.779471667251   0.454977E-01   0.499826E-01   0.139547E+00
    421 546859.531923579634   0.409539E-01  -0.507941E-01  -0.978403E-01
    422 548871.599434730131   0.369350E-01   0.550132E-01   0.165622E+00
    423 550913.247102053720   0.466123E-01  -0.353808E-01  -0.703744E-01
    424 553331.348591770511   0.513535E-01   0.266434E-01   0.587057E-01
    425 555930.312596253701   0.540104E-01  -0.368122E-01  -0.560834E-01
    426 557510.084376558661   0.430961E-01   0.514074E-01   0.502202E-01
    427 559888.797346591833   0.382622E-01  -0.507007E-01  -0.181465E+00
    428 562003.679447309347   0.452346E-01   0.512708E-01   0.132722E+00
    429 563596.855706244125   0.451281E-01  -0.409846E-01  -0.110544E+00
    430 566443.333454278414   0.377416E-01   0.327211E-01   0.714713E-01
    431 569036.174444978242   0.555757E-01  -0.386957E-01  -0.114510E+00
    432 570505.576024834765   0.422224E-01   0.570833E-01   0.234197E+00
    433 573004.058421303169   0.511675E-01  -0.415985E-01   0.595472E-01
    434 575067.507286205539   0.457163E-01   0.584990E-01   0.112970E+00
    435 576831.588385228883   0.503826E-01  -0.496489E-01  -0.130274E+00
    436 578977.658179697464   0.598972E-01   0.289496E-01   0.261542E-01
    437 581769.646760854172   0.461496E-01  -0.441296E-01  -0.993438E-01
    438 583370.737302719499   0.395148E-01   0.564269E-01   0.139031E+00
    439 585666.201579671819   0.379515E-01  -0.451099E-01  -0.122147E+00
    440 587937.242246262380   0.524826E-01   0.308005E-01   0.847071E-01
    441 590250.774300297140   0.440142E-01  -0.395732E-01  -0.118046E+00
    442 592449.711811737507   0.648756E-01   0.332507E-01   0.530720E-01
    443 594306.417670071125   0.554074E-01  -0.412510E-01  -0.123242E+00
    444 596185.961040213238   0.523949E-01   0.316198E-01   0.639460E-01
    445 598833.566827783710   0.440866E-01  -0.275134E-01  -0.492199E-01
    446 601187.864575017826   0.308209E-01   0.445221E-01   0.562632E-01
    447 603346.254660454462   0.434077E-01  -0.362601E-01  -0.658953E-01
    448 605469.897155724117   0.405047E-01   0.418720E-01   0.517354E-01
    449 607433.150865380536   0.479996E-01  -0.310668E-01  -0.638169E-02
    450 610022.906835889909   0.391908E-01   0.375747E-01   0.100955E+00
    451 611959.167360153049   0.322466E-01  -0.493312E-01  -0.135067E+00
    452 614148.548556306516   0.386487E-01   0.356071E-01   0.112871E+00
    453 616586.805421015481   0.358298E-01  -0.403802E-01  -0.800498E-01
    454 618570.268166205613   0.341332E-01   0.454023E-01   0.122078E+00
    455 620504.588957648491   0.453798E-01  -0.247849E-01  -0.524510E-01
    456 623929.282116342802   0.390254E-01   0.398300E-01   0.614857E-01
    457 625522.500817336026   0.438641E-01  -0.538299E-01  -0.140697E+00
    458 627482.639942912618   0.634179E-01   0.367185E-01   0.382594E-01
    459 629305.193942791317   0.501772E-01  -0.347243E-01  -0.967287E-01
    460 632122.413150519482   0.378783E-01   0.373677E-01   0.142580E+00
    461 634361.032222110312   0.455176E-01  -0.421854E-01  -0.786541E-01
    462 636235.964751835680   0.499405E-01   0.411242E-01   0.828126E-01
    463 638337.687182465452   0.406262E-01  -0.404202E-01  -0.345743E-01
    464 640948.733069122769   0.434533E-01   0.378712E-01   0.539896E-01
    465 643044.430083946907   0.568927E-01  -0.354454E-01  -0.307530E-02
    466 645005.125822373084   0.534468E-01   0.352642E-01   0.511247E-01
    467 647516.312218523235   0.503982E-01  -0.370425E-01  -0.458806E-01
    468 649531.774656124064   0.363757E-01   0.551057E-01   0.135618E-01
    469 651859.078022390720   0.460033E-01  -0.443807E-01  -0.933413E-01
    470 654076.203086317517   0.473730E-01   0.527196E-01   0.764570E-01
    471 655816.192131860647   0.562756E-01  -0.397863E-01  -0.560194E-01
    472 658650.781704893219   0.450948E-01   0.521331E-01   0.135352E+00
    473 660311.644244065392   0.514249E-01  -0.513067E-01  -0.119782E+00
    474 662491.840908661019   0.465218E-01   0.427171E-01   0.126792E+00
    475 665098.160074104439   0.402126E-01  -0.579845E-01  -0.940221E-01
    476 666608.318076161318   0.508478E-01   0.422188E-01   0.390212E-01
    477 669379.227394065703   0.572989E-01  -0.254505E-01  -0.671378E-01
    478 671859.815669089206   0.532413E-01   0.386446E-01   0.109582E+00
    479 673670.929211482638   0.491587E-01  -0.511159E-01  -0.104907E+00
    480 675473.357901061652   0.406316E-01   0.456896E-01   0.810550E-01
    481 678302.487709029811   0.382537E-01  -0.373890E-01  -0.133555E+00
    482 680514.763902116916   0.479948E-01   0.359753E-01   0.926128E-01
    483 682600.560031321133   0.492214E-01  -0.356308E-01  -0.796650E-01
    484 685115.525894116377   0.412839E-01   0.519438E-01   0.804182E-01
    485 686899.607153382152   0.540073E-01  -0.445737E-01  -0.710691E-01
    486 688985.063888913137   0.466412E-01   0.412185E-01   0.713261E-01
    487 691370.018445696332   0.373827E-01  -0.448518E-01  -0.937447E-01
    488 693476.811764052138   0.437270E-01   0.340602E-01   0.245752E-01
    489 696304.514574783971   0.548279E-01  -0.356358E-01  -0.555715E-01
    490 697968.926525087329   0.469761E-01   0.519147E-01   0.708894E-01
    491 699876.341077949037   0.406414E-01  -0.444013E-01  -0.955935E-01
    492 702343.999533591210   0.518554E-01   0.241838E-01   0.388350E-01
    493 704937.607712463010   0.303645E-01  -0.455453E-01  -0.934927E-01
    494 706871.936330539291   0.617059E-01   0.233936E-01   0.477342E-01
    495 709387.229457371868   0.450722E-01  -0.332939E-01  -0.699385E-01
    496 711159.876785552944   0.431895E-01   0.310833E-01   0.523090E-01
    497 714221.348465857911   0.589321E-01  -0.234888E-01  -0.757948E-01
    498 716218.498009292642   0.379008E-01   0.541212E-01   0.875062E-01
    499 718089.593392327428   0.493283E-01  -0.415510E-01  -0.742523E-01
    500 720378.309889600496   0.274783E-01   0.630173E-01   0.123187E+00
    501 722904.577368303319   0.648319E-01  -0.322275E-01  -0.296174E-01
    502 724813.581855433993   0.566272E-01   0.433233E-01   0.611876E-01
    503 727076.491275518783   0.498031E-01  -0.561296E-01  -0.783941E-01
    504 728658.342843826162   0.418067E-01   0.559444E-01   0.916445E-01
    505 731593.577283991850   0.502472E-01  -0.381693E-01  -0.734650E-01
    506 733358.734666834120   0.500629E-01   0.401833E-01   0.626060E-01
    507 735753.087906673900   0.573902E-01  -0.281074E-01  -0.236086E-01
    508 738128.446570686530   0.373329E-01   0.440606E-01   0.785999E-01
    509 740435.561877542175   0.423602E-01  -0.448130E-01  -0.663183E-01
    510 742589.905575944460   0.584765E-01   0.371236E-01   0.644330E-01
    511 744819.843471039901   0.563405E-01  -0.453166E-01  -0.818851E-01
    512 746778.064687542617   0.509777E-01   0.541092E-01   0.958151E-01
    513 748805.648535944987   0.476997E-01  -0.501255E-01  -0.835718E-01
    514 751188.981753573986   0.509557E-01   0.452184E-01   0.563744E-01
    515 753080.295206247712   0.591509E-01  -0.371109E-01  -0.340347E-01
    516 755206.721971418359   0.466206E-01   0.339655E-01   0.554842E-01
    517 757563.428852669196   0.488615E-01  -0.223468E-01  -0.303503E-01
    518 760540.293960850802   0.607329E-01   0.210169E-01   0.409779E-01
    519 762485.507757402025   0.628626E-01  -0.264999E-01  -0.332399E-01
    520 764815.748721123091   0.442102E-01   0.459258E-01   0.683675E-01
    521 766556.724107841495   0.413806E-01  -0.470711E-01  -0.687721E-01
    522 769208.711636570748   0.395553E-01   0.450260E-01   0.673373E-01
    523 771449.318785707233   0.545487E-01  -0.496409E-01  -0.669133E-01
    524 772918.234191931086   0.490907E-01   0.504940E-01   0.768150E-01
    525 775736.931173232966   0.494282E-01  -0.413124E-01  -0.494453E-01
    526 777381.229772667051   0.507801E-01   0.379572E-01   0.551640E-01
    527 780276.099428468617   0.421387E-01  -0.443039E-01  -0.782500E-01
    528 782055.914306895691   0.629274E-01   0.344561E-01   0.600036E-01
    529 784395.603945797076   0.630379E-01  -0.359396E-01  -0.624400E-01
    530 786052.082483603153   0.426805E-01   0.456649E-01   0.751855E-01
    531 788685.638989936328   0.450568E-01  -0.296196E-01  -0.428095E-01
    532 791155.223630178254   0.679263E-01   0.242485E-01   0.368733E-01
    533 792984.126507632784   0.430148E-01  -0.395718E-01  -0.584850E-01
    534 795494.261898646480   0.479176E-01   0.359286E-01   0.554444E-01
    535 797278.413199019851   0.256424E-01  -0.636871E-01  -0.943345E-01
    536 800030.842895539245   0.356879E-01   0.489519E-01   0.789375E-01
    537 801659.572854611906   0.411147E-01  -0.438853E-01  -0.688995E-01
    538 804257.798096093698   0.299479E-01   0.571955E-01   0.790532E-01
    539 805915.475318035809   0.340325E-01  -0.467081E-01  -0.676361E-01
    540 808512.998790148646   0.278404E-01   0.436393E-01   0.562176E-01
    541 810542.490795350983   0.436249E-01  -0.256549E-01  -0.316384E-01
    542 813217.466464759666   0.295168E-01   0.407496E-01   0.566033E-01
    543 815001.021565694013   0.325152E-01  -0.370586E-01  -0.538646E-01
    544 817895.992178320070   0.325029E-01   0.457417E-01   0.644984E-01
    545 819568.141572423046   0.424295E-01  -0.455967E-01  -0.584299E-01
    546 821441.768983725342   0.501634E-01   0.300071E-01   0.432052E-01
    547 823881.087278462015   0.297003E-01  -0.374815E-01  -0.511427E-01
    548 826342.644644465763   0.291976E-01   0.430809E-01   0.572116E-01
    549 828167.578500827425   0.428978E-01  -0.279056E-01  -0.374973E-01
    550 830981.292525178753   0.290267E-01   0.453864E-01   0.675396E-01
    551 832751.023418420227   0.377709E-01  -0.411004E-01  -0.634914E-01
    552 835001.369055407471   0.334643E-01   0.428612E-01   0.583975E-01
    553 837171.851630906225   0.351316E-01  -0.419949E-01  -0.555263E-01
    554 839239.121967014275   0.482372E-01   0.282307E-01   0.402879E-01
    555 841820.282157084905   0.421193E-01  -0.385549E-01  -0.550409E-01
    556 843559.114892190904   0.400098E-01   0.452776E-01   0.664015E-01
    557 845728.191938816570   0.375153E-01  -0.392828E-01  -0.545683E-01
    558 848320.530979957781   0.483003E-01   0.411439E-01   0.578244E-01
    559 849795.317161774961   0.351713E-01  -0.618709E-01  -0.856112E-01
    560 851612.370826520259   0.337613E-01   0.346875E-01   0.485233E-01
    561 855298.493593794876   0.365168E-01  -0.365577E-01  -0.462009E-01
    562 856763.322957706288   0.319017E-01   0.606346E-01   0.870735E-01
    563 858617.643064906239   0.270201E-01  -0.547744E-01  -0.689154E-01
    564 861172.549889390357   0.233239E-01   0.551109E-01   0.737615E-01
    565 863105.888489371748   0.408374E-01  -0.306418E-01  -0.400075E-01
    566 865762.899765694048   0.191308E-01   0.758542E-01   0.104984E+00
    567 867570.297201172099   0.351352E-01  -0.508841E-01  -0.706291E-01
    568 869574.255666494602   0.316685E-01   0.513437E-01   0.699772E-01
    569 871657.959888648358   0.295337E-01  -0.456571E-01  -0.630038E-01
    570 873881.542475853814   0.392638E-01   0.271011E-01   0.375038E-01
    571 876642.750134084839   0.303580E-01  -0.450232E-01  -0.623047E-01
    572 878349.205337979714   0.316718E-01   0.518765E-01   0.712816E-01
    573 880721.524069650797   0.392525E-01  -0.460678E-01  -0.668725E-01
    574 882645.899071015301   0.505222E-01   0.483442E-01   0.627666E-01
    575 884074.484928544494   0.418098E-01  -0.462189E-01  -0.586943E-01
    576 886612.237098178244   0.181705E-01   0.552248E-01   0.742348E-01
    577 889071.495613978943   0.408524E-01  -0.234409E-01  -0.358021E-01
    578 891286.437471920857   0.367122E-01   0.298961E-01   0.381746E-01
    579 893343.272740391782   0.264640E-01  -0.450490E-01  -0.550227E-01
    580 895297.589416998089   0.365289E-01   0.287529E-01   0.396449E-01
    581 897580.872752833529   0.291828E-01  -0.280711E-01  -0.336128E-01
    582 900181.126383942435   0.289064E-01   0.315142E-01   0.370674E-01
    583 902383.185652202461   0.345920E-01  -0.394367E-01  -0.494710E-01
    584 904305.195804424584   0.362905E-01   0.523813E-01   0.669359E-01
    585 905921.622813073103   0.587387E-01  -0.301448E-01  -0.439919E-01
    586 908020.532754633226   0.333123E-01   0.354428E-01   0.454602E-01
    587 910407.487165487604   0.356241E-01  -0.277473E-01  -0.365410E-01
    588 912532.275721838465   0.447386E-01   0.221258E-01   0.298568E-01
    589 914622.764303014614   0.258248E-01  -0.356267E-01  -0.468298E-01
    590 916697.775225085323   0.381570E-01   0.194431E-01   0.248547E-01
    591 919260.508331586490   0.400500E-01  -0.165541E-01  -0.227853E-01
    592 921846.663231692975   0.232891E-01   0.497438E-01   0.608468E-01
    593 923321.533650078694   0.398583E-01  -0.337245E-01  -0.432275E-01
    594 925798.818856762256   0.523376E-01   0.260260E-01   0.325803E-01
    595 927563.931957902969   0.323310E-01  -0.481804E-01  -0.575851E-01
    596 929487.664472428034   0.298901E-01   0.412440E-01   0.557049E-01
    597 932281.184662658488   0.329417E-01  -0.543220E-01  -0.665428E-01
    598 933480.428056811448   0.380396E-01   0.497731E-01   0.631079E-01
    599 935751.041050712694   0.241788E-01  -0.429999E-01  -0.529550E-01
    600 938243.015374553856   0.284029E-01   0.336458E-01   0.439511E-01
    601 940516.924537717830   0.387046E-01  -0.330733E-01  -0.418737E-01
    602 942274.125923795043   0.314634E-01   0.430815E-01   0.542751E-01
    603 944606.205541903619   0.284183E-01  -0.450317E-01  -0.557643E-01
    604 946912.869296349469   0.295954E-01   0.642451E-01   0.773940E-01
    605 948614.191372561618   0.373238E-01  -0.701748E-01  -0.884661E-01
    606 950009.414209989016   0.397352E-01   0.473088E-01   0.598041E-01
    607 953315.243411450181   0.403856E-01  -0.435980E-01  -0.528507E-01
    608 954900.072449181578   0.408282E-01   0.684803E-01   0.828644E-01
    609 956486.918406038545   0.464895E-01  -0.532948E-01  -0.680965E-01
    610 958559.069049874670   0.358526E-01   0.467928E-01   0.578980E-01
    611 960954.853765800945   0.289699E-01  -0.561445E-01  -0.672096E-01
    612 962871.789399140631   0.361898E-01   0.507880E-01   0.632692E-01
    613 964972.776169291581   0.367341E-01  -0.608968E-01  -0.744552E-01
    614 966371.437282133847   0.310862E-01   0.616091E-01   0.745567E-01
    615 968648.367143239826   0.168511E-01  -0.611460E-01  -0.750470E-01
    616 970922.742423115764   0.269654E-01   0.287968E-01   0.342601E-01
    617 973652.965346827754   0.240889E-01  -0.435473E-01  -0.517629E-01
    618 975466.882191270124   0.351488E-01   0.473534E-01   0.540658E-01
    619 977093.795570077607   0.244284E-01  -0.707752E-01  -0.872976E-01
    620 978949.741512643290   0.352683E-01   0.362296E-01   0.430336E-01
    621 981262.373473102925   0.215365E-01  -0.510021E-01  -0.630698E-01
    622 983063.699533413979   0.342009E-01   0.294991E-01   0.352483E-01
    623 985517.674955374328   0.311393E-01  -0.397295E-01  -0.460221E-01
    624 986652.846877251752   0.171397E-01   0.617550E-01   0.762900E-01
    625 989514.403538096114   0.256893E-01  -0.212437E-01  -0.194908E-01
    626 991570.147664574673   0.235363E-01   0.281778E-01   0.341859E-01
    627 993249.450896514929   0.264781E-01  -0.211602E-01  -0.252068E-01
    628 995777.464159926632   0.142892E-01   0.290766E-01   0.356862E-01
    629 998296.077364915749   0.330865E-01  -0.210159E-01  -0.253364E-01
    630 999722.805953193922   0.185799E-01   0.435529E-01   0.505269E-01
    6311002030.800182053237   0.181329E-01  -0.447450E-01  -0.542609E-01
    6321003559.800100134686   0.243957E-01   0.315175E-01   0.368688E-01
    6331005794.905504883733   0.223697E-01  -0.239646E-01  -0.303987E-01
    6341008140.140798834851   0.147185E-01   0.416689E-01   0.471866E-01
    6351009798.385621572612   0.297200E-01  -0.202828E-01  -0.237586E-01
    6361012598.137822465971   0.166278E-01   0.591678E-01   0.676778E-01
    6371013777.698122016853   0.218261E-01  -0.571612E-01  -0.662230E-01
    6381015438.653999232571   0.290986E-01   0.252825E-01   0.317113E-01
    6391017975.193940656027   0.105960E-01  -0.481088E-01  -0.552723E-01
    6401019770.354147034930   0.176802E-01   0.260065E-01   0.301435E-01
    6411022677.944511250826   0.305895E-01  -0.326685E-01  -0.383679E-01
    6421023372.891332983156   0.315067E-01   0.307666E-01   0.394446E-01
    6431026981.461727345013   0.269704E-01  -0.308145E-01  -0.330786E-01
    6441028085.297333453083   0.192261E-01   0.586143E-01   0.653893E-01
    6451030113.843252280145   0.314899E-01  -0.288305E-01  -0.301765E-01
    6461032245.282693445217   0.191863E-01   0.682433E-01   0.775419E-01
    6471033470.159479409340   0.195804E-01  -0.637179E-01  -0.722471E-01
    6481035627.502177056391   0.226467E-01   0.311594E-01   0.336504E-01
    6491038040.761040004203   0.213491E-01  -0.407017E-01  -0.460514E-01
    6501039500.755494502257   0.899699E-02   0.110438E+00   0.123987E+00
    6511041145.158854830195   0.128117E-01  -0.487572E-01  -0.535999E-01
    6521043897.253458692110   0.234299E-01   0.218380E-01   0.255020E-01
    6531045513.969847258180   0.202059E-01  -0.272948E-01  -0.334980E-01
    6541047961.261623066734   0.373188E-01   0.184868E-01   0.206980E-01
    6551049290.809422018006   0.222183E-01  -0.317955E-01  -0.357645E-01
    6561051738.938464457868   0.193698E-01   0.340854E-01   0.385187E-01
    6571053122.309687035158   0.110796E-01  -0.552117E-01  -0.605582E-01
    6581055794.709788220003   0.136921E-01   0.403450E-01   0.435281E-01
    6591057476.639990803553   0.785863E-02  -0.872737E-01  -0.971475E-01
    6601059752.909828873584   0.186043E-01   0.585488E-01   0.663857E-01
    6611060967.334248724394   0.274181E-01  -0.437105E-01  -0.488364E-01
    6621062920.780446976889   0.404351E-01   0.192166E-01   0.214344E-01
    6631065255.500143620418   0.290798E-01  -0.306047E-01  -0.352722E-01
    6641067036.301628499292   0.147244E-01   0.104857E+00   0.115294E+00
    6651068083.026094580768   0.278125E-01  -0.469693E-01  -0.521819E-01
    6661070575.307697519427   0.183080E-01   0.399650E-01   0.443949E-01
    6671072081.747186362045   0.171649E-01  -0.365939E-01  -0.403323E-01
    6681074608.853116476443   0.237280E-01   0.224036E-01   0.259817E-01
    6691076479.456893616123   0.194131E-01  -0.381795E-01  -0.407874E-01
    6701078109.235168752959   0.119788E-01   0.659504E-01   0.710411E-01
    6711079999.865886176936   0.209623E-01  -0.343496E-01  -0.372200E-01
    6721081850.114196284441   0.232325E-01   0.290825E-01   0.316600E-01
    6731083925.012907290366   0.143727E-01  -0.545315E-01  -0.588963E-01
    6741085445.756205765530   0.224562E-01   0.355033E-01   0.374995E-01
    6751087613.678187032929   0.403107E-01  -0.220302E-01  -0.228481E-01
    6761088955.130971972365   0.233552E-01   0.386803E-01   0.414181E-01
    6771090718.318439347669   0.114900E-01  -0.473901E-01  -0.505500E-01
    6781093519.602650533663   0.178667E-01   0.526976E-01   0.569391E-01
    6791094566.269790041726   0.266186E-01  -0.548083E-01  -0.605881E-01
    6801095560.020778617822   0.209796E-01   0.400910E-01   0.420402E-01
    6811098097.985217319801   0.966026E-02  -0.220126E-01  -0.237060E-01
    6821101026.418519835453   0.203916E-01   0.179661E-01   0.182856E-01
    6831102223.498858025996   0.139241E-01  -0.360968E-01  -0.393456E-01
    6841104096.127540900605   0.140809E-01   0.331701E-01   0.353551E-01
    6851105741.120457914192   0.180867E-01  -0.265963E-01  -0.278653E-01
    6861107299.338358947076   0.190740E-01   0.197345E-01   0.199938E-01
    6871109162.709232724039   0.465460E-02  -0.496985E-01  -0.511195E-01
    6881111559.075088928221   0.502003E-02   0.470652E-01   0.487890E-01
    6891112823.516046911944   0.311599E-01  -0.655437E-02  -0.495176E-02
    6901116250.348871209426   0.124764E-01   0.345532E-01   0.366047E-01
    6911117240.112716446863   0.266249E-01  -0.272822E-01  -0.285079E-01
    6921118755.777203146368   0.164745E-01   0.400903E-01   0.429049E-01
    6931120546.887387112482   0.130697E-01  -0.540431E-01  -0.565523E-01
    6941121991.951263643336   0.281412E-01   0.257932E-01   0.267977E-01
    6951123664.389675514074   0.148699E-01  -0.442113E-01  -0.469696E-01
    6961125077.492430096259   0.883907E-02   0.619649E-01   0.644259E-01
    6971126398.840664746007   0.172129E-01  -0.155460E-01  -0.160861E-01
    6981129555.571058232570   0.563712E-02   0.267267E-01   0.289047E-01
    6991131374.095751135843   0.153128E-01  -0.223305E-01  -0.261520E-01
    7001132352.927595034707   0.250966E-01   0.135132E-01   0.142057E-01
    7011134405.931799906073   0.197824E-01  -0.953228E-02  -0.996846E-02
    7021136509.393911094405   0.164128E-01   0.156423E-01   0.161539E-01
    7031137939.701210394036   0.226599E-01  -0.171608E-01  -0.184958E-01
    7041139020.589026869042   0.568598E-02   0.552049E-01   0.559891E-01
    7051140559.119110561674   0.711852E-02  -0.166006E-01  -0.177993E-01
    7061143085.727943306323   0.384566E-01   0.118634E-02   0.140325E-02
    7071145896.515476174187   0.158997E-01  -0.564013E-02  -0.571311E-02
    7081147301.875701308250   0.770474E-02   0.232428E-01   0.234512E-01
    7091148622.317245974904   0.706328E-02  -0.293153E-01  -0.295296E-01
    7101150010.812299753306   0.136782E-01   0.107175E-01   0.102892E-01
    7111152459.439456515247   0.107414E-01  -0.189724E-01  -0.195656E-01
    7121153233.368562704651   0.167775E-01   0.118148E-01   0.114572E-01
    7131155884.675261994591   0.580810E-02  -0.361473E-01  -0.364662E-01
    7141156536.062712030718   0.876056E-02   0.233440E-01   0.230874E-01
    7151158904.728227508022   0.172711E-01  -0.548447E-02  -0.518407E-02
    7161159994.119297111407   0.163601E-01   0.440526E-02   0.447096E-02
    7171163013.030726095662   0.498993E-02  -0.953452E-02  -0.890722E-02
    7181165312.624176485464   0.233018E-01   0.129082E-01   0.128018E-01
    7191165908.751591435634   0.171609E-01  -0.223725E-01  -0.221643E-01
    7201167838.712919404963   0.381525E-02   0.103086E+00   0.103099E+00
    7211168566.313428816851   0.159548E-01  -0.212101E-01  -0.240285E-01
    7221171703.560657133348   0.280402E-01   0.264184E-01   0.266222E-01
    7231172300.180144391255   0.201169E-01  -0.647887E-01  -0.648608E-01
    7241172972.862397392979   0.150085E-01   0.465967E-01   0.448372E-01
    7251175488.457631292287   0.123441E-01  -0.140457E-01  -0.128087E-01
    7261177429.721857792931   0.122059E-01   0.403846E-01   0.403455E-01
    7271178078.025331679964   0.124760E-01  -0.456597E-01  -0.451552E-01
    7281179162.300726789283   0.274256E-01   0.740633E-02   0.725164E-02
    7291182034.193173691165   0.387061E-01  -0.393209E-02  -0.280019E-02
    7301182518.323129749158   0.494036E-02   0.275933E-01   0.279775E-01
    7311185343.071520289406   0.168120E-01  -0.177463E-02  -0.230298E-02
    7321187431.873430242063   0.602400E-02   0.795941E-02   0.658945E-02
    7331189405.167120569851   0.262640E-01  -0.575245E-02  -0.563772E-02
    7341190580.152563634561   0.249832E-01   0.154804E-01   0.151852E-01
    7351191218.071640002308   0.630553E-02  -0.508476E-01  -0.492901E-01
    7361193935.314817661420   0.365907E-01   0.744812E-02   0.709897E-02
    7371195023.997739495244   0.199552E-01  -0.273770E-01  -0.269482E-01
    7381196157.260223925579   0.210641E-01   0.331103E-01   0.316474E-01
    7391197116.072711676592   0.143804E-01  -0.362760E-01  -0.360050E-01
    7401198852.879823900061   0.226909E-01   0.162544E-01   0.162915E-01
    7411199678.147029821295   0.208059E-01  -0.128413E-01  -0.123542E-01
    7421201829.030734883854   0.402180E-02   0.342318E-01   0.332082E-01
    7431202529.740176938009   0.126435E-01  -0.772997E-02  -0.749445E-02
    7441206130.167727804743   0.236907E-01   0.481704E-02   0.461228E-02
    7451206610.007329062792   0.177229E-01  -0.751121E-02  -0.527394E-02
    7461209328.760460900143   0.253814E-02   0.116695E+00   0.112578E+00
    7471210202.802215463715   0.100772E-01  -0.926845E-01  -0.892828E-01
    7481210776.516795321833   0.125002E-01   0.731580E-01   0.704032E-01
    7491212118.356251853285   0.815110E-02  -0.569627E-01  -0.548208E-01
    7501213248.214139703894   0.151650E-01   0.271153E-01   0.259848E-01
    7511213966.415863367729   0.189441E-01  -0.113069E-01  -0.113896E-01
    7521216578.871508661192   0.111527E-01   0.507890E-02   0.489690E-02
    7531217593.901191374054   0.171254E-01  -0.325061E-02  -0.307370E-02
    7541219621.441883238731   0.829433E-02   0.160907E-01   0.154530E-01
    7551219887.809524365934   0.103503E-01  -0.117359E-01  -0.120934E-01
    7561223010.248485324904  -0.261829E-03  -0.258591E+00  -0.246746E+00
    7571223434.275829064194   0.817382E-02  -0.944088E-02  -0.900285E-02
    7581225606.202490066877   0.352222E-02   0.285654E-01   0.270041E-01
    7591226257.977681724820   0.290175E-02  -0.511271E-01  -0.500883E-01
    7601227253.947711166460   0.999189E-02   0.102113E-01   0.974954E-02
    7611228582.529169984162   0.125567E-01  -0.659259E-02  -0.683699E-02
    7621229598.118247326231   0.314692E-02   0.283982E-01   0.271954E-01
    7631230412.980306903599   0.303520E-02  -0.224306E-01  -0.205417E-01
    7641231187.215159690240   0.556259E-02   0.475042E-02   0.452860E-02
    7651232687.824560712092   0.307981E-01  -0.129660E-03  -0.122988E-03
    7661234046.295759391738   0.365182E-02   0.294351E-03   0.123031E-02
    7671236046.487041381653   0.191446E-01  -0.181616E-04   0.150897E-03
    7681237389.767935086973   0.111364E-02   0.530885E-03   0.501168E-03
    7691237642.352089860477   0.222117E-02  -0.195026E-03  -0.184080E-03
    7701240983.357368031517   0.766160E-03   0.839586E-05   0.844998E-03
    7711244236.256104583852   0.783278E-02  -0.674600E-05  -0.632790E-05
    7721245094.110778883100   0.125040E-02   0.203657E-03   0.190950E-03
    7731245699.306122066686   0.910368E-02  -0.563249E-04  -0.104730E-02
    7741246120.229786404176   0.374729E-02   0.950374E-04  -0.483642E-03
    7751247721.613620201359   0.109673E-01  -0.168405E-04  -0.157540E-04
    7761248154.717809612863   0.630859E-02   0.297374E-04   0.571623E-03
    7771248805.481263937196   0.122508E-01  -0.472227E-05  -0.442102E-05
    7781249653.404703983339   0.106811E-01   0.685242E-06   0.345068E-03
    7791252731.276859028731   0.126210E-01  -0.139220E-07  -0.646474E-08
    7801253826.991152272327   0.249680E-02   0.426196E-07   0.501393E-03
    7811255592.372835311806   0.323895E-01  -0.152973E-08   0.113735E-07
    7821256207.189950321335   0.743567E-02   0.365313E-08   0.280425E-03
    7831258688.937196552055   0.646173E-02  -0.216699E-09   0.408061E-08
    7841261552.702580412151   0.459674E-02   0.167815E-09  -0.144469E-07
    7851263666.952018465381   0.185128E-01  -0.199487E-09  -0.145995E-03
    7861264809.503929816419  -0.100844E-02  -0.330524E-07  -0.286381E-07
    7871265366.075401474256   0.710558E-02  -0.948062E-07  -0.104868E-06
    7881265414.999111904530   0.709161E-02   0.101575E-06  -0.494595E-03
    7891265646.724697540747  -0.114438E-01   0.671418E-08  -0.925691E-03
    7901268746.294075894868   0.229226E-01   0.251585E-11  -0.739170E-08
    7911269855.004047561437   0.290486E-02  -0.754271E-11  -0.504926E-03
    7921273172.506166715408   0.463171E-04   0.114286E-08   0.193244E-08
    7931273256.624821001198  -0.892350E-03   0.586201E-10  -0.559530E-03
    7941274894.913550130790   0.932352E-02   0.157758E-12   0.237555E-08
    7951277076.306795353070   0.655985E-02  -0.445055E-13   0.775964E-03
    7961279231.187242817134   0.792665E-02   0.179679E-13   0.166454E-07
    7971281734.869261853397   0.346015E-01  -0.851804E-14   0.738921E-04
    7981283031.419823554577   0.109472E-01   0.251070E-12   0.426018E-03
    7991283172.117210842669   0.714148E-02  -0.365905E-12   0.181743E-07
    8001284947.322053438984   0.176687E-01   0.933933E-14   0.791568E-08
    8011286004.153762127738   0.494504E-02  -0.145435E-13   0.128921E-02
    8021288990.814991878811   0.208697E-01   0.253736E-14  -0.113529E-07
    8031290254.689339725301   0.138143E-01  -0.808161E-14  -0.125288E-03
    8041290873.315614873311   0.253032E-14   0.311101E-01   0.279382E-01
    8051292609.432282464579   0.897493E-02  -0.513222E-14   0.364637E-08
    8061293875.686698654434   0.574838E-02   0.370414E-14  -0.447913E-03
    8071295439.070269462187  -0.183071E-01   0.131112E-15   0.122073E-07
    8081296830.504833539249   0.155466E-14   0.189596E-01   0.171190E-01
    8091297356.147905348334   0.227539E-01  -0.128703E-14   0.221383E-08
    8101300239.134368224535   0.668381E-02   0.216014E-14   0.205371E-03
    8111300819.315634276252   0.114769E-01  -0.583471E-15   0.137419E-07
    8121301551.592459693784   0.127284E-01   0.633825E-15  -0.317116E-03
    8131305426.040280472022  -0.437823E-12   0.362914E-02   0.326116E-02
    8141305431.977788432501   0.174785E-01   0.921495E-13  -0.468228E-09
    8151306493.993317675777  -0.668872E-14   0.163352E-01   0.150373E-01
    8161306606.530655279290   0.841795E-02   0.119122E-13  -0.419984E-03
    8171309606.677630041260   0.223548E-13  -0.982247E-02  -0.874332E-02
    8181309628.416585619561  -0.852923E-02  -0.267645E-13   0.130540E-08
    8191310522.937715640524   0.431393E-02  -0.800598E-15   0.306548E-03
    8201312940.052527473774   0.581019E-02   0.194063E-14  -0.697209E-08
    8211313161.313352364115   0.199197E-15  -0.495566E-01  -0.443671E-01
    8221314442.357788513415  -0.484613E-02  -0.238015E-15  -0.379709E-03
    8231315909.210516475840   0.375721E-11  -0.731929E-03  -0.645520E-03
    8241315909.471664762124   0.120356E-01   0.228740E-12  -0.155638E-07
    8251318958.029492094181   0.165286E-13  -0.719281E-02  -0.678232E-02
    8261318971.325280841673   0.806676E-02   0.137425E-13  -0.432996E-03
    8271319516.082444083877   0.162229E-01  -0.938724E-15   0.963568E-04
    8281319867.863599341130  -0.560040E-13  -0.422176E-02  -0.372211E-02
    8291319872.056636436377   0.428128E-02  -0.519741E-13   0.121574E-07
    8301325916.246736444999  -0.125046E-06  -0.484090E-05  -0.425210E-05
    8311325916.246739475988   0.500791E-02  -0.120875E-09  -0.168815E-08
    8321327439.382989779813   0.115615E-05   0.272590E-05  -0.750552E-03
    8331327439.382990622893   0.167372E-01  -0.188295E-09  -0.752840E-03
    8341330119.242417347850   0.612035E-06   0.228308E-05   0.200842E-05
    8351330119.242417808156  -0.182159E-01   0.767082E-10  -0.848523E-08
    8361332012.456152938306  -0.768718E-09  -0.517209E-04  -0.219416E-03
    8371332012.456335250288   0.102143E-02  -0.389241E-10   0.174176E-03
    8381332919.021527415374   0.283404E-06   0.636696E-05   0.557126E-05
    8391332919.021529891063  -0.128148E-01   0.140808E-09  -0.584010E-08
    8401334921.076440232573   0.871373E-04   0.177786E-06   0.168143E-06
    8411334921.076440248638  -0.249772E-01   0.620235E-09   0.136121E-07
    8421337919.546540981624   0.139854E-06   0.152441E-04   0.521500E-03
    8431337919.546546366066  -0.159744E-01   0.133459E-09  -0.508217E-03
    8441337976.509803661844   0.136127E-06   0.152547E-04   0.132702E-04
    8451337976.509808959439  -0.147568E-01   0.140721E-09   0.123877E-07
    8461339569.124311206862   0.286604E-04   0.216924E-08  -0.357200E-03
    8471339569.124311224325  -0.985120E-02   0.631097E-11   0.355130E-03
    8481347099.049073606962  -0.143266E-05  -0.401602E-10  -0.838819E-08
    8491347099.049073617440   0.295943E-03  -0.195034E-12  -0.843488E-08
    8501348534.323511769995   0.111269E-05   0.175969E-10   0.603848E-03
    8511348534.323511790484  -0.846310E-02   0.187788E-14  -0.603689E-03
    8521351246.881787730847  -0.207700E-04  -0.266574E-11   0.199509E-08
    8531351246.881787750171   0.856079E-02  -0.630030E-14  -0.198775E-08
    8541352495.616976085119  -0.545926E-04  -0.118376E-11  -0.290746E-03
    8551352495.616976099554  -0.594505E-02   0.119401E-13  -0.285455E-03
    8561353905.429011338158   0.132654E-03   0.132566E-12   0.426913E-08
    8571353905.429011353757   0.156944E-01  -0.139046E-14  -0.434179E-08
    8581356302.588891907362  -0.429749E-04  -0.425347E-13   0.998085E-04
    8591356302.588891920401   0.252494E-02  -0.187388E-14  -0.964678E-04
    8601358152.713735130848   0.694659E-04   0.116212E-13   0.430205E-08
    8611358152.713735148776  -0.139392E-01   0.453013E-16   0.434513E-08
    8621359049.526271106908   0.559638E-16   0.148529E-01   0.130172E-01
    8631359086.674823121168  -0.111571E-03   0.252876E-13  -0.300156E-03
    8641359086.674823137000  -0.201981E-01  -0.900433E-15   0.303491E-03
    8651368479.813061237335   0.896498E-05  -0.129686E-10   0.138524E-09
    8661368479.813061252469   0.208950E-01   0.567000E-14  -0.149707E-09
    8671368479.813637869665  -0.238959E-15   0.744077E-04   0.632874E-04
    8681370845.679429843090   0.230798E-05   0.209085E-13   0.156943E-03
    8691370845.679429860553  -0.171443E-02   0.182748E-15  -0.156521E-03
    8701371153.708864639513   0.476172E-04   0.214112E-11   0.214535E-08
    8711371153.708864653716   0.752354E-02  -0.135046E-13   0.211661E-08
    8721371153.880541334860   0.162428E-15   0.118572E-02   0.100672E-02
    8731373073.904720957857   0.114674E-03  -0.625838E-10  -0.254616E-08
    8741373073.904720974853   0.103567E-01   0.694026E-12  -0.243789E-08
    8751373073.904739706777   0.552121E-12  -0.117887E-04  -0.999556E-05
    8761376124.389903118135   0.240787E-04   0.117336E-09  -0.219406E-03
    8771376124.389903136995  -0.106941E-01   0.266451E-12   0.218413E-03
    8781376124.389904945390  -0.823033E-11  -0.343322E-05   0.215995E-03
    8791377245.083603038918   0.285592E-05  -0.402505E-07  -0.445949E-07
    8801377245.083603044041  -0.752987E-04  -0.198804E-08   0.795218E-08
    8811377245.083603061037   0.159492E-01  -0.217802E-11  -0.100495E-07
    8821379860.633332881378   0.268509E-08   0.529411E-08   0.211012E-03
    8831379860.633332888596   0.151064E-05  -0.138971E-10   0.209922E-03
    8841379860.633332905825  -0.169194E-01  -0.390661E-15  -0.210437E-03
    8851390372.380673358450   0.111561E-05  -0.543763E-13  -0.291285E-09
    8861390372.380673360080  -0.885069E-05  -0.719043E-14   0.222231E-09
    8871390372.380673377076   0.152742E-02  -0.491479E-15  -0.256753E-09
    8881391686.823600871488  -0.106954E-05  -0.173333E-12  -0.577250E-03
    8891391686.823600878241   0.223510E-03  -0.884604E-15   0.571480E-03
    8901391686.823600884993   0.276813E-01  -0.636198E-15   0.567459E-03
    8911392762.662164330017  -0.364230E-05   0.488981E-13  -0.463935E-08
    8921392762.662164332112   0.345788E-04   0.614031E-14   0.370550E-08
    8931392762.662164351204   0.569264E-02  -0.513734E-15   0.416046E-08
    8941394738.134353834437  -0.176802E-07  -0.197445E-13  -0.105247E-03
    8951394738.134353841422   0.314877E-04  -0.302880E-15   0.105620E-03
    8961394738.134353858884   0.610941E-02   0.260476E-16   0.104620E-03
    8971398072.507573057432  -0.601114E-06   0.831100E-11  -0.112868E-07
    8981398072.507573061390   0.134863E-04   0.482359E-12  -0.126731E-07
    8991398072.507573072566   0.125959E-01  -0.727518E-17   0.120230E-07
    9001398072.508402520325  -0.467554E-16   0.657502E-04   0.547551E-04
    9011400161.786960137310   0.313733E-06  -0.900767E-08   0.159591E-03
    9021400161.786960138241   0.830921E-07   0.438406E-07  -0.104035E-03
    9031400161.786960149184   0.865774E-04  -0.147470E-10   0.131645E-03
    9041400161.786960156402   0.965908E-02   0.478458E-13  -0.135296E-03
    9051411070.488153327024   0.190810E-08  -0.117060E-11  -0.249490E-08
    9061411070.488153330283  -0.172591E-06  -0.213817E-13   0.238652E-08
    9071411070.488153339131   0.518740E-04   0.750087E-15   0.247882E-08
    9081411070.488153348677   0.946605E-02  -0.502035E-15   0.243558E-08
    9091412817.426248873118  -0.437335E-08   0.437181E-11   0.119407E-09
    9101412817.426248874050   0.196076E-06   0.111023E-12  -0.109214E-09
    9111412817.426248881733  -0.479396E-04  -0.108842E-15  -0.114270E-09
    9121412817.426248893840  -0.106294E-01   0.304235E-15  -0.112489E-09
    9131415924.183681802358  -0.164951E-09   0.606003E-13   0.113081E-03
    9141415924.183681807714   0.701551E-08   0.348316E-14  -0.104850E-03
    9151415924.183681816095   0.938760E-06  -0.334658E-15  -0.107824E-03
    9161415924.183681828901   0.505846E-02  -0.408617E-15  -0.108611E-03
    9171417354.827919088770   0.208886E-09  -0.166779E-13  -0.779263E-08
    9181417354.827919094125  -0.261181E-07   0.189895E-15  -0.761708E-08
    9191417354.827919097850   0.457370E-06  -0.932320E-15  -0.842901E-08
    9201417354.827919112984   0.418119E-02   0.295774E-15  -0.795272E-08
    9211419251.662181511987   0.119460E-15   0.721161E-01   0.590682E-01
    9221421639.175968559692   0.759216E-09   0.729308E-08   0.130172E-03
    9231421639.175968562020   0.283198E-09  -0.635445E-07   0.164489E-03
    9241421639.175968564348  -0.415559E-06  -0.351976E-10   0.148306E-03
    9251421639.175968572963  -0.182242E-01  -0.123818E-15   0.147378E-03
    9261421639.175968574826   0.160528E-03   0.131420E-13  -0.151119E-03
    9271434372.965040795505   0.180516E-09  -0.884767E-12   0.157945E-08
    9281434372.965040796436  -0.389398E-10  -0.727493E-11   0.123574E-08
    9291434372.965040801791   0.193501E-06  -0.706803E-15  -0.142898E-08
    9301434372.965040808544  -0.134824E-01  -0.153520E-15  -0.140567E-08
    9311434372.965040812735  -0.165533E-03   0.140847E-15  -0.143908E-08
    9321434780.085996245965   0.162751E-09   0.293516E-12  -0.232760E-03
    9331434780.085996248526  -0.394814E-08   0.316837E-13   0.194166E-03
    9341434780.085996252252   0.207255E-06  -0.145727E-15  -0.202762E-03
    9351434780.085996262031   0.325978E-04   0.267944E-15   0.215484E-03
    9361434780.085996271111  -0.605005E-02  -0.805808E-16  -0.210354E-03
    9371439175.852696008282   0.100267E-09  -0.973135E-10  -0.232751E-09
    9381439175.852696009213  -0.578336E-08  -0.260708E-11  -0.159103E-09
    9391439175.852696014103  -0.289703E-06   0.224518E-13   0.160443E-09
    9401439175.852696027840   0.508694E-04   0.151630E-15   0.165192E-09
    9411439175.852696033195  -0.226449E-02  -0.278728E-15  -0.154725E-09
    9421439175.852697796421   0.607153E-17  -0.180348E-05  -0.145642E-05
    9431442151.141404373804  -0.228113E-11   0.304433E-10   0.316403E-03
    9441442151.141404378228  -0.188386E-07  -0.125962E-12   0.448303E-03
    9451442151.141404378926  -0.141807E-07   0.178027E-12  -0.813659E-04
    9461442151.141404384281   0.208284E-05   0.643212E-15  -0.297385E-03
    9471442151.141404386144  -0.952018E-02   0.126664E-16  -0.313238E-03
    9481442151.141404401045   0.274523E-04  -0.126965E-16   0.312384E-03
    9491455185.909297104459  -0.134042E-13  -0.756101E-08  -0.442718E-08
    9501455185.909297104459   0.266022E-13  -0.329338E-08  -0.322470E-08
    9511455185.909297109814   0.941658E-09  -0.325513E-13   0.125425E-08
    9521455185.909297112608   0.378219E-11   0.510490E-11  -0.128234E-08
    9531455185.909297122154   0.474060E-06   0.178010E-15   0.126990E-08
    9541455185.909297131235  -0.456961E-03   0.153266E-15  -0.135388E-08
    9551455185.909297133796  -0.468604E-04   0.107477E-15   0.106477E-08
    9561456999.739479453769  -0.272749E-15  -0.380619E-10  -0.338157E-08
    9571456999.739479459822   0.164006E-11  -0.775532E-12   0.330362E-08
    9581456999.739479462383   0.444780E-15   0.140840E-07   0.786666E-08
    9591456999.739479463780   0.340875E-09  -0.169339E-13  -0.344509E-08
    9601456999.739479470532  -0.635118E-02  -0.457068E-15  -0.336549E-08
    9611456999.739479470765  -0.811599E-06   0.417011E-15   0.330679E-08
    9621456999.739479482407   0.173397E-04   0.128133E-16  -0.335182E-08
    9631465807.662047911901   0.224815E-15  -0.526820E-11  -0.391910E-03
    9641465807.662047914462  -0.287051E-13  -0.411444E-12  -0.459379E-03
    9651465807.662047915859  -0.279111E-09   0.161138E-15   0.363146E-03
    9661465807.662047917489   0.388730E-08   0.451983E-15   0.468175E-03
    9671465807.662047920516   0.879411E-10   0.189329E-15   0.437515E-03
    9681465807.662047925405   0.118270E-01   0.298334E-15   0.428798E-03
    9691465807.662047932157   0.148068E-05   0.140951E-16   0.425636E-03
    9701465807.662047944497  -0.648067E-04  -0.133888E-15   0.427879E-03
    9711479008.842515862547  -0.268571E-12   0.441420E-12   0.110835E-08
    9721479008.842515865341   0.251819E-09   0.268031E-13  -0.897318E-09
    9731479008.842515866039  -0.342867E-11   0.556337E-11  -0.132773E-08
    9741479008.842515867436  -0.201204E-09  -0.801941E-13   0.150816E-08
    9751479008.842515868833  -0.351677E-07  -0.844722E-16  -0.135684E-08
    9761479008.842515875585  -0.203521E-01   0.173463E-15  -0.125951E-08
    9771479008.842515878612   0.342377E-06  -0.529181E-15   0.125666E-08
    9781479008.842515888391  -0.494801E-04  -0.696144E-16   0.621321E-09
    9791479008.842515889788  -0.960585E-04   0.109251E-15  -0.171819E-08
    9801480627.507210470736  -0.174508E-45   0.148096E-13   0.202527E-03
    9811480627.507210473530   0.293110E-45   0.355869E-13   0.651991E-04
    9821480627.507210476091   0.491365E-30  -0.455106E-15  -0.152503E-03
    9831480627.507210476324  -0.224042E-31  -0.155928E-14  -0.129312E-03
    9841480627.507210479118   0.705833E-31   0.488004E-15   0.120575E-03
    9851480627.507210482145   0.227525E-01  -0.164369E-15   0.141233E-03
    9861480627.507210482378  -0.282782E-05  -0.235529E-15  -0.137614E-03
    9871480627.507210497279   0.731472E-04  -0.180963E-15  -0.184162E-04
    9881480627.507210497977  -0.804412E-04   0.863515E-16  -0.205554E-03
    9891480804.339616353856   0.210029-101   0.767095E-02   0.615847E-02
    9901493946.953943958972   0.568353E-75  -0.606742E-14  -0.853816E-10
    9911493946.953943961300  -0.488925E-74  -0.531115E-14  -0.390175E-09
    9921493946.953943963163  -0.171463E-72   0.346600E-15  -0.118352E-09
    9931493946.953943964094   0.807133E-72  -0.650495E-15  -0.337213E-09
    9941493946.953943965491  -0.495459E-73   0.751707E-15   0.501729E-09
    9951493946.953943968518   0.636098E-46   0.470030E-19  -0.330445E-09
    9961493946.953943968751   0.367294E-02   0.218562E-15  -0.328089E-09
    9971493946.953943971312  -0.685830E-44   0.324914E-15   0.322919E-09
    9981493946.953943977598   0.274068E-30  -0.150578E-16  -0.326244E-09
    9991493946.953943984583   0.298919E-15   0.655728E-16  -0.328123E-09
   10001493946.953943988541   0.258387E-28   0.399700E-16   0.331569E-09
