 nr2,nr1=          70          70
 r1e,r2e=    0.0000000000000000        0.0000000000000000     
           1 -0.99004975124378114        27199.186875983232     
           2 -0.98009950248756228        26845.048142136184     
           3 -0.97014925373134342        26490.467103949224     
           4 -0.96019900497512456        26135.473728578960     
           5 -0.95024875621890570        25780.098807699316     
           6 -0.94029850746268684        25424.373978491578     
           7 -0.93034825870646798        25068.331745169326     
           8 -0.92039800995024912        24712.005501048010     
           9 -0.91044776119403026        24355.429551168923     
          10 -0.90049751243781140        23998.639135486890     
          11 -0.89054726368159254        23641.670452631457     
          12 -0.88059701492537368        23284.560684250486     
          13 -0.87064676616915482        22927.348019945923     
          14 -0.86069651741293596        22570.071682809925     
          15 -0.85074626865671710        22212.771955571297     
          16 -0.84079601990049824        21855.490207359733     
          17 -0.83084577114427938        21498.268921097184     
          18 -0.82089552238806052        21141.151721523973     
          19 -0.81094527363184166        20784.183403867934     
          20 -0.80099502487562280        20427.409963164024     
          21 -0.79104477611940394        20070.878624231736     
          22 -0.78109452736318508        19714.637872317395     
          23 -0.77114427860696622        19358.737484407971     
          24 -0.76119402985074736        19003.228561222648     
          25 -0.75124378109452850        18648.163559888100     
          26 -0.74129353233830964        18293.596327302803     
          27 -0.73134328358209078        17939.582134195472     
          28 -0.72139303482587191        17586.177709882344     
          29 -0.71144278606965305        17233.441277726997     
          30 -0.70149253731343419        16881.432591306653     
          31 -0.69154228855721533        16530.212971287641     
          32 -0.68159203980099647        16179.845343012776     
          33 -0.67164179104477761        15830.394274802537     
          34 -0.66169154228855875        15481.926016971051     
          35 -0.65174129353233989        15134.508541558074     
          36 -0.64179104477612103        14788.211582776778     
          37 -0.63184079601990217        14443.106678176926     
          38 -0.62189054726368331        14099.267210522246     
          39 -0.61194029850746445        13756.768450380347     
          40 -0.60199004975124559        13415.687599422636     
          41 -0.59203980099502673        13076.103834431244     
          42 -0.58208955223880787        12738.098352009183     
          43 -0.57213930348258901        12401.754413989634     
          44 -0.56218905472637015        12067.157393539252     
          45 -0.55223880597015129        11734.394821949958     
          46 -0.54228855721393243        11403.556436113438     
          47 -0.53233830845771357        11074.734226671573     
          48 -0.52238805970149471        10748.022486835758     
          49 -0.51243781094527585        10423.517861867749     
          50 -0.50248756218905699        10101.319399214228     
          51 -0.49253731343283808        9781.5285992869049     
          52 -0.48258706467661916        9464.2494668799809     
          53 -0.47263681592040024        9149.5885632164864     
          54 -0.46268656716418133        8837.6550586153080     
          55 -0.45273631840796241        8528.5607857704090     
          56 -0.44278606965174350        8222.4202936347101     
          57 -0.43283582089552458        7919.3509019007797     
          58 -0.42288557213930567        7619.4727560717774     
          59 -0.41293532338308675        7322.9088831166891     
          60 -0.40298507462686783        7029.7852477047572     
          61 -0.39303482587064892        6740.2308090158376     
          62 -0.38308457711443000        6454.3775781245640     
          63 -0.37313432835821109        6172.3606759583517     
          64 -0.36318407960199217        5894.3183918318218     
          65 -0.35323383084577326        5620.3922425620294     
          66 -0.34328358208955434        5350.7270321732458     
          67 -0.33333333333333542        5085.4709122023705     
          68 -0.32338308457711651        4824.7754426209167     
          69 -0.31343283582089759        4568.7956533937177     
          70 -0.30348258706467868        4317.6901066999380     
          71 -0.29353233830845976        4071.6209598477535     
          72 -0.28358208955224085        3830.7540289206027     
          73 -0.27363184079602193        3595.2588532006162     
          74 -0.26368159203980301        3365.3087604225288     
          75 -0.25373134328358410        3141.0809329212589     
          76 -0.24378109452736518        2922.7564747459096     
          77 -0.23383084577114627        2710.5204798246455     
          78 -0.22388059701492735        2504.5621012772212     
          79 -0.21393034825870844        2305.0746219857783     
          80 -0.20398009950248952        2112.2555265495707     
          81 -0.19402985074627060        1926.3065747662988     
          82 -0.18407960199005169        1747.4338768006039     
          83 -0.17412935323383277        1575.8479702207651     
          84 -0.16417910447761386        1411.7638991063895     
          85 -0.15422885572139494        1255.4012954541254     
          86 -0.14427860696517603        1106.9844631345547     
          87 -0.13432835820895711        966.74246468216506     
          88 -0.12437810945273821        834.90921123149667     
          89 -0.11442786069651931        711.72355594677674     
          90 -0.10447761194030040        597.42939132889865     
          91 -9.45273631840815032E-002   492.27575082442911     
          92 -8.45771144278626014E-002   396.51691520444228     
          93 -7.46268656716436996E-002   310.41252422866057     
          94 -6.46766169154247977E-002   234.22769416160466     
          95 -5.47263681592058959E-002   168.23314176315213     
          96 -4.47761194029869941E-002   112.70531543598877     
          97 -3.48258706467680923E-002   67.926534277744182     
          98 -2.48756218905491870E-002   34.185135855798620     
          99 -1.49253731343302817E-002   11.775633598983239     
         100 -4.97512437811137645E-003  0.99888478240605938     
         101  4.97512437810752883E-003   2.1622701702535352     
         102  1.49253731343264341E-002   15.579886477019116     
         103  2.48756218905453394E-002   41.572752910538810     
         104  3.48258706467642482E-002   80.469033171204089     
         105  4.47761194029831500E-002   132.60427440117951     
         106  5.47263681592020518E-002   198.32166470597613     
         107  6.46766169154209536E-002   277.97231100914991     
         108  7.46268656716398554E-002   371.91553914941960     
         109  8.45771144278587572E-002   480.51921828952032     
         110  9.45273631840776590E-002   604.16011187762888     
         111  0.10447761194029656        743.22425758671363     
         112  0.11442786069651546        898.10737885494439     
         113  0.12437810945273436        1069.2153308628074     
         114  0.13432835820895328        1256.9645840102153     
         115  0.14427860696517220        1461.7827482011910     
         116  0.15422885572139111        1684.1091415055785     
         117  0.16417910447761003        1924.3954070475143     
         118  0.17412935323382894        2183.1061822710203     
         119  0.18407960199004786        2460.7198250547340     
         120  0.19402985074626677        2757.7292014920813     
         121  0.20398009950248569        3074.6425405217456     
         122  0.21393034825870461        3411.9843609875657     
         123  0.22388059701492352        3770.2964771283669     
         124  0.23383084577114244        4150.1390889494824     
         125  0.24378109452736135        4552.0919644087789     
         126  0.25373134328358027        4976.7557208656435     
         127  0.26368159203979918        5424.7532137909484     
         128  0.27363184079601810        5896.7310413233854     
         129  0.28358208955223702        6393.3611738853033     
         130  0.29353233830845593        6915.3427187402385     
         131  0.30348258706467485        7463.4038300890661     
         132  0.31343283582089376        8038.3037760646966     
         133  0.32338308457711268        8640.8351747978359     
         134  0.33333333333333159        9271.8264125942278     
         135  0.34328358208955051        9932.1442581892115     
         136  0.35323383084576943        10622.696688030797     
         137  0.36318407960198834        11344.435938593620     
         138  0.37313432835820726        12098.361802846963     
         139  0.38308457711442617        12885.525189192020     
         140  0.39303482587064509        13707.031962455560     
         141  0.40298507462686400        14564.047087880434     
         142  0.41293532338308292        15457.799100494492     
         143  0.42288557213930184        16389.584923774826     
         144  0.43283582089552075        17360.775063156110     
         145  0.44278606965173967        18372.819201671125     
         146  0.45273631840795858        19427.252226860961     
         147  0.46268656716417750        20525.700720058809     
         148  0.47263681592039641        21669.889941245670     
         149  0.48258706467661533        22861.651344900307     
         150  0.49253731343283425        24102.930664634270     
         151  0.50248756218905311        25395.796606917029     
         152  0.51243781094527197        26742.450196872189     
         153  0.52238805970149083        28145.234821968239     
         154  0.53233830845770969        29606.647022447185     
         155  0.54228855721392855        31129.348080545366     
         156  0.55223880597014741        32716.176463969870     
         157  0.56218905472636627        34370.161182715827     
         158  0.57213930348258513        36094.536122156846     
         159  0.58208955223880399        37892.755419426532     
         160  0.59203980099502285        39768.509954444533     
         161  0.60199004975124171        41725.745031547078     
         162  0.61194029850746057        43768.679332568834     
         163  0.62189054726367943        45901.825227411355     
         164  0.63184079601989829        48130.010533636560     
         165  0.64179104477611715        50458.401822469976     
         166  0.65174129353233601        52892.529374790618     
         167  0.66169154228855487        55438.313897264612     
         168  0.67164179104477373        58102.095115749784     
         169  0.68159203980099259        60890.662370497907     
         170  0.69154228855721145        63811.287345523502     
         171  0.70149253731343031        66871.759072826957     
         172  0.71144278606964917        70080.421360976805     
         173  0.72139303482586803        73446.212806903961     
         174  0.73134328358208689        76978.709559672265     
         175  0.74129353233830575        80688.171015490589     
         176  0.75124378109452461        84585.588634361251     
         177  0.76119402985074347        88682.738080558716     
         178  0.77114427860696233        92992.234901621603     
         179  0.78109452736318119        97527.593973790907     
         180  0.79104477611940005        102303.29295584351     
         181  0.80099502487561891        107334.84000813430     
         182  0.81094527363183777        112638.84604938982     
         183  0.82089552238805663        118233.10184046325     
         184  0.83084577114427549        124136.66020190778     
         185  0.84079601990049435        130369.92369090517     
         186  0.85074626865671321        136954.73808287570     
         187  0.86069651741293207        143914.49202402835     
         188  0.87064676616915093        151274.22324328963     
         189  0.88059701492536979        159060.73173550333     
         190  0.89054726368158865        167302.70035263157     
         191  0.90049751243780751        176030.82326597191     
         192  0.91044776119402637        185277.94279020737     
         193  0.92039800995024523        195079.19508953809     
         194  0.93034825870646409        205472.16531727090     
         195  0.94029850746268295        216497.05277318257     
         196  0.95024875621890181        228196.84669781112     
         197  0.96019900497512067        240617.51335967719     
         198  0.97014925373133953        253808.19513042254     
         199  0.98009950248755839        267821.42228406429     
         200  0.99004975124377725        282713.33830016712     
  dd   1905.7255392142388        5652.0578629190877        9314.2577549523448        12893.196794585230        16391.111218890583        19822.252433736376        23250.925773418992        26819.251066088793        30666.366980078314        34845.240205758855     
  xrad2 -0.97531064496690778      -0.94725093427895646      -0.91917027974641374      -0.89110436769079360      -0.86305744749771562      -0.83503037963158100      -0.80702330770829334      -0.77903616342356896      -0.75106879877774579      -0.72312102738807582      -0.69519263830954914      -0.66728340024681343      -0.63939306204197199      -0.61152135159982268      -0.58366797410860061      -0.55583260991406569      -0.52801491219895225      -0.50021450453062200      -0.47243097829941338      -0.44466389005163914      -0.41691275871246036      -0.38917706268970642      -0.36145623684768363      -0.33374966933886246      -0.30605669828044652      -0.27837660826185662      -0.25070862666789712      -0.22305191980060238      -0.19540558878036429      -0.16776866520366029      -0.14014010653040945      -0.11251879116828475      -8.49035132139606130E-002 -5.72929768017504185E-002 -2.96857899978866385E-002 -2.08045816308965884E-003  2.55246233138465249E-002  5.31311770340418266E-002  8.07410525128831741E-002  0.10835623620640888       0.13597886288729741       0.16361122868393510       0.19125580617978605       0.21891526207686918       0.24659247806295753       0.27429057569567511       0.30201294633901793       0.32976328747386779       0.35754564707355652       0.38536447821558101       0.41322470672823897       0.44113181549785113       0.46909195016195276       0.49711205239125977       0.52520002897321127       0.55336496768243193       0.58161741481022111       0.60996973477277905       0.63843658029956596       0.66703551374728742       0.69578783849830994       0.72471972836652121       0.75386378997767789       0.78326127230905773       0.81296527651240813       0.84304557405548042       0.87359613040572270       0.90474738695189194       0.93668680001735150       0.96967982496895366     
           1 -0.99004975124378114        169725.33247468108     
           2 -0.98009950248756228        161144.58818053265     
           3 -0.97014925373134342        153070.04342840597     
           4 -0.96019900497512456        145468.93293402967     
           5 -0.95024875621890570        138310.61523505423     
           6 -0.94029850746268684        131566.43985816758     
           7 -0.93034825870646798        125209.62245390797     
           8 -0.92039800995024912        119215.12744069955     
           9 -0.91044776119403026        113559.55772499458     
          10 -0.90049751243781140        108221.05108840510     
          11 -0.89054726368159254        103179.18285544431     
          12 -0.88059701492537368        98414.874477001387     
          13 -0.87064676616915482        93910.307685050269     
          14 -0.86069651741293596        89648.843893362442     
          15 -0.85074626865671710        85614.948537222648     
          16 -0.84079601990049824        81794.120062415357     
          17 -0.83084577114427938        78172.823290058514     
          18 -0.82089552238806052        74738.426899306083     
          19 -0.81094527363184166        71479.144784540054     
          20 -0.80099502487562280        68383.981057475874     
          21 -0.79104477611940394        65442.678477661044     
          22 -0.78109452736318508        62645.670107183672     
          23 -0.77114427860696622        59984.033997071441     
          24 -0.76119402985074736        57449.450723884926     
          25 -0.75124378109452850        55034.163605422778     
          26 -0.74129353233830964        52730.941434300126     
          27 -0.73134328358209078        50533.043577457880     
          28 -0.72139303482587191        48434.187298439341     
          29 -0.71144278606965305        46428.517167570499     
          30 -0.70149253731343419        44510.576433006921     
          31 -0.69154228855721533        42675.280233009056     
          32 -0.68159203980099647        40917.890536787461     
          33 -0.67164179104477761        39233.992707852165     
          34 -0.66169154228855875        37619.473590017718     
          35 -0.65174129353233989        36070.501022088261     
          36 -0.64179104477612103        34583.504692784350     
          37 -0.63184079601990217        33155.158252698624     
          38 -0.62189054726368331        31782.362604998678     
          39 -0.61194029850746445        30462.230301242307     
          40 -0.60199004975124559        29192.070973056867     
          41 -0.59203980099502673        27969.377734568297     
          42 -0.58208955223880787        26791.814494363298     
          43 -0.57213930348258901        25657.204119442198     
          44 -0.56218905472637015        24563.517397084059     
          45 -0.55223880597015129        23508.862743808819     
          46 -0.54228855721393243        22491.476613696970     
          47 -0.53233830845771357        21509.714561224064     
          48 -0.52238805970149471        20562.042916497969     
          49 -0.51243781094527585        19647.031033355172     
          50 -0.50248756218905699        18763.344073195985     
          51 -0.49253731343283808        17909.736289715558     
          52 -0.48258706467661916        17085.044781834393     
          53 -0.47263681592040024        16288.183684152506     
          54 -0.46268656716418133        15518.138766151049     
          55 -0.45273631840796241        14773.962413155354     
          56 -0.44278606965174350        14054.768963755832     
          57 -0.43283582089552458        13359.730379966571     
          58 -0.42288557213930567        12688.072227890831     
          59 -0.41293532338308675        12039.069948063308     
          60 -0.40298507462686783        11412.045395955525     
          61 -0.39303482587064892        10806.363634369434     
          62 -0.38308457711443000        10221.429960608000     
          63 -0.37313432835821109        9656.6871524049984     
          64 -0.36318407960199217        9111.6129176252543     
          65 -0.35323383084577326        8585.7175337112203     
          66 -0.34328358208955434        8078.5416637608205     
          67 -0.33333333333333542        7589.6543369722622     
          68 -0.32338308457711651        7118.6510819940713     
          69 -0.31343283582089759        6665.1522024689921     
          70 -0.30348258706467868        6228.8011847681119     
          71 -0.29353233830845976        5809.2632285733280     
          72 -0.28358208955224085        5406.2238915901671     
          73 -0.27363184079602193        5019.3878402569835     
          74 -0.26368159203980301        4648.4776988656495     
          75 -0.25373134328358410        4293.2329900240857     
          76 -0.24378109452736518        3953.4091598753339     
          77 -0.23383084577114627        3628.7766819419867     
          78 -0.22388059701492735        3319.1202338914950     
          79 -0.21393034825870844        3024.2379419192316     
          80 -0.20398009950248952        2743.9406878221253     
          81 -0.19402985074627060        2478.0514741904044     
          82 -0.18407960199005169        2226.4048434773308     
          83 -0.17412935323383277        1988.8463470198724     
          84 -0.16417910447761386        1765.2320603782234     
          85 -0.15422885572139494        1555.4281416391452     
          86 -0.14427860696517603        1359.3104295902101     
          87 -0.13432835820895711        1176.7640789182290     
          88 -0.12437810945273821        1007.6832298187985     
          89 -0.11442786069651931        851.97070962408975     
          90 -0.10447761194030040        709.53776426524689     
          91 -9.45273631840815032E-002   580.30381758349688     
          92 -8.45771144278626014E-002   464.19625669313228     
          93 -7.46268656716436996E-002   361.15024177882611     
          94 -6.46766169154247977E-002   271.10853888150797     
          95 -5.47263681592058959E-002   194.02137439152511     
          96 -4.47761194029869941E-002   129.84631012585004     
          97 -3.48258706467680923E-002   78.548138018536179     
          98 -2.48756218905491870E-002   40.098793601352270     
          99 -1.49253731343302817E-002   14.477287594752918     
         100 -4.97512437811137645E-003   1.6696550695902870     
         101  4.97512437810752883E-003   1.6689217770836298     
         102  1.49253731343264341E-002   14.475087379973846     
         103  2.48756218905453394E-002   40.095125451570077     
         104  3.48258706467642482E-002   78.543000242712964     
         105  4.47761194029831500E-002   129.83970034986172     
         106  5.47263681592020518E-002   194.01328955144436     
         107  6.46766169154209536E-002   271.09897521485192     
         108  7.46268656716398554E-002   361.13919481377206     
         109  8.45771144278587572E-002   464.18372123553974     
         110  9.45273631840776590E-002   580.28978770168601     
         111  0.10447761194029656        709.52223327242973     
         112  0.11442786069651546        851.95367005829416     
         113  0.12437810945273436        1007.6646734201618     
         114  0.13432835820895328        1176.7439966034826     
         115  0.14427860696517220        1359.2888114241659     
         116  0.15422885572139111        1555.4049768030266     
         117  0.16417910447761003        1765.2073371345671     
         118  0.17412935323382894        1988.8200526738026     
         119  0.18407960199004786        2226.3769643338483     
         120  0.19402985074626677        2478.0219955075572     
         121  0.20398009950248569        2743.9095937596253     
         122  0.21393034825870461        3024.2052154821999     
         123  0.22388059701492352        3319.0858568689632     
         124  0.23383084577114244        3628.7406348398372     
         125  0.24378109452736135        3953.3714218431860     
         126  0.25373134328358027        4293.1935387755420     
         127  0.26368159203979918        4648.4365105917659     
         128  0.27363184079601810        5019.3448895319898     
         129  0.28358208955223702        5406.1791512692498     
         130  0.29353233830845593        5809.2166696816257     
         131  0.30348258706467485        6228.7527763803128     
         132  0.31343283582089376        6665.1019115789122     
         133  0.32338308457711268        7118.5988733734112     
         134  0.33333333333333159        7589.6001730178514     
         135  0.34328358208955051        8078.4855043291382     
         136  0.35323383084576943        8585.6593359398139     
         137  0.36318407960198834        9111.5526357396193     
         138  0.37313432835820726        9656.6247375101666     
         139  0.38308457711442617        10221.365360463462     
         140  0.39303482587064509        10806.296793146637     
         141  0.40298507462686400        11411.976253976107     
         142  0.41293532338308292        12038.998441517293     
         143  0.42288557213930184        12687.998288532879     
         144  0.43283582089552075        13359.653934789232     
         145  0.44278606965173967        14054.689934637665     
         146  0.45273631840795858        14773.880716482607     
         147  0.46268656716417750        15518.054312410799     
         148  0.47263681592039641        16288.096377495449     
         149  0.48258706467661533        17084.954519605340     
         150  0.49253731343283425        17909.642961948895     
         151  0.50248756218905311        18763.247562074521     
         152  0.51243781094527197        19646.931212629195     
         153  0.52238805970149083        20561.939650862307     
         154  0.53233830845770969        21509.607705650298     
         155  0.54228855721392855        22491.366012717415     
         156  0.55223880597014741        23508.748230749919     
         157  0.56218905472636627        24563.398793244800     
         158  0.57213930348258513        25657.081233215184     
         159  0.58208955223880399        26791.687120293587     
         160  0.59203980099502285        27969.245652346970     
         161  0.60199004975124171        29191.933946444500     
         162  0.61194029850746057        30462.088076918077     
         163  0.62189054726367943        31782.214911330331     
         164  0.63184079601989829        33155.004798428505     
         165  0.64179104477611715        34583.345165626219     
         166  0.65174129353233601        36070.335087228646     
         167  0.66169154228855487        37619.300888516984     
         168  0.67164179104477373        39233.812854937896     
         169  0.68159203980099259        40917.703120034836     
         170  0.69154228855721145        42675.084810399690     
         171  0.70149253731343031        44510.372530860455     
         172  0.71144278606964917        46428.304278339965     
         173  0.72139303482586803        48433.964878362480     
         174  0.73134328358208689        50532.811044056238     
         175  0.74129353233830575        52730.698163715773     
         176  0.75124378109452461        55033.908929583886     
         177  0.76119402985074347        57449.183927490514     
         178  0.77114427860696233        59983.754314382662     
         179  0.78109452736318119        62645.376718612628     
         180  0.79104477611940005        65442.370506144434     
         181  0.80099502487561891        68383.657564620502     
         182  0.81094527363183777        71478.804766527828     
         183  0.82089552238805663        74738.069282544675     
         184  0.83084577114427549        78172.446926562785     
         185  0.84079601990049435        81793.723724905009     
         186  0.85074626865671321        85614.530913919865     
         187  0.86069651741293207        89648.403582472165     
         188  0.87064676616915093        93909.843188907820     
         189  0.88059701492536979        98414.384195864754     
         190  0.89054726368158865        103178.66508091803     
         191  0.90049751243780751        108220.50399646857     
         192  0.91044776119402637        113558.97936861961     
         193  0.92039800995024523        119214.51574203209     
         194  0.93034825870646409        125208.97519599090     
         195  0.94029850746268295        131565.75467618176     
         196  0.95024875621890181        138309.88960705212     
         197  0.96019900497512067        145468.16417113459     
         198  0.97014925373133953        153069.22866444985     
         199  0.98009950248755839        161143.72436110585     
         200  0.99004975124377725        169724.41634556078     
  dd   1994.7115129577890        6028.5217502778269        10154.826218586395        14380.787329553386        18713.879168772470        23161.458778733806        27730.421109667826        32426.958666669394        37256.426838199550        42223.300116683837     
  xrad2 -0.97262476494151362      -0.94209606589714401      -0.91202208440531585      -0.88232853715729120      -0.85294225171344695      -0.82380678620885295      -0.79487873279034271      -0.76612428677815270      -0.73751677003709659      -0.70903486726666931      -0.68066135225151037      -0.65238215211081962      -0.62418564907375307      -0.59606215253446604      -0.56800349541816741      -0.54000272273654126      -0.51205384942218735      -0.48415167079919169      -0.45629161340458113      -0.42846961696620961      -0.40068204057500301      -0.37292558772797563      -0.34519724613837155      -0.31749423912874575      -0.28981398612298037      -0.26215407029126964      -0.23451221181828233      -0.20688624558847907      -0.17927410233543425      -0.15167379249988833      -0.12408339219620076      -9.65010308079407436E-002 -6.89248798273877361E-002 -4.13531426260387580E-002 -1.37840448976885785E-002  1.37841744446958250E-002  4.13532721102009629E-002  6.89250091855936470E-002  9.65011599765394495E-002  0.12408352111071853       0.15167392109472305       0.17927423054352498       0.20688637334093704       0.23451233904397376       0.26215419691633318       0.28981411207026769       0.31749436431715267       0.34519737048203791       0.37292571113532280       0.40068216294754977       0.42846973819712325       0.45629173337689466       0.48415178938358033       0.51205396647419599       0.54000283809313010       0.56800360889336476       0.59606226391387518       0.62418575810760057       0.65238225850509945       0.68066145565660463       0.70903496726264881       0.73751686611450729       0.76612437831264979       0.79487881900860180       0.82380686614202325       0.85294232413201765       0.88232860047733352       0.91202213654836395       0.94209610406969357       0.97262478525548102     
 vmin=  5.61143089019993760E-005
 -2.08045816308965884E-003  1.37841744446958250E-002
 vmin(cm-1)=   12.315667260876680     
 initial state
  propagation begin
      1     2.3570246502706     1.4034056571548     0.9526825159211
      2     2.9360992122573     1.6333200425023    -1.3903538026742
      3     3.4865982724101     1.6994056986886     1.5203089213957
      4     3.4181568886194     1.6774788652393    -1.6963141922103
      5     3.5462128730980     1.7342109279678     1.8524540885214
      6     3.4600653717536     1.7273621999624    -2.0662491638629
      7     3.4587001235185     1.6921238599497     2.1844568805424
      8     3.4187886028656     1.7254087835908    -2.2799370305899
      9     3.3746237708512     1.6599399489721     2.3383821836248
     10     3.2573858199868     1.6577110901505    -2.3581702935110
     11     3.4331283384513     1.6613846310249     2.2503200634431
     12     3.2877077290773     1.6732908246024    -2.2771298654772
     13     3.3475971772693     1.6805765370101     2.3106641194936
     14     3.3492701632798     1.6623884392692    -2.4981062281713
     15     3.4404967023708     1.7398149409504     2.8497169361158
     16     3.4065664581304     1.6663743257692    -3.2889922307809
     17     3.3559362446931     1.7095405623441     3.7083150200763
     18     3.4664029294167     1.7638104331440    -4.0478155024077
     19     3.4824188787566     1.7210539368221     4.3772969336847
     20     3.3848685355614     1.6964350693277    -4.7225278071184
     21     3.4284647828814     1.7358490004375     4.9695547706472
     22     3.4602613442296     1.6903595125270    -5.1839960273584
     23     3.4076630434776     1.6915506565510     5.4835056547737
     24     3.3774990608769     1.6754149350074    -5.7949011071816
     25     3.4699221671388     1.7253670340359     5.9980626242206
     26     3.4593853403137     1.6995288560953    -6.2300990403620
     27     3.4005356385609     1.6757603036211     6.3714028761330
     28     3.3345122238530     1.6932966594238    -6.4365285475750
     29     3.3577242947095     1.6585541636462     6.2794979008290
     30     3.3536985066545     1.6644742944298    -6.0941649008210
     31     3.3531232749137     1.6831880658174     5.9513639766819
     32     3.3801136665093     1.6827322331132    -5.7203196280209
     33     3.3248204099644     1.6490382468756     5.4566428765548
     34     3.3948517510190     1.6529277376044    -5.1642337590754
     35     3.3899249357356     1.7154802196725     5.1680335211411
     36     3.4578893651229     1.6921117256834    -5.1144383736491
     37     3.3372673792977     1.6654786489279     4.9376482319652
     38     3.4388753686581     1.7109415026166    -4.3837527244932
     39     3.4664718512249     1.7034621998171     3.8055888427096
     40     3.4497385794208     1.7145124215439    -3.2512263410854
     41     3.4074430699293     1.6567286983837     2.7080505861832
     42     3.3333713191357     1.6357194215179    -2.1325437735902
     43     3.3193355808104     1.6589138088980     1.4958923255161
     44     3.3333854150406     1.7060938096199    -0.7569058782988
     45     3.4190450020771     1.6881512011748    -0.0973822974582
     46     3.3917229484930     1.6814695615321     1.0181645301860
     47     3.4075548167954     1.6631459334308    -1.9082705814643
     48     3.3414279486106     1.6887784260364     2.7442458270865
     49     3.3501668907945     1.6444896961179    -3.3603408229046
     50     3.3391955218961     1.6535089588647     3.7787713274026
     51     3.3293552626114     1.6480501547806    -4.0325458584963
     52     3.3279621437374     1.6321078599513     4.1733852026254
     53     3.3189625295341     1.6773368602506    -4.3429900955344
     54     3.3370726276805     1.6511845045087     4.4279947073188
     55     3.3730862528872     1.6793028745470    -4.3382833586928
     56     3.3014025780076     1.6371250085537     4.1000775562188
     57     3.3516759342722     1.6334809156357    -3.5703469489572
     58     3.3140087113819     1.5991432407331     3.0467068700357
     59     3.2358778494634     1.6295363202581    -2.5546632966201
     60     3.3255846065979     1.6748129340164     2.0090677059683
     61     3.3583671586843     1.6524236026657    -1.4980048691988
     62     3.3354521256397     1.6265867688203     1.1029754837865
     63     3.2708555297111     1.6053804925215    -0.9249772914244
     64     3.1846700107731     1.5944884526334     0.9748828162189
     65     3.2993824860437     1.6138127701250    -1.1813146527089
     66     3.2634788837398     1.5972361234023     1.5344694785268
     67     3.2011932373271     1.5930229770157    -1.9282716142637
     68     3.3019166766708     1.6247231654171     2.2388174552925
     69     3.3097730889928     1.6318579241310    -2.5302895933791
     70     3.3007182753461     1.6293078668921     2.7834307096618
     71     3.2603864974000     1.6343288478933    -2.9911356961437
     72     3.3686191310619     1.6410001703139     3.0422664996541
     73     3.3462553852720     1.6726339274543    -3.0266612278538
     74     3.4913010166089     1.7058202721054     2.7345309528740
     75     3.4518318992574     1.6605021999693    -2.2847937904061
     76     3.3436201840224     1.6194203994320     1.6723095771221
     77     3.3081985055659     1.6370180078682    -0.9805600698211
     78     3.3999307211458     1.6511210225784     0.2961207631291
     79     3.3102059168564     1.5919268314286     0.3833240961013
     80     3.2452326023594     1.6284079999833    -1.1311268761085
     81     3.3379618366237     1.6208480117483     1.8564862633349
     82     3.2871266211895     1.6279198883142    -2.5748775849281
     83     3.3551880317549     1.6585861200977     3.1655890106203
     84     3.3892049965193     1.6726372432393    -3.6686413394532
     85     3.4360909154841     1.6607223772163     4.0684421697897
     86     3.3573237297807     1.6226112001436    -4.4474845936733
     87     3.2512106608936     1.6147568782281     4.6986105376188
     88     3.2499721020452     1.5950410618585    -4.6386492279243
     89     3.2617377069109     1.6041933092344     4.3784634965464
     90     3.3395484152344     1.6259623353369    -4.0115070472998
     91     3.2584392799568     1.6077048964384     3.6701222649856
     92     3.2882586371318     1.6331123687814    -3.1430502901139
     93     3.4017488179108     1.6623375273468     2.5133921411880
     94     3.3498721811085     1.5856963436917    -1.9150632032623
     95     3.2407268431029     1.5927828391374     1.3204422011973
     96     3.1793052201684     1.5812156613354    -0.7359669910141
     97     3.2109396199582     1.6043142090384     0.1495021640350
     98     3.2946526195337     1.6259235737609     0.3747031965433
     99     3.2157155671794     1.6021927447449    -0.8068092567245
    100     3.1657241028013     1.6154125058374     1.0985511933226
    101     3.3142102760909     1.6730320392916    -1.2278037708819
    102     3.4006970888626     1.7150593335603     1.3233615788375
    103     3.2958444320574     1.6467331527880    -1.4277891522522
    104     3.3118412047268     1.6394806960969     1.4888909951070
    105     3.2982163260670     1.6388830247387    -1.5808838057854
    106     3.2164624731230     1.6222296955685     1.7061483658274
    107     3.3115201364987     1.6014280071428    -1.8017261039637
    108     3.2706377698659     1.5785096889937     2.0023733268973
    109     3.2650466915278     1.6122318121867    -2.2767822033538
    110     3.3591326394902     1.6264281457262     2.5163902972354
    111     3.2879682285374     1.6171758854611    -2.7282488989219
    112     3.2478583649106     1.5963720343050     2.7757051572477
    113     3.2407223548886     1.5710467414115    -2.6797746878962
    114     3.2599311967853     1.5838984135322     2.5439092628324
    115     3.2625279548953     1.5999742841358    -2.4013210477967
    116     3.3547514626124     1.6338201860501     2.1725006900768
    117     3.3040285616220     1.5943149549553    -1.8964679718894
    118     3.2286446878897     1.5912069260143     1.4858221444128
    119     3.2312864265402     1.5937833412512    -0.9307421605994
    120     3.2106925258893     1.6035890001336     0.3053952146700
    121     3.2116667792134     1.6322364559521     0.3143136371224
    122     3.3957820551908     1.6501914367438    -0.8944323461655
    123     3.3217115658401     1.6668138755380     1.5861218035447
    124     3.3269376920288     1.6994621922013    -2.3917813373970
    125     3.4395887666463     1.7547074595108     3.1434513580536
    126     3.5856347981455     1.7932995975972    -3.6474739062733
    127     3.6318930240262     1.7447639820963     3.8528817524099
    128     3.4470965010333     1.6488489488114    -3.8781987162667
    129     3.3519635337731     1.6169490743728     3.7111608448686
    130     3.2387605868656     1.5936568255484    -3.4766343979526
    131     3.2009465706560     1.5171907176633     3.0044598586924
    132     3.1845347463288     1.5974788022880    -2.4106228555876
    133     3.2079938551972     1.6122108824936     1.8591302073137
    134     3.3251926874379     1.6264829450230    -1.3889829412980
    135     3.2591646891946     1.6354283187075     1.1116041734348
    136     3.3287343322535     1.6013324612371    -0.8518132976036
    137     3.2944146989316     1.6347892561679     0.5761983179082
    138     3.3234809992055     1.6383665985249    -0.3520738566280
    139     3.2684529788964     1.5847603863779     0.3196821849851
    140     3.1532610645959     1.5509299476974    -0.5155029185247
    141     3.1819524259292     1.5904233949658     0.8337492449757
    142     3.2686128612048     1.6171400066145    -1.1915145467968
    143     3.2788652228779     1.6040420305594     1.6098043490045
    144     3.2982266896990     1.6180277343862    -2.0893066743476
    145     3.3333747348855     1.6420400150236     2.5668619812930
    146     3.3413871821890     1.6770283679388    -2.9272494486200
    147     3.4820792050033     1.7564787630334     3.0342693431628
    148     3.5841949483191     1.7576102659871    -2.9640694380278
    149     3.5270043147800     1.6856733652356     2.7823302176774
    150     3.3559962186048     1.6860682026726    -2.5130819177305
    151     3.3569477053403     1.6175000783879     2.0354281536016
    152     3.2678494560597     1.6057629904996    -1.4527392934445
    153     3.2569492390047     1.5739921041112     0.7811271584411
    154     3.2048767258736     1.5751061422711    -0.0486646837646
    155     3.2189741916224     1.5854975766286    -0.6770678798242
    156     3.2785387393468     1.5772243345231     1.3117394500272
    157     3.2076647809045     1.5729153772510    -1.8584222687882
    158     3.2886723284653     1.6210428625265     2.2346073173574
    159     3.3868260959894     1.6829594156342    -2.4648322849471
    160     3.4857239350204     1.7130826701444     2.5459147798568
    161     3.5894342674442     1.7775519201950    -2.5295063689403
    162     3.5921585331487     1.7180523325929     2.4738083302097
    163     3.3866552791791     1.6259203410098    -2.3796391773676
    164     3.2838317948577     1.6014537238830     2.1062961261710
    165     3.1924908326400     1.5435722928796    -1.6055784731070
    166     3.1610328714337     1.5367507094242     0.8893294033425
    167     3.1364627748842     1.5612414514719    -0.1496641634753
    168     3.2047583608494     1.5510174797434    -0.4887272187726
    169     3.1069295574216     1.5554546117176     1.0295802384815
    170     3.1653178242850     1.5726485714698    -1.4568661385184
    171     3.2755031669074     1.6377626851362     1.8109539128889
    172     3.3571480259423     1.6516416020742    -2.1010662957652
    173     3.3603684428764     1.6512055763532     2.3474171295652
    174     3.3246117785844     1.6183666052604    -2.5805385386304
    175     3.3416090051918     1.6855947813387     2.8409701387688
    176     3.5622947683308     1.7558598774570    -3.0886715588135
    177     3.5424423258204     1.7210148246160     3.4282810098556
    178     3.3621419153198     1.6399939374525    -3.7165882361501
    179     3.2868365618714     1.6050217005842     3.7536919402819
    180     3.1728888282196     1.5847416997512    -3.6305052904287
    181     3.2385990475404     1.5936013485421     3.3177985805772
    182     3.1357836480159     1.5560153599249    -3.1243128331033
    183     3.1127928038598     1.5637385367753     2.9583478484683
    184     3.2357812130388     1.5905512894728    -2.8384461887941
    185     3.1809189044772     1.6019050802358     2.8832917726522
    186     3.1871785082278     1.5407930905154    -2.8486933687316
    187     3.1826595134823     1.5331611285010     2.7309284685179
    188     3.2081854266301     1.5794186446066    -2.5814255557944
    189     3.1832793875649     1.5675514339212     2.4438252902277
    190     3.2065506267379     1.5558939765932    -2.3778086988682
    191     3.2072956894123     1.5800039977887     2.5426667235812
    192     3.2216460124735     1.5763534593970    -2.8330478430385
    193     3.1925528270995     1.5656464221917     3.0995671743105
    194     3.1686236545044     1.5711048740888    -3.2504976025913
    195     3.2404587892644     1.6106754334325     3.2446550377835
    196     3.2736762103675     1.5903800004575    -3.1121865138967
    197     3.2347242512602     1.5881225025065     2.8404610204210
    198     3.2954389620946     1.6402819383481    -2.4455556008706
    199     3.4257855886354     1.6709377323862     2.0782413277950
    200     3.4542780469752     1.6838677656624    -1.8381666884169
    201     3.4665433415771     1.6681359484801     1.6331389002418
    202     3.4810860930842     1.6934856238410    -1.3984722057217
    203     3.4295409185878     1.6194056029081     1.1457550335849
    204     3.2993498305479     1.5956164801365    -0.8958184686425
    205     3.2909781194656     1.5931271734628     0.6391038625674
    206     3.2072928933291     1.5559176033732    -0.3590810214218
    207     3.2483723833729     1.5587108388054     0.0384078704796
    208     3.2278222160152     1.5281998157638     0.2765541729831
    209     3.1411584370194     1.5302198685553    -0.6026142011085
    210     3.1322597006571     1.5416408318629     0.9517160337390
    211     3.1424282875419     1.5752259342442    -1.2768669050702
    212     3.3176018290515     1.6184471520015     1.4256628883407
    213     3.4241861978554     1.7031773170133    -1.4067434550976
    214     3.5248515543930     1.7592645461530     1.2458593734234
    215     3.5484903920800     1.6978187549522    -1.0252152869189
    216     3.3970369663335     1.6719704197894     0.8628483858046
    217     3.4414012460147     1.6940573216005    -0.8057008402439
    218     3.3780508495320     1.6524813407393     0.8873718021843
    219     3.3562548114096     1.7127478992912    -1.0564188161024
    220     3.5207633027213     1.7810407137633     1.2253127609084
    221     3.6171038513670     1.7509738887815    -1.3770768631979
    222     3.5040766561460     1.6841755781450     1.5690952725662
    223     3.3110486349284     1.6187403838787    -1.8220029234921
    224     3.2405875260820     1.5628859910908     2.0627539542603
    225     3.2079369487919     1.5882280910052    -2.2691474752279
    226     3.2088013066466     1.5429078664949     2.3308658296469
    227     3.1398387832082     1.5306982517566    -2.2460038670792
    228     3.2174316585687     1.5505777828692     2.0198917099806
    229     3.1410771314422     1.5678333507134    -1.7724950921448
    230     3.2446416247688     1.5496086550234     1.3718951925874
    231     3.1560611723647     1.5574481176701    -0.9169139622532
    232     3.1900778962763     1.5672810099923     0.3431706064669
    233     3.1741582157343     1.5851405096737     0.2848202695451
    234     3.3648509670021     1.6720948830201    -0.8524109537267
    235     3.4690301238792     1.7414921320184     1.3095537607269
    236     3.5370993583228     1.6882367723980    -1.6503474676618
    237     3.3201024661143     1.5954959094827     1.9641538637441
    238     3.2619839582229     1.5939406884537    -2.1536824199708
    239     3.2219263148767     1.5332473098547     2.2147906913279
    240     3.1229417909135     1.5549476109112    -2.1902096109132
    241     3.1418214345315     1.5130366034533     2.0203110697460
    242     3.1425395536761     1.5406044732957    -1.7450917573821
    243     3.1140614214918     1.5252826779197     1.3582371227197
    244     3.0603884287351     1.5215079841550    -0.8328626913553
    245     3.1460874481728     1.5146363573599     0.2636559840161
    246     3.1653618474187     1.5446794274430     0.2067216335126
    247     3.1418800324130     1.5292248687215    -0.5410121423226
    248     3.1821344318175     1.6139228824934     0.7364386350663
    249     3.4588514100008     1.7423196145861    -0.7505234409522
    250     3.6677333907457     1.7475922915800     0.6010056376255
