   kl=          25
 kl,ierr=          25           0
      1   3848.405080701355   0.143028E+00   0.188462E-12  -0.358520E+01
      2   7514.462887531829   0.326837E+00  -0.550298E-08  -0.656261E+00
      3   7627.311195820283   0.899932E-01   0.260729E-07   0.279637E-07
      4  11038.246455865079   0.756954E-01  -0.622773E-03   0.283914E+01
      5  11161.039965638111  -0.448318E+00  -0.345544E-03  -0.496480E-06
      6  11244.743198203434  -0.191282E-01   0.590005E-02  -0.658398E+00
      7  13370.353513403275  -0.196809E-01  -0.118410E-01  -0.353338E+00
      8  14350.820921496410   0.219082E+00  -0.623116E-01   0.809573E-01
      9  14635.440160143349   0.170148E+00   0.270426E+00   0.635452E-03
     10  14971.940207669255   0.825289E-01  -0.938635E+00   0.890836E+00
     11  15242.105508858751   0.415270E+00   0.135139E+00   0.304118E-03
     12  15771.202053676992   0.191264E+00  -0.658702E-01  -0.416761E+00
     13  17357.376433147074   0.272180E+00   0.227279E-01   0.429711E-04
     14  17883.781164643577  -0.825473E-01   0.116113E+00   0.847049E+00
     15  18500.401714724998   0.135971E+00   0.640538E-01   0.111999E-03
     16  19049.603895272092   0.240710E+00  -0.277634E-01  -0.467867E-04
     17  19383.544551230971   0.162338E+00   0.172975E-01   0.568175E+00
     18  20564.158781179922   0.507535E-01  -0.172314E-02  -0.408488E+00
     19  22120.037762105032  -0.482344E-01  -0.209218E-03  -0.225704E+00
     20  22783.122299489674   0.171832E+00  -0.238037E-04  -0.386327E-07
     21  23999.166395747561  -0.302387E-01  -0.191723E-04  -0.482037E+00
     22  24440.084418079761   0.578203E-01  -0.335570E-05  -0.106041E-06
     23  26071.856257970354   0.147458E+00   0.734242E-08   0.116243E+00
     24  29338.105570105672   0.341691E+00  -0.261446E-11   0.784485E+00
     25  31032.428041071020   0.591480E-01   0.467974E-12   0.119409E-06
