   kl=        1000
 kl,ierr=        1000           0
      1   2793.236469764511  -0.105764E-07   0.662604E-13   0.263848E+02
      2   2793.236469767816   0.224501E-05   0.395141E-14   0.298391E+02
      3   2793.236469768580  -0.107024E-03   0.615611E-16  -0.271304E+02
      4   2793.236469771307   0.218297E-01  -0.370736E-16   0.276436E+02
      5   4385.031419019180   0.334191E-04  -0.235467E-12  -0.712227E+00
      6   4385.031419021219   0.288840E-05   0.998760E-11   0.667398E+00
      7   4385.031419021977   0.191859E-02  -0.106794E-13  -0.673301E+00
      8   4385.031532712696   0.988970E-16   0.868541E-05   0.684025E+00
      9   5967.957771566753  -0.124333E-06   0.693382E-10  -0.205034E+02
     10   5967.957771570408   0.118706E-04   0.243176E-11   0.189226E+02
     11   5967.957771571968  -0.122019E-02   0.163283E-13   0.200102E+02
     12   6771.698752224960  -0.249310E-04  -0.331089E-11  -0.162115E-07
     13   6771.698752228582  -0.659296E-02   0.124225E-13   0.165242E-07
     14   6771.698754818006  -0.968826E-13  -0.119045E-05   0.650300E-04
     15   7560.370746107794   0.332571E-02  -0.483440E-10   0.267726E-01
     16   7560.370746108816  -0.360914E-01  -0.445619E-11  -0.222539E-01
     17   7560.370748765030   0.533553E-10  -0.115819E-05   0.246815E-01
     18   8277.311508335448  -0.222060E-04  -0.286394E-14  -0.409876E-06
     19   8277.311508343144  -0.139872E-01  -0.151963E-15  -0.408573E-06
     20   9206.857069734911   0.348824E-04   0.372171E-12   0.154287E+02
     21   9206.857069737629   0.142689E-01  -0.102351E-14   0.153535E+02
     22   9773.932338845152  -0.618760E-04  -0.971974E-11   0.323793E-06
     23   9773.932338848159  -0.133089E-01   0.455678E-13   0.320005E-06
     24  10824.642317304551   0.615266E-02   0.702188E-12  -0.194635E+02
     25  10824.642332318668  -0.201755E-08   0.213997E-05  -0.194637E+02
     26  10976.655551162892   0.201278E-01   0.998690E-12  -0.120375E+01
     27  10976.655566231482  -0.954893E-08   0.210612E-05   0.120352E+01
     28  11286.246047317887  -0.144592E-02  -0.494454E-11   0.270443E-05
     29  11286.246079488041   0.241710E-08  -0.295799E-05   0.372478E-03
     30  12241.493669884019  -0.352511E-02  -0.151942E-12  -0.942406E+00
     31  12241.497406817676   0.197391E-10  -0.270758E-04   0.948121E+00
     32  12867.983377123586   0.292895E-02  -0.893932E-16  -0.136487E-04
     33  12941.368151899091  -0.901344E-02   0.180602E-13   0.107498E+02
     34  12942.682793948930  -0.286364E-12  -0.563124E-03  -0.104938E+02
     35  13648.445261744879   0.119033E-01   0.525747E-15  -0.135803E+02
     36  13675.995690748343   0.390199E-14   0.159856E-02   0.134208E+02
     37  14595.954991163680   0.266276E-01  -0.895209E-15  -0.286191E-05
     38  14952.069536911697  -0.378893E-02  -0.562490E-13  -0.891913E-08
     39  15075.218343684750   0.988044E-02  -0.589089E-13   0.219794E+00
     40  15161.446537725920  -0.735907E-02  -0.554006E-13  -0.129236E+01
     41  16280.029957335284   0.610713E-02  -0.298116E-12   0.168252E-05
     42  16541.371013079610   0.246953E-01   0.905485E-12  -0.167700E-04
     43  16599.854145672733  -0.769263E-02   0.300924E-11   0.102628E+02
     44  17595.149302690465   0.157653E-01   0.279336E-10  -0.105204E-05
     45  17656.126772702894  -0.172705E-02   0.333099E-09  -0.671707E+01
     46  18293.799286464517  -0.781281E-02  -0.196302E-09  -0.304821E+00
     47  18745.336988188188   0.890547E-02  -0.261260E-08  -0.137928E-05
     48  18952.738907425912  -0.764417E-02  -0.928852E-08   0.496233E-05
     49  19149.137274768185   0.137781E-01  -0.528871E-08  -0.166900E+02
     50  20224.569998431944  -0.675152E-02  -0.372314E-05   0.675451E+01
     51  20395.701878368920   0.237774E-01  -0.116938E-03  -0.206025E+01
     52  20407.779436670142   0.964605E-02   0.360870E-03   0.305115E-02
     53  20451.361607919287   0.172929E-01  -0.423425E-04  -0.164654E+00
     54  21254.609239684531  -0.195637E-01  -0.246191E-05  -0.294523E-04
     55  21619.700940230414  -0.106147E-01   0.209908E-04  -0.114141E+02
     56  21988.606516387790   0.470406E-04   0.456724E-01   0.131644E+00
     57  22076.105807786418   0.381646E-02  -0.672417E-03  -0.907516E-03
     58  22429.084037864563  -0.310112E-02  -0.339455E-03   0.197478E+00
     59  22900.130137104108   0.222125E-01  -0.577313E-04  -0.127911E+01
     60  23402.527717618002  -0.138880E-01  -0.524754E-03   0.455934E-01
     61  23543.238496089565   0.150749E-01  -0.613528E-03  -0.503424E+01
     62  24046.188663391058  -0.123246E-01  -0.938855E-03   0.214997E+00
     63  24277.553696401072   0.728150E-02  -0.218952E-02   0.786441E+01
     64  24577.196541888556  -0.451884E-02  -0.239149E-02  -0.731493E+00
     65  24952.810790988016   0.246414E-01  -0.197826E-03  -0.311957E+01
     66  25730.964128619511  -0.689673E-02  -0.677140E-03  -0.751147E-01
     67  26202.349566234574   0.540742E-02  -0.206672E-02  -0.234465E+00
     68  26791.648491830256  -0.283675E-02  -0.384707E-01  -0.561059E+01
     69  26941.797032076542   0.238676E-01  -0.779152E-02  -0.154324E+01
     70  27162.159920032478  -0.105483E-01  -0.998667E-02  -0.229398E+01
     71  27699.221720620975   0.199295E-01  -0.186164E-02   0.129419E+02
     72  28249.535385567193  -0.677944E-02  -0.611538E-02   0.730022E+00
     73  28718.918336310639   0.553113E-02  -0.179268E-01   0.112679E+01
     74  28866.028851027382  -0.340683E-01  -0.238048E-02  -0.323110E+01
     75  29936.763452212224  -0.167505E-01   0.333062E-02  -0.643362E+01
     76  30201.771654551350   0.721647E-02   0.122179E-01  -0.416684E+01
     77  30708.864946219146  -0.767914E-02   0.132987E-01   0.796094E+00
     78  31053.476061261921   0.117780E-01   0.833885E-02  -0.114800E+01
     79  31617.800934204577  -0.799046E-02   0.995396E-02  -0.241379E+00
     80  31973.439646630162   0.542024E-02   0.108455E-01  -0.126739E+01
     81  32705.669212228804  -0.142422E-01   0.211198E-02   0.984223E-01
     82  33356.023653399374   0.322430E-02   0.115046E-01   0.118077E+01
     83  34030.528752283128  -0.294578E-01   0.346836E-02   0.381058E+00
     84  34305.802048961341   0.271749E-01   0.449025E-02   0.610092E+00
     85  34798.354949497087  -0.797399E-02   0.762091E-02   0.134586E+01
     86  35480.892542675378   0.134973E-01   0.243368E-02   0.200421E+01
     87  36344.601714405086  -0.147758E-01   0.336951E-02  -0.420204E-01
     88  36787.513121383075   0.144810E-01   0.437994E-02  -0.771756E+00
     89  37643.495111250624  -0.184263E-01   0.711778E-02  -0.285818E+01
     90  38052.572149864376   0.189843E-01   0.120161E-01  -0.365980E+01
     91  38529.592692072081  -0.149003E-01   0.159472E-01  -0.540336E+01
     92  38990.283043665462   0.217151E-01   0.739558E-02   0.427553E+01
     93  39859.749811466463  -0.117472E-01   0.110812E-01   0.136427E+01
     94  40422.839910346054   0.284548E-01   0.629929E-02   0.381554E+00
     95  41049.536588283343  -0.170157E-01   0.151916E-01  -0.258356E+01
     96  41403.392692979141   0.257437E-01   0.801232E-02   0.166648E+00
     97  42485.848160089707  -0.363187E-01   0.604320E-02  -0.205931E+00
     98  42786.817677589272   0.285929E-01   0.831881E-02  -0.232664E+00
     99  43628.634356245231  -0.204444E-01   0.683608E-02  -0.716598E+00
    100  44356.836730008414   0.159748E-01   0.145821E-01   0.318597E+01
    101  44761.342027947932  -0.372533E-01   0.601738E-02  -0.415222E+01
    102  45532.423595849963   0.145255E-01   0.857083E-02   0.311232E+00
    103  46298.203066712485  -0.903739E-02   0.127345E-01  -0.529953E-01
    104  47045.296723838888   0.175506E-01   0.772445E-02   0.289718E+00
    105  47644.333713067928  -0.826562E-02   0.157255E-01  -0.437555E+01
    106  48519.994886187582   0.197622E-01   0.801356E-02   0.420511E+01
    107  48919.137663306239  -0.225941E-01   0.584267E-02   0.263274E+01
    108  50198.270208734815   0.463588E-01   0.207693E-02   0.190268E+00
    109  50949.536761378156  -0.173396E-01   0.135273E-01   0.171306E+01
    110  51471.438878698638   0.351871E-01   0.888973E-02   0.135339E+01
    111  52151.334684498106  -0.216784E-01   0.125369E-01   0.204529E+01
    112  52973.681853815237   0.354471E-01   0.857411E-02  -0.466725E+01
    113  53579.214006719718  -0.275390E-01   0.114341E-01  -0.150892E+01
    114  54329.190428975708   0.176530E-01   0.135926E-01   0.761245E+00
    115  55190.319294106586  -0.256884E-01   0.875975E-02   0.900573E+00
    116  55905.034026533744   0.158254E-01   0.131540E-01   0.539162E+00
    117  56990.955344010486  -0.143045E-01   0.242273E-01   0.128955E+01
    118  57471.713727281218   0.360374E-01   0.115769E-01   0.299502E+01
    119  58286.386100654228  -0.246389E-01   0.115904E-01  -0.516251E+00
    120  59258.649403533615   0.304137E-01   0.115090E-01  -0.770380E-01
    121  59873.070812651989  -0.391753E-01   0.949823E-02   0.224787E+00
    122  60814.748379707846   0.253147E-01   0.129350E-01  -0.239267E+01
    123  61702.156197173339  -0.179691E-01   0.258417E-01  -0.456967E+01
    124  62386.182367932117   0.332178E-01   0.162682E-01   0.297295E+01
    125  63347.324199107708  -0.289682E-01   0.330405E-01   0.111738E+01
    126  63705.098078876385   0.396902E-01   0.220121E-01   0.860301E+00
    127  64879.029470797948  -0.309841E-01   0.138524E-01   0.210553E+01
    128  65503.499411755351   0.244312E-01   0.156188E-01   0.301631E+00
    129  66629.555368576359  -0.265424E-01   0.103954E-01   0.103900E+01
    130  67651.099368855837   0.332205E-01   0.149964E-01  -0.531202E+01
    131  68245.511830331205  -0.320252E-01   0.183277E-01   0.285118E+01
    132  69105.636353564492   0.331705E-01   0.129381E-01  -0.289209E+01
    133  70122.446450889795  -0.415305E-01   0.109301E-01   0.162661E+01
    134  70846.326799696384   0.221898E-01   0.200965E-01  -0.331271E+01
    135  71928.056325005062  -0.230609E-01   0.197449E-01   0.360326E+01
    136  72749.454506570721   0.319574E-01   0.211008E-01  -0.404892E+00
    137  73283.710435086192  -0.316849E-01   0.161242E-01  -0.232519E+00
    138  74660.338565858940   0.267419E-01   0.112198E-01  -0.138812E+01
    139  75490.819476006509  -0.344169E-01   0.114369E-01   0.899973E+00
    140  76282.738362017859   0.464712E-01   0.733312E-02   0.781436E+00
    141  77332.409748870370  -0.363652E-01   0.740502E-02  -0.209704E+01
    142  78258.955156223412   0.251794E-01   0.945226E-02   0.223681E+01
    143  79459.474867307101  -0.178750E-01   0.160938E-01   0.152466E+00
    144  80189.189205220988   0.289959E-01   0.101571E-01  -0.134405E+00
    145  81590.981578615450  -0.417953E-01   0.118046E-01   0.125734E+01
    146  82132.403360316515   0.407086E-01   0.150931E-01  -0.249888E+01
    147  83010.220333357167  -0.244767E-01   0.145109E-01  -0.256169E+01
    148  84246.366578860310   0.303098E-01   0.885375E-02  -0.363565E+00
    149  85274.461134253725  -0.190128E-01   0.158708E-01  -0.153729E+01
    150  86338.794639006868   0.273449E-01   0.124016E-01  -0.187036E+01
    151  87542.177789934402  -0.413691E-01   0.149736E-01  -0.531348E+00
    152  88287.041266747343   0.449671E-01   0.196279E-01   0.293233E+01
    153  89158.268638286332  -0.358183E-01   0.234619E-01  -0.393382E+01
    154  90022.112125966974   0.353817E-01   0.177224E-01   0.472404E+01
    155  91161.673318356770  -0.368210E-01   0.115099E-01  -0.292990E+01
    156  92484.169307118398   0.415266E-01   0.142296E-01   0.721377E+00
    157  93298.032520439578  -0.401165E-01   0.199137E-01   0.812728E+00
    158  94169.423339292625   0.252100E-01   0.266609E-01   0.843130E+00
    159  95167.666576157440  -0.198026E-01   0.211341E-01   0.983780E+00
    160  96766.980822916143   0.421937E-01   0.128622E-01   0.130239E+00
    161  97560.534331656585  -0.453053E-01   0.176011E-01   0.306481E+00
    162  98477.187175959756   0.476203E-01   0.145699E-01  -0.187186E+01
    163  99629.229315137549  -0.343705E-01   0.172914E-01   0.256758E+01
    164 100722.506968270900   0.294674E-01   0.213393E-01   0.204124E+01
    165 101751.414091862069  -0.270782E-01   0.229118E-01   0.285786E+00
    166 103013.329720249123   0.315905E-01   0.284970E-01   0.387791E+00
    167 103620.160498731930  -0.367887E-01   0.218353E-01   0.708205E+00
    168 105284.517939242694   0.300589E-01   0.223860E-01   0.115266E+01
    169 106060.832882334827  -0.322069E-01   0.279731E-01   0.149276E+01
    170 106837.462305007124   0.237668E-01   0.228655E-01   0.548902E+00
    171 108791.396356323821  -0.198678E-01   0.262053E-01   0.473504E+00
    172 109508.858182367374   0.251477E-01   0.279272E-01   0.133303E+01
    173 110494.286117756565  -0.181450E-01   0.251506E-01  -0.615823E+00
    174 112060.546354720645   0.159899E-01   0.254425E-01  -0.158067E+01
    175 113183.131111758892  -0.437659E-01   0.135027E-01   0.192843E+00
    176 114199.799272817705   0.363768E-01   0.177269E-01   0.475624E+00
    177 115430.913212300846  -0.318724E-01   0.212855E-01   0.322881E+00
    178 116590.648619603206   0.299866E-01   0.307505E-01  -0.762094E-01
    179 117406.001871347020  -0.287385E-01   0.285291E-01   0.743542E-01
    180 118794.685342088123   0.299619E-01   0.180433E-01   0.813589E-01
    181 120123.120573736931  -0.335435E-01   0.201859E-01   0.338779E+00
    182 121131.297613031245   0.531594E-01   0.151412E-01   0.426502E+00
    183 122073.332519109666  -0.307666E-01   0.185731E-01  -0.158348E+00
    184 123789.454495991959   0.479415E-01   0.972093E-02   0.118578E+01
    185 124982.041723354021  -0.255258E-01   0.293627E-01  -0.204515E+00
    186 125883.326510617364   0.346909E-01   0.212691E-01   0.869738E+00
    187 127380.419650946176  -0.581459E-01   0.138260E-01  -0.163031E+00
    188 128130.013672166198   0.354125E-01   0.202278E-01  -0.121066E+00
    189 129839.580301422640   0.248576E-01  -0.188640E-01  -0.178375E+00
    190 130994.249264084458  -0.330185E-01  -0.157075E-01   0.254375E+00
    191 132559.756323020905   0.203426E-01  -0.359359E-01  -0.380969E-01
    192 133680.936996416276  -0.322823E-01  -0.377090E-01  -0.294942E+00
    193 134690.076167510269   0.341760E-01  -0.420636E-01   0.318289E-01
    194 135748.694559617434  -0.483809E-01  -0.251156E-01  -0.816470E-01
    195 137014.850810734264   0.358432E-01  -0.265436E-01   0.250819E+00
    196 138223.484577269235  -0.309925E-01  -0.260286E-01   0.226233E+00
    197 139360.040530681523   0.324084E-01  -0.163488E-01  -0.335544E+00
    198 141314.569041951094  -0.280284E-01  -0.184154E-01  -0.701980E+00
    199 142530.677410116245   0.356885E-01  -0.245191E-01   0.233769E+00
    200 143592.450084785407  -0.365289E-01  -0.270490E-01   0.131737E+00
    201 144856.210291384050   0.594413E-01  -0.148500E-01  -0.146453E+00
    202 146192.682134659961  -0.444491E-01  -0.195078E-01  -0.582442E+00
    203 147484.766008186503   0.459861E-01  -0.203912E-01  -0.294949E+00
    204 148598.902524044533  -0.499080E-01  -0.159841E-01   0.118532E+00
    205 150158.308255131968   0.255481E-01  -0.246654E-01  -0.105917E+00
    206 151731.768214619049  -0.402749E-01  -0.240424E-01   0.622472E+00
    207 152714.411923458771  -0.291288E-01   0.385512E-01   0.504468E+00
    208 154088.731678884360   0.265016E-01   0.354258E-01   0.644117E+00
    209 155467.560676681343  -0.351298E-01   0.270724E-01  -0.388571E+00
    210 156873.926632261282   0.328733E-01   0.367681E-01   0.852414E+00
    211 157871.088130292628  -0.396475E-01   0.285410E-01  -0.862274E-01
    212 159324.886447653844   0.337950E-01   0.216277E-01  -0.647490E-01
    213 161029.447406960709  -0.274638E-01   0.321837E-01  -0.159977E-01
    214 162018.909122988844   0.343503E-01   0.254765E-01   0.399146E+00
    215 163920.480821728735  -0.495646E-01   0.205328E-01   0.218907E+00
    216 164872.557196014619   0.493596E-01   0.238666E-01  -0.403942E-01
    217 166436.523386143555   0.281959E-01  -0.378333E-01  -0.100002E-01
    218 167683.024990003614  -0.399241E-01  -0.285607E-01  -0.327973E+00
    219 169141.621558948595   0.326490E-01  -0.378357E-01  -0.885908E+00
    220 170291.419758474716  -0.404187E-01  -0.301343E-01  -0.288167E-01
    221 171593.662982901355   0.364325E-01  -0.234952E-01  -0.230700E+00
    222 173104.988945830934  -0.260850E-01  -0.214514E-01  -0.168615E-01
    223 175007.436243676057   0.344248E-01  -0.180989E-01  -0.106531E+01
    224 176333.533395437407  -0.322936E-01  -0.271696E-01  -0.360570E+00
    225 177599.577173857309   0.386900E-01  -0.226008E-01  -0.189324E+00
    226 179201.267409961030  -0.346110E-01  -0.253945E-01  -0.727911E-01
    227 180669.475574508309   0.312527E-01  -0.376555E-01  -0.391918E+00
    228 181862.937095525762  -0.479050E-01  -0.263678E-01  -0.312964E+00
    229 183300.839329711976   0.397300E-01  -0.285173E-01   0.868197E-01
    230 184621.371541745204  -0.539154E-01  -0.179464E-01  -0.856650E-01
    231 186164.237804342411   0.325286E-01  -0.231651E-01   0.944964E-02
    232 187853.994617662771  -0.373058E-01  -0.222788E-01  -0.237304E+00
    233 189035.885726535489  -0.271208E-01   0.282379E-01  -0.328218E+00
    234 191071.571672672872   0.350706E-01   0.245776E-01  -0.221125E+00
    235 192238.525897266925  -0.436586E-01   0.247642E-01   0.238830E+00
    236 193790.990507470502   0.380628E-01   0.282623E-01   0.550822E-01
    237 195185.979396550538  -0.410007E-01   0.272570E-01   0.160960E+00
    238 196696.085020306986   0.299806E-01   0.361282E-01   0.144815E+00
    239 198303.335290497926  -0.500458E-01   0.265113E-01  -0.623512E-01
    240 199446.648811388179   0.291658E-01   0.426849E-01   0.347127E+00
    241 201249.689119126386   0.407022E-01  -0.249226E-01  -0.158820E+00
    242 202780.787095951877  -0.397311E-01  -0.305675E-01   0.283541E+00
    243 204302.110590067139   0.416362E-01  -0.374752E-01   0.171066E-01
    244 205580.695008319744  -0.507871E-01  -0.351250E-01  -0.734895E-01
    245 206719.269830983685  -0.342391E-01   0.360492E-01  -0.802356E-02
    246 208747.862109137932  -0.458048E-01  -0.161313E-01  -0.112176E+01
    247 210463.171921551490   0.308655E-01  -0.292353E-01  -0.959633E-01
    248 212090.310295260104  -0.372808E-01  -0.367722E-01  -0.265532E+00
    249 213283.002901441505   0.407721E-01  -0.371101E-01  -0.143269E+00
    250 214894.964950435970  -0.462645E-01  -0.300494E-01  -0.204963E+00
    251 216282.465330774692   0.433446E-01  -0.317495E-01  -0.278207E+00
    252 217634.855522235972  -0.344165E-01  -0.288321E-01  -0.106554E+00
    253 219648.787129051198   0.410382E-01  -0.218414E-01  -0.603482E-01
    254 220779.552093110804  -0.295634E-01  -0.265665E-01  -0.309871E-01
    255 223182.967544388492   0.256438E-01  -0.340881E-01  -0.184725E-01
    256 224210.543197312130  -0.507827E-01  -0.199758E-01  -0.417954E-01
    257 226002.823658804788   0.375924E-01  -0.209664E-01  -0.180682E+00
    258 227577.481636363547  -0.366675E-01  -0.221790E-01  -0.481857E-01
    259 229103.264932130027   0.411799E-01  -0.171282E-01  -0.905089E-01
    260 231127.108413740265  -0.360250E-01  -0.221419E-01  -0.401968E+00
    261 232596.657583940221  -0.170966E-01   0.613717E-01   0.443039E+00
    262 234223.992817517894   0.397230E-01   0.324528E-01   0.308568E-01
    263 235630.779007582692  -0.573806E-01   0.263976E-01   0.266289E+00
    264 236833.158370156394   0.475650E-01   0.231714E-01   0.775864E-01
    265 238963.259983042692   0.296225E-01  -0.230174E-01   0.154256E+00
    266 240795.688330350997  -0.314053E-01  -0.268414E-01  -0.125360E+00
    267 242512.963774932869   0.475011E-01  -0.268973E-01  -0.673457E-01
    268 243811.077675729990  -0.437982E-01  -0.327754E-01  -0.770345E-01
    269 245487.684043965768   0.406787E-01  -0.328971E-01   0.100302E+00
    270 246894.089917487989  -0.457174E-01  -0.245872E-01   0.202064E-02
    271 248979.896302963927   0.428880E-01  -0.254149E-01   0.641056E-01
    272 250492.331066036801  -0.415216E-01  -0.351259E-01   0.140149E+00
    273 251764.046166207088  -0.345974E-01   0.348257E-01  -0.340732E+00
    274 253964.698031956650   0.533036E-01   0.214393E-01   0.832939E-01
    275 255119.795839593105   0.369065E-01  -0.295119E-01  -0.379612E+00
    276 257317.391080566420  -0.364738E-01  -0.233342E-01  -0.319913E+00
    277 258906.298873897409   0.385622E-01  -0.257123E-01  -0.293404E-01
    278 260651.957448201196  -0.313673E-01  -0.325481E-01  -0.307792E-01
    279 262495.158845510916   0.328604E-01  -0.400474E-01  -0.131304E+00
    280 263895.255650190637  -0.356636E-01  -0.397125E-01   0.839289E-01
    281 265700.391125234077   0.407003E-01  -0.316329E-01  -0.722132E-01
    282 267479.299916619027  -0.386383E-01  -0.388838E-01  -0.890541E-01
    283 268979.846657724585   0.366885E-01  -0.418977E-01  -0.223826E-01
    284 270800.702654017077   0.520749E-01   0.272911E-01   0.173521E+00
    285 272759.055778318783   0.474170E-01  -0.443647E-01  -0.866809E-01
    286 274072.754657114798   0.460420E-01   0.582080E-01  -0.458079E-01
    287 275502.204372789129   0.724317E-01  -0.300712E-01   0.416559E-01
    288 277173.156194030133   0.324324E-01   0.450325E-01   0.289153E+00
    289 279094.677809988614   0.449255E-01  -0.251751E-01   0.724048E-01
    290 280877.065544711135   0.246595E-01   0.419672E-01   0.778854E+00
    291 282797.723582795763   0.314475E-01  -0.333761E-01  -0.625895E-01
    292 284557.777697951300   0.453903E-01   0.258911E-01   0.831994E-01
    293 286356.959605115815   0.333531E-01  -0.421217E-01   0.130628E+00
    294 287866.566243092937   0.508996E-01   0.289305E-01   0.949582E-01
    295 289422.361366805329   0.274336E-01  -0.386537E-01  -0.345282E-01
    296 291788.677378016990   0.355717E-01   0.281936E-01  -0.128214E-02
    297 293448.782649045810   0.488928E-01  -0.302368E-01  -0.877573E-01
    298 294752.468938287813   0.438447E-01   0.296188E-01   0.252570E+00
    299 296942.876023859833   0.518367E-01  -0.193067E-01  -0.402849E-01
    300 298636.900314218132   0.265879E-01   0.421389E-01   0.561722E-01
    301 300251.896531740727   0.297525E-01  -0.317429E-01  -0.182618E-01
    302 302425.290095558274   0.345894E-01   0.253976E-01   0.161875E+00
    303 304116.916263037827   0.485789E-01  -0.196184E-01  -0.217776E-01
    304 306110.249567818129   0.414089E-01   0.247115E-01  -0.263222E+00
    305 307983.605904616474   0.341456E-01  -0.422263E-01  -0.429238E-01
    306 309304.738249620888   0.306847E-01   0.437609E-01   0.200114E-01
    307 311674.665245193057   0.389655E-01  -0.320990E-01   0.939861E-02
    308 313249.886203880829   0.398282E-01   0.386582E-01  -0.211855E+00
    309 315087.925362831156   0.398445E-01  -0.404763E-01   0.475852E-01
    310 316755.710046208987   0.472393E-01   0.332120E-01   0.136579E+00
    311 318829.276844271459   0.406815E-01  -0.436614E-01   0.481529E-02
    312 320350.999862734228   0.525468E-01   0.372482E-01  -0.158247E+00
    313 322117.545351973909   0.482008E-01  -0.334876E-01  -0.229765E+00
    314 324104.532408768660   0.468737E-01   0.311834E-01   0.952403E-01
    315 326028.238927689381   0.558470E-01  -0.281013E-01  -0.111532E+00
    316 328028.233887562703   0.389791E-01   0.550915E-01   0.411382E+00
    317 329519.323000676115   0.484182E-01  -0.508730E-01  -0.267978E+00
    318 331269.417306743271   0.418380E-01   0.497637E-01  -0.283682E+00
    319 333416.728886999830   0.683675E-01  -0.423061E-01  -0.470392E+00
    320 334384.968668669055   0.558988E-01   0.445328E-01   0.512538E-01
    321 337157.765530609060   0.387409E-01  -0.369453E-01  -0.374603E-01
    322 338878.748247066280   0.600835E-01   0.322484E-01   0.788382E-01
    323 340620.065364051261   0.541472E-01  -0.394300E-01  -0.262765E-01
    324 342348.755457408261   0.413951E-01   0.515341E-01   0.163306E+00
    325 344021.012282929034   0.415319E-01  -0.434508E-01  -0.945947E-01
    326 345883.934025597293   0.384333E-01   0.346477E-01   0.888175E-01
    327 347807.082595026586   0.496161E-01  -0.193967E-01  -0.186029E-01
    328 350094.990159215115   0.278417E-01   0.298384E-01   0.422811E-01
    329 352322.923512009555   0.394731E-01  -0.305027E-01  -0.776318E-01
    330 353918.713358775887   0.380579E-01   0.393686E-01   0.977704E-01
    331 355778.379427326377   0.367078E-01  -0.393867E-01  -0.116199E+00
    332 357710.475027530862   0.458328E-01   0.334106E-01  -0.270672E-01
    333 359318.942629577068   0.529763E-01  -0.248267E-01   0.370657E+00
    334 361792.375982361962   0.356127E-01   0.381159E-01   0.101166E+00
    335 363407.666630983760   0.571236E-01  -0.297199E-01  -0.173600E-01
    336 365110.725103533186   0.429470E-01   0.332301E-01   0.692427E-01
    337 367240.295617183438   0.340614E-01  -0.343930E-01  -0.204962E-01
    338 369316.049819021777   0.595838E-01   0.212329E-01   0.517701E-01
    339 371443.381704530213   0.688543E-01  -0.304222E-01  -0.809663E-01
    340 372537.133781315060   0.372269E-01   0.512647E-01   0.658182E-01
    341 375288.948708282085   0.507428E-01  -0.274820E-01  -0.429361E-02
    342 376831.094710546546   0.479808E-01   0.333513E-01   0.476511E-01
    343 378886.323136234190   0.348733E-01  -0.409576E-01  -0.173990E-01
    344 380781.268189375638   0.517605E-01   0.263612E-01   0.187820E-01
    345 383025.973484392627   0.457376E-01  -0.344667E-01   0.393569E-01
    346 384778.064178140368   0.455611E-01   0.419929E-01  -0.588464E-01
    347 386580.235142962774   0.381610E-01  -0.465568E-01   0.673085E-01
    348 388861.700774380472   0.586636E-01   0.374859E-01   0.281652E+00
    349 390284.022470485710   0.561510E-01  -0.408414E-01  -0.231548E+00
    350 392380.306504053879   0.446470E-01   0.390842E-01   0.199389E+00
    351 394468.407224155671   0.512500E-01  -0.377051E-01   0.134261E-01
    352 396086.974949147727   0.504503E-01   0.359423E-01   0.617002E-01
    353 398271.585147394391   0.500327E-01  -0.297922E-01  -0.157974E+00
    354 400254.153246105881   0.625300E-01   0.252620E-01   0.726444E-01
    355 402045.647978703550   0.344272E-01  -0.423295E-01  -0.137108E+00
    356 404031.559900403605   0.466887E-01   0.238386E-01   0.224630E-01
    357 406401.756913935184   0.368795E-01  -0.299952E-01  -0.161868E+00
    358 408152.478466669563   0.325331E-01   0.336653E-01  -0.562124E-02
    359 410545.799144156161   0.498212E-01  -0.217514E-01  -0.122687E+00
    360 412532.959548259678   0.463599E-01   0.295432E-01  -0.638626E-01
    361 414437.008387097972   0.401823E-01  -0.375457E-01  -0.188681E+00
    362 416512.634292159637   0.401954E-01   0.420613E-01   0.241123E+00
    363 418447.823857165989   0.475206E-01  -0.445181E-01   0.234359E+00
    364 419996.110383328050   0.456133E-01   0.411104E-01  -0.302483E-01
    365 422234.293536929006   0.404384E-01  -0.319939E-01  -0.137104E+00
    366 424626.213055840519   0.544671E-01   0.281646E-01   0.870514E-02
    367 426465.874234394403   0.335183E-01  -0.605382E-01  -0.131069E+00
    368 428126.365477928892   0.438291E-01   0.415487E-01   0.412391E-01
    369 430357.108051593532   0.394921E-01  -0.354955E-01   0.627301E-01
    370 432701.653742851515   0.405120E-01   0.432081E-01  -0.720764E-01
    371 434394.590815343428   0.571009E-01  -0.344803E-01  -0.363943E-01
    372 436559.202107232413   0.545884E-01   0.357633E-01   0.228934E-01
    373 438534.847580161062   0.586321E-01  -0.390971E-01   0.804624E-02
    374 440306.942297076574   0.454094E-01   0.495910E-01   0.561195E-01
    375 442342.933321766090   0.757675E-01  -0.258601E-01  -0.369729E-01
    376 444258.546030790778   0.364092E-01   0.449660E-01  -0.121645E+00
    377 446582.064655698137   0.463172E-01  -0.316772E-01  -0.125965E+00
    378 448665.847691066156   0.468574E-01   0.348721E-01   0.960309E-01
    379 450763.463800070458   0.464954E-01  -0.425105E-01  -0.879995E-02
    380 452489.919588488294   0.638286E-01   0.314313E-01   0.534622E-02
    381 454447.264678535343   0.472245E-01  -0.316640E-01   0.234944E+00
    382 457016.827989857586   0.352528E-01   0.450285E-01   0.534523E-01
    383 458728.709335151128   0.475630E-01  -0.381598E-01  -0.744858E-01
    384 460721.214184422162   0.366860E-01   0.404395E-01   0.767233E-01
    385 463182.912489775335   0.461151E-01  -0.370991E-01   0.460457E-01
    386 464756.891091487487   0.261668E-01   0.670250E-01   0.130770E+00
    387 467042.830761450285   0.327367E-01  -0.429320E-01  -0.502871E-01
    388 469054.829543472268   0.451735E-01   0.291084E-01   0.687405E-01
    389 471499.761397251743   0.477787E-01  -0.337221E-01  -0.191914E-01
    390 473036.022812727024   0.384962E-01   0.423068E-01   0.613931E-01
    391 475242.618633145175   0.397474E-01  -0.268271E-01  -0.223608E+00
    392 478172.440155844786   0.597626E-01   0.274005E-01   0.122080E+00
    393 479669.306604634272   0.391608E-01  -0.576449E-01  -0.116506E-01
    394 481654.842778168386   0.524953E-01   0.419239E-01  -0.390464E-01
    395 483310.368589842052   0.568974E-01  -0.301513E-01   0.365170E-01
    396 485885.333767028700   0.288833E-01   0.427982E-01   0.280812E-01
    397 487974.766176017583   0.379794E-01  -0.331025E-01  -0.450428E-01
    398 490420.258392675372   0.574864E-01   0.262279E-01   0.288985E-01
    399 492404.011965911544   0.530391E-01  -0.376901E-01  -0.122258E+00
    400 494397.461559423071   0.413266E-01   0.573420E-01  -0.826139E-02
    401 496240.580763514503   0.534230E-01  -0.442896E-01  -0.865148E-01
    402 498288.269219799549   0.484737E-01   0.417917E-01   0.221019E-01
    403 500468.131516600435   0.405018E-01  -0.455970E-01  -0.563356E-02
    404 502684.015346592001   0.502849E-01   0.394100E-01   0.108337E+00
    405 504681.399840107828   0.594156E-01  -0.361710E-01   0.452628E-01
    406 506715.377241562994   0.379259E-01   0.559370E-01   0.611453E-02
    407 508701.576497274102   0.389855E-01  -0.477331E-01  -0.838629E-01
    408 511056.936909176293   0.362864E-01   0.485116E-01  -0.359455E-01
    409 513170.776543587504   0.532653E-01  -0.373930E-01   0.226444E+00
    410 515322.655787387048   0.387323E-01   0.648304E-01   0.212620E+00
    411 516925.559725828411   0.444825E-01  -0.530888E-01  -0.719973E-01
    412 519105.476941136818   0.449184E-01   0.344209E-01  -0.139740E-01
    413 521628.023658441089   0.324743E-01  -0.451156E-01   0.198093E-02
    414 523621.478640729736   0.498297E-01   0.314543E-01   0.809354E-01
    415 525861.120365005103   0.376989E-01  -0.408794E-01  -0.523245E-01
    416 528117.200943975244   0.492302E-01   0.377890E-01   0.379935E-01
    417 529916.551967804204   0.456268E-01  -0.414161E-01  -0.104499E-01
    418 532191.087113999645   0.345228E-01   0.487268E-01   0.732827E-01
    419 534257.083866492263   0.366428E-01  -0.443858E-01  -0.156444E-01
    420 536576.590903545381   0.398182E-01   0.429529E-01   0.841123E-01
    421 538462.681781883934   0.568812E-01  -0.290078E-01  -0.946141E-02
    422 541022.167494697031   0.556714E-01   0.326088E-01   0.434173E-01
    423 542751.801369831781   0.590173E-01  -0.324614E-01  -0.129130E+00
    424 545237.272063394776   0.398796E-01   0.491762E-01   0.547524E-01
    425 547081.913082920713   0.528918E-01  -0.410194E-01   0.740132E-01
    426 549287.206487237359   0.481704E-01   0.466120E-01   0.232763E-01
    427 550930.597551386454   0.409975E-01  -0.449362E-01  -0.362018E-01
    428 553566.204183551017   0.550094E-01   0.224682E-01   0.106280E-01
    429 555995.663239834947   0.338920E-01  -0.431865E-01  -0.127139E-01
    430 558105.279348572833   0.520378E-01   0.353432E-01   0.145633E+00
    431 560154.201006924151   0.472996E-01  -0.432464E-01  -0.463682E-01
    432 562313.707872067229   0.496530E-01   0.467293E-01   0.626368E-01
    433 564108.704315245966   0.492371E-01  -0.436076E-01  -0.264424E-02
    434 566650.129666067893   0.429106E-01   0.520335E-01   0.319288E-01
    435 568221.751913625631   0.590255E-01  -0.355198E-01  -0.354627E-02
    436 570805.474554517656   0.432811E-01   0.372891E-01  -0.134415E-01
    437 572715.776284581050   0.354848E-01  -0.411694E-01   0.859759E-01
    438 575541.808528209920   0.364075E-01   0.453519E-01   0.705299E-01
    439 577364.795271035051   0.435305E-01  -0.493242E-01  -0.689208E-01
    440 579283.740499978070   0.471765E-01   0.390652E-01  -0.760410E-01
    441 581863.031450556708   0.458320E-01  -0.406406E-01   0.228655E-01
    442 583797.163536873762   0.498955E-01   0.441157E-01   0.693123E-01
    443 585737.824487099773   0.540952E-01  -0.347357E-01  -0.195428E-01
    444 588309.571093763341   0.434985E-01   0.427406E-01   0.123661E-01
    445 590257.043254021788   0.418769E-01  -0.505410E-01   0.658692E-02
    446 592378.425880129915   0.456310E-01   0.452635E-01  -0.367123E-01
    447 594298.268265618593   0.361404E-01  -0.463662E-01  -0.136765E+00
    448 596998.011849518749   0.532382E-01   0.283499E-01   0.243564E-01
    449 599154.784502931987   0.355931E-01  -0.543133E-01  -0.546224E-01
    450 601045.495569055201   0.357048E-01   0.520620E-01   0.550735E-01
    451 603769.865702878684   0.470757E-01  -0.521933E-01  -0.325023E-01
    452 605223.814416892128   0.534930E-01   0.500328E-01   0.250068E-01
    453 607415.441013153642   0.442303E-01  -0.384899E-01  -0.360264E-01
    454 610140.660250184243   0.442446E-01   0.391698E-01   0.128661E+00
    455 612249.365084812976   0.571780E-01  -0.446293E-01  -0.179163E-01
    456 613751.387190774083   0.670795E-01   0.321058E-01   0.240874E-01
    457 617023.411019920954   0.409883E-01  -0.584983E-01  -0.205518E-01
    458 618447.798081365065   0.673211E-01   0.441314E-01  -0.109370E+00
    459 620597.871723015327   0.467057E-01  -0.471552E-01   0.594325E-01
    460 622907.921086246264   0.449767E-01   0.433397E-01   0.469472E-01
    461 625304.698098263936   0.410073E-01  -0.556161E-01  -0.399853E-01
    462 627299.197400946519   0.497554E-01   0.557817E-01  -0.150142E-02
    463 629156.555543367169   0.609182E-01  -0.409961E-01  -0.416787E-01
    464 631454.015981556615   0.391080E-01   0.513875E-01   0.224038E-01
    465 633628.286077117897   0.417725E-01  -0.435951E-01  -0.845784E-01
    466 635929.815743387560   0.449792E-01   0.383927E-01  -0.472417E-02
    467 638027.200753115816   0.453397E-01  -0.344769E-01  -0.329552E-01
    468 640718.967581145349   0.409717E-01   0.459527E-01   0.864747E-01
    469 642468.808272030670   0.458130E-01  -0.470700E-01  -0.389273E-01
    470 644675.684942102642   0.611123E-01   0.299083E-01   0.436722E-01
    471 646990.596300164936   0.385360E-01  -0.472802E-01  -0.361697E-02
    472 649101.515315168886   0.472871E-01   0.399093E-01   0.506059E-01
    473 651208.703062252840   0.316417E-01  -0.539986E-01  -0.450916E-01
    474 653605.522768455558   0.310998E-01   0.531511E-01   0.255776E-01
    475 655810.122946444433   0.523483E-01  -0.361665E-01  -0.732003E-01
    476 657718.168698073365   0.253695E-01   0.683947E-01   0.632263E-01
    477 660276.718790274346   0.548512E-01  -0.300301E-01  -0.194248E-01
    478 662225.029437798425   0.442202E-01   0.378613E-01   0.155331E-01
    479 664554.219793302589   0.291152E-01  -0.489956E-01   0.119171E-02
    480 667206.189577551791   0.448000E-01   0.437167E-01   0.248434E-01
    481 668841.708514885860   0.342340E-01  -0.622838E-01  -0.295880E-01
    482 671476.918226117967   0.655076E-01   0.341591E-01  -0.190553E-01
    483 673234.235013700440   0.653513E-01  -0.378495E-01  -0.832012E-01
    484 675453.108095140080   0.499042E-01   0.419901E-01   0.369910E-01
    485 677739.309492495842   0.391346E-01  -0.540020E-01  -0.321407E-01
    486 679858.949557469808   0.418378E-01   0.552380E-01   0.464246E-01
    487 681675.265118057607   0.457612E-01  -0.410146E-01  -0.117675E-01
    488 684413.757254766999   0.363400E-01   0.419241E-01   0.149709E-01
    489 686711.337151910760   0.583180E-01  -0.364714E-01   0.359561E-02
    490 688349.951766166021   0.548877E-01   0.369069E-01   0.375002E-01
    491 690826.940636942629   0.353041E-01  -0.412292E-01  -0.260397E-01
    492 693135.628060355200   0.445069E-01   0.315220E-01  -0.193140E-01
    493 695519.246607959620   0.389086E-01  -0.384993E-01  -0.882786E-01
    494 697861.721813766635   0.474850E-01   0.413724E-01   0.615310E-01
    495 699714.054727180512   0.427439E-01  -0.492863E-01  -0.207892E-01
    496 702061.348236825666   0.405356E-01   0.495398E-01   0.654438E-01
    497 704235.094232803094   0.542730E-01  -0.419723E-01  -0.298553E-01
    498 706204.614894789178   0.546796E-01   0.408622E-01   0.399939E-01
    499 708415.999252264970   0.605300E-01  -0.320290E-01  -0.246103E-01
    500 710646.562635524198   0.482322E-01   0.364986E-01   0.393597E-01
    501 712974.887683996698   0.587069E-01  -0.292824E-01   0.657281E-01
    502 715326.347618308733   0.341285E-01   0.604715E-01   0.227847E-01
    503 717208.200752353878   0.456774E-01  -0.469208E-01  -0.195931E-01
    504 719458.605049354956   0.515016E-01   0.356349E-01   0.143134E-02
    505 721755.883471796173   0.397174E-01  -0.445431E-01  -0.383126E-01
    506 724035.653354176786   0.534181E-01   0.349344E-01   0.102069E-01
    507 726328.368504310958   0.680993E-01  -0.334858E-01  -0.298059E-01
    508 728157.528689842904   0.613694E-01   0.370219E-01  -0.163963E-02
    509 730562.707373674377   0.434284E-01  -0.479075E-01  -0.230811E-01
    510 732481.378117380198   0.516872E-01   0.358385E-01   0.374131E-01
    511 735248.776880713413   0.519214E-01  -0.362459E-01   0.151624E-02
    512 737255.362137366668   0.557976E-01   0.421747E-01   0.329777E-01
    513 739487.943867434282   0.542234E-01  -0.504002E-01  -0.365971E-01
    514 741444.326569708879   0.534050E-01   0.556663E-01   0.558095E-01
    515 743535.223886346794   0.677742E-01  -0.411857E-01  -0.237926E-01
    516 745707.640602221363   0.506131E-01   0.538204E-01   0.383437E-01
    517 747681.187449546647   0.535871E-01  -0.461300E-01  -0.241122E-01
    518 749746.292894814862   0.502421E-01   0.348279E-01   0.295392E-01
    519 752659.322833310813   0.450754E-01  -0.398813E-01  -0.236139E-01
    520 754532.323748662835   0.556865E-01   0.398875E-01   0.955611E-02
    521 756711.160480860155   0.686262E-01  -0.330885E-01  -0.123659E-01
    522 758588.226752713206   0.431913E-01   0.458179E-01   0.150387E-01
    523 761080.665388963302   0.554398E-01  -0.307096E-01  -0.972349E-02
    524 762992.993037762819   0.384290E-01   0.386458E-01   0.375703E-01
    525 765872.870404098299   0.529679E-01  -0.302103E-01  -0.211576E-01
    526 767726.795094270841   0.449146E-01   0.462835E-01   0.289559E-01
    527 769580.044464393985   0.618499E-01  -0.273608E-01  -0.163096E-01
    528 772318.139486759668   0.418193E-01   0.391800E-01   0.224964E-01
    529 774032.819665702991   0.464124E-01  -0.349905E-01  -0.228851E-01
    530 776621.410653152270   0.271315E-01   0.492100E-01   0.231180E-01
    531 779075.489543952048   0.455582E-01  -0.428290E-01  -0.164131E-01
    532 780716.876374996151   0.392044E-01   0.538551E-01   0.325391E-01
    533 782964.752159049618   0.490461E-01  -0.322418E-01  -0.104419E-01
    534 785731.124083183007   0.466374E-01   0.510410E-01   0.291029E-01
    535 787085.232301679207   0.336014E-01  -0.752536E-01  -0.549113E-01
    536 789809.756797445239   0.627616E-01   0.378088E-01   0.249291E-01
    537 791411.059044172289   0.475369E-01  -0.560843E-01  -0.325480E-01
    538 793195.402731449925   0.411534E-01   0.400777E-01   0.191675E-01
    539 795908.985025685048   0.382905E-01  -0.239266E-01  -0.174075E-01
    540 798772.214433772955   0.338946E-01   0.369460E-01   0.366229E-01
    541 800568.495675068349   0.344063E-01  -0.473177E-01  -0.338305E-01
    542 802759.574496109504   0.341039E-01   0.510054E-01   0.335828E-01
    543 804513.159148607403   0.309367E-01  -0.479620E-01  -0.400269E-01
    544 807198.138858808321   0.473788E-01   0.259689E-01   0.125313E-01
    545 809268.061800498865   0.352664E-01  -0.381340E-01  -0.258397E-01
    546 811719.111567526939   0.430876E-01   0.396618E-01   0.290727E-01
    547 813384.124184026849   0.434602E-01  -0.405822E-01  -0.236659E-01
    548 815835.871441331343   0.351416E-01   0.444801E-01   0.281671E-01
    549 817922.054529695422   0.287226E-01  -0.649977E-01  -0.447731E-01
    550 819588.344926675665   0.447178E-01   0.337860E-01   0.240450E-01
    551 822553.426876016892   0.251611E-01  -0.598007E-01  -0.273788E-01
    552 824008.261505654547   0.307519E-01   0.497467E-01   0.260710E-01
    553 826573.074199609226   0.312005E-01  -0.343335E-01  -0.197578E-01
    554 828923.629972793511   0.492956E-01   0.265250E-01  -0.940042E-03
    555 830704.822822214453   0.520181E-01  -0.249917E-01  -0.122815E-01
    556 833005.559115843847   0.321719E-01   0.318543E-01   0.160455E-01
    557 835307.767347991932   0.189972E-01  -0.507209E-01  -0.259056E-01
    558 837742.557505876408   0.513222E-01   0.237520E-01   0.158856E-01
    559 839372.295131402789   0.369805E-01  -0.309178E-01  -0.192487E-01
    560 842277.274571891525   0.196447E-01   0.562317E-01   0.287110E-01
    561 844298.583652671310   0.385544E-01  -0.435359E-01  -0.155308E-01
    562 845973.852520528715   0.266513E-01   0.597668E-01   0.409738E-01
    563 848716.921968354494   0.417923E-01  -0.437667E-01  -0.220214E-01
    564 850392.048392929835   0.479393E-01   0.509121E-01   0.270692E-01
    565 852096.969115928630   0.461473E-01  -0.425171E-01  -0.216993E-01
    566 854284.038947603432   0.239433E-01   0.520331E-01   0.263715E-01
    567 856663.588377624052   0.492013E-01  -0.194157E-01  -0.113786E-01
    568 859289.823010884342   0.288641E-01   0.415959E-01   0.276287E-01
    569 861085.083518881816   0.242532E-01  -0.587950E-01  -0.231281E-01
    570 863383.652078704326   0.438257E-01   0.361719E-01   0.209067E-01
    571 865256.454448302160   0.312202E-01  -0.609217E-01  -0.365152E-01
    572 866973.105308168335   0.261617E-01   0.632195E-01   0.277994E-01
    573 868892.017197977053   0.273171E-01  -0.377707E-01  -0.236431E-01
    574 870991.846924248501   0.222141E-01   0.228320E-01   0.131322E-01
    575 874699.941890164628   0.251148E-01  -0.227490E-01  -0.670034E-02
    576 876212.768531868001   0.256533E-01   0.288037E-01   0.196161E-01
    577 878830.206005830085   0.479823E-01  -0.174862E-01  -0.467404E-02
    578 880722.954267434077   0.288218E-01   0.390881E-01   0.147108E-01
    579 882734.612603898742   0.511910E-01  -0.251080E-01  -0.209784E-01
    580 884441.665683145169   0.221848E-01   0.490424E-01   0.322484E-01
    581 886961.619322624523   0.268329E-01  -0.319758E-01  -0.187461E-01
    582 889093.875705580576   0.239231E-01   0.398523E-01   0.242117E-01
    583 891093.554648527410   0.369063E-01  -0.244375E-01  -0.203604E-01
    584 893705.577396112843   0.330188E-01   0.372437E-01   0.205143E-01
    585 895189.392733261688   0.423735E-01  -0.325332E-01  -0.162481E-01
    586 897251.895590948639   0.281973E-01   0.331930E-01   0.237128E-01
    587 899695.775680327555   0.557616E-01  -0.140236E-01  -0.100744E-01
    588 901962.684851651429   0.372167E-01   0.225833E-01   0.997212E-02
    589 904527.659563438618   0.162268E-01  -0.897955E-01  -0.459420E-01
    590 906205.914145239396   0.599186E-01   0.398484E-01   0.184391E-01
    591 907660.035973035032   0.462530E-01  -0.460624E-01  -0.253373E-01
    592 909871.138870755676   0.451479E-01   0.322265E-01   0.143395E-01
    593 911786.880011521163   0.464757E-01  -0.252416E-01  -0.136739E-01
    594 914016.582948175957   0.418712E-01   0.206866E-01   0.105790E-01
    595 916517.109362485819   0.174850E-01  -0.580863E-01  -0.287557E-01
    596 918076.884807012044   0.299118E-01   0.335753E-01   0.206216E-01
    597 920257.940338194836   0.277605E-01  -0.224139E-01  -0.995411E-02
    598 923078.941261302913   0.198985E-01   0.332957E-01   0.158080E-01
    599 925137.444483966450   0.240699E-01  -0.430290E-01  -0.219771E-01
    600 926988.445027577807   0.288383E-01   0.471990E-01   0.221154E-01
    601 928684.540830752812   0.361337E-01  -0.369107E-01  -0.163220E-01
    602 930462.474576450768   0.318322E-01   0.285617E-01   0.211715E-01
    603 932790.369821068365   0.402602E-01  -0.143954E-01  -0.119074E-02
    604 934755.055978421471   0.277113E-01   0.139376E-01   0.669525E-02
    605 938201.648080769810   0.451397E-01  -0.100021E-01  -0.474803E-02
    606 940205.215155546204   0.378832E-01   0.255417E-01   0.131447E-01
    607 941768.851588195655   0.371085E-01  -0.323977E-01  -0.157132E-01
    608 943748.120215851697   0.333987E-01   0.315927E-01   0.148973E-01
    609 946221.006709538749   0.389582E-01  -0.410969E-01  -0.211482E-01
    610 947514.589899144950   0.362778E-01   0.473568E-01   0.221359E-01
    611 949937.259089298197   0.397339E-01  -0.385193E-01  -0.180326E-01
    612 951629.304302045726   0.331043E-01   0.581067E-01   0.271965E-01
    613 952926.489656055113   0.301769E-01  -0.418611E-01  -0.196382E-01
    614 956449.377089355607   0.367176E-01   0.354337E-01   0.160779E-01
    615 957341.117319147452   0.404365E-01  -0.334087E-01  -0.239822E-01
    616 960338.073802701430   0.216153E-01   0.463154E-01   0.229777E-01
    617 961717.056358114234   0.190280E-01  -0.591271E-01  -0.281049E-01
    618 963847.934330559336   0.239327E-01   0.349345E-01   0.160479E-01
    619 965652.655738306115   0.297437E-01  -0.210569E-01  -0.984202E-02
    620 968112.199398342287   0.124857E-01   0.333336E-01   0.222535E-01
    621 971124.342178755323   0.306386E-01  -0.307015E-01  -0.165713E-01
    622 972258.224274104694   0.235050E-01   0.499834E-01   0.256983E-01
    623 974712.029051033664   0.231385E-01  -0.484125E-01  -0.254270E-01
    624 976746.476424730150   0.261360E-01   0.947322E-01   0.428501E-01
    625 977729.064174419269   0.252389E-01  -0.984104E-01  -0.448823E-01
    626 979827.090422322392   0.376887E-01   0.337945E-01   0.148626E-01
    627 981572.735394454212   0.244036E-01  -0.362654E-01  -0.159957E-01
    628 983648.257432251237   0.332572E-01   0.144161E-01   0.605049E-02
    629 986305.525633127312   0.338091E-01  -0.102251E-01  -0.510774E-02
    630 989267.293305860017   0.215370E-01   0.605422E-01   0.305644E-01
    631 990111.056425601710   0.324127E-01  -0.561011E-01  -0.287609E-01
    632 991423.768690146855   0.789942E-02   0.109220E+00   0.490602E-01
    633 994261.951519085094   0.185435E-01  -0.179172E-01  -0.888476E-02
    634 996850.573101699352   0.128094E-01   0.391561E-01   0.149378E-01
    635 998670.220526240882   0.276318E-01  -0.349079E-01  -0.153955E-01
    636 999785.474706369336   0.206373E-01   0.409621E-01   0.185517E-01
    6371002342.965925167198   0.136205E-01  -0.357999E-01  -0.159342E-01
    6381004150.761465441668   0.205182E-01   0.241387E-01   0.117886E-01
    6391006163.246266169241   0.682813E-02  -0.657774E-01  -0.293190E-01
    6401007785.990157164051   0.178856E-01   0.173876E-01   0.787359E-02
    6411011186.545866163797   0.523687E-01  -0.738601E-02  -0.733524E-03
    6421012827.972497174633   0.201915E-01   0.413294E-01   0.213141E-01
    6431014234.916060386458   0.177131E-01  -0.618052E-01  -0.281173E-01
    6441015420.325822541257   0.361205E-01   0.195800E-01   0.883629E-02
    6451017931.186072887853   0.190776E-01  -0.133949E-01  -0.596373E-02
    6461020347.924677266972   0.124604E-01   0.173702E-01   0.749198E-02
    6471023208.921621672576   0.127270E-01  -0.484028E-01  -0.248062E-01
    6481024383.692794378498   0.166611E-01   0.662234E-01   0.334494E-01
    6491025474.850993632688   0.202066E-01  -0.374647E-01  -0.120515E-01
    6501028207.225324076368   0.114086E-01   0.316988E-01   0.126419E-01
    6511030496.654521663673   0.300859E-01  -0.267813E-01  -0.859857E-02
    6521031490.327715293271   0.228158E-01   0.398882E-01   0.213892E-01
    6531033073.029189985711   0.199740E-01  -0.204262E-01  -0.941740E-02
    6541035893.106684567872   0.272420E-01   0.970282E-02  -0.769480E-03
    6551037410.951837025234   0.992620E-02  -0.267107E-01  -0.141579E-01
    6561039344.850627236301   0.147678E-01   0.105846E-01   0.511870E-02
    6571042257.381283798954   0.162596E-01  -0.102562E-01  -0.594652E-02
    6581043754.832356934436   0.147108E-01   0.125397E-01   0.726552E-02
    6591046855.425731752417   0.113609E-01  -0.383618E-01  -0.161358E-01
    6601048041.753940955270   0.439148E-01   0.188024E-01   0.780437E-02
    6611049220.634944044286   0.287701E-01  -0.226128E-01  -0.958368E-02
    6621051650.692635999527   0.243715E-01   0.213722E-01   0.863727E-02
    6631052958.610527337762   0.121562E-01  -0.450608E-01  -0.185740E-01
    6641054412.951946547721   0.104685E-01   0.257733E-01   0.121679E-01
    6651057775.271395229734   0.155612E-01  -0.106359E-01  -0.483693E-02
    6661059614.427488353802   0.245323E-01   0.102596E-01   0.118980E-01
    6671062036.279002107913   0.181889E-01  -0.433076E-01  -0.177493E-01
    6681062789.952377273235   0.281842E-01   0.304088E-01   0.129191E-01
    6691065458.749832578003   0.251119E-01  -0.317375E-01  -0.103367E-01
    6701066548.282101582503   0.142594E-01   0.657022E-01   0.275311E-01
    6711068234.419494725997   0.221269E-01  -0.237914E-01  -0.674450E-02
    6721070910.870009710314   0.285330E-01   0.203913E-01   0.880321E-02
    6731072292.046850409592   0.133532E-01  -0.546959E-01  -0.245756E-01
    6741074241.381167585030   0.186981E-01   0.372097E-01   0.145710E-01
    6751076177.614044357790   0.149082E-01  -0.655783E-01  -0.252490E-01
    6761077520.968864945229   0.328000E-01   0.311933E-01   0.119141E-01
    6771079530.753075770568   0.362178E-01  -0.300764E-01  -0.116475E-01
    6781080559.791702953633   0.137659E-01   0.623740E-01   0.242415E-01
    6791083171.134802997345   0.250084E-01  -0.170223E-01  -0.800343E-02
    6801085007.352738504764   0.181935E-01   0.296840E-01   0.123066E-01
    6811086777.482800038531   0.246176E-01  -0.336643E-01  -0.135862E-01
    6821087619.144250247627   0.126468E-01   0.486825E-01   0.197248E-01
    6831090623.367883595638   0.274891E-01  -0.702680E-02  -0.324007E-02
    6841093293.047666214872   0.240523E-01   0.286577E-01   0.126234E-01
    6851094331.143378831446   0.209264E-01  -0.596556E-01  -0.214000E-01
    6861095464.893297690200   0.162759E-01   0.593340E-01   0.296086E-01
    6871097369.908603275195   0.296080E-01  -0.186631E-01  -0.786899E-02
    6881098966.773275989341   0.112893E-01   0.347320E-01   0.146452E-01
    6891101252.136755861808   0.235548E-01  -0.137625E-01  -0.614880E-02
    6901103134.207363554277   0.245486E-01   0.214144E-01   0.897704E-02
    6911104430.355151482159   0.253498E-01  -0.273866E-01  -0.114651E-01
    6921105446.551819655346   0.118478E-01   0.362198E-01   0.162623E-01
    6931108014.050557397073   0.571015E-02  -0.333854E-01  -0.140280E-01
    6941108958.072505752556   0.193622E-01   0.676644E-02   0.274939E-02
    6951112884.850949543761   0.157428E-01  -0.443773E-02   0.685149E-03
    6961114758.187060777098   0.127512E-01   0.177290E-01   0.766532E-02
    6971116092.438385567861   0.935916E-02  -0.597470E-01  -0.247445E-01
    6981116768.091586347669   0.767316E-02   0.597279E-01   0.245260E-01
    6991119419.030530592194   0.210575E-01  -0.106648E-01  -0.444078E-02
    7001120428.007572821574   0.877613E-02   0.237559E-01   0.966638E-02
    7011122887.698154962622   0.139420E-01  -0.120495E-01  -0.633439E-02
    7021123913.306110460544   0.214894E-01   0.716504E-02   0.226281E-02
    7031125887.049039058387   0.304229E-01  -0.198587E-02  -0.804200E-03
    7041129006.587092794478   0.209055E-02   0.426283E-01   0.175105E-01
    7051130549.108531126287   0.966169E-02  -0.216458E-01  -0.874907E-02
    7061131772.803037079284   0.538911E-02   0.457769E-01   0.163689E-01
    7071133742.008895729668   0.386805E-02  -0.915609E-01  -0.347637E-01
    7081134588.337271049852   0.269892E-01   0.117238E-01   0.404272E-02
    7091137111.386261103442   0.294989E-01  -0.691337E-02  -0.316900E-02
    7101138371.353377016727   0.122354E-01   0.177459E-01   0.714742E-02
    7111140760.409228771459   0.848243E-02  -0.390933E-01  -0.160872E-01
    7121142068.858091854258   0.302511E-01   0.273481E-01   0.104647E-01
    7131142678.129585285904   0.202374E-01  -0.333318E-01  -0.125789E-01
    7141144833.471784222173   0.160470E-01   0.103074E-01   0.284329E-02
    7151146667.414326889906   0.199899E-01  -0.605631E-02  -0.374721E-02
    7161149002.284575113095   0.139362E-01   0.141223E-01   0.578345E-02
    7171149912.018401859328   0.197107E-01  -0.990775E-02  -0.388226E-02
    7181152706.782019491773   0.281821E-01   0.860072E-02   0.342790E-02
    7191153828.883389561670   0.228729E-01  -0.170192E-01  -0.538194E-02
    7201155318.480825910345   0.297089E-01   0.134028E-01   0.546062E-02
    7211157108.615848916117   0.222731E-01  -0.337138E-01  -0.131242E-01
    7221157822.170832402539   0.220943E-01   0.326052E-01   0.124184E-01
    7231159469.745975893922   0.150136E-01  -0.167397E-01  -0.643456E-02
    7241161549.620676519815   0.681432E-02   0.248210E-01   0.947894E-02
    7251163248.862504517427   0.189577E-01  -0.952756E-02  -0.386383E-02
    7261165250.093043911271   0.328683E-01   0.118506E-01   0.448848E-02
    7271166019.740916370414   0.127210E-01  -0.326955E-01  -0.120647E-01
    7281167615.239965822781   0.280103E-01   0.636447E-02  -0.246764E-02
    7291170029.419365800219   0.117482E-01  -0.193606E-01  -0.777660E-02
    7301171029.344342718599   0.276158E-01   0.956380E-02   0.398171E-02
    7311173271.041107047116   0.128533E-01  -0.411285E-01  -0.154943E-01
    7321173939.327436678577   0.103816E-01   0.593683E-01   0.232166E-01
    7331175620.799134033965   0.319572E-01  -0.137193E-01  -0.517026E-02
    7341176547.368213502457   0.717923E-02   0.467699E-01   0.177919E-01
    7351178477.550247682957   0.868492E-02  -0.185255E-01  -0.519750E-02
    7361180204.305539021734   0.221097E-01   0.133893E-01   0.587042E-02
    7371180840.152691213880   0.132230E-01  -0.220721E-01  -0.836878E-02
    7381181800.400825671386   0.101392E-01   0.788465E-02   0.293027E-02
    7391185934.024647869635   0.209116E-01  -0.319000E-02  -0.194410E-02
    7401186248.561860949732   0.126460E-01   0.556818E-02   0.259411E-02
    7411189525.351243159501   0.148775E-01  -0.131802E-01  -0.501915E-02
    7421189818.350343561033   0.128768E-01   0.180686E-01   0.691150E-02
    7431191573.722159566591   0.124080E-01  -0.102020E-01  -0.379094E-02
    7441192544.351894903928   0.267602E-01   0.508071E-02   0.163130E-02
    7451193811.013253177749   0.103176E-01  -0.809669E-02  -0.303837E-02
    7461195521.748924481682   0.668243E-02   0.990836E-02   0.361028E-02
    7471197036.523850644706   0.153591E-01  -0.163501E-01  -0.585846E-02
    7481197272.816776376218   0.127294E-01   0.180829E-01   0.668041E-02
    7491198559.389607760124   0.156645E-01  -0.107297E-02  -0.388549E-03
    7501202399.991797346156   0.173800E-01   0.301510E-03   0.913069E-04
    7511203575.945476218127   0.710662E-02  -0.139954E-02  -0.497211E-03
    7521204661.532835895428   0.486903E-02   0.170530E-02  -0.880722E-03
    7531207520.737421063241   0.120237E-01  -0.408529E-02  -0.183274E-02
    7541208127.024428204866   0.140575E-01   0.152532E-01   0.696058E-02
    7551208315.025432301685   0.863628E-02  -0.200201E-01  -0.924640E-02
    7561211049.379407150671   0.569704E-02   0.375027E-02   0.300154E-02
    7571212121.909219624475   0.886011E-02  -0.493939E-02  -0.182255E-02
    7581213167.947668910958   0.831053E-02   0.982036E-02   0.279818E-02
    7591213687.089207612677   0.166690E-01  -0.406432E-02  -0.160984E-02
    7601214769.498977361713   0.799487E-02   0.221389E-02   0.899515E-04
    7611215721.045415220782   0.678186E-02  -0.636828E-03  -0.245822E-03
    7621219258.142373805866   0.802750E-03   0.691490E-03  -0.570606E-03
    7631220419.232857373543   0.216631E-02  -0.279113E-03  -0.492236E-03
    7641223421.645084902178   0.103927E-01   0.131671E-02   0.503907E-03
    7651223705.642119884258   0.351697E-02  -0.829181E-02  -0.345751E-02
    7661223970.619385546073   0.735522E-02   0.220024E-02   0.820820E-03
    7671226936.804913599510   0.104042E-01  -0.415249E-03  -0.155950E-03
    7681227445.003165225498   0.607660E-02   0.898790E-03   0.276416E-03
    7691229489.007487179711   0.311163E-01  -0.886446E-03  -0.329939E-03
    7701229805.230507404543   0.175915E-02   0.226123E-01   0.831267E-02
    7711230563.562174523715   0.775491E-02  -0.285981E-02  -0.107528E-02
    7721231307.220776919508   0.290566E-02   0.368672E-02   0.138059E-02
    7731232601.555580370594   0.239127E-01  -0.235035E-03  -0.261773E-03
    7741233301.289299794240  -0.473203E-02  -0.950391E-02  -0.350529E-02
    7751233328.928347211331   0.120579E-01  -0.345960E-02  -0.132220E-02
    7761236421.446772099240   0.252291E-01   0.437857E-06   0.166965E-06
    7771237578.004073819844   0.644282E-02  -0.615593E-06   0.112144E-03
    7781240748.429139900720   0.349582E-02   0.267296E-06  -0.115649E-04
    7791242360.815029413207   0.163866E-01  -0.178556E-06  -0.546340E-06
    7801242754.707506323466   0.554172E-03   0.457474E-05  -0.372317E-02
    7811245812.790304979309   0.235849E-01  -0.797837E-07  -0.648030E-07
    7821246481.852925325278   0.867199E-02   0.375138E-06   0.315823E-03
    7831247499.783893005224   0.480066E-03  -0.630068E-05  -0.229948E-05
    7841248589.928194010630   0.539607E-02   0.607119E-06   0.186712E-06
    7851249250.315726051806   0.101518E-01  -0.229347E-06   0.121004E-02
    7861250901.497889404418   0.331046E-02   0.156130E-05   0.258863E-03
    7871251066.927652759245   0.743372E-02  -0.757211E-06  -0.290237E-06
    7881251484.138945294078   0.154150E-01   0.623488E-07   0.217111E-07
    7891253997.713762716623   0.747502E-02  -0.778484E-09  -0.615127E-03
    7901255053.358847295633   0.337369E-01   0.464562E-10   0.266998E-03
    7911257820.502097004792   0.702968E-02  -0.100916E-10   0.100822E-08
    7921261432.614699330414   0.206827E-01   0.586124E-11   0.556560E-07
    7931261945.746004985645   0.123787E-01  -0.110246E-10   0.277689E-03
    7941264547.503078801557   0.128838E-01   0.188271E-10  -0.111600E-07
    7951265316.964948770823   0.125084E-01  -0.548977E-10   0.114972E-07
    7961265711.979143928969   0.782019E-02   0.670451E-10   0.498194E-04
    7971267687.770452534547   0.263455E-02  -0.509515E-10  -0.173602E-08
    7981268683.892872807570   0.678807E-02   0.236733E-10  -0.122302E-03
    7991269761.312588764355   0.137034E-01  -0.231249E-10  -0.797013E-08
    8001269970.526372943306   0.176303E-02   0.138163E-09  -0.209914E-04
    8011271896.345594319515   0.680271E-02  -0.106424E-11   0.271225E-09
    8021272854.871716134250   0.220981E-01   0.108064E-12   0.893360E-04
    8031275304.241359680425   0.108387E-01  -0.239260E-13   0.554485E-04
    8041276279.879742343677  -0.425319E-15  -0.195566E+00  -0.696663E-01
    8051280642.356617263053   0.283879E-02  -0.289297E-13  -0.213107E-06
    8061281304.965486545116   0.184958E-03   0.682718E-12  -0.274802E-02
    8071282567.129332288401   0.149298E-01  -0.599204E-14   0.103571E-07
    8081284266.303595040692   0.192389E-01   0.516914E-14   0.107271E-07
    8091285132.341806837823   0.673874E-02  -0.161591E-13  -0.182204E-03
    8101287194.849472130649   0.260922E-01   0.933963E-14  -0.118544E-07
    8111287928.733014100930   0.871678E-03  -0.236417E-12   0.643481E-03
    8121288897.510318488581   0.210333E-01   0.496685E-14   0.121832E-08
    8131290281.809660777217   0.114777E-01  -0.698404E-14  -0.301027E-03
    8141291023.190500244964   0.258671E-02   0.248704E-13  -0.212770E-03
    8151292870.088740017964   0.682263E-15  -0.816204E-01  -0.286359E-01
    8161293106.229567036964  -0.122385E-01  -0.395494E-14  -0.459197E-08
    8171294440.457266007084  -0.228989E-15  -0.209976E+00  -0.735644E-01
    8181299900.934741350589   0.135952E-01   0.750292E-14  -0.346916E-07
    8191300018.384177346481  -0.624243E-14   0.262130E-01   0.919156E-02
    8201300725.728281391785  -0.866627E-02  -0.220265E-13  -0.431676E-07
    8211300864.027754970128   0.136097E-01  -0.138162E-13  -0.235597E-03
    8221303656.258279009489   0.451442E-02   0.610162E-14  -0.295068E-08
    8231304372.017176958965   0.255604E-14  -0.351656E-01  -0.122241E-01
    8241304779.754189138534   0.433637E-02   0.156012E-13  -0.454119E-04
    8251306830.625478749396   0.150410E-01  -0.230736E-13   0.910824E-08
    8261307069.357847013511   0.115045E-13   0.456618E-01   0.158329E-01
    8271307479.658052565064   0.928719E-02  -0.254924E-13   0.756160E-04
    8281309031.682704563951   0.601467E-02   0.270373E-13  -0.898052E-09
    8291309450.974734285381   0.389011E-13  -0.162982E-01  -0.564392E-02
    8301309528.361584162572   0.242836E-01   0.188958E-13   0.211726E-04
    8311311402.826544086915  -0.189276E-13   0.124578E-01   0.423564E-02
    8321311408.666612292174   0.894988E-02   0.268780E-13   0.585515E-04
    8331312956.999478565529   0.821544E-16   0.238155E+00   0.820143E-01
    8341318714.328781949822  -0.255423E-02  -0.285780E-11   0.246606E-07
    8351318714.358419315191  -0.106631E-10   0.684365E-03   0.235008E-03
    8361319771.822427137289   0.240050E-01   0.352487E-14   0.104293E-06
    8371319785.598702790448  -0.701878E-14   0.139391E-01   0.479386E-02
    8381320604.233834546758   0.714750E-02   0.184189E-13  -0.187607E-02
    8391320609.887964955298   0.140852E-13  -0.867403E-02  -0.109289E-02
    8401323391.084069816861   0.150703E-01   0.927144E-12  -0.676903E-08
    8411323391.094414350344   0.424176E-10  -0.330176E-03  -0.112599E-03
    8421324573.064906701911  -0.195130E-02  -0.440122E-11  -0.560648E-04
    8431324573.078866773983   0.232861E-10  -0.368597E-03  -0.695813E-04
    8441326744.288972103968   0.205816E-01   0.288459E-11   0.110700E-08
    8451326744.290760813281   0.480072E-09  -0.123692E-03  -0.421222E-04
    8461327443.167085191235   0.370124E-02   0.215250E-13   0.314822E-03
    8471327444.134338917909   0.274928E-13  -0.282480E-02  -0.646223E-03
    8481328737.211155839032  -0.185176E-02  -0.382968E-11  -0.626177E-04
    8491328737.211651537800  -0.114512E-09   0.619061E-04   0.836549E-04
    8501330001.007353670895   0.187234E-01   0.223743E-09   0.612705E-08
    8511330001.007353683002   0.960943E-05  -0.435948E-06  -0.141973E-06
    8521337369.010949825868  -0.360379E-06  -0.273988E-08   0.660024E-08
    8531337369.010949834017   0.829700E-04  -0.119018E-10   0.758747E-08
    8541339432.296350390650  -0.165985E-04  -0.997945E-10   0.224146E-07
    8551339432.296350409742   0.325295E-02  -0.509293E-12  -0.222205E-07
    8561340588.282985436963   0.169327E-04   0.634171E-10  -0.185428E-03
    8571340588.282985455124  -0.509659E-02   0.210376E-12   0.184200E-03
    8581343448.735275974730  -0.116860E-03  -0.439549E-11  -0.814677E-08
    8591343448.735275987536   0.204780E-01  -0.249002E-13  -0.823882E-08
    8601344577.807575755520   0.253475E-04   0.819342E-11   0.296217E-04
    8611344577.807575772516  -0.657619E-02   0.308092E-13   0.298509E-04
    8621347212.135964968940   0.268488E-04   0.313289E-09  -0.553264E-08
    8631347212.135964982910  -0.592051E-02   0.142016E-11   0.558741E-08
    8641347274.752640116261   0.923488E-04   0.691166E-10  -0.429667E-04
    8651347274.752640133258  -0.117970E-01   0.539261E-12   0.422993E-04
    8661349225.222086571390   0.625203E-04   0.760181E-14  -0.445311E-04
    8671349225.222086585592  -0.175329E-01  -0.516574E-15  -0.448498E-04
    8681356266.636297886027   0.227706E-04   0.668604E-13  -0.406966E-08
    8691356266.636297902558  -0.465416E-02   0.944356E-15   0.403005E-08
    8701356267.454498278443   0.543125E-16  -0.146907E-02  -0.493918E-03
    8711359390.912243011873   0.108318E-03  -0.222785E-12  -0.386679E-07
    8721359390.912243024679   0.106288E-01   0.166946E-14  -0.378876E-07
    8731359391.698857844574  -0.769459E-16  -0.119228E-02  -0.411384E-03
    8741360774.130921622971   0.140927E-05   0.343322E-14  -0.114231E-02
    8751360774.130921639269  -0.323815E-02  -0.172071E-14  -0.114331E-02
    8761361522.469991960330   0.192095E-15  -0.438412E-01  -0.133664E-01
    8771363979.684117309516   0.562533E-04  -0.534418E-14   0.905881E-08
    8781363979.684117325582   0.205508E-01  -0.719436E-16  -0.910856E-08
    8791364056.962053135270  -0.745865E-16  -0.152600E-01  -0.494190E-02
    8801364755.562045983505   0.204714E-04   0.120569E-13   0.402563E-04
    8811364755.562046000035  -0.180848E-01  -0.287262E-15   0.403476E-04
    8821364809.065598047571   0.495526E-17   0.133249E-01   0.437027E-02
    8831367409.419176693074  -0.176508E-03   0.500686E-10   0.907595E-04
    8841367409.419176705414  -0.232116E-01  -0.380255E-12   0.893887E-04
    8851367409.419187218184  -0.184195E-11   0.530821E-05   0.918071E-04
    8861368319.675556845730   0.106567E-04   0.581521E-12   0.694547E-08
    8871368319.675556865754  -0.451090E-02   0.241135E-14  -0.691256E-08
    8881368319.676124357851  -0.302384E-15  -0.379720E-04  -0.123841E-04
    8891375447.924947473919   0.752277E-05  -0.219684E-13   0.249287E-08
    8901375447.924947476247   0.844210E-04   0.186486E-14  -0.299973E-08
    8911375447.924947489984  -0.175460E-01  -0.508978E-15  -0.277809E-08
    8921379614.376880358439  -0.735725E-08  -0.347525E-11   0.726104E-08
    8931379614.376880364260   0.509531E-06  -0.670717E-13  -0.698125E-08
    8941379614.376880380092  -0.358668E-02  -0.210532E-15  -0.712458E-08
    8951381243.975149579579   0.812924E-06  -0.382743E-13  -0.129128E-03
    8961381243.975149581907   0.121164E-03   0.171311E-15  -0.126364E-03
    8971381243.975149596343   0.214067E-01  -0.199386E-15   0.128839E-03
    8981385075.616566553246  -0.461974E-06  -0.302916E-11   0.615228E-08
    8991385075.616566560464   0.510790E-04  -0.470960E-13  -0.598628E-08
    9001385075.616566571407   0.164513E-01   0.666671E-16  -0.604230E-08
    9011385150.899655150482   0.953769E-06  -0.202349E-11  -0.165736E-05
    9021385150.899655156070  -0.590025E-04  -0.480118E-13   0.158640E-05
    9031385150.899655167479   0.156810E-01  -0.549869E-15  -0.161319E-05
    9041388285.940840546275   0.228240E-06   0.193101E-09  -0.303245E-04
    9051388285.940840553725  -0.779508E-05   0.897998E-11  -0.329596E-04
    9061388285.940840566764   0.806084E-03   0.321460E-13  -0.321396E-04
    9071388285.940844062716   0.322324E-15  -0.206530E-05  -0.324979E-04
    9081394918.913017473882  -0.139734E-08  -0.222499E-10   0.455936E-09
    9091394918.913017474115   0.165935E-07  -0.218130E-11  -0.385663E-09
    9101394918.913017485291   0.154697E-05   0.271508E-14  -0.418791E-09
    9111394918.913017496001   0.237061E-02   0.189021E-15  -0.423095E-09
    9121400248.474079430103  -0.201488E-08  -0.523688E-11  -0.102074E-07
    9131400248.474079433130   0.742317E-07  -0.335501E-12   0.909031E-08
    9141400248.474079438718  -0.880106E-05  -0.732713E-15  -0.951063E-08
    9151400248.474079451757  -0.701357E-02  -0.394424E-15  -0.959723E-08
    9161401944.568765269127   0.118053E-07   0.641621E-12  -0.639240E-03
    9171401944.568765271222  -0.174484E-06   0.704600E-13   0.525143E-03
    9181401944.568765278207   0.170694E-04   0.465072E-15  -0.570103E-03
    9191401944.568765286356   0.835025E-02  -0.596884E-16  -0.578496E-03
    9201405989.345824585063  -0.258190E-06  -0.120633E-11   0.560323E-04
    9211405989.345824589022   0.168335E-05  -0.280232E-12   0.873073E-04
    9221405989.345824599965   0.113225E-01  -0.642716E-15   0.731148E-04
    9231405989.345824604388   0.189139E-03  -0.193540E-14   0.777315E-04
    9241405989.542232827749  -0.193413E-17   0.313303E-03   0.174230E-03
    9251406972.482905629789   0.428589E-10  -0.159164E-12   0.833196E-08
    9261406972.482905634912  -0.357725E-07  -0.885475E-15   0.718742E-08
    9271406972.482905635377   0.266093E-06   0.641547E-15   0.948221E-08
    9281406972.482905650744   0.668976E-04  -0.512390E-15  -0.843168E-08
    9291414688.392035336699   0.494971E-09  -0.115752E-11   0.771526E-09
    9301414688.392035337631  -0.559919E-08  -0.151718E-12   0.896074E-09
    9311414688.392035339260   0.667334E-07  -0.349629E-14   0.968096E-09
    9321414688.392035352066   0.551305E-02   0.488509E-15  -0.887869E-09
    9331414688.392035359284   0.153280E-04   0.161512E-15   0.891588E-09
    9341421426.127416362055   0.264775E-08  -0.111456E-14  -0.960454E-11
    9351421426.127416362753   0.130554E-08  -0.111576E-14  -0.228611E-10
    9361421426.127416366478   0.526129E-07   0.155890E-16   0.196783E-10
    9371421426.127416385571  -0.368646E-04  -0.448315E-15   0.179301E-10
    9381421426.127416388830   0.110597E-02  -0.100560E-15   0.189452E-10
    9391422885.508677996229  -0.141784E-08  -0.110779E-14  -0.678250E-04
    9401422885.508677998791   0.403831E-09   0.225282E-14   0.718271E-04
    9411422885.508677999955  -0.759206E-07   0.335974E-15   0.740264E-04
    9421422885.508678006008   0.139753E-01  -0.237429E-15   0.716122E-04
    9431422885.508678017650   0.634539E-04  -0.108974E-15  -0.710123E-04
    9441427474.634904362494   0.239486E-07   0.234428E-12   0.332234E-04
    9451427474.634904365288   0.628688E-06  -0.215043E-12   0.160113E-04
    9461427474.634904365754  -0.146793E-05  -0.101631E-12  -0.162756E-04
    9471427474.634904367849   0.196053E-07  -0.109971E-11  -0.173713E-04
    9481427474.634904372040   0.132443E-01   0.255390E-15   0.219171E-04
    9491427474.634904390201  -0.360208E-04  -0.724207E-16   0.214552E-04
    9501434741.458299827063  -0.893383E-16   0.508488E-05   0.159047E-05
    9511434741.458372575464   0.736566E-10  -0.253129E-10  -0.832934E-09
    9521434741.458372576395  -0.948622E-09  -0.663785E-11   0.676727E-09
    9531434741.458372577326   0.873079E-09  -0.556149E-11   0.849298E-12
    9541434741.458372581983   0.838590E-07   0.636990E-14  -0.605244E-09
    9551434741.458372592693   0.549028E-03   0.504211E-15  -0.702079E-09
    9561434741.458372593857   0.916233E-04   0.209173E-16   0.492776E-09
    9571443659.743782668142  -0.127380E-14   0.410119E-07   0.878658E-08
    9581443659.743782675359  -0.355112E-10  -0.194542E-09   0.383946E-08
    9591443659.743782676989   0.558429E-08  -0.359949E-11   0.376383E-08
    9601443659.743782678619  -0.207294E-06  -0.122524E-12   0.265583E-08
    9611443659.743782679783   0.633735E-06  -0.192222E-13   0.507695E-08
    9621443659.743782692589   0.294919E-02  -0.370032E-15   0.371075E-08
    9631443659.743782694452   0.180037E-03   0.388856E-15   0.431529E-08
    9641444216.975201391149  -0.868956E-10  -0.183891E-11   0.183105E-03
    9651444216.975201393478   0.860482E-08  -0.105634E-12  -0.132912E-03
    9661444216.975201396504  -0.104772E-06  -0.929750E-13  -0.155593E-03
    9671444216.975201396737  -0.315303E-07   0.288373E-12  -0.330297E-03
    9681444216.975201401161   0.942330E-02  -0.382563E-15   0.217706E-03
    9691444216.975201410474  -0.146010E-04   0.330410E-15  -0.177116E-03
    9701444216.975201412803   0.608120E-04   0.518735E-15  -0.253693E-03
    9711455128.284779005451   0.260631E-10  -0.359057E-10  -0.893356E-09
    9721455128.284779009176  -0.313891E-08  -0.323140E-10   0.686018E-09
    9731455128.284779011039   0.166817E-07  -0.212574E-09  -0.848650E-09
    9741455128.284779011272  -0.521530E-07  -0.826786E-10   0.269456E-09
    9751455128.284779012669  -0.211885E-01  -0.218320E-16   0.655017E-09
    9761455128.284779013833   0.666281E-06   0.878741E-13   0.773406E-09
    9771455128.284779016161   0.188603E-06  -0.733468E-12  -0.790385E-10
    9781455128.284779027337   0.564060E-05   0.372636E-16   0.634580E-09
    9791455128.284779032459   0.180222E-03   0.243622E-15   0.629929E-09
    9801465396.461175683653   0.206506E-30   0.460459E-09   0.259934E-04
    9811465396.461175685050   0.384434E-31  -0.470171E-08   0.319647E-04
    9821465396.461175686913  -0.131721E-10  -0.513369E-12   0.376508E-04
    9831465396.461175689939   0.921272E-10  -0.913204E-12   0.210346E-04
    9841465396.461175691104  -0.159394E-07  -0.182365E-13   0.374716E-04
    9851465396.461175691569  -0.174797E-01   0.170804E-16   0.293439E-04
    9861465396.461175695295  -0.196027E-08  -0.242878E-14   0.186201E-04
    9871465396.461175700882   0.601664E-07   0.490018E-16   0.291407E-04
    9881465396.461175705306  -0.685846E-06  -0.678167E-15  -0.269756E-04
    9891465396.461175712524   0.326949E-04  -0.251385E-15   0.288448E-04
    9901474459.058462098939   0.120376E-84   0.121597E-12  -0.216705E-09
    9911474459.058462104993   0.279008E-71   0.169158E-13   0.217729E-09
    9921474459.058462107321   0.870368E-34   0.176841E-14  -0.315291E-09
    9931474459.058462108485  -0.472325E-33   0.281297E-14   0.111006E-09
    9941474459.058462109417   0.829295E-33   0.156087E-14  -0.138685E-09
    9951474459.058462109650   0.489464E-02  -0.196538E-15  -0.190371E-09
    9961474459.058462109882  -0.258067E-33   0.143233E-14  -0.102475E-10
    9971474459.058462115936   0.226474E-31   0.326161E-16  -0.177468E-09
    9981474459.058462122455   0.176494E-15  -0.113803E-15   0.190421E-09
    9991474459.058462126181  -0.217131E-29  -0.268719E-16   0.202252E-09
   10001474459.058462129207   0.190669E-28   0.116142E-15  -0.168378E-09
