   kl=        1000
 kl,ierr=        1000           0
      1   2063.621038789111   0.476569E-12  -0.156841E-15   0.101302E+01
      2   2063.621038789119  -0.567327E-12  -0.988729E-17  -0.350302E+01
      3   2063.621038789139  -0.108963-123   0.658569E-16  -0.308367E+01
      4   2063.621038789145  -0.230529E-15  -0.229743E-17   0.152611E+01
      5   2063.621038789148  -0.131014-122   0.117961E-15  -0.245019E+01
      6   2063.621038789149   0.568177-124  -0.128076E-15  -0.295336E+01
      7   2063.621038789157   0.111367E-12  -0.155386E-15   0.351420E+01
      8   2063.621038789162   0.115726-267   0.608043E-17  -0.234295E+01
      9   2063.621038789169   0.283322-268   0.117623E-15  -0.320211E+01
     10   2063.621038789175   0.183093-269  -0.255379E-15   0.185268E+01
     11   2063.621038789180   0.230927E-16   0.233174E-15   0.392502E+01
     12   2063.621038789191  -0.569910-269  -0.111457E-15   0.400015E+01
     13   2063.621038789193   0.199533E+00  -0.384595E-19  -0.299461E+01
     14   2063.621038789202  -0.341217E-03   0.138080E-17  -0.198320E+01
     15   2063.621038789203  -0.366020-126  -0.394581E-16  -0.293610E+01
     16   2063.621038789209   0.000000E+00  -0.829045E-15   0.296966E+01
     17   2063.621038789212  -0.701521E-15   0.140396E-15   0.258309E+01
     18   2063.621038789217  -0.334939E-04  -0.894901E-17  -0.407872E+01
     19   2063.621038789218   0.000000E+00   0.208507E-15  -0.190917E+01
     20   2063.621038789224  -0.255403E-03   0.100574E-17  -0.263243E+01
     21   2063.621038789232  -0.000000E+00  -0.208607E-15  -0.371337E+01
     22   2063.621038789247   0.000000E+00  -0.318730E-08  -0.296966E+01
     23   2063.621038789252  -0.369607E-16   0.328428E-16   0.336692E+01
     24   2063.621038789265   0.126801E-02  -0.108128E-18   0.274292E+01
     25   2063.621038789294   0.685699E-14   0.593318E-16   0.242610E+01
     26   2063.621038789328  -0.133403E-14   0.627304E-16  -0.381206E+01
     27   2063.621038789330   0.322801E-09   0.135225E-15   0.303457E+01
     28   2104.459992217208   0.447270E-21  -0.157704E-14  -0.210342E-01
     29   2104.459992217217  -0.346021E-19  -0.212684E-13   0.276710E-01
     30   2104.459992217229   0.219504E-19   0.498168E-14  -0.383540E+00
     31   2104.459992217238   0.768636E-18  -0.188078E-13  -0.305418E+00
     32   2104.459992217248  -0.737542E-25  -0.163779E-14   0.208655E+00
     33   2104.459992217251   0.546381E-13   0.447889E-15  -0.271948E+00
     34   2104.459992217252   0.100658E-21   0.121169E-13   0.153484E+00
     35   2104.459992217278  -0.214147E-19   0.157055E-13  -0.115364E+00
     36   2104.459992217281   0.778793E-18   0.290251E-12  -0.311682E+00
     37   2104.459992217285  -0.247571E-06   0.254649E-17  -0.262207E+00
     38   2104.459992217289  -0.103775E-19  -0.433672E-13   0.242419E+00
     39   2104.459992217296   0.177235E-19   0.521881E-13  -0.899467E-01
     40   2104.459992217297   0.926141E-08  -0.898043E-16  -0.276654E+00
     41   2104.459992217300   0.180102E-18   0.688468E-13   0.147973E+00
     42   2104.459992217307  -0.107558E-15  -0.120048E-15   0.269407E+00
     43   2104.459992217314   0.239591E+00   0.302249E-19   0.274905E+00
     44   2104.459992217314  -0.548662E-19  -0.229687E-13   0.452392E+00
     45   2104.459992217318  -0.598548E-02   0.127643E-18   0.264399E+00
     46   2104.459992217319  -0.514789E-19  -0.595884E-13   0.107261E+00
     47   2104.459992217322   0.357295E-17   0.425674E-13   0.295628E+00
     48   2104.459992217342  -0.431313E-21  -0.157851E-13  -0.413056E-01
     49   2104.459992217348  -0.954912E-16  -0.199410E-16   0.266977E+00
     50   2104.459992217354   0.227946E-21   0.563172E-14   0.573173E+00
     51   2104.459992217365   0.992407E-05  -0.258886E-17   0.264397E+00
     52   2104.459992217366   0.309258-229   0.559087E-11   0.285282E+00
     53   2104.459992217421  -0.109859E-12   0.212643E-15  -0.262729E+00
     54   2104.460003514496   0.383716-310   0.561253E-04  -0.268561E+00
     55   2375.107735963865  -0.338119E-16  -0.109625E-15   0.187281E+01
     56   2375.107735963890  -0.203686E-18  -0.121883E-15   0.181362E+01
     57   2375.107735963894   0.254830E-09   0.604389E-16   0.213143E+01
     58   2375.107735963898  -0.384597E-14  -0.769532E-16  -0.192442E+01
     59   2375.107735963901   0.126597E-18   0.203891E-15  -0.162657E+01
     60   2375.107735963915  -0.775710E-16   0.637731E-16   0.212006E+01
     61   2375.107735963916  -0.710758E-14   0.178932E-15   0.225775E+01
     62   2375.107735963928  -0.131522E-14   0.496213E-16  -0.198072E+01
     63   2375.107735963933  -0.486406E-05   0.118697E-17  -0.205299E+01
     64   2375.107735963947   0.515610E-09   0.327033E-16   0.188477E+01
     65   2375.107735963960   0.140233E-05   0.214557E-16  -0.185739E+01
     66   2375.107735963961   0.236694E+00  -0.337859E-19   0.199469E+01
     67   2375.107735963972   0.196879E-15  -0.423841E-16   0.207885E+01
     68   2375.107735963978   0.128771E-15  -0.117257E-16   0.161559E+01
     69   2375.107735963983   0.377181E-03   0.468142E-17  -0.195008E+01
     70   2375.107735963990  -0.135968E-15   0.415539E-15  -0.168664E+01
     71   2375.107735963991   0.421061E-16   0.177929E-15   0.284332E+01
     72   2375.107735963998   0.296822E-20   0.266666E-15  -0.281100E+01
     73   2375.107735964004   0.103112E-19  -0.102767E-15  -0.451435E+00
     74   2375.107735964015   0.987499E-18  -0.171297E-14  -0.209463E+01
     75   2375.107735964018   0.126101E-15  -0.978408E-15   0.132851E+01
     76   2375.107735964045   0.404056E-02  -0.117726E-18  -0.188196E+01
     77   2375.107735964049  -0.144653E-10  -0.589388E-16  -0.102001E+01
     78   2375.107735964053  -0.107334E-10  -0.154054E-15  -0.252565E+01
     79   2375.107735964054   0.414740E-17  -0.793019E-14  -0.163674E+01
     80   2413.441866639229  -0.798733E-16   0.148934E-15   0.904772E+00
     81   2413.441866639243   0.108763E-15   0.596810E-16  -0.725536E+00
     82   2413.441866639281  -0.211276E-09   0.136343E-15  -0.125410E+01
     83   2413.441866639287   0.121604E-08  -0.301766E-15   0.722177E+00
     84   2413.441866639294   0.249525E-15   0.858020E-16  -0.936375E+00
     85   2413.441866639299  -0.505014E-17   0.172263E-17   0.110415E+01
     86   2413.441866639314   0.155045E-05   0.726360E-18   0.104385E+01
     87   2413.441866639330   0.138916E-14  -0.161794E-15   0.883980E+00
     88   2413.441866639335  -0.208602E-06   0.206111E-16   0.898655E+00
     89   2413.441866639343   0.563938E-16  -0.536862E-16   0.887313E+00
     90   2413.441866639343   0.711596E-16   0.207161E-14  -0.828560E+00
     91   2413.441866639352  -0.118951E-03   0.433257E-19  -0.970815E+00
     92   2413.441866639355  -0.533915E-17  -0.159897E-15   0.897788E+00
     93   2413.441866639355   0.779479E-16  -0.578686E-15   0.104726E+01
     94   2413.441866639357  -0.150644E-13   0.746930E-16   0.106582E+01
     95   2413.441866639363   0.798812E-17  -0.445628E-16  -0.103834E+01
     96   2413.441866639378   0.632665E-15   0.135273E-15   0.113785E+01
     97   2413.441866639383   0.233082E-11   0.348961E-16  -0.905086E+00
     98   2413.441866639389  -0.202511E-16  -0.365897E-15   0.643504E+00
     99   2413.441866639394  -0.389500E-16  -0.601334E-13  -0.127420E+01
    100   2413.441866639395   0.154185E+00   0.983894E-20   0.102385E+01
    101   2413.441866639408   0.211847E-15  -0.428742E-15   0.135733E+01
    102   2413.441866639430  -0.709981E-02  -0.180140E-19   0.912497E+00
    103   2413.441866639433  -0.443334E-17  -0.184978E-12  -0.635870E+00
    104   2413.441866639497  -0.171069E-15  -0.276491E-16  -0.102941E+01
    105   3004.983608595470   0.000000E+00  -0.725399E+00  -0.215650E+01
    106   3228.113144567125   0.305876E-15  -0.533900E-10  -0.996037E+00
    107   3228.113144567134  -0.448391E-15  -0.575980E-10  -0.490136E+00
    108   3228.113144567164   0.664320E-06  -0.793188E-16  -0.617180E+00
    109   3228.113144567166   0.449028E-14  -0.316010E-10  -0.656585E+00
    110   3228.113144567176   0.569484E-15   0.168827E-09  -0.505882E+00
    111   3228.113144567177  -0.712211E-03  -0.221571E-17   0.760311E+00
    112   3228.113144567183   0.163285E-06   0.581236E-15  -0.664652E+00
    113   3228.113144567188   0.163928E-13  -0.242475E-10  -0.310425E+00
    114   3228.113144567193   0.409068E-02  -0.863174E-18  -0.417096E+00
    115   3228.113144567203  -0.556403E-08  -0.200783E-15   0.586771E+00
    116   3228.113144567209  -0.125796E-03  -0.123671E-16   0.561649E+00
    117   3228.113144567210  -0.290819E-12  -0.565942E-13  -0.660966E+00
    118   3228.113144567212   0.562952E-13   0.418672E-12   0.557419E+00
    119   3228.113144567214   0.147651E-15   0.131287E-08  -0.120617E+01
    120   3228.113144567219  -0.144748E-08  -0.973193E-16  -0.466926E+00
    121   3228.113144567228   0.921516E-15  -0.369878E-11  -0.209200E+00
    122   3228.113144567228   0.172725E+00  -0.149861E-19  -0.568694E+00
    123   3228.113144567235   0.645693E-17  -0.346150E-08   0.188101E-01
    124   3228.113144567248  -0.235058E-05  -0.144875E-15   0.539687E+00
    125   3228.113144567251   0.194768E-17   0.152045E-08   0.501171E+00
    126   3228.113144567260   0.156471E-16   0.101891E-07  -0.396663E+00
    127   3228.113144567279  -0.285986E-17   0.327356E-08  -0.768631E+00
    128   3228.113144567292   0.502431E-16  -0.119929E-08   0.135945E+00
    129   3228.113144567305  -0.119420E-15   0.164231E-07  -0.287904E+00
    130   3228.113144567320   0.350176E-15   0.210622E-08   0.276176E+00
    131   3228.113144567343  -0.398344E-10  -0.176532E-15   0.546986E+00
    132   3312.940045229975  -0.134381E-15   0.294392E-15  -0.256353E+01
    133   3312.940045229976  -0.528729E-16  -0.915163E-15   0.239071E+01
    134   3312.940045229980   0.421013E-11   0.123759E-15  -0.255514E+01
    135   3312.940045229993   0.379526E-09   0.165571E-15  -0.265399E+01
    136   3312.940045229997   0.111897E-12  -0.525336E-16   0.235491E+01
    137   3312.940045230017   0.202927E-11  -0.793524E-15  -0.268455E+01
    138   3312.940045230023   0.230995E-16  -0.625610E-14  -0.902780E+00
    139   3312.940045230028   0.427272E-17   0.380583E-14  -0.314085E+01
    140   3312.940045230032  -0.176308E-08  -0.126970E-16  -0.226680E+01
    141   3312.940045230034   0.300378E-14   0.943332E-16   0.253207E+01
    142   3312.940045230038  -0.207619E-04  -0.135546E-17  -0.263778E+01
    143   3312.940045230054  -0.166108E-15   0.693424E-15  -0.224975E+01
    144   3312.940045230067   0.148720E-01  -0.425298E-18   0.310013E+01
    145   3312.940045230067   0.910813E-04  -0.129380E-17  -0.241417E+01
    146   3312.940045230071  -0.140663E-17  -0.244941E-13  -0.745790E+00
    147   3312.940045230076   0.175619E+00   0.545888E-19   0.230499E+01
    148   3312.940045230080  -0.771548E-03   0.260891E-17  -0.217826E+01
    149   3312.940045230080  -0.147594E-15   0.123674E-15  -0.302409E+01
    150   3312.940045230085   0.374816E-12   0.192735E-16   0.257267E+01
    151   3312.940045230092  -0.810378E-17   0.535626E-13   0.469683E+01
    152   3312.940045230096  -0.960683E-16  -0.178119E-12  -0.179537E+01
    153   3312.940045230097  -0.103226E-16   0.325889E-12   0.642449E+00
    154   3312.940045230101   0.195901E-17   0.760970E-13  -0.222683E+01
    155   3312.940045230112   0.570381E-13   0.137991E-17  -0.289610E+01
    156   3312.940045230119  -0.434261E-17   0.126236E-12   0.331793E+01
    157   3848.908509771954   0.459715E-09  -0.270747E-15  -0.263706E+01
    158   3848.908509771958   0.274269E-16   0.297785E-13   0.289673E+01
    159   3848.908509771961  -0.336322E-16   0.171035E-12   0.267054E+01
    160   3848.908509771994  -0.534059E-06  -0.377095E-15  -0.364727E+01
    161   3848.908509772005  -0.473553E-03   0.669515E-18  -0.334737E+01
    162   3848.908509772010   0.201605E+00  -0.170162E-19   0.319488E+01
    163   3848.908509772012   0.758155E-13   0.364769E-16   0.404670E+01
    164   3848.908509772014   0.694313E-10   0.750209E-16   0.229159E+01
    165   3848.908509772022   0.314076E-11  -0.321559E-16  -0.986389E+00
    166   3848.908509772023  -0.287391E-04  -0.230951E-16   0.275473E+01
    167   3848.908509772024   0.686983E-17   0.409742E-12   0.464765E+00
    168   3848.908509772026  -0.255703E-07  -0.814621E-16   0.325284E+01
    169   3848.908509772027   0.390657E-02  -0.404507E-18  -0.332928E+01
    170   3848.908509772030   0.893883E-16  -0.298057E-11  -0.483657E+01
    171   3848.908509772044   0.260508E-16  -0.108916E-11   0.228183E+01
    172   3848.908509772049  -0.240646E-12  -0.132044E-16   0.356663E+01
    173   3848.908509772049   0.129114E-17   0.166462E-12   0.102722E+01
    174   3848.908509772050  -0.154650E-03   0.846955E-18  -0.273705E+01
    175   3848.908509772054   0.543320E-16  -0.258493E-11   0.255804E+00
    176   3848.908509772065  -0.161836E-17  -0.314736E-13  -0.478202E+00
    177   3848.908509772081  -0.634176E-19  -0.302756E-13  -0.447301E+01
    178   3848.908509772082   0.850873E-13   0.282726E-15  -0.371632E+01
    179   3848.908509772082  -0.431132E-16   0.246275E-10   0.184987E+01
    180   3848.908509772110  -0.350843E-16  -0.395910E-11   0.465701E+01
    181   3848.908509772127  -0.171975E-18   0.904278E-11   0.499747E+01
    182   3848.908509772129  -0.311512E-16  -0.957901E-13   0.359418E+01
    183   3848.908591223542  -0.994198-131  -0.325928E-03   0.313893E+01
    184   6084.505488591429  -0.691297E-15   0.205488E-15   0.124535E-06
    185   6084.505488591444  -0.101594E-13  -0.155779E-15  -0.171748E-07
    186   6084.505488591467   0.171632E-10  -0.988265E-16   0.413710E-06
    187   6084.505488591471  -0.430708E-16   0.500589E-13   0.196531E-06
    188   6084.505488591473   0.199780E-12   0.190807E-15  -0.818326E-06
    189   6084.505488591474   0.711718E-07   0.730373E-18  -0.546544E-06
    190   6084.505488591481   0.478180E-13  -0.147859E-14  -0.407804E-06
    191   6084.505488591498  -0.134687E-14   0.162442E-13   0.498242E-06
    192   6084.505488591510  -0.185032E-08  -0.706539E-17  -0.573904E-06
    193   6084.505488591520   0.235071E-13   0.138288E-13  -0.578690E-07
    194   6084.505488591520  -0.772337E-14   0.453285E-13   0.149962E-06
    195   6084.505488591526  -0.238720E-02   0.349494E-18  -0.530374E-06
    196   6084.505488591544  -0.617211E-12   0.355773E-15   0.794668E-06
    197   6084.505488591550  -0.277734E+00   0.605401E-20   0.545919E-06
    198   6084.505488591557  -0.142303E-11   0.192444E-15  -0.627127E-06
    199   6084.505488591562   0.450393E-15  -0.181563E-13  -0.178521E-06
    200   6084.505488591572   0.663964E-07  -0.182402E-16   0.575308E-06
    201   6084.505488591578  -0.259505E-15  -0.154428E-13  -0.843995E-06
    202   6084.505488591579  -0.278496E-04   0.398548E-17   0.545540E-06
    203   6084.505488591599  -0.104380E-12  -0.105666E-15  -0.634397E-06
    204   6084.505488591601   0.178042E-15   0.266367E-15   0.901224E-06
    205   6127.462070360320  -0.186095E-16  -0.258363E-10   0.327909E-06
    206   6127.462070360436   0.257549E-16  -0.536459E-10   0.430107E-06
    207   6127.462070360450  -0.136200E-16  -0.357051E-09   0.187469E-06
    208   6127.462070360455   0.221333E-17   0.476975E-10   0.281508E-06
    209   6127.462070360472  -0.409515E-01   0.135996E-21   0.299034E-06
    210   6127.462070360473   0.217860E-16   0.119900E-08  -0.183194E-07
    211   6127.462070360475  -0.120343E-16  -0.600695E-09   0.540994E-06
    212   6127.462070360484   0.114980E-16  -0.320162E-09  -0.430306E-06
    213   6127.462070360489   0.262532E-15   0.147978E-18  -0.326650E-06
    214   6127.462070360492   0.760325E-17   0.135810E-07  -0.156613E-06
    215   6127.462070360496   0.121953E-16  -0.579809E-09   0.869701E-07
    216   6127.462070360499  -0.339142E-16   0.390669E-08  -0.553945E-07
    217   6127.462070360506  -0.110728E-17  -0.902506E-11  -0.324934E-06
    218   6127.462070360506   0.399262E-17   0.311092E-07  -0.435074E-06
    219   6127.462070360517  -0.159909E-16  -0.679773E-08  -0.756608E-07
    220   6127.462070360521   0.436874E-16   0.149029E-07   0.346897E-06
    221   6127.462070360524  -0.333068E-16   0.208274E-12   0.237931E-06
    222   6127.462070360540   0.217811E-17  -0.616168E-10   0.274573E-06
    223   6127.462070360553   0.406091E-17  -0.417923E-18   0.257816E-06
    224   6127.462070360564   0.315638E-16   0.383007E-09  -0.218179E-06
    225   6127.462070360632   0.339139E-15   0.508427E-06   0.129745E-06
    226   6399.326393100692  -0.544538E-17  -0.120024E-14   0.222882E-06
    227   6399.326393100697   0.119949E-10  -0.162108E-15   0.215080E-06
    228   6399.326393100711  -0.545818E-11  -0.581467E-16  -0.692805E-07
    229   6399.326393100715   0.309463E-07   0.465438E-16   0.244943E-06
    230   6399.326393100730  -0.387915E-05   0.653669E-17  -0.239148E-06
    231   6399.326393100744   0.360903E-09  -0.218666E-15  -0.268530E-06
    232   6399.326393100745   0.637897E-11  -0.464093E-16   0.183489E-06
    233   6399.326393100754   0.545833E-10  -0.233433E-16  -0.217008E-07
    234   6399.326393100755  -0.133594E-10  -0.387071E-16   0.359240E-07
    235   6399.326393100760   0.639640E-11  -0.170963E-16   0.396781E-07
    236   6399.326393100779  -0.127031E-12   0.139652E-14   0.177887E-06
    237   6399.326393100780   0.125078E-11   0.906090E-16   0.238716E-06
    238   6399.326393100784   0.108518E-05   0.100683E-17   0.281231E-06
    239   6399.326393100791  -0.863578E-11  -0.289132E-15   0.546930E-06
    240   6399.326393100800   0.495428E-11  -0.105484E-15   0.326571E-06
    241   6399.326393100803  -0.416281E-01  -0.117276E-19  -0.256580E-06
    242   6399.326393100808  -0.156105E-12   0.115293E-14   0.329619E-06
    243   6399.326393100817   0.211150E-05  -0.321012E-16   0.251539E-06
    244   6399.326393100845   0.828711E-03  -0.132988E-18  -0.244534E-06
    245   6399.326393100851  -0.555036E-17   0.283551E-13  -0.262712E-06
    246   6443.345248600521  -0.371814E-08  -0.408475E-16   0.268352E-06
    247   6443.345248600525   0.669695E-16  -0.277257E-13  -0.182339E-06
    248   6443.345248600545   0.479552E-16   0.313438E-13   0.547948E-07
    249   6443.345248600559  -0.197916E-12  -0.316653E-14  -0.205476E-06
    250   6443.345248600563  -0.418587E-16   0.450320E-13  -0.139931E-06
    251   6443.345248600567   0.170417E-02   0.344134E-18  -0.274640E-06
    252   6443.345248600578   0.856076E-10   0.121445E-15   0.252635E-06
    253   6443.345248600581   0.178053E-12  -0.172047E-13  -0.535412E-07
    254   6443.345248600582  -0.952365E-12  -0.138961E-12   0.288113E-07
    255   6443.345248600594   0.683869E-04  -0.590653E-17   0.217297E-06
    256   6443.345248600595   0.485100E-12  -0.148944E-12  -0.136873E-06
    257   6443.345248600604   0.127576E-04   0.985318E-18   0.320544E-06
    258   6443.345248600609   0.935549E-13  -0.155045E-12  -0.327831E-06
    259   6443.345248600610   0.925793E-01  -0.514578E-20   0.279476E-06
    260   6443.345248600614  -0.487998E-08  -0.569467E-16  -0.281508E-06
    261   6443.345248600620  -0.314999E-13  -0.184263E-12   0.272067E-06
    262   6443.345248600621  -0.732683E-14  -0.141442E-12   0.524022E-06
    263   6443.345248600625  -0.338715E-14   0.412516E-12   0.531640E-06
    264   6443.345248600634   0.110414E-13   0.495005E-13  -0.251885E-06
    265   6443.345248600649   0.193374E-13  -0.102396E-13   0.258106E-06
    266   6454.317711555170   0.414944-196   0.164564E+00   0.131259E+00
    267   7249.043477022970  -0.122659E-13  -0.139887E-13  -0.731345E-08
    268   7249.043477022981   0.453849E-16   0.291426E-15   0.109122E-06
    269   7249.043477022990  -0.972457E-06  -0.160446E-15  -0.236689E-06
    270   7249.043477022992  -0.115541E-08  -0.136582E-14  -0.252266E-06
    271   7249.043477022998   0.525676E-12  -0.179244E-12  -0.911451E-07
    272   7249.043477023002  -0.302302E-09  -0.342716E-13  -0.189504E-06
    273   7249.043477023012  -0.231526E-06  -0.270531E-15  -0.262428E-06
    274   7249.043477023026   0.290647E-10  -0.453892E-13   0.384428E-07
    275   7249.043477023031   0.456531E-02   0.860694E-18   0.270542E-06
    276   7249.043477023035   0.636272E-07  -0.202016E-14  -0.980688E-07
    277   7249.043477023044  -0.256992E+00   0.252809E-20  -0.262650E-06
    278   7249.043477023045  -0.738667E-06   0.910211E-15  -0.299472E-06
    279   7249.043477023051   0.814198E-09   0.119707E-12   0.322947E-06
    280   7249.043477023056   0.207166E-04  -0.267559E-15   0.346405E-06
    281   7249.043477023063   0.469377E-10  -0.472298E-13  -0.273771E-06
    282   7249.043477023067  -0.252030E-08  -0.139043E-12   0.189727E-06
    283   7249.043477023069  -0.186132E-02  -0.127299E-17  -0.259920E-06
    284   7249.043477023080   0.254411E-09   0.780504E-13  -0.591401E-07
    285   7249.043477023082   0.875311E-10  -0.585146E-13  -0.419768E-06
    286   7249.043477023110   0.304390E-13  -0.183579E-13  -0.620438E-06
    287   7249.043477023114   0.321437E-11   0.542280E-14  -0.260918E-06
    288   7250.353469802080   0.199042-175   0.190725E-01   0.160670E-01
    289   7371.506365170419  -0.784292E-06   0.407863E-17   0.185551E-06
    290   7371.506365170463   0.422653E-09   0.290836E-15   0.303026E-06
    291   7371.506365170472  -0.957277E-03  -0.306310E-18  -0.126633E-06
    292   7371.506365170482  -0.718564E-09  -0.782998E-17  -0.351615E-07
    293   7371.506365170486  -0.828804E-04   0.288643E-17  -0.176458E-06
    294   7371.506365170490  -0.516780E-01   0.831423E-20   0.177316E-06
    295   7371.506365170493   0.231487E-03  -0.788096E-19   0.195138E-06
    296   7371.506365170502  -0.131623E-08   0.761439E-16  -0.123697E-06
    297   7371.506365170509   0.356217E-10  -0.210369E-15   0.214719E-06
    298   7371.506365170513  -0.137824E-09  -0.350307E-16  -0.357389E-06
    299   7371.506365170522   0.199675E-14  -0.285238E-13  -0.268231E-06
    300   7371.506365170529   0.567493E-11   0.733547E-16   0.823415E-07
    301   7371.506365170542  -0.156988E-09  -0.426115E-15  -0.177571E-06
    302   7371.506365170561  -0.297549E-14   0.648706E-14  -0.190837E-06
    303   7371.506365170566   0.142383E-14   0.143161E-13  -0.130172E-06
    304   7371.506365170568  -0.140059E-15  -0.400079E-13  -0.129236E-06
    305   7371.506365170583  -0.733262E-16   0.361782E-14  -0.112380E-06
    306   7371.506365170590  -0.216401E-16  -0.185101E-13  -0.506917E-08
    307   7371.506365170638   0.874108E-16  -0.662151E-14  -0.403568E-07
    308   7371.506365170650  -0.238157E-16  -0.115195E-14   0.723535E-07
    309   7371.506365170664   0.160897E-15   0.751737E-15   0.325686E-07
    310   7487.831736664746   0.235592-232  -0.240509E+00  -0.209717E+00
    311   7816.168939517961   0.410717E-05   0.126839E-15  -0.139439E-07
    312   7816.168939517984   0.632117E-01  -0.115886E-19  -0.623368E-08
    313   7816.168939517992   0.230989E-01   0.347333E-19  -0.130834E-07
    314   7816.168939518016  -0.901148E-04  -0.723174E-18   0.742341E-08
    315   7816.168939518046  -0.302059E-07  -0.145907E-13   0.178531E-07
    316   7816.168939518047   0.362573E-09  -0.159568E-10  -0.125840E-07
    317   7816.168939518052   0.289724E-14  -0.631550E-09  -0.160215E-07
    318   7816.168939518057   0.902305E-08  -0.272351E-11   0.196038E-07
    319   7816.168939518058   0.113855E-07   0.938901E-12  -0.124680E-08
    320   7816.168939518071  -0.185521E-07  -0.146946E-11  -0.127945E-08
    321   7816.168939518076   0.172097E-09   0.325661E-10  -0.844835E-08
    322   7816.168939518085   0.328824E-04  -0.389795E-15  -0.971074E-08
    323   7816.168939518090  -0.661544E-10   0.383997E-09  -0.264084E-08
    324   7816.168939518094  -0.135241E-06   0.158878E-11  -0.128445E-07
    325   7816.168939518094  -0.403932E-09  -0.919569E-10   0.784844E-09
    326   7816.168939518099   0.659106E-08   0.533805E-10  -0.118789E-07
    327   7816.168939518107   0.241209E-08   0.168375E-10  -0.508635E-08
    328   7816.168939518110   0.171536E-07  -0.161902E-10   0.605547E-08
    329   7816.168939518115   0.960976E-08   0.901618E-11  -0.842671E-08
    330   7816.168939518142   0.403023E-12   0.252927E-10   0.619588E-08
    331   7816.168939518150  -0.887001E-10  -0.400674E-11  -0.945587E-08
    332   7816.168939518156   0.105367E-12  -0.123512E-10  -0.742277E-08
    333   7816.168939592862   0.601853E-35   0.663036E-05   0.617363E-05
    334  10186.696074315347   0.408998E-02  -0.342567E-19  -0.157444E+01
    335  10186.696074315352  -0.132898E-12   0.905265E-16  -0.155882E+01
    336  10186.696074315360   0.218294E-05   0.192745E-16   0.686327E+00
    337  10186.696074315365  -0.744694E-01  -0.158395E-20   0.141804E+01
    338  10186.696074315367  -0.421635E-05   0.830143E-17   0.164046E+01
    339  10186.696074315374  -0.417221E-15   0.569136E-16  -0.142970E+01
    340  10186.696074315376  -0.305307E-14   0.458423E-16   0.159316E+01
    341  10186.696074315381  -0.119047E-04  -0.710064E-18  -0.172221E+01
    342  10186.696074315398   0.520369E-07   0.156039E-15  -0.156921E+01
    343  10186.696074315403  -0.794364E-09  -0.309268E-15   0.200238E+01
    344  10186.696074315403   0.919634E-11   0.305419E-16  -0.486604E+00
    345  10186.696074315407   0.178652E-09   0.149029E-15   0.166664E+01
    346  10186.696074315423   0.244071E-16   0.258715E-13   0.855186E+00
    347  10186.696074315429  -0.202963E-17   0.935693E-14   0.150317E+01
    348  10186.696074315441   0.871530E-17  -0.132611E-15   0.154200E+01
    349  10186.696074315463   0.717488E-18  -0.117218E-14  -0.242629E+01
    350  10186.696074315481   0.617537E-18   0.311152E-15   0.199710E+00
    351  10186.696074315481  -0.609932E-17  -0.145393E-14  -0.148290E+01
    352  10247.407232929572   0.177626E-12  -0.511870E-16   0.446823E+00
    353  10247.407232929607  -0.166630E-04   0.612722E-18  -0.443102E+00
    354  10247.407232929609  -0.215934E-02  -0.806856E-19  -0.859870E+00
    355  10247.407232929612  -0.667755E-05  -0.765631E-17   0.109461E+01
    356  10247.407232929616  -0.299574E-10   0.155313E-15  -0.131661E+01
    357  10247.407232929618   0.818982E-10   0.201615E-15   0.483557E+00
    358  10247.407232929621  -0.222054E+00   0.817271E-21   0.885034E+00
    359  10247.407232929634   0.141323E-12   0.296768E-15  -0.885863E+00
    360  10247.407232929638   0.457256E-15  -0.598569E-16   0.119478E+01
    361  10247.407232929650   0.138053E-13  -0.166286E-15   0.823316E+00
    362  10247.407232929652  -0.372510E-04   0.268852E-18  -0.927503E+00
    363  10247.407232929652   0.256583E-16  -0.125035E-14   0.923692E+00
    364  10247.407232929660  -0.569923E-07   0.812219E-16   0.929393E+00
    365  10247.407232929670  -0.409847E-15  -0.128246E-15  -0.299467E+00
    366  10247.407232929672   0.361632E-12   0.948561E-16   0.707191E+00
    367  10247.407232929683  -0.111576E-14  -0.799773E-16   0.110334E+01
    368  10247.407232929698   0.122413E-14  -0.538516E-17   0.100230E+01
    369  10247.407232929732  -0.140937E-16  -0.879193E-16  -0.681597E+00
    370  10513.363575452673  -0.187172E-05  -0.522036E-16   0.103184E-01
    371  10513.363575452680   0.460742E-04  -0.653072E-18   0.158130E+00
    372  10513.363575452686   0.156172E-04  -0.402844E-15  -0.165360E+01
    373  10513.363575452691   0.264388E-02   0.220952E-17  -0.121021E+01
    374  10513.363575452699   0.463237E-04   0.129419E-15   0.138151E+01
    375  10513.363575452706  -0.590702E-04   0.713409E-16   0.544659E+00
    376  10513.363575452709  -0.140758E-04   0.737089E-16   0.848999E+00
    377  10513.363575452711   0.123574E-02  -0.206214E-16  -0.230189E+01
    378  10513.363575452722  -0.321245E-01  -0.779478E-18   0.101663E+01
    379  10513.363575452733   0.144053E-06   0.143266E-15   0.133612E+01
    380  10513.363575452733  -0.288485E-11  -0.149706E-15  -0.109713E+01
    381  10513.363575452742   0.159722E-13  -0.819076E-16  -0.965289E+00
    382  10513.363575452746   0.116650E-07   0.450877E-15   0.128867E+01
    383  10513.363575452750  -0.928622E-06  -0.444764E-16  -0.108493E+01
    384  10513.363575452779   0.172893E-11  -0.764852E-14   0.161084E+01
    385  10513.363575452788   0.535389E-08   0.225309E-14   0.567379E+00
    386  10513.363575452820   0.193782E-10  -0.443914E-15  -0.114973E+01
    387  10513.363575452888  -0.248693E-17  -0.250448E-11   0.119579E+01
    388  10551.909625102729   0.418123-145  -0.315263E-01   0.101798E+01
    389  10567.346472832993   0.350839E-06  -0.422463E-16   0.754156E+00
    390  10567.346472832998  -0.147070E-02   0.918267E-19  -0.781627E+00
    391  10567.346472833000   0.181034E-15   0.154707E-15  -0.811175E+00
    392  10567.346472833007   0.117964E-07  -0.430141E-15   0.319313E+00
    393  10567.346472833015   0.149081E-07  -0.480974E-15  -0.944628E+00
    394  10567.346472833020   0.214282E-09   0.815340E-16   0.107442E+01
    395  10567.346472833022   0.181346E-03   0.215730E-17   0.808367E-01
    396  10567.346472833027  -0.792413E-01   0.937519E-21   0.884413E+00
    397  10567.346472833027   0.166108E-03  -0.966651E-18   0.130391E+01
    398  10567.346472833029   0.954932E-13  -0.119525E-15   0.547108E+00
    399  10567.346472833040   0.176505E-10  -0.760732E-16   0.600919E+00
    400  10567.346472833051  -0.682565E-09  -0.238507E-16  -0.406707E+00
    401  10567.346472833055  -0.305672E-15  -0.515804E-16  -0.329328E-01
    402  10567.346472833067  -0.117218E-10   0.643711E-16   0.113339E+01
    403  10567.346472833078  -0.100232E-15  -0.164772E-15   0.120016E+01
    404  10567.346472833082  -0.264982E-11   0.148052E-15  -0.125385E+01
    405  10567.346472833084  -0.196003E-16  -0.103195E-13   0.856800E+00
    406  10567.346472833100   0.148135E-14   0.101351E-15   0.109166E+01
    407  11355.251517519262   0.474339E-11   0.196433E-15   0.335163E+00
    408  11355.251517519278   0.277758E-02  -0.128778E-19   0.391919E+00
    409  11355.251517519306  -0.246705E-06  -0.443680E-17  -0.428277E+00
    410  11355.251517519306  -0.459301E-08   0.129198E-15   0.500516E+00
    411  11355.251517519315   0.143869E-02   0.210797E-18   0.455568E+00
    412  11355.251517519329  -0.752360E-01   0.358047E-20   0.479281E+00
    413  11355.251517519333  -0.121707E-07   0.275415E-17   0.488239E+00
    414  11355.251517519344  -0.107448E-15   0.287551E-14  -0.294148E+00
    415  11355.251517519346   0.799993E-05  -0.107467E-17   0.508473E+00
    416  11355.251517519353  -0.695691E-11  -0.518160E-16   0.261320E+00
    417  11355.251517519353  -0.113758E-10   0.154822E-15  -0.518419E+00
    418  11355.251517519373  -0.166396E-16  -0.284066E-13  -0.702597E+00
    419  11355.251517519375   0.433328E-11  -0.330336E-17   0.579009E+00
    420  11355.251517519386   0.436084E-16  -0.111571E-13   0.605054E+00
    421  11355.251517519388   0.617772E-15   0.839273E-14  -0.499065E+00
    422  11355.251517519393   0.709188E-13  -0.130136E-15  -0.473256E+00
    423  11355.251517519393  -0.271387E-16  -0.140546E-11   0.426856E+00
    424  11355.251517519417  -0.233398E-16   0.564679E-12  -0.161712E+00
    425  11355.251517519420  -0.190503E-16   0.793651E-13  -0.103708E+00
    426  11519.959818863206  -0.151143E-16   0.216552E-14   0.188503E+01
    427  11519.959818863259   0.953653E-15  -0.153413E-15  -0.899655E-01
    428  11519.959818863261  -0.341896E-03  -0.119396E-18   0.196646E+01
    429  11519.959818863275   0.201774E-01   0.394106E-21  -0.184775E+01
    430  11519.959818863275  -0.115069E-04   0.673810E-18  -0.168623E+01
    431  11519.959818863286  -0.895198E-07  -0.108362E-15  -0.183973E+01
    432  11519.959818863297   0.893003E-06  -0.478471E-17   0.175838E+00
    433  11519.959818863303  -0.219417E-09  -0.939570E-16   0.366145E+01
    434  11519.959818863306  -0.177867E-11   0.495454E-16  -0.301174E+00
    435  11519.959818863310  -0.484245E-05   0.425140E-17   0.831534E+00
    436  11519.959818863312  -0.749770E-09  -0.406041E-16  -0.265125E+00
    437  11519.959818863317  -0.682655E-05   0.393080E-17  -0.326036E+01
    438  11519.959818863330  -0.410109E-16   0.291886E-14   0.119299E+01
    439  11519.959818863330   0.246421E-16   0.231748E-13  -0.586605E+00
    440  11519.959818863332  -0.298995E-10  -0.212085E-15   0.148924E+01
    441  11519.959818863343   0.100641E-12   0.595228E-16   0.208551E+01
    442  11519.959818863354  -0.683132E-16   0.191670E-13   0.366191E+01
    443  11519.959818863361  -0.316921E-16   0.591272E-14  -0.446493E-01
    444  11519.959818863401  -0.145429E-15  -0.322234E-14   0.182764E+01
    445  11887.766865063310   0.539441E-02   0.768944E-13  -0.157501E+01
    446  11887.766865063324   0.178523E-06  -0.343034E-10  -0.432942E+00
    447  11887.766865063346  -0.559971E-07  -0.813278E-12   0.136784E+01
    448  11887.766865063348   0.731475E-17  -0.236585E-09  -0.553381E+00
    449  11887.766865063350   0.128404E-04  -0.133945E-11  -0.155526E+01
    450  11887.766865063351   0.844760E-01   0.552559E-12   0.185268E+01
    451  11887.766865063351   0.157091E-07  -0.176797E-10   0.107109E+01
    452  11887.766865063353   0.137204E-07  -0.256377E-09  -0.615219E+00
    453  11887.766865063373  -0.381152E-07  -0.515956E-10   0.227935E+01
    454  11887.766865063373   0.132413E-08   0.868942E-09   0.118958E+00
    455  11887.766865063380  -0.142011E-10  -0.866486E-09   0.431871E+00
    456  11887.766865063390  -0.106373E-02   0.374460E-10  -0.197416E+01
    457  11887.766865063390   0.163901E-03  -0.783936E-10  -0.195060E+00
    458  11887.766865063390   0.109318E-04   0.770172E-11   0.163182E+01
    459  11887.766865063390   0.823814E-08  -0.270683E-09   0.281412E+00
    460  11887.766865063411  -0.114986E-07  -0.259817E-09   0.149342E+01
    461  11887.766865063424  -0.556889E-04  -0.954362E-10   0.280278E+01
    462  11887.766865063431   0.165352E-04   0.156478E-11  -0.236482E+01
    463  11887.766865063433   0.690117E-06   0.238639E-09   0.243309E+01
    464  11887.766865063439   0.373094E-07   0.432744E-09   0.325624E+01
    465  11887.766865063440  -0.371907E-08  -0.160753E-08   0.305493E+01
    466  14374.894634895874  -0.204426E-15   0.566904E-05  -0.287406E-05
    467  14374.894634912023  -0.241871E-06  -0.316733E-19  -0.645342E-06
    468  14374.894634912042  -0.302865E-06   0.335884E-17  -0.744417E-06
    469  14374.894634912051   0.182933E-06   0.276352E-17  -0.982596E-06
    470  14374.894634912056   0.109077E-04   0.183608E-18  -0.734132E-06
    471  14374.894634912056  -0.312896E-16   0.480029E-13   0.831227E-06
    472  14374.894634912060   0.325190E-17   0.295810E-16  -0.950865E-06
    473  14374.894634912063   0.507191E-01  -0.263080E-21  -0.801746E-06
    474  14374.894634912065  -0.299500E-16   0.304042E-11  -0.784008E-06
    475  14374.894634912078   0.144645E-12  -0.391028E-16  -0.879915E-06
    476  14374.894634912082   0.918407E-09   0.252330E-16  -0.798643E-06
    477  14374.894634912087   0.623140E-03   0.351347E-19  -0.945948E-06
    478  14374.894634912100   0.926192E-17  -0.243258E-12  -0.795362E-06
    479  14374.894634912111   0.308323E-16  -0.160422E-10  -0.878813E-06
    480  14374.894634912123   0.128474E-15   0.369675E-15   0.749721E-06
    481  14374.894634912129  -0.596429E-16   0.623716E-09   0.794277E-06
    482  14374.894634912132  -0.909325E-14   0.262908E-15   0.679970E-06
    483  14374.894634912136  -0.179891E-10  -0.478241E-15   0.744272E-06
    484  14467.885074124861   0.137569E-10   0.200237E-07  -0.267256E-07
    485  14467.885074124870  -0.345183E-10   0.143846E-07   0.548008E-07
    486  14467.885074124917   0.891165E-10   0.664907E-07  -0.763478E-07
    487  14467.885074124921   0.147115E-05  -0.265733E-07  -0.314296E-07
    488  14467.885074124926   0.127445E-06   0.104897E-06  -0.777158E-07
    489  14467.885074124926  -0.355295E-10  -0.499871E-08  -0.138493E-07
    490  14467.885074124935  -0.114694E-04   0.618480E-08  -0.149077E-06
    491  14467.885074124952   0.208084E-05   0.393827E-07   0.445114E-07
    492  14467.885074124952   0.737888E-07   0.978852E-07  -0.443286E-07
    493  14467.885074124955   0.185055E-05   0.951948E-07  -0.203513E-06
    494  14467.885074124964   0.519024E-03   0.567920E-09  -0.570888E-07
    495  14467.885074124966  -0.753799E-01  -0.258113E-18   0.124815E-06
    496  14467.885074124975  -0.339250E-05   0.500778E-07   0.613168E-07
    497  14467.885074124979   0.102738E-02  -0.201377E-09   0.177259E-06
    498  14467.885074124983  -0.114872E-05   0.774181E-07  -0.962269E-07
    499  14467.885074125001  -0.170370E-05   0.141817E-08  -0.542589E-07
    500  14467.885074125019   0.158643E-05   0.155640E-08  -0.220291E-06
    501  14467.885074125019  -0.123129E-06  -0.292391E-07  -0.186526E-06
    502  14467.885074125055   0.416286E-07  -0.333007E-07   0.278383E-06
    503  14723.651105687986   0.464020E-10  -0.422026E-11   0.404760E-06
    504  14723.651105687999   0.815712E-01   0.169489E-21   0.315843E-06
    505  14723.651105688003  -0.131824E-06   0.374098E-14  -0.323612E-06
    506  14723.651105688006  -0.446273E-04   0.721351E-17   0.220018E-06
    507  14723.651105688015   0.616728E-14   0.849672E-11  -0.504174E-06
    508  14723.651105688024   0.264496E-16  -0.827698E-10  -0.524010E-06
    509  14723.651105688024  -0.134852E-10  -0.312503E-10  -0.306105E-06
    510  14723.651105688026  -0.139341E-03  -0.267732E-17  -0.394356E-06
    511  14723.651105688061  -0.274311E-11   0.307045E-10   0.168960E-06
    512  14723.651105688061  -0.341685E-08   0.331245E-12   0.420482E-06
    513  14723.651105688072   0.300344E-08   0.446901E-12   0.126468E-07
    514  14723.651105688094  -0.754562E-12  -0.733181E-10   0.143725E-06
    515  14723.651105688117  -0.315384E-12  -0.234811E-09   0.556251E-06
    516  14723.651105688121  -0.204441E-12   0.152487E-10  -0.126333E-06
    517  14723.651105688128  -0.865206E-14   0.759971E-10   0.807055E-07
    518  14723.651105688134   0.352411E-14   0.375933E-09  -0.106371E-06
    519  14723.651105688166   0.564797E-12  -0.604765E-10   0.126199E-06
    520  14723.651105688166   0.481362E-14   0.184754E-09  -0.148377E-06
    521  14789.775574763837   0.136152E-05   0.300172E-13  -0.192175E-06
    522  14789.775574763864  -0.329656E-15  -0.117369E-08  -0.102568E-07
    523  14789.775574763868   0.142262E-02   0.380722E-16   0.216782E-06
    524  14789.775574763877  -0.387394E-11   0.620561E-10  -0.121304E-07
    525  14789.775574763882  -0.106245E-05   0.333149E-13  -0.199071E-06
    526  14789.775574763891   0.893255E-10   0.135293E-09  -0.203911E-06
    527  14789.775574763898   0.104516E-11  -0.500540E-09   0.904935E-07
    528  14789.775574763900   0.162154E-09  -0.550028E-10   0.377460E-06
    529  14789.775574763908   0.424966E-14  -0.262075E-10  -0.275738E-06
    530  14789.775574763918   0.337728E-08  -0.106981E-11  -0.236249E-06
    531  14789.775574763926   0.117153E+00   0.271985E-17  -0.255211E-06
    532  14789.775574763928   0.139987E-15  -0.102905E-07   0.182213E-06
    533  14789.775574763931  -0.118562E-02   0.315051E-15  -0.297002E-06
    534  14789.775574763944   0.171779E-06   0.664193E-14   0.344712E-06
    535  14789.775574763949  -0.995215E-12   0.769784E-09  -0.380127E-06
    536  14789.775574763966   0.530429E-09  -0.748250E-11   0.326993E-06
    537  14789.775574764002   0.328286E-13   0.190566E-08   0.150616E-06
    538  14789.775574764008   0.561232E-14  -0.258216E-08   0.308751E-06
    539  15553.258984949365  -0.204240E-60   0.316955E-02  -0.948564E-03
    540  15553.259977677026   0.310609E-09  -0.255909E-17   0.224662E-06
    541  15553.259977677066  -0.104963E-16   0.543259E-12  -0.259372E-06
    542  15553.259977677066   0.232453E-09  -0.210716E-17  -0.306358E-06
    543  15553.259977677071  -0.104296E-06   0.129223E-17   0.196182E-06
    544  15553.259977677071  -0.506432E-02  -0.528896E-20  -0.298000E-06
    545  15553.259977677078   0.763263E-12  -0.167091E-15   0.256236E-06
    546  15553.259977677080   0.419242E-16   0.975218E-14  -0.242481E-06
    547  15553.259977677088  -0.108591E-03   0.385098E-19   0.226353E-06
    548  15553.259977677088   0.513340E-12   0.402786E-15   0.196249E-06
    549  15553.259977677097  -0.441494E-01   0.499605E-21  -0.210259E-06
    550  15553.259977677097  -0.109119E-09  -0.641915E-17   0.218159E-06
    551  15553.259977677133   0.456357E-11  -0.292160E-15  -0.213859E-06
    552  15553.259977677139  -0.529655E-17  -0.327230E-16   0.268436E-06
    553  15553.259977677151  -0.501837E-11  -0.331142E-16   0.262135E-06
    554  15553.259977677151  -0.569735E-06   0.957249E-19   0.244020E-06
    555  15553.259977677166   0.349983E-16   0.844687E-11  -0.564570E-07
    556  15553.259977677173   0.741616E-17  -0.248645E-13  -0.237276E-06
    557  15553.259977677182  -0.827849E-17   0.570084E-11  -0.325979E-06
    558  15761.104118144725   0.167087E-99  -0.624031E-01   0.183464E-01
    559  15761.234807260358   0.423216E-14   0.164697E-17  -0.126658E-06
    560  15761.234807260411   0.572096E-05   0.204417E-19  -0.899053E-07
    561  15761.234807260420   0.186638E-05  -0.116086E-18  -0.292188E-07
    562  15761.234807260420   0.427135E-17  -0.110449E-13  -0.128789E-06
    563  15761.234807260425   0.322832E-01  -0.152141E-23   0.121228E-06
    564  15761.234807260429   0.934781E-06   0.106314E-18  -0.189170E-06
    565  15761.234807260429  -0.479429E-10   0.223002E-18  -0.106661E-06
    566  15761.234807260431   0.678849E-11   0.838511E-18   0.127829E-06
    567  15761.234807260444   0.133318E-16  -0.122314E-12   0.765060E-07
    568  15761.234807260456  -0.123720E-14  -0.173027E-16  -0.134765E-06
    569  15761.234807260475  -0.697058E-16  -0.186167E-12  -0.106238E-06
    570  15761.234807260480  -0.115394E-15   0.285153E-12  -0.143093E-06
    571  15761.234807260485  -0.138738E-15   0.127882E-15   0.983632E-07
    572  15761.234807260502  -0.385424E-17   0.434124E-12   0.165530E-06
    573  15761.234807260504   0.272969E-16  -0.381501E-11  -0.115024E-06
    574  15761.234807260524  -0.102518E-17   0.348797E-12   0.149451E-06
    575  15761.234807260551  -0.670284E-17   0.523150E-12  -0.933767E-07
    576  15761.234807260551   0.558220E-16   0.128588E-12  -0.867756E-07
    577  16069.845415869124  -0.742350E-17   0.221109E-12   0.140558E-07
    578  16069.845415869182   0.180787E-13   0.130737E-16   0.259448E-07
    579  16069.845415869187  -0.118721E-13  -0.907702E-16   0.172725E-07
    580  16069.845415869197  -0.329406E-11   0.142652E-16  -0.111816E-07
    581  16069.845415869197   0.690986E-03   0.863089E-22  -0.150662E-07
    582  16069.845415869200   0.128980E-05  -0.537594E-19   0.183696E-07
    583  16069.845415869200  -0.867768E-14  -0.273614E-15  -0.815005E-08
    584  16069.845415869206   0.333816E-17   0.145209E-15   0.224153E-07
    585  16069.845415869206   0.356543E-16  -0.617458E-15   0.506125E-08
    586  16069.845415869218   0.891666E-01  -0.370048E-23   0.153386E-07
    587  16069.845415869224   0.233759E-09   0.404878E-18  -0.194461E-07
    588  16069.845415869224   0.191111E-16  -0.577973E-14   0.120726E-07
    589  16069.845415869228  -0.212194E-06  -0.619540E-18  -0.140523E-07
    590  16069.845415869233   0.137513E-09   0.200624E-19   0.311907E-08
    591  16069.845415869240  -0.138716E-04   0.189706E-20  -0.132208E-07
    592  16069.845415869246   0.246954E-16   0.414753E-15   0.210528E-08
    593  16069.845415869251  -0.339800E-16  -0.165802E-13  -0.192828E-07
    594  16069.845415869268  -0.931635E-16   0.143788E-16  -0.167490E-07
    595  16069.845415869273   0.957607E-16  -0.129667E-14  -0.123522E-07
    596  18487.787531827977  -0.418094E-16  -0.397882E-08  -0.656932E+00
    597  18487.787531828049   0.272035E-04   0.656888E-11   0.833123E+00
    598  18487.787531828053   0.196975E+00  -0.110521E-20   0.573033E+00
    599  18487.787531828057   0.556606E-06  -0.652496E-10   0.840308E+00
    600  18487.787531828057   0.243827E-02  -0.584607E-17   0.572023E+00
    601  18487.787531828064  -0.196500E-04   0.177787E-11   0.227491E+00
    602  18487.787531828075  -0.115705E-14   0.805664E-08  -0.804639E+00
    603  18487.787531828078  -0.139909E-05  -0.371205E-10   0.513717E+00
    604  18487.787531828082   0.475574E-06  -0.295200E-10   0.425010E+00
    605  18487.787531828104   0.391104E-16  -0.173669E-06  -0.604284E+00
    606  18487.787531828111   0.151827E-06  -0.135770E-08   0.505798E+00
    607  18487.787531828115  -0.119046E-05   0.280805E-10   0.797719E+00
    608  18487.787531828122   0.112257E-05   0.184321E-10   0.370691E+00
    609  18487.787531828129   0.295068E-06   0.196301E-09   0.793571E+00
    610  18487.787531828140   0.959610E-07  -0.971783E-11  -0.204624E+00
    611  18487.787531828148   0.399741E-15   0.346991E-08  -0.536506E+00
    612  18487.787531828155   0.155818E-06   0.289806E-09   0.168625E+00
    613  18487.787531828188  -0.273242E-06   0.104683E-09  -0.338177E+00
    614  18487.787531828209   0.103646E-11   0.444896E-08   0.516769E+00
    615  18678.828036007490   0.250384E-16   0.646221E-08  -0.125414E+01
    616  18678.828036007548  -0.107799E-15   0.104527E-07  -0.321994E+00
    617  18678.828036007566  -0.741733E-12   0.414156E-13  -0.333332E+00
    618  18678.828036007573   0.312538E-16   0.121718E-12   0.145590E+01
    619  18678.828036007588  -0.182429E-08   0.588404E-16   0.139086E+01
    620  18678.828036007591   0.493508E-11   0.197382E-13  -0.184775E+01
    621  18678.828036007591  -0.180722E+00  -0.183373E-22   0.929448E+00
    622  18678.828036007591  -0.227461E-07   0.251744E-16   0.940694E+00
    623  18678.828036007606   0.131125E-02  -0.171159E-18  -0.104429E+01
    624  18678.828036007610  -0.117143E-09  -0.162883E-15   0.562225E+00
    625  18678.828036007621   0.158016E-08   0.179002E-15  -0.837213E+00
    626  18678.828036007628  -0.433154E-03  -0.519265E-18  -0.287423E+00
    627  18678.828036007628   0.431069E-16  -0.394524E-10   0.792386E+00
    628  18678.828036007635   0.119128E-07   0.272206E-16  -0.799176E+00
    629  18678.828036007635   0.468273E-13   0.169971E-12  -0.692905E+00
    630  18678.828036007646  -0.211932E-15  -0.744579E-11   0.652196E+00
    631  18678.828036007664  -0.152400E-11  -0.159437E-14  -0.458039E+00
    632  18678.828036007704  -0.163587E-09  -0.185128E-15  -0.450984E+00
    633  18912.114720464011   0.137195E-05   0.899218E-19   0.115849E+01
    634  18912.114720464011   0.493218E-12   0.734389E-14  -0.127766E+01
    635  18912.114720464044   0.998702E-02  -0.445221E-20   0.156493E+01
    636  18912.114720464047  -0.174835E-01  -0.343361E-20  -0.152889E+00
    637  18912.114720464051   0.965983E-06  -0.364797E-18  -0.718020E+00
    638  18912.114720464055   0.306952E-02  -0.529187E-20   0.404531E+00
    639  18912.114720464066   0.149709E-10   0.102279E-13   0.193561E+00
    640  18912.114720464066  -0.217559E-15  -0.720301E-13  -0.135478E+01
    641  18912.114720464066  -0.209402E-07   0.302666E-15   0.115366E+01
    642  18912.114720464080   0.855479E-13   0.525711E-14  -0.122780E+01
    643  18912.114720464098  -0.540324E-09  -0.105022E-13  -0.659438E+00
    644  18912.114720464106   0.186185E-10  -0.837338E-13  -0.144895E+00
    645  18912.114720464106  -0.522102E-07  -0.530519E-16  -0.962117E+00
    646  18912.114720464138   0.199384E-13  -0.101682E-13   0.116671E+01
    647  18912.114720464182  -0.160538E-13   0.115402E-12   0.680859E-01
    648  18912.114720464197  -0.185099E-14   0.634736E-14  -0.117981E+01
    649  18912.114720464207   0.525502E-16   0.126153E-12   0.823014E+00
    650  18919.935799098956   0.103855E-99  -0.773027E-01  -0.917605E+00
    651  19002.598880793692  -0.331530E-12  -0.282278E-09   0.977720E+00
    652  19002.598880793754  -0.106105E-07   0.134662E-10   0.100930E+01
    653  19002.598880793761  -0.269078E-05   0.101522E-11  -0.113416E+01
    654  19002.598880793768   0.138317E-04   0.128826E-10   0.553951E+00
    655  19002.598880793787   0.131591E+00   0.146676E-25  -0.708707E+00
    656  19002.598880793794   0.373464E-06   0.243705E-09   0.116518E+01
    657  19002.598880793797  -0.551269E-06   0.220020E-09  -0.190581E+00
    658  19002.598880793797   0.906028E-06   0.646507E-10  -0.683065E+00
    659  19002.598880793801  -0.233350E-05   0.922874E-10   0.224345E+00
    660  19002.598880793823   0.224803E-06   0.470402E-10   0.266933E+00
    661  19002.598880793830  -0.117812E-10   0.114978E-08   0.556481E+00
    662  19002.598880793837   0.129177E-07   0.696051E-10  -0.287850E+00
    663  19002.598880793852  -0.410128E-14  -0.763997E-08  -0.751129E-01
    664  19002.598880793877   0.111149E-10  -0.254838E-09   0.100496E+01
    665  19002.598880793896   0.114976E-08   0.243785E-09  -0.211450E+00
    666  19002.598880793958   0.110065E-14  -0.356653E-08   0.315518E-01
    667  19002.598880793972   0.125527E-12   0.678676E-08   0.102189E+01
    668  19002.598880794609  -0.172039E-15  -0.788823E-06  -0.698957E+00
    669  19702.298006210949  -0.327912E-14  -0.433548E-21   0.703514E+00
    670  19702.298006210953  -0.796369E-10   0.617972E-26   0.664806E+00
    671  19702.298006210956  -0.621410E-07   0.551061E-28   0.474473E+00
    672  19702.298006210967   0.277521E-12   0.105074E-23  -0.641003E+00
    673  19702.298006210967  -0.794742E-16   0.337750E-17  -0.108043E+01
    674  19702.298006210993   0.155219E-03   0.525542E-29   0.751065E+00
    675  19702.298006211000   0.374967E-13  -0.565254E-22  -0.770794E+00
    676  19702.298006211000   0.135942E-01   0.248872E-28   0.681755E+00
    677  19702.298006211000  -0.301242E-16  -0.329670E-18  -0.617996E+00
    678  19702.298006211007  -0.125385E-04  -0.212794E-27   0.808220E+00
    679  19702.298006211025   0.375605E-16   0.157118E-14  -0.598510E+00
    680  19702.298006211029   0.542979E-17   0.213124E-15  -0.455883E+00
    681  19702.298006211058   0.486771E-16   0.645726E-15  -0.666439E+00
    682  19702.298006211058  -0.250996E-16  -0.785205E-20  -0.738565E+00
    683  19702.298006211084  -0.660417E-15   0.171240E-22   0.626554E+00
    684  19702.298006211124  -0.247351E-15   0.630164E-17  -0.276156E+00
    685  19702.298006211127  -0.260361E-16   0.126387E-13   0.812385E+00
    686  19888.906789063425   0.649106-122   0.319049E+00   0.818323E+00
    687  19992.551440711162  -0.113097E-17  -0.131545E-12   0.104534E+01
    688  19992.551440711170  -0.756641E-08  -0.226019E-21  -0.132403E+01
    689  19992.551440711199  -0.340324E-09  -0.117589E-19   0.172449E+01
    690  19992.551440711199   0.765563E-07  -0.650891E-22  -0.184156E+01
    691  19992.551440711202   0.124167E-17  -0.272443E-12  -0.314534E+00
    692  19992.551440711202  -0.263030E-14  -0.122889E-16  -0.164758E+01
    693  19992.551440711206   0.325400E+00  -0.582776E-31   0.162821E+01
    694  19992.551440711231   0.181372E-09  -0.156234E-19   0.671329E+00
    695  19992.551440711239  -0.685364E-03  -0.307599E-28   0.161881E+01
    696  19992.551440711257  -0.213054E-12  -0.978158E-18   0.174608E+01
    697  19992.551440711275  -0.112592E-09  -0.240544E-19  -0.174494E+01
    698  19992.551440711275   0.991735E-09  -0.632339E-21  -0.212819E+01
    699  19992.551440711279   0.308376E-15  -0.117235E-14   0.839898E+00
    700  19992.551440711282  -0.196382E-16   0.107911E-14   0.186405E+01
    701  19992.551440711282   0.225086E-17  -0.296131E-12  -0.249621E+01
    702  19992.551440711293  -0.532852E-15  -0.303402E-15   0.174730E+01
    703  19992.551440711315   0.533309E-17  -0.258581E-16   0.174522E+01
    704  20239.087893475658   0.880573E-12   0.665072E-19  -0.540360E+00
    705  20239.087893475669   0.365499E-04  -0.133285E-23  -0.558347E+00
    706  20239.087893475691   0.889651E-05   0.861218E-23  -0.657925E+00
    707  20239.087893475698  -0.290101E-02  -0.339427E-26  -0.680821E+00
    708  20239.087893475709   0.598077E-01  -0.122634E-27  -0.700825E+00
    709  20239.087893475713  -0.137410E-05   0.221561E-22   0.793771E+00
    710  20239.087893475724   0.210646E-14   0.118143E-15  -0.943746E+00
    711  20239.087893475731  -0.125146E-15   0.353327E-14  -0.539407E+00
    712  20239.087893475738  -0.264756E-12  -0.719804E-18  -0.333795E+00
    713  20239.087893475738  -0.115727E-14   0.220808E-15  -0.549013E+00
    714  20239.087893475757  -0.320439E-12   0.513233E-18   0.938912E+00
    715  20239.087893475760  -0.179564E-19   0.100167E-12  -0.721836E-01
    716  20239.087893475778  -0.205448E-18  -0.347582E-13   0.258157E+00
    717  20239.087893475786  -0.349700E-16   0.107765E-12   0.111730E+01
    718  20239.087893475789  -0.168622E-14   0.253050E-15   0.537507E+00
    719  20239.087893475793  -0.347150E-15  -0.175605E-14   0.716384E+00
    720  20239.087893475797  -0.565897E-08  -0.427399E-22  -0.595129E+00
    721  20737.545856316105   0.375142E-06   0.275656E-21  -0.362953E+00
    722  20737.545856316108  -0.118550E-15   0.147200E-11  -0.391917E+00
    723  20737.545856316108  -0.108680E+00   0.479935E-27  -0.284973E+00
    724  20737.545856316123  -0.136889E-14   0.187478E-15  -0.308560E+00
    725  20737.545856316130   0.193354E-01  -0.147325E-27   0.124318E-01
    726  20737.545856316137   0.665321E-16  -0.835022E-13   0.319414E+00
    727  20737.545856316137   0.145658E-07   0.103490E-19   0.243801E+00
    728  20737.545856316137   0.165861E-01   0.855134E-27   0.563859E+00
    729  20737.545856316148   0.695934E-16  -0.519676E-11   0.315847E+00
    730  20737.545856316152   0.328166E-08  -0.467687E-19   0.426202E+00
    731  20737.545856316163   0.278141E-12  -0.370633E-17  -0.332509E+00
    732  20737.545856316163  -0.759385E-16   0.144212E-08   0.193551E+00
    733  20737.545856316170  -0.234178E-09   0.424334E-18   0.382786E+00
    734  20737.545856316185   0.127653E-14  -0.309661E-16  -0.462849E+00
    735  20737.545856316199  -0.792233E-17  -0.631542E-11   0.406763E+00
    736  20737.545856316254  -0.599812E-18  -0.645327E-09  -0.464604E+00
    737  20778.137178159974  -0.583312E-16  -0.292704E-14   0.964742E-01
    738  20778.137178159988   0.288207E-16  -0.180131E-10   0.232433E-01
    739  20778.137178160061  -0.858822E-03   0.288478E-20   0.482405E-01
    740  20778.137178160083   0.200246E-07   0.424493E-18   0.104940E+00
    741  20778.137178160090   0.105413E+00   0.190478E-21  -0.529379E-01
    742  20778.137178160090  -0.575675E-11  -0.263887E-17   0.929681E-01
    743  20778.137178160105   0.377362E-08   0.291000E-18  -0.353674E-01
    744  20778.137178160108   0.175866E-10  -0.405771E-17  -0.725141E-02
    745  20778.137178160112   0.158998E-16   0.101866E-11   0.742776E-01
    746  20778.137178160116  -0.424567E-16  -0.107333E-10   0.105405E+00
    747  20778.137178160119  -0.326404E-03   0.129388E-19  -0.827020E-01
    748  20778.137178160126  -0.237726E-01   0.563147E-21   0.903695E-01
    749  20778.137178160141   0.103564E-15  -0.140286E-13   0.111547E-01
    750  20778.137178160141  -0.200940E-15   0.606797E-12  -0.103657E+00
    751  20778.137178160148   0.217907E-17   0.216593E-12  -0.145864E-01
    752  20778.137178160239  -0.136612E-15  -0.596421E-12  -0.591125E-01
    753  21049.161525913129  -0.116968E-09   0.255106E-21   0.709442E-01
    754  21049.161525913158   0.194723E+00  -0.149733E-24   0.686228E-01
    755  21049.161525913161  -0.285878E-05  -0.203788E-24  -0.729899E-01
    756  21049.161525913165   0.355076E-16  -0.122571E-16   0.104205E+00
    757  21049.161525913165  -0.991863E-03   0.107672E-24  -0.684795E-01
    758  21049.161525913180  -0.681779E-11   0.199490E-19  -0.767086E-01
    759  21049.161525913183   0.329953E-12   0.118886E-18  -0.692226E-01
    760  21049.161525913187   0.121435E-06  -0.157390E-22  -0.899521E-01
    761  21049.161525913187   0.370711E-15   0.425284E-16  -0.246925E-01
    762  21049.161525913201  -0.135771E-06  -0.921255E-23   0.222416E-01
    763  21049.161525913212   0.445447E-11   0.379923E-19  -0.659019E-01
    764  21049.161525913230   0.198032E-13  -0.111772E-17   0.591050E-01
    765  21049.161525913267   0.101306E-15   0.262355E-15   0.107799E-01
    766  21049.161525913278   0.118832E-15  -0.153572E-15  -0.832707E-01
    767  21049.161525913292  -0.237148E-14  -0.104297E-14  -0.690102E-01
    768  21049.161525913310  -0.385065E-14   0.227804E-14  -0.772968E-01
    769  21093.339839887423  -0.108588E-16  -0.639815E-04   0.159561E+00
    770  21093.339922567226   0.250344E-16  -0.561594E-13  -0.212663E+00
    771  21093.339922567244   0.235597E-03   0.670370E-26  -0.161298E+00
    772  21093.339922567251  -0.453396E-13   0.426503E-16   0.201280E+00
    773  21093.339922567255  -0.570963E-07   0.915699E-20   0.168284E+00
    774  21093.339922567262  -0.258345E+00  -0.109536E-25   0.159328E+00
    775  21093.339922567266   0.332618E-05  -0.283904E-22  -0.157064E+00
    776  21093.339922567280   0.610102E-11   0.256212E-17  -0.191285E+00
    777  21093.339922567291   0.798535E-13  -0.116291E-15   0.232459E+00
    778  21093.339922567309   0.221622E-09   0.153904E-18  -0.137888E+00
    779  21093.339922567313   0.814278E-16  -0.826910E-13   0.119424E+00
    780  21093.339922567320  -0.144931E-07  -0.261323E-19  -0.139028E+00
    781  21093.339922567327   0.353081E-12   0.230432E-18   0.124695E+00
    782  21093.339922567331   0.108901E-12  -0.784430E-16   0.123770E+00
    783  21093.339922567346   0.581911E-13  -0.344997E-16  -0.127097E-01
    784  21093.339922567371  -0.246888E-09  -0.851679E-18  -0.132318E+00
    785  21093.339922567418  -0.179483E-16  -0.125490E-11  -0.158196E+00
    786  21551.884220955279   0.169364-153  -0.410453E+00  -0.102010E-03
    787  21899.733136202998   0.471145E-15   0.220050E-18  -0.135245E-01
    788  21899.733136203002   0.311664E-17  -0.122096E-16  -0.106115E-01
    789  21899.733136203031  -0.304844E-10  -0.307219E-22   0.136491E-01
    790  21899.733136203038   0.598478E-16   0.133039E-14  -0.190837E-01
    791  21899.733136203042  -0.896639E-09   0.239447E-23   0.117607E-01
    792  21899.733136203042   0.615926E-16  -0.123038E-14   0.151303E-01
    793  21899.733136203045   0.472784E-06   0.188173E-21   0.127614E-01
    794  21899.733136203045  -0.271100E-15   0.145537E-17  -0.141294E-01
    795  21899.733136203049  -0.119486E-02   0.109214E-21   0.127237E-01
    796  21899.733136203053  -0.195892E-16  -0.983447E-14  -0.166399E-01
    797  21899.733136203075   0.432154E-16  -0.157789E-14  -0.156338E-02
    798  21899.733136203111   0.439054E-16  -0.371665E-15   0.136239E-02
    799  21899.733136203118  -0.425856E-16  -0.778259E-17  -0.109587E-01
    800  21899.733136203129   0.109595E-10   0.355702E-21  -0.141350E-01
    801  21899.733136203129   0.667636E-16   0.868135E-17   0.115143E-01
    802  21899.733136203144   0.425641E-17   0.936176E-16   0.134463E-01
    803  21899.733136203165   0.124164E-11  -0.198381E-20   0.995219E-02
    804  21899.733136203184   0.174220E-16   0.522196E-15  -0.126735E-01
    805  22028.413451223019   0.103841E-59  -0.760184E-02   0.222215E+00
    806  22028.424286721223  -0.753775E-16  -0.745919E-13   0.205981E+00
    807  22028.424286721238  -0.120163E-03   0.420249E-21  -0.222202E+00
    808  22028.424286721242   0.172062E-06  -0.316135E-18   0.279838E+00
    809  22028.424286721252  -0.213287E-14  -0.115857E-13  -0.166582E+00
    810  22028.424286721252  -0.184858E+00  -0.356653E-21  -0.222765E+00
    811  22028.424286721252  -0.355380E-16  -0.527444E-11  -0.207838E+00
    812  22028.424286721256  -0.326833E-16  -0.218804E-12  -0.281699E+00
    813  22028.424286721256  -0.485470E-07  -0.605038E-18   0.181919E+00
    814  22028.424286721267  -0.538961E-16   0.552837E-12   0.265229E+00
    815  22028.424286721285   0.412205E-08   0.595685E-17  -0.290374E+00
    816  22028.424286721292   0.252760E-14   0.382947E-12  -0.259740E+00
    817  22028.424286721300   0.105677E-09  -0.123921E-15  -0.134667E+00
    818  22028.424286721318  -0.532974E-10  -0.228357E-15  -0.176453E+00
    819  22028.424286721347  -0.298353E-13  -0.139456E-13  -0.249594E+00
    820  22028.424286721358  -0.771025E-16   0.690961E-13   0.120550E+00
    821  22028.424286721391  -0.542908E-17  -0.352587E-12  -0.276304E+00
    822  22028.424286721405  -0.188954E-15  -0.114350E-11   0.121209E+00
    823  22028.424286721423   0.100906E-15  -0.243205E-12  -0.228048E+00
    824  22046.585507442964   0.101660-128  -0.327584E+00  -0.310007E-01
    825  22461.318666935560   0.136242E-13   0.334256E-19   0.148850E+00
    826  22461.318666935633  -0.590009E-01  -0.813829E-22   0.150655E+00
    827  22461.318666935633   0.122066E-16   0.119835E-16  -0.138649E+00
    828  22461.318666935647  -0.134285E-02  -0.111978E-22  -0.144906E+00
    829  22461.318666935666   0.122496E-14  -0.126250E-10  -0.147629E+00
    830  22461.318666935673   0.133138E-16  -0.591457E-13   0.163263E+00
    831  22461.318666935684   0.967121E-09  -0.203699E-20   0.170969E+00
    832  22461.318666935684  -0.281427E-16   0.209913E-15   0.168676E+00
    833  22461.318666935687  -0.207340E-15   0.143952E-13   0.150912E+00
    834  22461.318666935691  -0.544069E-15  -0.228555E-11   0.835699E-01
    835  22461.318666935698  -0.177130E-09  -0.131357E-18   0.133347E+00
    836  22461.318666935702  -0.856132E-14  -0.160862E-20  -0.151964E+00
    837  22461.318666935706   0.588315E-06  -0.252367E-20   0.151426E+00
    838  22461.318666935709  -0.180353E-03  -0.449899E-21  -0.115895E+00
    839  22461.318666935735  -0.775953E-16  -0.675116E-12  -0.130145E+00
    840  22461.318666935764   0.197995E-15   0.892772E-14  -0.109342E+00
    841  22461.318666935789  -0.267460E-16  -0.687728E-12  -0.200539E+00
    842  22461.318666935797   0.606013E-12   0.193149E-20   0.146469E+00
    843  22461.318669268738  -0.844549E-15  -0.370508E-04  -0.146964E+00
    844  22711.882199068474  -0.419946E-16  -0.561908E-19   0.250508E-05
    845  22711.882199068492  -0.200425E-15   0.362244E-13   0.222257E-05
    846  22711.882199068503  -0.100909E-15   0.168817E-11   0.292897E-05
    847  22711.882199068503  -0.747379E-01  -0.922897E-23   0.249327E-05
    848  22711.882199068517   0.232489E-04  -0.808078E-25   0.249112E-05
    849  22711.882199068525   0.328352E-16   0.153900E-16  -0.171710E-05
    850  22711.882199068525   0.110932E-15  -0.191362E-12   0.285400E-05
    851  22711.882199068525  -0.393251E-08  -0.190258E-22  -0.248755E-05
    852  22711.882199068536   0.602349E-17   0.298071E-15  -0.211701E-05
    853  22711.882199068543  -0.394133E-16  -0.281567E-16   0.218369E-05
    854  22711.882199068550  -0.336728E-15  -0.989743E-16  -0.346037E-05
    855  22711.882199068557  -0.234238E-15  -0.835325E-22  -0.248858E-05
    856  22711.882199068561   0.757326E-16  -0.583128E-18  -0.264273E-05
    857  22711.882199068576  -0.218688E-15  -0.382657E-11  -0.231377E-05
    858  22711.882199068579   0.144486E-11  -0.273947E-21   0.249826E-05
    859  22711.882199068583  -0.766543E-15   0.121576E-11  -0.202594E-05
    860  22711.882199068608  -0.980224E-16   0.724066E-17  -0.236397E-05
    861  22711.882199068656  -0.318128E-15  -0.418793E-16   0.257658E-05
    862  22711.882996161934   0.127311E-30   0.571030E-03   0.238610E-04
    863  22877.206733643779   0.409679E-10  -0.257357E-15  -0.176652E-06
    864  22877.206733643790   0.287830E-10   0.389243E-15   0.644298E-07
    865  22877.206733643794  -0.538987E-13  -0.192617E-14  -0.197474E-06
    866  22877.206733643801   0.318126E-03   0.311741E-23  -0.120452E-06
    867  22877.206733643801   0.144466E+00  -0.304014E-24   0.122615E-06
    868  22877.206733643805  -0.357532E-16   0.174346E-11  -0.129909E-06
    869  22877.206733643816  -0.144916E-05  -0.164709E-20   0.130236E-06
    870  22877.206733643838   0.562088E-07  -0.489964E-19   0.115792E-06
    871  22877.206733643838   0.135462E-15   0.253908E-11  -0.108862E-06
    872  22877.206733643856  -0.320132E-09  -0.246096E-17  -0.576764E-07
    873  22877.206733643863  -0.116626E-13   0.624331E-13  -0.464796E-07
    874  22877.206733643870   0.648686E-11   0.234230E-15  -0.229946E-08
    875  22877.206733643885   0.343217E-12  -0.153002E-14  -0.149629E-06
    876  22877.206733643892   0.712357E-11  -0.191058E-15   0.904542E-07
    877  22877.206733643907   0.152313E-16   0.950770E-11  -0.152020E-06
    878  22877.206733643936   0.155357E-15  -0.398540E-12   0.223730E-07
    879  22877.206733643976  -0.907736E-17  -0.443403E-10  -0.174573E-06
    880  22877.206733643998  -0.292010E-15  -0.280843E-14  -0.144727E-06
    881  22877.206733644005   0.215228E-17  -0.210229E-11   0.101609E-06
    882  22877.206745020376  -0.205764E-18   0.614862E-04   0.277527E-05
    883  23115.621067338179  -0.102825E-15   0.979657E-15  -0.792853E-06
    884  23115.621067338179  -0.168932E-11  -0.134595E-17  -0.752402E-06
    885  23115.621067338223  -0.234698E-10   0.170381E-19   0.698485E-06
    886  23115.621067338248  -0.806452E-03  -0.406849E-23  -0.780075E-06
    887  23115.621067338256   0.226749E-13  -0.359563E-16   0.768435E-06
    888  23115.621067338256  -0.119741E+00  -0.247923E-23   0.743847E-06
    889  23115.621067338256  -0.179090E-07   0.153046E-21   0.740008E-06
    890  23115.621067338288   0.794691E-04  -0.252815E-22  -0.691430E-06
    891  23115.621067338292  -0.423801E-16  -0.795806E-13   0.108345E-05
    892  23115.621067338296   0.328858E-16  -0.481721E-11   0.945947E-06
    893  23115.621067338299   0.309139E-16  -0.113730E-13  -0.941992E-06
    894  23115.621067338303   0.813391E-15   0.664852E-14   0.854987E-06
    895  23115.621067338347   0.156033E-14  -0.428677E-14   0.564275E-06
    896  23115.621067338361  -0.166065E-16  -0.226308E-11  -0.443017E-06
    897  23115.621067338372   0.132136E-16  -0.143429E-13  -0.695249E-06
    898  23115.621067338372  -0.114136E-15  -0.236377E-13   0.863010E-07
    899  23115.621067338379   0.102139E-16   0.295462E-13  -0.915210E-06
    900  23115.621067338412  -0.199696E-16   0.977769E-14   0.615409E-06
    901  23115.621067338496   0.611106E-17   0.447610E-12  -0.466957E-06
    902  23115.621067338518   0.902813E-17   0.173846E-12  -0.579616E-06
    903  23201.158504486837   0.451900E-13  -0.133770E-17   0.769357E-06
    904  23201.158504486844   0.688657E-16   0.809517E-16  -0.862236E-06
    905  23201.158504486866  -0.525792E-16   0.125595E-14  -0.620370E-06
    906  23201.158504486873   0.131019E-03  -0.315952E-23   0.752019E-06
    907  23201.158504486877   0.101742E-05  -0.414984E-23  -0.698823E-06
    908  23201.158504486895  -0.684826E-11  -0.144739E-18  -0.730380E-06
    909  23201.158504486899   0.142002E+00  -0.103571E-23  -0.751450E-06
    910  23201.158504486903   0.359046E-16   0.236986E-12   0.547016E-06
    911  23201.158504486906  -0.735777E-16  -0.211438E-13  -0.868306E-06
    912  23201.158504486932   0.414263E-16   0.319486E-15   0.681228E-06
    913  23201.158504486932   0.231696E-08  -0.362223E-20  -0.720891E-06
    914  23201.158504486935   0.131515E-16   0.319912E-17   0.722285E-06
    915  23201.158504486950   0.578460E-13   0.334231E-20   0.736765E-06
    916  23201.158504486957   0.522592E-07  -0.202467E-21  -0.841951E-06
    917  23201.158504486961  -0.112327E-16   0.396296E-12  -0.123888E-05
    918  23201.158504486961   0.140313E-15  -0.709445E-15  -0.717805E-06
    919  23201.158504486964  -0.776469E-16  -0.898209E-13  -0.195140E-06
    920  23201.158504486979  -0.790084E-17   0.119376E-16   0.103790E-05
    921  23201.158504486979  -0.445462E-16   0.599439E-13  -0.514202E-06
    922  23201.158504487044   0.383122E-17   0.274636E-16   0.400620E-06
    923  23921.031500007441  -0.996897E-17  -0.219596E-12   0.127726E-07
    924  23921.031500007466  -0.396524E-16  -0.245274E-12  -0.271096E-07
    925  23921.031500007466   0.620283E-08  -0.337624E-18  -0.115673E-06
    926  23921.031500007481   0.301220E-17  -0.227718E-10   0.248943E-06
    927  23921.031500007506   0.335496E-17  -0.837156E-11   0.591602E-08
    928  23921.031500007513   0.488236E-06  -0.103236E-18   0.404065E-08
    929  23921.031500007513  -0.882440E-15  -0.361879E-13  -0.133108E-06
    930  23921.031500007513   0.281893E-03  -0.124406E-20   0.126852E-06
    931  23921.031500007532   0.428449E-16  -0.444952E-11  -0.115112E-06
    932  23921.031500007535   0.493053E-05  -0.296572E-18  -0.925389E-08
    933  23921.031500007542   0.114103E+00   0.461351E-24   0.134094E-06
    934  23921.031500007542  -0.847010E-05  -0.219095E-18  -0.246158E-06
    935  23921.031500007546   0.137396E-08   0.107576E-16   0.918740E-07
    936  23921.031500007546  -0.110903E-13  -0.177655E-14  -0.136891E-07
    937  23921.031500007557  -0.200387E-16   0.946768E-11  -0.141061E-08
    938  23921.031500007568  -0.107156E-16  -0.234861E-09  -0.115302E-06
    939  23921.031500007572   0.918649E-09  -0.642190E-17   0.703053E-07
    940  23921.031500007575  -0.150818E-16  -0.310719E-11  -0.194724E-06
    941  23921.031500007583  -0.169690E-11  -0.152182E-15   0.187221E-06
    942  23921.031500007583  -0.170489E-16  -0.540834E-11  -0.838830E-07
    943  23921.031500007608  -0.446839E-16  -0.100938E-12   0.165587E-06
    944  23921.031500007612   0.180530E-14   0.310118E-14   0.191714E-06
    945  23921.031500007633   0.372687E-16   0.665046E-12   0.203550E-06
    946  23921.031500007666   0.191240E-16   0.465074E-12  -0.106334E-06
    947  23921.031500007684   0.156584E-16  -0.100176E-08   0.161044E-06
    948  24196.137864255899  -0.561473E-14   0.345277E-17  -0.931472E-06
    949  24196.137864255899  -0.602111E-17   0.185173E-17  -0.813055E-06
    950  24196.137864255925   0.164329E-16   0.427138E-18   0.967531E-06
    951  24196.137864255943  -0.274386E-15  -0.166297E-17   0.121202E-05
    952  24196.137864255954  -0.703821E-11  -0.722048E-19   0.877775E-06
    953  24196.137864255961  -0.196471E-01   0.115905E-22   0.891483E-06
    954  24196.137864255961   0.947979E-16   0.865534E-15  -0.977225E-06
    955  24196.137864255987  -0.351255E-15   0.320870E-17  -0.355205E-06
    956  24196.137864255987   0.341382E-16  -0.236083E-15   0.106361E-05
    957  24196.137864255994   0.244932E-15  -0.113402E-15   0.110829E-05
    958  24196.137864256001   0.275039E-17   0.442877E-15  -0.113123E-05
    959  24196.137864256001  -0.679275E-05   0.785715E-21   0.112333E-05
    960  24196.137864256008   0.141397E-05   0.606459E-20   0.102047E-05
    961  24196.137864256008   0.528262E-03  -0.576033E-22  -0.880776E-06
    962  24196.137864256023   0.104309E-16  -0.210509E-15  -0.961007E-06
    963  24196.137864256027   0.397355E-16  -0.160463E-15  -0.981955E-06
    964  24196.137864256030  -0.203273E-16  -0.797786E-16   0.911428E-06
    965  24196.137864256030   0.164433E-15   0.316292E-15   0.705897E-06
    966  24196.137864256041   0.305919E-11   0.843443E-18   0.945171E-06
    967  24196.137864256045   0.348916E-06   0.138146E-19   0.495361E-06
    968  24196.137864256067  -0.376188E-16   0.447028E-15  -0.888271E-06
    969  24196.137864256070  -0.399806E-16   0.292245E-15   0.705224E-06
    970  24196.137864256081   0.810613E-16  -0.482050E-15   0.100880E-05
    971  24196.137864256107  -0.782201E-16   0.493988E-15  -0.413720E-06
    972  24196.137864256143  -0.882099E-17  -0.441398E-16  -0.898835E-06
    973  24452.788748985171   0.344919E-16   0.986158E-14  -0.645262E-06
    974  24452.788748985186   0.358241E-16   0.173242E-13  -0.110913E-06
    975  24452.788748985204   0.597651E-16   0.374573E-14   0.106393E-05
    976  24452.788748985207  -0.406498E-17   0.258495E-19   0.130637E-05
    977  24452.788748985211   0.107990E-15  -0.859908E-19   0.690101E-06
    978  24452.788748985222   0.179762E-16  -0.353577E-13   0.128155E-05
    979  24452.788748985236  -0.775470E-15  -0.313787E-19   0.189276E-05
    980  24452.788748985240  -0.720143E-17   0.177473E-18   0.214419E-05
    981  24452.788748985247  -0.946500E-18  -0.237423E-17   0.149524E-05
    982  24452.788748985251   0.408561E-17   0.764723E-16  -0.168881E-05
    983  24452.788748985258   0.151134E-19   0.201234E-14   0.162439E-05
    984  24452.788748985262   0.209539E-17  -0.210636E-13   0.647207E-06
    985  24452.788748985262  -0.144234E-16   0.339800E-14  -0.180060E-05
    986  24452.788748985269  -0.147861E-16   0.321070E-13   0.132572E-05
    987  24452.788748985280   0.647094E-01   0.457993E-23   0.167319E-05
    988  24452.788748985280   0.194740E-16  -0.331853E-15   0.210668E-05
    989  24452.788748985284   0.362455E-16   0.155188E-16  -0.470200E-06
    990  24452.788748985287   0.812899E-17  -0.201073E-14  -0.165303E-05
    991  24452.788748985291  -0.264531E-16  -0.321320E-18   0.141359E-06
    992  24452.788748985298   0.369018E-16  -0.416572E-15  -0.204747E-05
    993  24452.788748985302   0.322650E-16  -0.305294E-18   0.279963E-05
    994  24452.788748985306  -0.174952E-17   0.415929E-13   0.129723E-05
    995  24452.788748985313  -0.255092E-17  -0.103063E-12   0.319539E-05
    996  24452.788748985316   0.158006E-17  -0.319906E-16   0.208749E-05
    997  24452.788748985353  -0.630029E-17  -0.764822E-17   0.198426E-05
    998  24452.788748985378  -0.141069E-16  -0.175164E-13  -0.228304E-05
    999  24452.788748985386  -0.810015E-16  -0.427164E-13  -0.831090E-06
   1000  24452.788748985389   0.161679E-16   0.437008E-15  -0.182879E-05
