   kl=        1000
 kl,ierr=        1000           0
      1   2715.531091116591  -0.396794E-06   0.493427E-13   0.281951E+02
      2   2715.531091120239   0.354856E-03  -0.348815E-15  -0.275026E+02
      3   2715.531091121471  -0.194283E-01   0.131891E-15  -0.286532E+02
      4   2715.531091123953  -0.202171E-08  -0.175518E-10   0.282195E+02
      5   4320.349776738245   0.364247E-04  -0.971492E-13   0.108490E+01
      6   4320.349776742204  -0.296501E-04  -0.263330E-11   0.100014E+01
      7   4320.349776742391   0.755764E-02  -0.974720E-14   0.104146E+01
      8   4320.355944956392  -0.201990E-16   0.775358E-04  -0.104707E+01
      9   5891.578818200955  -0.450557E-04   0.862937E-10  -0.184758E+02
     10   5891.578818203283   0.321557E-02   0.310460E-11  -0.197424E+02
     11   5891.578818204769  -0.265867E-05   0.229207E-08   0.202345E+02
     12   6452.924296817920  -0.176419E-03  -0.436079E-10   0.568852E+01
     13   6452.924296820250  -0.153581E-01   0.502743E-12  -0.582109E+01
     14   6452.924297434643  -0.412177E-10  -0.704032E-06  -0.575567E+01
     15   7449.283433937509   0.259161E-04  -0.955613E-14  -0.337181E+00
     16   7449.283433943564  -0.795599E-02  -0.409774E-15  -0.339385E+00
     17   7473.805732404704   0.711231E-16   0.426094E-02  -0.131911E-01
     18   8043.331996717016  -0.392970E-04  -0.328071E-13   0.364740E+00
     19   8043.331996719057  -0.179728E-01   0.486189E-15   0.363149E+00
     20   9043.485621924279   0.267732E-03   0.277739E-11   0.144167E+02
     21   9043.485621928212   0.299852E-01  -0.250908E-13   0.141615E+02
     22   9609.634632414482  -0.922500E-05  -0.104834E-07  -0.346100E+01
     23   9609.634632418227  -0.141183E-02   0.685003E-10  -0.341607E+01
     24  10105.298790124561  -0.205342E-02  -0.294966E-07  -0.174193E+02
     25  10105.298790124723  -0.134869E-01   0.449094E-08   0.236762E+02
     26  10717.204467622523  -0.375455E-02  -0.357130E-11   0.113798E+01
     27  10717.204494403370  -0.409750E-08   0.327250E-05   0.113729E+01
     28  11205.246415745331  -0.394755E-02  -0.205447E-12  -0.765431E+00
     29  11205.252133478019   0.187966E-10  -0.433654E-04  -0.752940E+00
     30  11682.213920063818   0.127114E-01   0.226292E-13  -0.552996E+00
     31  11682.275447695554   0.229360E-11  -0.123705E-03  -0.497270E+00
     32  12427.649155862349  -0.704964E-02  -0.217491E-15  -0.846714E+01
     33  12594.526231994601  -0.419516E-15   0.487631E-02   0.594141E+01
     34  12966.192058843006   0.991127E-02  -0.161154E-14   0.143646E+01
     35  13264.842908395995  -0.793323E-02   0.156666E-14  -0.142272E+02
     36  13673.933155384930   0.258924E-01   0.147261E-14  -0.762496E+01
     37  14129.006232476244  -0.364817E-02   0.180069E-13  -0.453565E+00
     38  14740.022712627750   0.542311E-02   0.126904E-12  -0.627989E+00
     39  15175.487678929985  -0.176659E-01   0.999620E-12   0.831134E+00
     40  15261.540093484560   0.122393E-01   0.190421E-11  -0.774429E-01
     41  15830.210134882209   0.342013E-02  -0.987294E-11  -0.827112E+01
     42  16482.937945403224  -0.220963E-01  -0.389047E-10   0.298637E+01
     43  16822.031828698164  -0.322836E-02   0.227080E-08   0.252516E+01
     44  17161.172743746829   0.152605E-01   0.305575E-08   0.185541E+02
     45  17503.037698127770  -0.227680E-01   0.161554E-07   0.172380E+01
     46  17651.420043966311   0.221183E-01   0.248583E-07  -0.748968E+01
     47  18206.601460741902  -0.264271E-01   0.712178E-07   0.692605E+00
     48  18669.554905861867   0.141636E-01   0.316892E-05   0.519587E+00
     49  18817.042769750788  -0.215493E-02   0.493975E-04   0.206601E+00
     50  19152.470791883079   0.120578E-04   0.681679E-01  -0.473523E+00
     51  19197.405696929327   0.578206E-02  -0.142512E-03  -0.636381E+01
     52  19912.627481161588  -0.142417E-01  -0.522821E-04   0.307804E+01
     53  20282.522374731147  -0.230138E-02   0.485327E-02   0.937115E+01
     54  20423.302789798479   0.467469E-02   0.588935E-02  -0.332889E+01
     55  20580.946148349936  -0.159290E-01   0.164337E-02   0.842870E+01
     56  20845.010446003831   0.111944E-01   0.123154E-02  -0.124585E+01
     57  21229.104426099173  -0.870612E-02   0.103159E-02   0.257913E+01
     58  21607.058402073570   0.744849E-02   0.114941E-02  -0.206859E+00
     59  22068.377345525969  -0.288981E-01   0.417289E-03  -0.390942E-01
     60  22507.905039260975   0.729529E-02   0.512410E-02  -0.477910E+01
     61  22694.712960615674   0.203394E-02  -0.206183E-01  -0.614729E+01
     62  23352.312434388568  -0.160063E-01  -0.750436E-02  -0.308330E+01
     63  23532.344389508544  -0.212264E-01   0.101386E-01  -0.221589E+01
     64  23776.093417098396   0.144282E-01   0.110294E-01   0.882541E+01
     65  24134.035510015558  -0.237117E-01   0.313875E-02  -0.426217E+01
     66  24718.991102200576   0.142355E-01   0.505483E-02  -0.697885E+01
     67  24998.579405706478  -0.858936E-02   0.903000E-02  -0.102676E+01
     68  25444.213781607123   0.192686E-01   0.264828E-02   0.132043E+00
     69  25841.071415269151  -0.679503E-02   0.475226E-02   0.280206E+01
     70  26614.001914821765   0.889989E-02   0.415220E-02   0.126529E+01
     71  27078.408578392882  -0.190816E-01   0.515302E-02   0.281076E+01
     72  27401.237500456307   0.206376E-01   0.701691E-02   0.140205E+01
     73  27773.189869754420  -0.662223E-02   0.198190E-01   0.377551E+01
     74  28140.242673887482   0.973207E-02   0.792810E-02  -0.196365E+01
     75  28936.794275914865  -0.212849E-01   0.441117E-02  -0.889090E+00
     76  29152.601175151030   0.179730E-01   0.525056E-02   0.381262E+01
     77  29896.559469938358  -0.310473E-01   0.172878E-02  -0.566093E+00
     78  30402.575922789329   0.144772E-01   0.600035E-02   0.236998E+01
     79  30768.440601085589  -0.255131E-01   0.323195E-02  -0.384139E+01
     80  31330.704927089009   0.123973E-01   0.388887E-02   0.899301E+01
     81  32127.657621368668  -0.722841E-02   0.106556E-01   0.408272E+01
     82  32536.065988618950   0.152782E-01   0.945389E-02   0.378208E+01
     83  32814.664005307946  -0.656876E-02   0.157905E-01   0.265101E+01
     84  33851.367271728806   0.132023E-01   0.671098E-02   0.112648E+01
     85  34190.358022104549  -0.202096E-01   0.630895E-02   0.555988E+01
     86  34690.806909321953   0.124258E-01   0.759140E-02   0.168723E+01
     87  35281.407435760899  -0.460889E-02   0.144802E-01   0.356361E+01
     88  35905.560175299142   0.912893E-02   0.530919E-02   0.278930E+01
     89  36830.154954481979  -0.953717E-02   0.986820E-02   0.128133E+01
     90  37214.887469703215   0.346708E-01   0.380313E-02  -0.108237E+01
     91  37914.894717681738  -0.186153E-01   0.108165E-01   0.158259E+01
     92  38202.396692994524   0.176665E-01   0.103527E-01   0.388060E+01
     93  38978.763145693796  -0.372242E-01   0.183316E-02  -0.267872E+01
     94  39801.432944992281   0.104224E-01   0.659223E-02  -0.783603E+01
     95  40622.921412187708  -0.768592E-02   0.214766E-01   0.325255E+01
     96  41072.241229334657   0.178085E-01   0.143590E-01   0.162967E+01
     97  41586.311939349675  -0.182877E-01   0.111983E-01   0.654358E+00
     98  42547.585028909707   0.201281E-01   0.199540E-01  -0.302738E+01
     99  42824.009264758322  -0.177830E-01   0.246480E-01   0.320704E+01
    100  43664.344722137255   0.280433E-01   0.951554E-02   0.172024E+01
    101  44222.051533551006  -0.423512E-01   0.631329E-02  -0.215153E+01
    102  45014.249120219472   0.227541E-01   0.117519E-01   0.249678E+00
    103  45621.236841711652  -0.192384E-01   0.156226E-01   0.224838E+01
    104  46295.966721435791   0.256159E-01   0.109570E-01   0.206182E+01
    105  46939.863380637253  -0.276075E-01   0.810896E-02   0.167852E+01
    106  47849.530212370009   0.145142E-01   0.150755E-01   0.840196E+00
    107  48580.815527751569  -0.324345E-01   0.997045E-02  -0.118453E+01
    108  49239.358107622473   0.274178E-01   0.156413E-01   0.239931E+00
    109  49824.911128281616  -0.378058E-01   0.103266E-01  -0.222169E+00
    110  50676.077195111859   0.372675E-01   0.936568E-02   0.269699E+00
    111  51367.822187222373  -0.163375E-01   0.239387E-01  -0.286210E-01
    112  52068.367330283792   0.128177E-01   0.276127E-01   0.133021E+01
    113  52939.865975016779  -0.344132E-01   0.109456E-01   0.158801E+01
    114  53681.911370922178   0.361516E-01   0.145090E-01   0.677753E+00
    115  54291.984657376859  -0.286099E-01   0.187474E-01   0.143871E+01
    116  55078.374914872657   0.369811E-01   0.127410E-01   0.603980E+00
    117  55722.538364182641  -0.292099E-01   0.127956E-01   0.181295E+01
    118  56657.632518306142   0.200303E-01   0.135216E-01   0.169017E+01
    119  57538.242305103857  -0.220713E-01   0.161796E-01   0.757308E+00
    120  58077.140471599312   0.261512E-01   0.118159E-01   0.441390E+00
    121  59182.234736520506  -0.158652E-01   0.131930E-01   0.323027E+01
    122  60033.082749730289   0.292054E-01   0.957084E-02  -0.514209E+00
    123  60799.587240221023  -0.235082E-01   0.138709E-01   0.125600E+01
    124  61598.052496138014   0.183866E-01   0.179832E-01   0.917923E+00
    125  62370.777225096215  -0.358824E-01   0.786593E-02   0.261142E+01
    126  63417.098134937172   0.231703E-01   0.136329E-01   0.419656E+00
    127  64117.272340503041  -0.256232E-01   0.146757E-01  -0.124777E+01
    128  64841.098180688437   0.196070E-01   0.134429E-01   0.179764E+01
    129  66117.883933546487  -0.260270E-01   0.959909E-02   0.122785E+01
    130  67010.275065848546   0.474456E-01   0.103124E-01   0.923930E+00
    131  67637.788717702279  -0.327853E-01   0.170420E-01  -0.116462E+01
    132  68580.809800335788   0.391265E-01   0.127200E-01   0.119362E+01
    133  69452.219643396063  -0.302643E-01   0.185545E-01  -0.636780E+00
    134  70304.788204018696   0.398326E-01   0.158283E-01   0.181689E+01
    135  71052.431967186858  -0.384806E-01   0.140555E-01  -0.163179E+01
    136  72105.498406606639   0.288159E-01   0.150127E-01   0.223751E+01
    137  73131.559620100568  -0.269466E-01   0.220964E-01   0.765583E+00
    138  73870.229730066407   0.403734E-01   0.167984E-01   0.921279E+00
    139  74794.697199320799  -0.380090E-01   0.156814E-01   0.263300E+00
    140  75762.661868838812   0.223090E-01   0.281092E-01   0.215726E+01
    141  76599.876230563095  -0.318183E-01   0.194318E-01   0.353544E+00
    142  77567.529568939935   0.394562E-01   0.139390E-01   0.144066E+01
    143  78505.068918053876  -0.342732E-01   0.150023E-01  -0.239193E+00
    144  79478.565007636673   0.305811E-01   0.151268E-01  -0.227144E+00
    145  80568.277749608256  -0.241351E-01   0.212521E-01   0.120860E+00
    146  81457.371715458590   0.377951E-01   0.152882E-01  -0.277694E-01
    147  82439.855230872810  -0.267773E-01   0.211990E-01   0.185268E+01
    148  83503.291685548655   0.247750E-01   0.289027E-01  -0.988845E+00
    149  84248.170581187020  -0.455152E-01   0.153934E-01  -0.233578E+01
    150  85313.844039759511   0.428412E-01   0.114011E-01  -0.315332E+01
    151  86533.067305373814  -0.221558E-01   0.256078E-01  -0.138302E+01
    152  87445.710817357889   0.322129E-01   0.225691E-01   0.431949E+00
    153  88446.400345956135  -0.425513E-01   0.202323E-01   0.351059E+01
    154  89254.902226380742   0.509948E-01   0.154931E-01  -0.200955E+01
    155  90390.737535087828  -0.345693E-01   0.181728E-01  -0.538240E+00
    156  91404.404640459077   0.382045E-01   0.163912E-01   0.757368E+00
    157  92409.424388491578  -0.342236E-01   0.161194E-01   0.608310E+00
    158  93641.638070896879   0.289850E-01   0.207564E-01   0.880870E-01
    159  94585.407182744777  -0.500914E-01   0.142231E-01  -0.549972E+00
    160  95549.753567215841   0.286356E-01   0.214161E-01  -0.569864E+00
    161  96865.035067906938  -0.230050E-01   0.296092E-01  -0.557558E+00
    162  97809.227183545692   0.318055E-01   0.281046E-01   0.527398E+00
    163  98794.424926314910  -0.281719E-01   0.341015E-01  -0.107963E+01
    164  99646.675471180613   0.247499E-01   0.294293E-01   0.301659E+00
    165 101138.465073962696  -0.407773E-01   0.168565E-01  -0.916041E+00
    166 101925.762392708857   0.474189E-01   0.148766E-01  -0.127256E+00
    167 103313.987814059190  -0.289481E-01   0.213842E-01  -0.255780E+00
    168 104463.944390218545   0.370950E-01   0.266839E-01  -0.840023E+00
    169 105279.803648678673  -0.388666E-01   0.272127E-01   0.517518E+00
    170 106499.591836399108   0.336595E-01   0.289000E-01   0.923149E+00
    171 107465.085507664320  -0.346934E-01   0.295430E-01  -0.932567E-02
    172 108415.741191501220   0.273441E-01   0.273135E-01   0.282277E+00
    173 109705.445736102280  -0.288973E-01   0.164313E-01  -0.229110E+00
    174 111142.828622846049   0.381930E-01   0.155124E-01  -0.228042E-01
    175 111993.302896659297  -0.283949E-01   0.212947E-01   0.715891E-01
    176 113487.977414442343   0.322234E-01   0.194058E-01  -0.117029E+01
    177 114362.269232442748  -0.244731E-01   0.268333E-01   0.653446E+00
    178 115869.790528641330   0.375012E-01   0.226815E-01   0.375509E+00
    179 116515.972720397753  -0.301722E-01   0.262955E-01   0.104246E+00
    180 118361.924024986933   0.247668E-01   0.287065E-01   0.114850E+01
    181 119290.236029646097  -0.339474E-01   0.328897E-01  -0.138720E+00
    182 120276.746546303737   0.391387E-01   0.293455E-01  -0.353563E+00
    183 121189.549707120619  -0.318854E-01   0.238285E-01  -0.280223E+00
    184 122784.937081848941   0.405172E-01   0.106148E-01  -0.395438E+00
    185 124415.704764762224  -0.307535E-01   0.257409E-01  -0.184289E+00
    186 125371.500871979079   0.437563E-01   0.296262E-01   0.363370E-01
    187 126327.216707095256  -0.487131E-01   0.250801E-01  -0.573821E-01
    188 127669.456151885926   0.356314E-01   0.314871E-01  -0.318435E+00
    189 128742.285563481855  -0.321951E-01   0.355169E-01   0.362678E-01
    190 129929.884857531317   0.350186E-01   0.263084E-01  -0.294241E+00
    191 131434.452007928281  -0.349122E-01   0.314039E-01   0.224005E+00
    192 132377.219244395965   0.424813E-01   0.284187E-01  -0.213648E+00
    193 133622.328367694543  -0.375935E-01   0.247219E-01  -0.664566E+00
    194 134908.201813940221   0.288324E-01   0.268622E-01  -0.103765E+00
    195 136415.346271418326  -0.314530E-01   0.307684E-01   0.275305E+00
    196 137343.433362755459   0.427715E-01   0.230111E-01   0.361867E+00
    197 138770.696241444675  -0.198135E-01   0.364397E-01  -0.119561E+00
    198 140231.157070438872   0.285220E-01   0.299912E-01   0.181860E-01
    199 141486.538702189631  -0.493063E-01   0.261042E-01   0.917512E+00
    200 142364.038097698358   0.400839E-01   0.294882E-01   0.207898E+00
    201 143730.883993690193   0.286675E-01  -0.228936E-01  -0.303578E+00
    202 145398.124232210481  -0.334914E-01  -0.178359E-01  -0.241808E+00
    203 146905.007136429951   0.434317E-01  -0.248570E-01  -0.264387E+00
    204 147801.578460867313  -0.287188E-01  -0.422426E-01  -0.919103E-01
    205 149336.551631600712   0.555943E-01  -0.216199E-01   0.376639E+00
    206 150350.867104588979  -0.305932E-01  -0.399067E-01  -0.479129E-01
    207 151718.068098310905  -0.242102E-01   0.367462E-01   0.313590E+00
    208 153251.873127034283   0.459185E-01   0.200291E-01   0.950062E-01
    209 154530.415287528973  -0.371933E-01   0.308240E-01   0.482593E+00
    210 155613.033747961017   0.443897E-01   0.224076E-01  -0.480494E+00
    211 157203.153279795719  -0.274127E-01   0.287620E-01  -0.789372E-01
    212 158547.334702693654   0.335483E-01   0.248625E-01   0.441562E+00
    213 159939.474511450739  -0.267676E-01   0.321458E-01   0.548169E-01
    214 161248.328073928045   0.232512E-01   0.359668E-01   0.216498E+00
    215 162656.423580319679  -0.276274E-01   0.266627E-01   0.312300E+00
    216 164251.660838926793   0.261845E-01   0.303110E-01   0.230184E-02
    217 165786.671486857231  -0.432573E-01   0.316234E-01   0.381413E-01
    218 166739.206809902709   0.404128E-01   0.377058E-01  -0.446937E-01
    219 168167.733650073875   0.333418E-01  -0.337477E-01  -0.120077E+00
    220 169714.447528359306  -0.357216E-01  -0.331664E-01   0.627297E+00
    221 171002.977159622882   0.447663E-01  -0.291843E-01  -0.204226E+00
    222 172423.083149562648  -0.463778E-01  -0.297142E-01   0.391899E-01
    223 173619.720004606526   0.431320E-01  -0.284729E-01  -0.343032E+00
    224 175230.099543959252  -0.451327E-01  -0.227785E-01  -0.422005E+00
    225 176685.504837738059   0.409290E-01  -0.282156E-01  -0.193304E+00
    226 177985.677056955232  -0.453853E-01  -0.246566E-01  -0.136094E+00
    227 179635.915532351093   0.543449E-01  -0.233636E-01   0.107201E-01
    228 180747.078509883460  -0.315659E-01  -0.403667E-01  -0.421728E+00
    229 182291.592411800579  -0.253329E-01   0.372686E-01   0.108082E+00
    230 183920.679143375979   0.421235E-01   0.233605E-01   0.239329E+00
    231 185366.750833577447  -0.442958E-01   0.278725E-01   0.358582E+00
    232 186554.903504141606   0.230211E-01   0.492820E-01   0.599294E+00
    233 188244.502853979124   0.473997E-01  -0.204313E-01   0.653001E+00
    234 189596.986030052154  -0.296786E-01  -0.322495E-01  -0.260577E+00
    235 191102.702960140130   0.417951E-01  -0.186715E-01  -0.545303E-01
    236 192911.514831716369  -0.250958E-01  -0.345355E-01  -0.110021E+00
    237 194304.688913905993   0.341178E-01  -0.316411E-01   0.137462E+00
    238 195872.370453994197  -0.284604E-01  -0.487290E-01   0.867282E-02
    239 197011.120723059052  -0.285213E-01   0.465677E-01   0.184006E-01
    240 198843.857779698970   0.359547E-01   0.344417E-01   0.195877E+00
    241 200149.020230664464  -0.300622E-01   0.464660E-01   0.685269E-01
    242 201657.021912933764   0.525476E-01   0.245486E-01   0.185355E+00
    243 203230.110352215939  -0.466406E-01   0.294033E-01  -0.512573E-01
    244 204550.457645407296   0.408367E-01   0.310957E-01   0.215347E-01
    245 206325.739219527604  -0.426876E-01   0.286926E-01   0.259875E+00
    246 207791.681736266153   0.385589E-01   0.412198E-01   0.882636E-01
    247 208900.594520589715   0.393918E-01  -0.328150E-01  -0.462403E+00
    248 210888.919966914604  -0.354724E-01  -0.243954E-01   0.440070E-01
    249 212549.244239268912  -0.345479E-01   0.309056E-01   0.173292E+00
    250 214107.164546908607   0.357621E-01   0.399827E-01  -0.102191E-02
    251 215371.729422729055  -0.391713E-01   0.365017E-01  -0.588878E-01
    252 217069.381229014019  -0.444621E-01  -0.285774E-01   0.955870E-01
    253 218581.255991503829   0.384445E-01  -0.359828E-01  -0.150536E+00
    254 219905.799485994736  -0.529045E-01  -0.214580E-01  -0.511430E-01
    255 221882.215408149816   0.303951E-01  -0.345613E-01  -0.107445E+00
    256 223122.835491336213  -0.512082E-01  -0.194097E-01  -0.123223E+00
    257 225047.522350943211   0.310386E-01  -0.238379E-01  -0.116222E+00
    258 227135.155941559875  -0.439565E-01  -0.320126E-01  -0.148106E+00
    259 228248.952764187998  -0.435743E-01   0.446566E-01   0.243789E+00
    260 229696.664350678911   0.413168E-01   0.399217E-01   0.372010E+00
    261 231465.758078249579  -0.475651E-01   0.385759E-01  -0.562222E+00
    262 232617.982684927556   0.536662E-01   0.315346E-01   0.255274E+00
    263 234379.152192658628   0.232104E-01  -0.460192E-01  -0.223801E+00
    264 236132.118757664983  -0.304209E-01  -0.295675E-01  -0.142993E+00
    265 238062.497751352290   0.443990E-01  -0.236446E-01   0.180378E-01
    266 239548.680269038683  -0.294356E-01  -0.413397E-01  -0.214063E+00
    267 241387.195195773733  -0.337659E-01   0.443900E-01   0.311118E+00
    268 242826.193733715045   0.578918E-01   0.320769E-01   0.108004E+00
    269 244378.816436432215  -0.503051E-01   0.386218E-01   0.196314E+00
    270 245843.776265038992   0.375740E-01   0.476309E-01   0.565493E-01
    271 247452.147535045893   0.486736E-01  -0.287514E-01  -0.151716E+00
    272 249299.909800076246  -0.550216E-01  -0.226729E-01  -0.161059E+00
    273 251075.193077633943  -0.409438E-01   0.367057E-01  -0.230294E+00
    274 252586.556410200545   0.325523E-01   0.548320E-01  -0.772959E-01
    275 253915.008930774085   0.398526E-01  -0.350456E-01   0.465510E-01
    276 256095.184339110885  -0.336836E-01  -0.334595E-01  -0.555572E-01
    277 257720.863550353737  -0.335372E-01   0.424601E-01  -0.172746E+00
    278 259231.975709408696   0.317318E-01   0.439721E-01   0.211968E+00
    279 261024.104722758435   0.287329E-01  -0.443684E-01  -0.262303E+00
    280 262730.957763002079   0.401102E-01   0.321177E-01  -0.256435E+00
    281 264588.766156853177  -0.365475E-01   0.428493E-01   0.433253E-01
    282 266001.607268279186   0.331395E-01   0.495442E-01  -0.976836E-01
    283 267926.623731761938  -0.405588E-01   0.451150E-01   0.494143E-01
    284 269123.549824625661   0.424376E-01   0.389936E-01   0.186973E+00
    285 271181.654930170043   0.287005E-01  -0.374497E-01   0.167897E-01
    286 273190.601443715103   0.276703E-01   0.506432E-01   0.809943E-01
    287 274653.987796938396   0.348053E-01  -0.490585E-01  -0.247255E-01
    288 276215.718141742924   0.415493E-01   0.350710E-01   0.324253E+00
    289 278181.522428616532   0.415769E-01  -0.339524E-01   0.146634E+00
    290 279641.585744302196   0.464523E-01   0.284517E-01  -0.134749E+00
    291 281667.340270833403   0.341953E-01  -0.327663E-01  -0.146742E-01
    292 283519.369560077321   0.309931E-01   0.434113E-01   0.128315E+00
    293 285197.453483655117   0.474445E-01  -0.335787E-01  -0.203561E-02
    294 286880.768179336621   0.539688E-01   0.327346E-01   0.149859E-01
    295 288369.285594696121   0.478098E-01  -0.318524E-01  -0.132605E+00
    296 290454.013227394200   0.486551E-01   0.272178E-01   0.240072E+00
    297 292234.260965285066   0.475366E-01  -0.344720E-01   0.155858E-01
    298 293790.500307432143   0.401505E-01   0.419050E-01  -0.113537E+00
    299 295591.124283716432   0.368264E-01  -0.414616E-01  -0.152453E+00
    300 297308.532161495765   0.500060E-01   0.279718E-01   0.139926E+00
    301 299211.695263167028   0.293343E-01  -0.447965E-01  -0.114262E+00
    302 301182.872117404593   0.473573E-01   0.385565E-01  -0.322386E-01
    303 302367.208694995497   0.374089E-01  -0.451778E-01  -0.881376E-02
    304 304524.710922405880   0.397410E-01   0.264600E-01  -0.766281E-01
    305 306612.613053099834   0.433748E-01  -0.305405E-01  -0.406701E+00
    306 308132.538435055758   0.424258E-01   0.352370E-01   0.698152E-01
    307 310027.706779127184   0.423651E-01  -0.356065E-01  -0.202687E+00
    308 311484.599505344173   0.553131E-01   0.228854E-01   0.886525E-01
    309 313822.173668501026   0.372864E-01  -0.282647E-01  -0.165995E+00
    310 315568.674015383411   0.356651E-01   0.339991E-01   0.253959E+00
    311 317677.714628748596   0.432757E-01  -0.391335E-01  -0.746234E-01
    312 319132.224001136841   0.438142E-01   0.477751E-01   0.157633E+00
    313 320797.945883340086   0.470454E-01  -0.382409E-01  -0.139031E+00
    314 322711.796405077388   0.297557E-01   0.541918E-01   0.164662E+00
    315 324426.112831039121   0.445355E-01  -0.329948E-01  -0.127334E+00
    316 326398.027402732347   0.321752E-01   0.408788E-01  -0.261331E+00
    317 328235.755345430342   0.533316E-01  -0.240146E-01   0.540128E-02
    318 330140.774978630478   0.458159E-01   0.261836E-01   0.108785E+00
    319 332270.385092919634   0.280664E-01  -0.539803E-01  -0.698095E-01
    320 333683.332224229875   0.682133E-01   0.217633E-01   0.463143E+00
    321 336148.337946735614   0.319371E-01  -0.503726E-01  -0.288523E+00
    322 337692.519029877556   0.599342E-01   0.355994E-01   0.144268E+00
    323 339482.183355160465   0.396374E-01  -0.583413E-01  -0.177601E+00
    324 340941.947534406441   0.450684E-01   0.420828E-01  -0.475850E-01
    325 343226.314782736241   0.471725E-01  -0.305861E-01  -0.116727E-01
    326 345042.660745348956   0.338838E-01   0.448848E-01   0.121803E+00
    327 347099.044789161650   0.397433E-01  -0.436762E-01   0.155959E+00
    328 348692.891680210829   0.352162E-01   0.491220E-01   0.196494E+00
    329 350894.053946896689   0.542463E-01  -0.320827E-01  -0.165431E+00
    330 352669.656018337118   0.478469E-01   0.459066E-01  -0.413334E+00
    331 354271.585594744829   0.592351E-01  -0.348504E-01  -0.242304E+00
    332 356239.462992947316   0.537571E-01   0.308937E-01   0.157488E+00
    333 358223.185206415365   0.439795E-01  -0.354682E-01  -0.364175E-01
    334 360317.475994195440   0.620137E-01   0.321569E-01   0.905168E-01
    335 361619.507440376328   0.437118E-01  -0.395930E-01  -0.172767E+00
    336 364432.497682815534   0.496922E-01   0.323493E-01   0.200982E-01
    337 366048.092677972047   0.432315E-01  -0.560060E-01  -0.932394E-01
    338 367652.034970743756   0.606818E-01   0.401511E-01   0.968816E-01
    339 369403.208417935006   0.469903E-01  -0.405327E-01  -0.766143E-01
    340 371380.398694038740   0.400692E-01   0.355829E-01   0.173117E-02
    341 373453.550632931292   0.429328E-01  -0.286657E-01  -0.618815E-01
    342 375440.508780471224   0.388639E-01   0.293150E-01   0.182055E+00
    343 377561.874472543539   0.384922E-01  -0.292082E-01   0.997347E-01
    344 379678.916622930265   0.379612E-01   0.362818E-01  -0.360157E-01
    345 381446.003020563920   0.440132E-01  -0.348849E-01  -0.210131E-01
    346 383452.594405919954   0.385939E-01   0.391587E-01   0.721608E-01
    347 385510.418177655200   0.596596E-01  -0.287965E-01  -0.356331E-01
    348 387524.882319619821   0.505048E-01   0.500353E-01   0.102398E+00
    349 388847.297774021048   0.681114E-01  -0.352622E-01   0.103636E+00
    350 390989.793295471929   0.508182E-01   0.289805E-01   0.113940E+00
    351 393321.415343100321   0.500970E-01  -0.302197E-01  -0.615456E-01
    352 395296.912536566611   0.488607E-01   0.406053E-01   0.290676E-01
    353 397079.563942936948   0.473386E-01  -0.469277E-01  -0.822503E-01
    354 398996.571336893307   0.523433E-01   0.427151E-01  -0.126596E+00
    355 400748.169474700058   0.423748E-01  -0.452868E-01  -0.810444E-01
    356 402987.009575343283   0.345131E-01   0.461892E-01   0.409477E-01
    357 405264.740730985999   0.369810E-01  -0.593245E-01  -0.467642E-02
    358 406868.154469069385   0.478548E-01   0.546202E-01   0.203799E+00
    359 408713.221130642924   0.726405E-01  -0.297912E-01  -0.134343E-01
    360 411006.098035383096   0.436249E-01   0.513608E-01   0.421010E-01
    361 412782.477576278965   0.557588E-01  -0.477305E-01   0.632343E-01
    362 414466.646592013829   0.597823E-01   0.371961E-01   0.169371E-01
    363 416678.390382656653   0.372365E-01  -0.455522E-01   0.266090E-01
    364 418744.257847440604   0.354145E-01   0.459323E-01  -0.102029E+00
    365 420877.146720969351   0.485986E-01  -0.346782E-01  -0.948088E-01
    366 423004.637813532725   0.410893E-01   0.527212E-01  -0.945633E-01
    367 424606.266948648321   0.537327E-01  -0.402127E-01   0.133464E-01
    368 426893.463200562692   0.480007E-01   0.423491E-01  -0.115664E-01
    369 428565.073643734737   0.392473E-01  -0.496037E-01   0.654897E-02
    370 430708.417308516218   0.245557E-01   0.595335E-01   0.107684E+00
    371 433024.878086832643   0.384757E-01  -0.385669E-01  -0.295414E-01
    372 435090.370189783105   0.389849E-01   0.473497E-01   0.111930E+00
    373 436894.025678094535   0.413655E-01  -0.455951E-01  -0.525671E-01
    374 439064.826111415110   0.308998E-01   0.572480E-01   0.148040E+00
    375 441246.937454855186   0.484828E-01  -0.454426E-01  -0.521739E-01
    376 442974.593805877375   0.473630E-01   0.503834E-01   0.233972E+00
    377 445034.780337293865   0.426302E-01  -0.503081E-01  -0.790188E-01
    378 447226.916322547768   0.586236E-01   0.437329E-01  -0.456690E-01
    379 448758.938493890688   0.468250E-01  -0.509921E-01  -0.300724E-01
    380 451022.227257545223   0.310587E-01   0.516437E-01   0.820579E-01
    381 453563.399423197028   0.403836E-01  -0.501371E-01  -0.725887E-01
    382 455297.214180096926   0.650751E-01   0.399898E-01   0.186208E+00
    383 457193.240175381012   0.394948E-01  -0.620885E-01  -0.140726E+00
    384 459290.765075343137   0.693565E-01   0.332281E-01  -0.260380E-01
    385 461464.477331705159   0.436493E-01  -0.671446E-01  -0.154101E+00
    386 462872.695506832970   0.372640E-01   0.697262E-01   0.869224E-01
    387 465384.102780867543   0.292544E-01  -0.593759E-01  -0.124552E+00
    388 467570.212503250339   0.405684E-01   0.548389E-01   0.827207E-01
    389 469105.364882320166   0.431435E-01  -0.477769E-01  -0.127183E+00
    390 471298.460856374761   0.448626E-01   0.279668E-01   0.720953E-01
    391 474039.158013287408   0.485237E-01  -0.299109E-01   0.121920E+00
    392 475660.617919014476   0.449524E-01   0.361208E-01   0.247955E-02
    393 478145.207260412630   0.538122E-01  -0.357082E-01  -0.709105E-01
    394 479475.289196866855   0.410733E-01   0.427140E-01   0.714562E-01
    395 482214.326654598757   0.338386E-01  -0.343777E-01   0.114262E-01
    396 484238.840047990787   0.378253E-01   0.329724E-01   0.272143E-01
    397 486688.506950453157   0.370432E-01  -0.413117E-01   0.653595E-01
    398 488608.998675810115   0.460414E-01   0.434309E-01   0.189942E+00
    399 490568.048777372285   0.501874E-01  -0.423638E-01  -0.333018E-01
    400 492724.202317837335   0.555560E-01   0.438261E-01   0.897839E-01
    401 494460.979581657797   0.488244E-01  -0.494971E-01  -0.118601E+00
    402 496593.702474187594   0.460818E-01   0.423533E-01   0.917644E-01
    403 498866.570379099692   0.475756E-01  -0.422528E-01  -0.809200E-01
    404 500816.419849739352   0.646415E-01   0.341970E-01   0.103173E-01
    405 502599.699246399221   0.549689E-01  -0.315875E-01   0.279878E-01
    406 505365.589906740584   0.486363E-01   0.338171E-01   0.522343E-01
    407 507156.695361776918   0.419516E-01  -0.450325E-01   0.728122E-01
    408 509439.523793875589   0.326923E-01   0.600308E-01   0.111557E+00
    409 511311.346468486066   0.494843E-01  -0.407354E-01  -0.997600E-01
    410 513480.836992075900   0.328591E-01   0.551873E-01   0.507936E-01
    411 515692.786728206323   0.572459E-01  -0.333447E-01  -0.211253E-01
    412 517780.283838393691   0.439888E-01   0.518621E-01   0.795479E-01
    413 519435.432633525401   0.507316E-01  -0.392714E-01  -0.295020E-01
    414 521749.407785826770   0.345426E-01   0.371495E-01   0.100656E+00
    415 524467.071961861104   0.414779E-01  -0.369325E-01  -0.411223E-01
    416 526234.357309492771   0.443863E-01   0.411960E-01   0.513745E-01
    417 528515.787422734895   0.564985E-01  -0.350483E-01  -0.183386E-01
    418 530183.612903571571   0.468821E-01   0.375049E-01   0.278828E-01
    419 533185.219230267336   0.470963E-01  -0.526252E-01  -0.496522E-01
    420 534307.083733832231   0.490223E-01   0.527374E-01   0.410352E-01
    421 536909.909907900845   0.329107E-01  -0.458700E-01  -0.541783E-01
    422 539126.064879541169   0.344588E-01   0.461210E-01   0.538003E-01
    423 541478.205462202663   0.494928E-01  -0.414135E-01   0.187542E+00
    424 543313.777192666894   0.600724E-01   0.407198E-01   0.865505E-01
    425 545216.109029099229   0.498416E-01  -0.419468E-01  -0.526255E-01
    426 547540.631269261357   0.415986E-01   0.418960E-01   0.292874E-01
    427 549883.272967535537   0.372956E-01  -0.548807E-01  -0.431430E-01
    428 551720.762510221684   0.385486E-01   0.557421E-01   0.508656E-01
    429 553928.513797728810   0.538458E-01  -0.347613E-01  -0.175927E-01
    430 556307.136038185679   0.481095E-01   0.468175E-01   0.103272E+00
    431 558000.991560812457   0.453811E-01  -0.504702E-01  -0.130161E+00
    432 560207.005954226828   0.403129E-01   0.424251E-01   0.305632E-01
    433 562635.431956042652   0.444206E-01  -0.384612E-01  -0.730543E-01
    434 564609.909244191949   0.354058E-01   0.491166E-01   0.109965E+00
    435 566899.236588932690   0.495015E-01  -0.320316E-01  -0.313331E-01
    436 569310.140530089731   0.595201E-01   0.320773E-01   0.252251E-01
    437 571309.328019919456   0.373030E-01  -0.635864E-01  -0.597250E-01
    438 573323.784815391642   0.377823E-01   0.659891E-01   0.143380E-01
    439 575397.643432304962   0.667911E-01  -0.366184E-01  -0.205077E-01
    440 577497.646491808817   0.469236E-01   0.506806E-01   0.201903E+00
    441 579568.473132772371   0.704875E-01  -0.320563E-01  -0.121729E+00
    442 581606.969482443179   0.479376E-01   0.400897E-01   0.273052E-01
    443 584088.181504751439   0.461793E-01  -0.459897E-01  -0.486573E-01
    444 585542.537331569009   0.466338E-01   0.386161E-01   0.870066E-01
    445 588423.083795898478   0.390549E-01  -0.288370E-01  -0.634602E-01
    446 590616.284599519335   0.556167E-01   0.219591E-01   0.101500E-01
    447 593020.422466186807   0.404907E-01  -0.346257E-01  -0.204602E-01
    448 595174.404879828915   0.305098E-01   0.586753E-01   0.151344E+00
    449 597130.880776346428   0.311725E-01  -0.616958E-01  -0.549377E-01
    450 599302.994857867598   0.412976E-01   0.458652E-01   0.731355E-01
    451 601275.418786399881   0.577936E-01  -0.291949E-01  -0.659578E-01
    452 603748.358471778571   0.496834E-01   0.323864E-01   0.293721E-01
    453 605672.726622015121   0.360310E-01  -0.426134E-01  -0.209717E-01
    454 608313.103386879084   0.489008E-01   0.327944E-01   0.394494E-01
    455 610328.564306627144   0.366121E-01  -0.555951E-01  -0.183422E-01
    456 612278.241990757873   0.430342E-01   0.454487E-01   0.109228E-01
    457 614594.719591901987   0.437918E-01  -0.410989E-01  -0.219531E-01
    458 616903.566772517166   0.582061E-01   0.386074E-01  -0.475788E-02
    459 618539.661373765208   0.371304E-01  -0.554736E-01  -0.886997E-01
    460 621252.290330077289   0.459841E-01   0.387564E-01   0.375060E-01
    461 623114.780221022083   0.333019E-01  -0.556270E-01  -0.109656E+00
    462 625603.495439379476   0.449968E-01   0.424368E-01   0.231409E-01
    463 627414.119235693826   0.435528E-01  -0.429250E-01  -0.427522E-01
    464 629971.140208674595   0.547257E-01   0.325105E-01   0.411348E-01
    465 631908.310541599523   0.365159E-01  -0.504885E-01  -0.273043E-01
    466 634370.794032406411   0.428741E-01   0.457160E-01   0.266064E-01
    467 636232.681470350130   0.464388E-01  -0.428359E-01  -0.206229E-01
    468 638742.790851592436   0.399646E-01   0.512777E-01   0.681338E-01
    469 640698.293915864197   0.639262E-01  -0.377696E-01   0.201387E-01
    470 642542.346539817401   0.399368E-01   0.488848E-01   0.289833E-01
    471 645278.019059190759   0.509044E-01  -0.364927E-01  -0.370624E-01
    472 646934.226590828504   0.485243E-01   0.356146E-01  -0.249101E-01
    473 650002.292482127086   0.455865E-01  -0.410407E-01  -0.286642E-01
    474 651807.727225638460   0.401076E-01   0.689671E-01   0.126371E-01
    475 653474.076979115489   0.514710E-01  -0.446555E-01   0.489153E-01
    476 656082.414680268499   0.556241E-01   0.303424E-01  -0.153905E-01
    477 658348.305297094863   0.462636E-01  -0.412635E-01  -0.440577E-01
    478 660419.876785610337   0.250605E-01   0.786360E-01   0.841737E-01
    479 662799.255127425771   0.393893E-01  -0.561564E-01  -0.272366E-01
    480 664659.768584035221   0.387913E-01   0.575877E-01   0.233075E-01
    481 667117.697834035382   0.628835E-01  -0.351108E-01  -0.686082E-02
    482 669152.100445540273   0.668643E-01   0.384283E-01   0.179132E-01
    483 671089.577648626058   0.357118E-01  -0.666116E-01  -0.379517E-01
    484 673245.187701820512   0.465952E-01   0.398322E-01  -0.650126E-02
    485 675764.742518748622   0.434651E-01  -0.432774E-01  -0.741216E-01
    486 677652.373329865048   0.455335E-01   0.429601E-01   0.893924E-01
    487 679687.473860274185   0.335374E-01  -0.422345E-01   0.146523E-01
    488 682523.417483086814   0.590254E-01   0.229335E-01   0.223553E-01
    489 684521.168591440888   0.476095E-01  -0.364168E-01  -0.291316E-01
    490 686216.562827644520   0.467185E-01   0.282046E-01  -0.493879E-01
    491 689336.901860349113   0.338573E-01  -0.305390E-01  -0.458604E-01
    492 691424.060755738872   0.269299E-01   0.472384E-01   0.712017E-01
    493 693987.770810138667   0.497106E-01  -0.358429E-01  -0.977616E-01
    494 695840.252941696323   0.486810E-01   0.473409E-01   0.250635E-01
    495 697981.385917062289   0.382484E-01  -0.651161E-01  -0.681900E-01
    496 699925.263267027331   0.564720E-01   0.440736E-01  -0.692368E-02
    497 701919.748854467412   0.334950E-01  -0.574497E-01  -0.233439E-01
    498 704349.694173268159   0.364984E-01   0.376144E-01   0.319751E-01
    499 707504.254697654396   0.363281E-01  -0.702290E-01  -0.324273E-01
    500 709042.331558935228   0.520127E-01   0.767172E-01   0.649396E-01
    501 710799.588113891776   0.495883E-01  -0.693330E-01  -0.325521E-01
    502 713122.567233731505   0.546717E-01   0.508812E-01   0.292524E-01
    503 715345.208288623835   0.470083E-01  -0.664815E-01  -0.443778E-01
    504 716974.353643075796   0.481315E-01   0.523335E-01   0.409096E-01
    505 719928.581217995146   0.442796E-01  -0.433255E-01  -0.336372E-01
    506 722124.093948936439   0.667863E-01   0.401286E-01   0.280242E-01
    507 723984.244763921946   0.619044E-01  -0.455250E-01  -0.415634E-01
    508 726296.067883025738   0.466592E-01   0.579634E-01   0.461958E-01
    509 728328.859085267526   0.668944E-01  -0.412324E-01  -0.278574E-01
    510 730390.171329154517   0.438098E-01   0.526224E-01   0.350232E-01
    511 732957.974869310739   0.753451E-01  -0.300106E-01  -0.106642E-01
    512 735130.087342262850   0.616216E-01   0.479280E-01   0.196281E-01
    513 736954.213142064516   0.543621E-01  -0.540378E-01  -0.503985E-01
    514 739349.817177596735   0.626565E-01   0.458978E-01   0.216627E-01
    515 741159.277813639957   0.498345E-01  -0.556985E-01  -0.325774E-01
    516 743323.132766873459   0.453597E-01   0.444064E-01   0.394671E-01
    517 745680.448881959775   0.519804E-01  -0.301341E-01  -0.179955E-01
    518 748241.735478193033   0.390975E-01   0.420457E-01   0.344095E-01
    519 750393.706551490119   0.407669E-01  -0.479345E-01  -0.120224E-01
    520 752575.519873008016   0.707276E-01   0.305498E-01   0.609630E-01
    521 754700.764372463804   0.318868E-01  -0.724233E-01  -0.981204E-01
    522 756892.080264244578   0.464782E-01   0.551427E-01   0.686339E-01
    523 758710.854924024316   0.565000E-01  -0.404874E-01  -0.225063E-01
    524 761253.032256502425   0.387740E-01   0.509370E-01   0.523107E-01
    525 763355.046451276285   0.604972E-01  -0.360832E-01  -0.285314E-01
    526 765403.944150645053   0.461924E-01   0.438434E-01   0.363238E-01
    527 767824.652653530124   0.702935E-01  -0.310781E-01  -0.169090E-01
    528 769415.092763470835   0.590667E-01   0.306314E-01   0.205087E-01
    529 772693.250891327043   0.467577E-01  -0.367420E-01  -0.229512E-01
    530 774558.857956334134   0.587034E-01   0.430110E-01   0.417801E-01
    531 776653.558109140373   0.541847E-01  -0.553517E-01  -0.440197E-01
    532 778518.582493853988   0.498678E-01   0.608591E-01   0.442310E-01
    533 780721.979885276756   0.495920E-01  -0.584700E-01  -0.440436E-01
    534 782626.938088935101   0.485730E-01   0.559749E-01   0.342158E-01
    535 784681.350324652507   0.455870E-01  -0.449882E-01  -0.284576E-01
    536 787125.450829231297   0.450505E-01   0.415434E-01   0.235608E-01
    537 788783.305057875463   0.496063E-01  -0.294503E-01  -0.212323E-01
    538 791900.870115525206   0.432951E-01   0.266208E-01   0.251455E-01
    539 793811.771870253026   0.277201E-01  -0.477859E-01  -0.366179E-01
    540 796413.997791613801   0.342953E-01   0.492697E-01   0.529666E-01
    541 798143.858106089174   0.360038E-01  -0.571734E-01  -0.491628E-01
    542 799977.267607389949   0.365783E-01   0.406932E-01   0.341510E-01
    543 803083.967420127592   0.263566E-01  -0.690153E-01  -0.492454E-01
    544 804468.287593396730   0.375616E-01   0.556594E-01   0.308964E-01
    545 806785.802670755424   0.428640E-01  -0.365086E-01  -0.253157E-01
    546 808680.219224639470   0.380423E-01   0.321762E-01   0.211136E-01
    547 811639.508758752607   0.358377E-01  -0.363987E-01  -0.268905E-01
    548 813266.943161205971   0.303810E-01   0.478315E-01   0.342573E-01
    549 815725.895998906228   0.444829E-01  -0.305907E-01  -0.184348E-01
    550 817435.764636984328   0.281844E-01   0.416393E-01   0.214955E-01
    551 820364.028296823264   0.268598E-01  -0.402212E-01  -0.244029E-01
    552 822214.838642663322   0.232321E-01   0.534323E-01   0.390859E-01
    553 824679.912605301361   0.238733E-01  -0.566017E-01  -0.383762E-01
    554 826685.681771112955   0.416437E-01   0.389750E-01   0.208426E-01
    555 828871.528278793441   0.343148E-01  -0.590243E-01  -0.426710E-01
    556 830323.997309603845   0.266552E-01   0.615051E-01   0.417564E-01
    557 833687.457030304475   0.526022E-01  -0.328400E-01  -0.171876E-01
    558 835113.000527282013   0.599469E-01   0.362574E-01   0.247874E-01
    559 837441.962597246747   0.303907E-01  -0.670080E-01  -0.510784E-01
    560 839226.155429699575   0.321581E-01   0.604558E-01   0.455475E-01
    561 841660.980301732779   0.329036E-01  -0.572697E-01  -0.347753E-01
    562 843389.654068676406   0.344340E-01   0.514930E-01   0.386286E-01
    563 845926.776341517922   0.396081E-01  -0.425989E-01  -0.286962E-01
    564 847591.947891637566   0.377419E-01   0.423129E-01   0.311176E-01
    565 849944.129916045698   0.337261E-01  -0.329582E-01  -0.233892E-01
    566 852586.230177951860   0.440514E-01   0.356292E-01   0.324519E-01
    567 853869.479460269795   0.262907E-01  -0.560205E-01  -0.436093E-01
    568 856634.491869068705   0.174421E-01   0.483508E-01   0.399984E-01
    569 859170.632053967332   0.255257E-01  -0.455304E-01  -0.245420E-01
    570 861084.996691004140   0.456256E-01   0.351998E-01   0.223166E-01
    571 862831.009873458650   0.226886E-01  -0.636226E-01  -0.334554E-01
    572 865439.341322524822   0.298939E-01   0.514690E-01   0.328406E-01
    573 866928.575892581022   0.375127E-01  -0.388754E-01  -0.263980E-01
    574 869760.970159986871   0.258865E-01   0.553476E-01   0.412716E-01
    575 871166.703740029014   0.300580E-01  -0.458684E-01  -0.260806E-01
    576 874051.635843809228   0.419912E-01   0.273362E-01   0.179668E-01
    577 876016.481828309828   0.427409E-01  -0.376646E-01  -0.244225E-01
    578 877901.859050280182   0.613814E-01   0.313038E-01   0.155142E-01
    579 879298.306067689904   0.427770E-01  -0.309647E-01  -0.185987E-01
    580 882646.858804045944   0.165905E-01   0.505951E-01   0.381403E-01
    581 884652.860652336967   0.308435E-01  -0.388730E-01  -0.294875E-01
    582 886816.863032112247   0.342051E-01   0.476503E-01   0.310698E-01
    583 888523.448394233594   0.186248E-01  -0.941291E-01  -0.615096E-01
    584 890652.818601314793   0.368647E-01   0.427548E-01   0.264086E-01
    585 892491.541726477910   0.309326E-01  -0.414384E-01  -0.253914E-01
    586 895280.303507142118   0.385555E-01   0.381775E-01   0.274600E-01
    587 896848.844607438194   0.430416E-01  -0.421946E-01  -0.282490E-01
    588 898531.398282621871   0.412378E-01   0.283431E-01   0.153374E-01
    589 901699.623796988046   0.448959E-01  -0.221800E-01  -0.183995E-01
    590 903732.942656921223   0.464533E-01   0.383760E-01   0.264056E-01
    591 905285.273298418149   0.379620E-01  -0.518611E-01  -0.403314E-01
    592 907341.347037447616   0.281416E-01   0.570849E-01   0.352917E-01
    593 909401.259712070459   0.497167E-01  -0.311732E-01  -0.208679E-01
    594 911043.647328531020   0.318556E-01   0.353709E-01   0.214799E-01
    595 914168.752378556994   0.258743E-01  -0.450961E-01  -0.252794E-01
    596 915597.154758102144   0.368773E-01   0.386623E-01   0.259907E-01
    597 917431.091578779509   0.307454E-01  -0.290113E-01  -0.195800E-01
    598 920407.297452531056   0.257416E-01   0.352362E-01   0.266378E-01
    599 921877.953128140653   0.208323E-01  -0.465710E-01  -0.384138E-01
    600 924399.298137314850   0.370464E-01   0.217847E-01   0.134860E-01
    601 926457.613473469508   0.369297E-01  -0.262373E-01  -0.173714E-01
    602 928385.174774491112   0.385842E-01   0.256962E-01   0.243635E-01
    603 930407.559209589730   0.155606E-01  -0.543764E-01  -0.345746E-01
    604 932984.601674982929   0.175593E-01   0.623890E-01   0.420034E-01
    605 934444.078661859618   0.287573E-01  -0.395250E-01  -0.178207E-01
    606 937132.365568701178   0.448170E-01   0.283496E-01   0.200781E-01
    607 938483.887284154422   0.305247E-01  -0.418739E-01  -0.290613E-01
    608 941306.770735277561   0.383108E-01   0.345625E-01   0.258404E-01
    609 942889.183478291379   0.373724E-01  -0.466410E-01  -0.299859E-01
    610 944926.118048909353   0.405809E-01   0.496857E-01   0.280873E-01
    611 946325.240637977258   0.431072E-01  -0.406369E-01  -0.232541E-01
    612 948754.197219502181   0.327453E-01   0.494943E-01   0.299397E-01
    613 949689.416610695305   0.255122E-01  -0.468830E-01  -0.274324E-01
    614 953370.258989699651   0.399349E-01   0.112946E-01   0.621458E-02
    615 955242.700436436920   0.436355E-01  -0.149766E-01  -0.183296E-01
    616 957032.372497668839   0.259031E-01   0.239431E-01   0.155379E-01
    617 959222.518629980157   0.206458E-01  -0.244684E-01  -0.119752E-01
    618 961517.329972378211   0.293460E-01   0.179051E-01   0.103409E-01
    619 963745.723768641939   0.163814E-01  -0.478994E-01  -0.228244E-01
    620 965203.304545701249   0.946819E-02   0.856587E-01   0.583555E-01
    621 967217.748434793437   0.265769E-01  -0.189711E-01  -0.100758E-01
    622 969786.608319899766   0.180930E-01   0.227848E-01   0.127696E-01
    623 972368.033452656236   0.252975E-01  -0.297783E-01  -0.209467E-01
    624 974085.695961167105   0.249906E-01   0.543021E-01   0.320185E-01
    625 975544.661848381977   0.423865E-01  -0.335559E-01  -0.210647E-01
    626 977362.261701790034   0.216337E-01   0.449424E-01   0.257551E-01
    627 979693.112239897018   0.229424E-01  -0.345829E-01  -0.185874E-01
    628 981627.452718401211   0.185550E-01   0.426793E-01   0.274803E-01
    629 983880.262566880905   0.241389E-01  -0.358613E-01  -0.215208E-01
    630 985934.407155505382   0.280169E-01   0.470798E-01   0.290555E-01
    631 987406.349429865833   0.292318E-01  -0.500068E-01  -0.303067E-01
    632 989127.071753744385   0.297643E-01   0.334206E-01   0.154450E-01
    633 991385.951693846029   0.245763E-01  -0.276510E-01  -0.148111E-01
    634 993690.334838887211   0.191644E-01   0.437416E-01   0.275393E-01
    635 995165.447504373384   0.294783E-01  -0.285923E-01  -0.192915E-01
    636 997122.893916281173   0.286223E-01   0.181480E-01   0.109982E-01
    637 999668.720989668625   0.730890E-02  -0.608765E-01  -0.314428E-01
    6381001852.515648936038   0.128985E-01   0.560754E-01   0.327291E-01
    6391003127.129469267442   0.266138E-01  -0.255048E-01  -0.181691E-01
    6401005860.713187145768   0.288655E-01   0.197950E-01   0.131569E-01
    6411007610.679928539903   0.115441E-01  -0.679515E-01  -0.406773E-01
    6421009401.874199869111   0.391961E-01   0.211269E-01   0.121020E-01
    6431011426.951449620654   0.292693E-01  -0.378088E-01  -0.203728E-01
    6441012521.493019364774   0.270015E-01   0.341591E-01   0.196739E-01
    6451014766.138317394070   0.133934E-01  -0.270960E-01  -0.160657E-01
    6461017046.233848563395   0.750394E-02   0.334779E-01   0.194562E-01
    6471019363.106747721438   0.156023E-01  -0.149145E-01  -0.590276E-02
    6481021666.664176012739   0.154844E-01   0.193261E-01   0.120375E-01
    6491023548.733387494693   0.877218E-02  -0.426683E-01  -0.260673E-01
    6501025868.007300483063   0.219901E-01   0.305386E-01   0.190636E-01
    6511027134.551475785673   0.426367E-01  -0.189618E-01  -0.581684E-02
    6521028998.612474788912   0.274696E-01   0.218874E-01   0.143929E-01
    6531030872.469588991022   0.131580E-01  -0.348015E-01  -0.238060E-01
    6541033259.086145219859   0.121658E-01   0.379290E-01   0.196159E-01
    6551035086.727704589954   0.199876E-01  -0.288933E-01  -0.172477E-01
    6561036975.624936770531   0.250130E-01   0.258931E-01   0.143232E-01
    6571038786.947915647179   0.144575E-01  -0.476488E-01  -0.221077E-01
    6581040577.443752763444   0.222574E-01   0.283238E-01   0.147178E-01
    6591042902.506882232847   0.236525E-01  -0.410702E-01  -0.248028E-01
    6601043913.944518779637   0.234032E-01   0.397041E-01   0.224712E-01
    6611046453.772381621413   0.263961E-01  -0.234145E-01  -0.151015E-01
    6621048074.854937597294   0.248693E-01   0.317116E-01   0.194696E-01
    6631049331.492396806134   0.148505E-01  -0.355734E-01  -0.202085E-01
    6641052484.011516737984   0.168102E-01   0.254890E-01   0.121498E-01
    6651053614.796690843767   0.170673E-01  -0.259661E-01  -0.141135E-01
    6661056496.113934073364   0.187007E-01   0.240129E-01   0.135363E-01
    6671058102.000645284308   0.377240E-01  -0.196202E-01  -0.658585E-02
    6681059851.307079853490   0.223740E-01   0.459674E-01   0.291515E-01
    6691061206.632259650854   0.210379E-01  -0.474018E-01  -0.262938E-01
    6701063005.738495509839   0.145294E-01   0.442354E-01   0.255055E-01
    6711065489.505907485262   0.218217E-01  -0.401581E-01  -0.182596E-01
    6721066668.136151673039   0.276443E-01   0.372540E-01   0.191400E-01
    6731068478.900100885425   0.287759E-01  -0.282265E-01  -0.145893E-01
    6741069732.463769395836   0.214040E-01   0.238009E-01   0.163752E-01
    6751072846.218711106107   0.931967E-02  -0.344703E-01  -0.212828E-01
    6761074479.978926372714   0.331692E-01   0.140893E-01   0.822688E-02
    6771076294.270157437073   0.297364E-01  -0.187678E-01  -0.119092E-01
    6781077986.751170160482   0.332603E-01   0.201132E-01   0.124340E-01
    6791079470.836409905460   0.252599E-01  -0.248071E-01  -0.150475E-01
    6801081158.887143911561   0.212595E-01   0.217487E-01   0.109685E-01
    6811082656.647779791383   0.296300E-01  -0.874470E-02  -0.393394E-02
    6821085648.616490963381   0.258804E-01   0.739703E-02   0.359588E-02
    6831087195.325994475745   0.718503E-02  -0.345939E-01  -0.194140E-01
    6841088991.440078603104   0.135045E-01   0.161849E-01   0.102697E-01
    6851091164.240631417604   0.192550E-01  -0.122530E-01  -0.630133E-02
    6861092993.616993952310   0.884394E-02   0.347609E-01   0.234668E-01
    6871095055.776012620656   0.160536E-01  -0.357316E-01  -0.176158E-01
    6881096354.437253105687   0.314982E-01   0.265048E-01   0.138253E-01
    6891097765.154075766914   0.207618E-01  -0.373842E-01  -0.215250E-01
    6901099163.960601470666   0.877004E-02   0.568039E-01   0.307300E-01
    6911101176.269569680793   0.155887E-01  -0.167059E-01  -0.952727E-02
    6921103339.303949736059   0.132639E-01   0.183862E-01   0.802305E-02
    6931104909.500741768163   0.114443E-01  -0.198495E-01  -0.108466E-01
    6941107419.609853293048   0.440983E-02   0.718299E-01   0.389522E-01
    6951108909.589277935913   0.244555E-01  -0.234040E-01  -0.108889E-01
    6961110231.076515262015   0.100513E-01   0.637409E-01   0.316662E-01
    6971111785.594709747005   0.179127E-01  -0.309468E-01  -0.140357E-01
    6981113188.403996290639   0.866091E-02   0.453472E-01   0.242742E-01
    6991115040.399690272985   0.541036E-02  -0.405731E-01  -0.222796E-01
    7001117298.306037490489   0.415701E-02   0.618983E-01   0.336442E-01
    7011118411.945452871732   0.223814E-01  -0.111675E-01  -0.781979E-02
    7021120826.032895038370   0.167720E-01   0.267926E-01   0.141857E-01
    7031121280.090105579467   0.179258E-01  -0.231277E-01  -0.122304E-01
    7041123858.678174435394   0.232244E-01   0.599039E-02   0.374690E-02
    7051124506.819504999788   0.483031E-02  -0.211509E-01  -0.967860E-02
    7061128765.781119541265   0.242733E-02   0.275552E-01   0.138910E-01
    7071129460.946592590306   0.517975E-02  -0.160324E-01  -0.417463E-02
    7081131708.165641632397   0.192305E-01   0.328204E-02   0.222998E-02
    7091133098.783306858502   0.190163E-01  -0.368318E-02  -0.435663E-02
    7101134853.807913700584   0.103416E-01   0.510627E-02   0.246129E-02
    7111137721.946448080940   0.347177E-01  -0.139282E-01  -0.755377E-02
    7121137943.659077804768   0.118968E-01   0.427811E-01   0.224791E-01
    7131140507.422317971708   0.155955E-01  -0.207856E-01  -0.100577E-01
    7141140873.595679053571   0.255506E-01   0.117402E-01   0.302675E-02
    7151144212.812661890639   0.108676E-01  -0.160847E-01  -0.100844E-01
    7161144772.039824701846   0.131937E-01   0.140360E-01   0.711872E-02
    7171147730.789359051501   0.176511E-01  -0.111285E-01  -0.424796E-02
    7181148858.653023736551   0.125644E-01   0.311823E-01   0.179269E-01
    7191150136.049850031501   0.359003E-01  -0.132994E-01  -0.713020E-02
    7201151545.519926129142   0.131294E-01   0.467925E-01   0.250578E-01
    7211152343.447066758061   0.107223E-01  -0.415702E-01  -0.204294E-01
    7221154512.044538727030   0.170116E-01   0.966122E-02   0.497217E-02
    7231155906.307774328161   0.416625E-02  -0.330410E-01  -0.170693E-01
    7241157508.824602768756   0.232509E-01   0.344462E-02   0.105904E-02
    7251159779.419887222117   0.670885E-03  -0.113497E+00  -0.584887E-01
    7261160873.059089302551   0.345445E-02   0.191030E-01   0.965538E-02
    7271163943.696010231273   0.260361E-01  -0.392931E-02  -0.326451E-02
    7281165294.387245827354   0.268435E-01   0.116910E-01   0.545094E-02
    7291166211.208042368526   0.305207E-01  -0.126434E-01  -0.107175E-01
    7301167868.948199822800   0.183351E-01   0.230574E-01   0.112595E-01
    7311169023.717068179511   0.129400E-01  -0.434315E-01  -0.218024E-01
    7321169942.021005825838   0.214671E-01   0.179702E-01   0.685094E-02
    7331171838.869212414837   0.394300E-01  -0.450023E-02  -0.243614E-04
    7341173229.053331825649   0.299251E-02   0.529509E-01   0.287865E-01
    7351174506.988208052237   0.199725E-01  -0.508900E-02  -0.174002E-02
    7361176281.338418415515   0.581590E-03   0.965282E-01   0.477477E-01
    7371177576.683859611629   0.131484E-01  -0.242884E-02   0.896063E-04
    7381180471.726580278017   0.417160E-02   0.661265E-02   0.318145E-02
    7391181676.645929950522   0.169092E-02  -0.221048E-01  -0.128422E-01
    7401183937.903070420725   0.268231E-01   0.347604E-02   0.105398E-02
    7411185082.233489010716   0.145639E-01  -0.188553E-01  -0.831651E-02
    7421185751.812206314178   0.298586E-01   0.933820E-02   0.457659E-02
    7431187261.757597384974   0.215935E-01  -0.790895E-02  -0.386549E-02
    7441188221.964970012661   0.201397E-01   0.615925E-02   0.203595E-02
    7451189709.756129827583   0.147903E-01  -0.333094E-02  -0.174599E-02
    7461191535.995061819209   0.828448E-02   0.388692E-02   0.279751E-02
    7471192663.550152239855   0.732997E-03  -0.312640E-01  -0.146181E-01
    7481194449.926665208302   0.107944E-01   0.857154E-03   0.321334E-03
    7491197273.167905361159   0.604080E-02  -0.397014E-02  -0.299795E-02
    7501198061.347230445361   0.112514E-01   0.340539E-02   0.110930E-02
    7511199481.938176767435   0.479665E-03  -0.911368E-01  -0.445558E-01
    7521200432.574339498766   0.105215E-01   0.377774E-02   0.183032E-02
    7531201923.641165613430   0.178907E-01  -0.131880E-02  -0.486642E-03
    7541203550.443850832060   0.158479E-01   0.157783E-02   0.399787E-02
    7551204585.847112542251   0.488146E-02  -0.469761E-02  -0.548428E-02
    7561206320.996632638387   0.466853E-02   0.465377E-02   0.230544E-02
    7571207307.026360548567   0.127284E-01  -0.176966E-02  -0.136089E-02
    7581208641.904631774640   0.173779E-02   0.964921E-02   0.228001E-02
    7591209646.263539212290   0.715433E-02  -0.146878E-02  -0.908282E-03
    7601211601.913387163542   0.493189E-02   0.191540E-02   0.856236E-03
    7611212107.241375881480   0.103208E-01  -0.748438E-03  -0.159297E-02
    7621214329.926240839064  -0.288546E-03  -0.970338E-02  -0.480539E-02
    7631214910.300878478214   0.454304E-02  -0.475696E-03  -0.162317E-02
    7641217230.857026133453   0.602193E-02   0.858672E-04  -0.660862E-03
    7651218491.098242770648   0.213366E-01  -0.198666E-04  -0.213378E-03
    7661220375.816941794939   0.179226E-01   0.169727E-04  -0.340290E-04
    7671222480.054360330803   0.347962E-02  -0.256628E-03  -0.156107E-02
    7681223505.477249861229   0.225978E-02   0.895414E-03  -0.817891E-03
    7691224899.413070123177   0.164199E-01  -0.616352E-03  -0.666092E-03
    7701225320.286838891217   0.254688E-02   0.539456E-02   0.270319E-02
    7711226226.087315971963   0.367734E-01  -0.255321E-03  -0.112429E-03
    7721226934.225002304185   0.276582E-01   0.235240E-03  -0.667073E-03
    7731227689.912868083920   0.156102E-01  -0.150448E-03   0.889097E-03
    7741229110.141128902091   0.262926E-02   0.204415E-03   0.198218E-03
    7751229833.218893884448   0.155893E-01  -0.150089E-04  -0.781927E-04
    7761231830.590580579825   0.623784E-02   0.133536E-04  -0.915329E-03
    7771232071.633832951775   0.312058E-02  -0.204732E-04  -0.530956E-03
    7781234330.446129713207   0.226681E-01   0.734271E-07  -0.956800E-05
    7791235350.127218727255   0.334659E-02  -0.184039E-06   0.643782E-04
    7801237162.831029741559   0.206430E-03   0.296785E-06   0.134880E-02
    7811241576.238027843181   0.226329E-02  -0.230879E-07   0.260319E-02
    7821242601.047728225123   0.159949E-01   0.902067E-08  -0.253027E-02
    7831244022.812791795470   0.149194E-01  -0.484172E-07  -0.826454E-05
    7841244528.132782201283   0.104211E-01   0.105658E-06   0.843802E-04
    7851245412.538989160676   0.388883E-02  -0.253190E-06  -0.147313E-02
    7861246036.207944113761   0.270098E-01   0.249212E-07  -0.206041E-04
    7871247002.628615094814   0.129967E-01  -0.174232E-07   0.870531E-04
    7881247878.987066146685   0.829526E-02   0.876558E-08   0.968736E-03
    7891249569.136777806794   0.434488E-02  -0.121144E-06   0.143733E-03
    7901249582.666679060552  -0.224048E-01  -0.230518E-07  -0.113043E-02
    7911251731.606569876429   0.776758E-02  -0.689839E-10  -0.584558E-03
    7921252488.306997831445   0.769560E-02   0.235525E-10   0.180697E-03
    7931254247.412937533110   0.713507E-02  -0.858674E-12  -0.495992E-04
    7941260839.633762822719   0.114508E-03   0.122005E-10  -0.128525E-02
    7951261851.430354360258  -0.171868E-01   0.277688E-12  -0.117221E-02
    7961263316.709321490489   0.127116E-01   0.247005E-11   0.214085E-03
    7971263854.109787509777   0.346286E-02  -0.157830E-10  -0.235122E-04
    7981264812.233373739291   0.109569E-01   0.697438E-11  -0.857457E-03
    7991265328.960266436683   0.111879E-02  -0.602272E-10   0.636977E-04
    8001266252.173404481495   0.875740E-02   0.281785E-11  -0.551478E-04
    8011267476.009032800095   0.275436E-01  -0.123940E-11   0.446199E-03
    8021267630.531573865563   0.624693E-02   0.440371E-11   0.730194E-03
    8031269436.198431160534   0.135350E-01  -0.546082E-13   0.899805E-05
    8041269934.061884922907   0.139535E-01   0.244188E-13   0.585309E-04
    8051271630.119086845312   0.506036E-02  -0.219794E-14   0.120065E-02
    8061274195.144784732722  -0.159726E-15   0.494262E-01   0.228858E-01
    8071280273.046251024818   0.472807E-03  -0.163233E-14   0.199569E-02
    8081281255.672473256709   0.874992E-02   0.195728E-15   0.201294E-02
    8091282758.064110329375   0.612264E-02  -0.476750E-14   0.938516E-05
    8101283373.222487551160   0.125946E-01   0.550235E-14  -0.101822E-03
    8111284257.318031229777   0.599622E-02  -0.264286E-13  -0.438642E-04
    8121284936.543914674316   0.214364E-02   0.113370E-12  -0.882821E-03
    8131285810.395565734478  -0.732925E-03   0.935082E-12   0.762543E-03
    8141286028.766048822086   0.229949E-01   0.276749E-13   0.164666E-04
    8151287311.796818475239  -0.353923E-13   0.195257E-01   0.814983E-02
    8161287450.588104946539   0.154292E-01   0.511365E-13  -0.458749E-03
    8171287738.726653587306   0.331490E-01  -0.479215E-14   0.142481E-03
    8181289263.650153830182   0.184943E-14   0.684483E-02   0.294708E-02
    8191289311.078362772474  -0.742995E-02   0.303403E-14  -0.603267E-04
    8201299548.217983757379  -0.239977E-15   0.594925E-01   0.255215E-01
    8211299879.874623949407   0.297717E-02  -0.191289E-14   0.111318E-02
    8221300430.020961897681  -0.636117E-15  -0.695116E-01  -0.313818E-01
    8231300813.826723389095   0.143896E-01  -0.586169E-13  -0.105970E-02
    8241300829.941417873837  -0.553586E-13  -0.147254E-01  -0.767533E-02
    8251302367.609335852554   0.590048E-02  -0.773901E-14  -0.320915E-03
    8261302770.048498753458   0.448473E-14   0.290185E-01   0.125255E-01
    8271303004.459789953195   0.199162E-02  -0.491356E-13   0.110437E-03
    8281304065.368577949936   0.229138E-01   0.178978E-14   0.128849E-03
    8291304476.738089940278   0.121592E-01  -0.429455E-14   0.657144E-03
    8301304874.883438535267   0.119944E-01   0.211298E-14  -0.229550E-03
    8311305659.011985844467   0.388425E-14  -0.131553E-01  -0.599953E-02
    8321305785.437736464199   0.514907E-02   0.123149E-13  -0.498447E-04
    8331305984.933743178146   0.200252E-02  -0.741850E-14   0.760999E-04
    8341307292.035439644940  -0.222523E-09  -0.357796E-04   0.104494E-02
    8351307292.036530725192   0.322333E-02  -0.247018E-11   0.106118E-02
    8361313842.531280509662   0.146477E-15  -0.109897E+00  -0.493922E-01
    8371319665.818797712214   0.789716E-04  -0.458052E-07  -0.144219E-02
    8381319665.818797726417   0.142419E-01   0.253990E-09  -0.142627E-02
    8391320524.566662902711  -0.332373E-02   0.803999E-11  -0.143934E-02
    8401320524.566678543109   0.738958E-08   0.361581E-05   0.144098E-02
    8411322132.634548744187  -0.169750E-01   0.967423E-12   0.162189E-03
    8421322132.635212931549  -0.104598E-08  -0.157022E-04  -0.169375E-03
    8431322805.714730265550   0.158426E-02  -0.152151E-12  -0.269679E-04
    8441322805.885498801712  -0.126039E-11  -0.191625E-03  -0.623034E-04
    8451323829.636331100482   0.171604E-02  -0.365360E-14   0.531268E-03
    8461323922.767943660030  -0.329386E-13  -0.778581E-03   0.247269E-03
    8471323957.108325899346   0.150146E-01  -0.200759E-14   0.373874E-03
    8481324518.183010085952   0.307869E-12   0.530389E-03   0.340535E-03
    8491324520.558923251927  -0.104149E-01   0.147897E-13   0.116128E-03
    8501324735.025173327420   0.193036E-11   0.212229E-03   0.211818E-03
    8511324735.316809097771  -0.216884E-01   0.189367E-13   0.121703E-03
    8521325576.303171839798  -0.883562E-11  -0.122582E-04  -0.701045E-04
    8531325576.303682022961  -0.397444E-03   0.272140E-12  -0.647789E-04
    8541339635.239644446643  -0.385564E-04  -0.549641E-14   0.941325E-03
    8551339635.239644468063   0.565665E-02  -0.434823E-15  -0.928580E-03
    8561340386.711922921939  -0.942850E-06  -0.214365E-11  -0.853016E-03
    8571340386.711922935443   0.846855E-03  -0.263560E-14  -0.854918E-03
    8581342076.548556204652  -0.124080E-04  -0.638878E-11   0.187684E-03
    8591342076.548556222115   0.867887E-02  -0.942622E-14  -0.187148E-03
    8601342566.246453352738  -0.227087E-03  -0.281069E-11   0.512218E-06
    8611342566.246453364613   0.234936E-01  -0.279323E-13  -0.502412E-06
    8621343425.108001669869  -0.119121E-04  -0.220414E-09   0.134064E-03
    8631343425.108001683606   0.124688E-01  -0.210160E-12   0.134321E-03
    8641343771.837064881576  -0.541090E-04  -0.172398E-09   0.407409E-03
    8651343771.837064896245   0.171521E-01  -0.543720E-12  -0.404847E-03
    8661344045.416256549768   0.582304E-04   0.168660E-09  -0.397827E-03
    8671344045.416256560246  -0.632593E-02   0.155186E-11  -0.405219E-03
    8681344209.593604143942   0.245843E-15  -0.109548E-08   0.775635E-03
    8691344209.593604163732  -0.630863E-02   0.817452E-15  -0.775635E-03
    8701359792.443275873549   0.294100E-10   0.187254E-05   0.845540E-03
    8711359792.443277617451  -0.779849E-06   0.501572E-09  -0.844344E-03
    8721359792.443277630722   0.108604E-01   0.311584E-13   0.844449E-03
    8731360397.591527138837   0.118530E-15  -0.960064E-04   0.981801E-03
    8741360397.595969500719  -0.876600E-05  -0.244311E-11   0.102377E-02
    8751360397.595969517715   0.122463E-01  -0.170877E-14  -0.102231E-02
    8761362045.761500586988   0.831117E-17   0.140556E-02   0.440054E-03
    8771362046.505053977249  -0.125555E-03   0.692522E-13  -0.160304E-03
    8781362046.505053989822   0.257061E-01   0.891089E-15  -0.161878E-03
    8791362371.146711954614  -0.824585E-05   0.452121E-14  -0.141454E-03
    8801362371.146711969981   0.279703E-02  -0.164117E-15   0.140622E-03
    8811362997.261884998297  -0.268847E-05   0.469385E-14  -0.405063E-04
    8821362997.261885013664   0.231900E-02   0.141724E-15   0.404125E-04
    8831363542.547550617252  -0.935620E-17   0.259354E-03  -0.108650E-03
    8841363542.590484123910  -0.167729E-03  -0.811875E-12  -0.218947E-03
    8851363542.590484133689  -0.264740E-01   0.527564E-14   0.221739E-03
    8861363793.100850408664   0.674769E-17   0.422148E-03   0.257129E-03
    8871363793.206175060943   0.184131E-04  -0.183424E-12   0.756983E-04
    8881363793.206175078871  -0.540546E-02  -0.310408E-15  -0.751843E-04
    8891380138.765669578221   0.151635E-06  -0.377861E-13   0.760046E-03
    8901380138.765669586137  -0.439901E-04   0.440135E-15  -0.753212E-03
    8911380138.765669595450   0.187376E-01   0.244387E-15   0.753980E-03
    8921380541.667802992743  -0.537395E-06  -0.730689E-13   0.493876E-03
    8931380541.667802999495   0.222613E-04  -0.276260E-14  -0.454508E-03
    8941380541.667803009972   0.228944E-01  -0.134661E-15   0.475281E-03
    8951381830.649126519682   0.122255E-05  -0.487262E-12  -0.278852E-03
    8961381830.649126523640  -0.219361E-04  -0.328368E-13   0.242904E-03
    8971381830.649126542965   0.353525E-02  -0.397336E-15   0.263913E-03
    8981382258.168346537044  -0.228690E-04  -0.404924E-12   0.789796E-03
    8991382258.168346537044  -0.264371E-05   0.357715E-11  -0.638332E-03
    9001382258.168346554739   0.166034E-02  -0.210857E-15   0.733017E-03
    9011383015.555883856025  -0.393050E-06   0.931839E-13   0.173540E-03
    9021383015.555883860216  -0.544938E-04  -0.140407E-14   0.170574E-03
    9031383015.555883871391   0.174102E-01  -0.282892E-15  -0.171259E-03
    9041383704.350161280716  -0.139760E-16   0.118461E-01   0.499788E-02
    9051383762.853044131538   0.130338E-05  -0.118625E-14   0.280219E-04
    9061383762.853044139221  -0.641360E-04   0.113217E-15  -0.264168E-04
    9071383762.853044151329  -0.817824E-02   0.746562E-18  -0.269156E-04
    9081400649.795721956529   0.100069E-07   0.190269E-07  -0.281724E-03
    9091400649.795721962582  -0.561776E-06   0.920706E-09   0.258735E-03
    9101400649.795721968403   0.771826E-04   0.528325E-11  -0.268300E-03
    9111400649.795721977251   0.878979E-02  -0.915755E-14  -0.266609E-03
    9121400787.236493768403   0.172534E-06   0.279957E-08  -0.768332E-03
    9131400787.236493772361  -0.148528E-05   0.628670E-09   0.529923E-03
    9141400787.236493776785   0.216669E-04   0.212157E-10  -0.595000E-03
    9151400787.236493786098   0.409062E-02  -0.222401E-14  -0.634571E-03
    9161401566.916006404907   0.949420E-08   0.797922E-09  -0.190394E-03
    9171401566.916006408632  -0.274119E-06   0.585912E-10   0.172180E-03
    9181401566.916006414220   0.910257E-05   0.113161E-11  -0.169359E-03
    9191401566.916006423533   0.124407E-01   0.233725E-16  -0.177386E-03
    9201402555.131018187851  -0.353199E-16   0.641742E-11   0.180833E-03
    9211402555.131018190645  -0.482093E-16  -0.462792E-12  -0.207004E-03
    9221402555.131018199027  -0.882629E-05  -0.154211E-15  -0.196045E-03
    9231402555.131018213695   0.172361E-02   0.370162E-16  -0.196266E-03
    9241403689.871135175694  -0.902021E-17   0.369449E-02   0.138856E-02
    9251403694.278847154230   0.413448E-08  -0.192008E-12  -0.159116E-03
    9261403694.278847163310  -0.202099E-05  -0.243760E-14  -0.159853E-03
    9271403694.278847169597   0.500268E-03   0.554397E-16  -0.177328E-03
    9281403694.278847171692   0.545717E-02  -0.519149E-15  -0.145273E-03
    9291421012.512311657658  -0.985062E-07   0.190336E-12  -0.433762E-03
    9301421012.512311659986   0.836451E-06   0.549122E-13   0.283449E-03
    9311421012.512311664643  -0.127675E-04   0.332990E-14  -0.308353E-03
    9321421012.512311669765  -0.130924E-01  -0.102565E-15  -0.348894E-03
    9331421012.512311677448   0.238713E-03   0.107682E-15  -0.322349E-03
    9341421413.112158676144   0.165493E-10   0.926944E-07  -0.636343E-03
    9351421413.112158683361  -0.287142E-07   0.227505E-09  -0.666535E-03
    9361421413.112158689182  -0.212509E-05  -0.509259E-11  -0.615218E-03
    9371421413.112158695702  -0.148107E-01   0.317449E-15  -0.653219E-03
    9381421413.112158700358   0.363322E-03   0.797874E-14  -0.616980E-03
    9391421564.615915316623  -0.397946E-09   0.237168E-07  -0.304770E-03
    9401421564.615915317554   0.111031E-08   0.123187E-07   0.111982E-03
    9411421564.615915320581   0.174034E-07  -0.260445E-09   0.202372E-03
    9421421564.615915336879  -0.493117E-02   0.319581E-15   0.214740E-03
    9431421564.615915339207  -0.134109E-03   0.557587E-14   0.226508E-03
    9441423488.139114672784  -0.592923E-18   0.334984E-04  -0.169222E-03
    9451423488.139435454039   0.565029E-09  -0.135292E-10  -0.250377E-03
    9461423488.139435455203  -0.270581E-08  -0.707620E-11   0.907423E-04
    9471423488.139435455203  -0.401011E-07   0.294494E-12   0.170974E-03
    9481423488.139435462654   0.134345E-01   0.576048E-17  -0.183021E-03
    9491423488.139435475925   0.387076E-05   0.451672E-15  -0.184202E-03
    9501441249.224206369836  -0.225757E-14  -0.914357E-06  -0.124573E-03
    9511441249.224206591956   0.283195E-09  -0.550538E-10   0.119515E-03
    9521441249.224206592888   0.285479E-10   0.876140E-09   0.132193E-03
    9531441249.224206597777   0.486466E-07  -0.402051E-12   0.122497E-03
    9541441249.224206602667   0.104387E-01   0.552078E-16   0.125259E-03
    9551441249.224206609651   0.666501E-05  -0.351301E-15  -0.127465E-03
    9561441249.224206618033  -0.753460E-04   0.102530E-15   0.118572E-03
    9571441843.013611958362   0.703661E-20   0.909001E-04  -0.236695E-03
    9581441843.015732100699   0.582737E-11   0.486465E-11   0.288358E-03
    9591441843.015732103726  -0.460645E-09   0.252118E-12  -0.286446E-03
    9601441843.015732107451   0.128284E-07   0.126429E-13   0.260528E-03
    9611441843.015732112108  -0.743398E-06   0.872533E-16  -0.259042E-03
    9621441843.015732115833   0.100992E-01  -0.114310E-15   0.276897E-03
    9631441843.015732127009   0.113383E-03   0.186205E-15  -0.270467E-03
    9641442392.826362074353  -0.108386E-16   0.146613E-04   0.240404E-04
    9651442392.826417078264  -0.957882E-14   0.109838E-09   0.152734E-04
    9661442392.826417081058  -0.149817E-12  -0.159443E-10  -0.204017E-04
    9671442392.826417088974   0.439962E-09  -0.119980E-13  -0.180899E-04
    9681442392.826417091768   0.126484E-01   0.252339E-15   0.181735E-04
    9691442392.826417096891   0.103589E-05   0.367413E-15  -0.181287E-04
    9701442392.826417108066  -0.877556E-04   0.116246E-15   0.178508E-04
    9711461352.262861370109   0.204155E-12  -0.263220E-09   0.168681E-03
    9721461352.262861371273   0.109845E-12   0.460468E-08  -0.228607E-03
    9731461352.262861372670   0.477505E-11  -0.196322E-08  -0.146891E-03
    9741461352.262861372670   0.159042E-10   0.634260E-09  -0.149771E-03
    9751461352.262861373834   0.184987E-01   0.297629E-15  -0.177678E-03
    9761461352.262861376395   0.221426E-09  -0.253118E-11  -0.192134E-03
    9771461352.262861378025  -0.658982E-08  -0.649145E-13   0.173173E-03
    9781461352.262861390132   0.112325E-03   0.158839E-15  -0.171247E-03
    9791461352.262861392926   0.455233E-05  -0.992890E-16  -0.187286E-03
    9801461814.569445915986  -0.198572E-35   0.679227E-10   0.821319E-04
    9811461814.569445918547   0.435073E-35   0.101834E-09  -0.486203E-03
    9821461814.569445920875   0.119735E-33  -0.335701E-11   0.468314E-03
    9831461814.569445925066   0.484088E-21   0.693790E-13   0.337593E-03
    9841461814.569445928559   0.206702E-19  -0.255920E-14   0.401630E-03
    9851461814.569445929257   0.130871E-02  -0.202987E-15  -0.369220E-03
    9861461814.569445929956  -0.123010E-18  -0.693978E-15  -0.303944E-03
    9871461814.569445942761   0.144221E-16  -0.260431E-15   0.368267E-03
    9881461814.569445949513   0.777417E-05  -0.115834E-16  -0.373632E-03
    9891480579.349155672593   0.000000E+00   0.149257E-03   0.508499E-04
    9901480579.353998629376   0.184804-111   0.354613E-15  -0.865210E-05
    9911480579.353998629842   0.948815-130  -0.450958E-15   0.865210E-05
    9921480579.353998629842   0.822612-162   0.277520E-16   0.865210E-05
    9931480579.353998633567   0.778996E-60   0.203903E-15   0.410623E-05
    9941480579.353998634499   0.399873E-60   0.293574E-15   0.114203E-04
    9951480579.353998635663   0.488678E-02  -0.206725E-15   0.865210E-05
    9961480579.353998635896   0.528613E-35   0.618761E-16  -0.907617E-05
    9971480579.353998644976  -0.793151E-33   0.251891E-15   0.849692E-05
    9981480579.353998649865   0.638423E-16  -0.268773E-15  -0.861894E-05
    9991480579.353998658014   0.213192E-18  -0.113307E-15  -0.116868E-04
   10001480579.353998658480  -0.110437E-18   0.945139E-16  -0.335954E-05
