   kl=          30
 kl,ierr=          30           0
      1  29175.491405799043  -0.757876E-01   0.141033E-11  -0.161809E+01
      3  32824.715181170359   0.244452E+00  -0.463485E-11   0.235972E+00
      5  36061.501549508779  -0.475437E+00   0.235263E-12  -0.949164E+00
      6  36066.664801997933  -0.394622E-12  -0.284654E+00  -0.946147E+00
      7  38050.204642351411  -0.845853E-01   0.173822E-12   0.269719E+00
      8  38101.490657461211  -0.159057E-13  -0.897558E+00  -0.273778E+00
      9  41028.637823320045  -0.102057E+00   0.109044E-12  -0.405172E+00
     10  41035.962835459395  -0.328745E-13  -0.335746E+00  -0.407781E+00
     11  80972.152678160957  -0.154326E+00   0.141645E-11   0.321329E+01
     12  82150.216811480859   0.352490E-01   0.397108E-10   0.292898E+00
     13  83628.467158321801  -0.295842E-01   0.146063E-09  -0.463781E+00
     14  87282.482639774898   0.134888E+00   0.127322E-07  -0.972860E+00
     15  87457.454005715656   0.813745E-01  -0.283790E-07   0.107466E+00
     16  88462.491774627284  -0.192041E+00  -0.551423E-08  -0.853801E-01
     17  89940.748172027626   0.963899E-01  -0.286107E-07  -0.142118E+00
     18  90140.159671912537  -0.935693E-01  -0.248418E-07  -0.403672E-01
     19  93767.850068512649  -0.152741E+00   0.341922E-09   0.327238E-01
     20  96447.016924848096  -0.214856E+00  -0.213624E-09  -0.113859E-01
     21  98875.067550215244   0.161507E+00  -0.456941E-09  -0.268258E+01
     22 100095.126583840654  -0.193224E+00  -0.386521E-09   0.835582E-01
     23 101573.874770965311   0.133415E+00  -0.218855E-09   0.449915E+00
     24 105367.843240561808  -0.287400E+00  -0.112158E-09   0.891253E-01
     25 105950.188963754801   0.186342E+00  -0.215989E-09   0.144798E+01
     26 107131.962995139053  -0.431214E+00  -0.443183E-10   0.134477E+00
     27 107985.485843785282  -0.315074E+00   0.292382E-10  -0.284729E-01
     28 108610.264910549842   0.174697E+00   0.125310E-10  -0.205070E+00
     29 112435.624343595293   0.360809E-01  -0.348972E-13   0.483087E-01
     30 115111.809554042877   0.118243E-01   0.177552E-14  -0.188905E-01
