   kl=        1000
 kl,ierr=        1000           0
      1   3849.016654677802   0.229051E-12   0.747098E-12   0.739729E+01
      2   3849.016654678461  -0.114773E-17  -0.675062E-09   0.606094E+01
      3   3849.016654678536  -0.109027E-07   0.249204E-13   0.663874E+01
      4   3849.016654678790   0.183732E-15  -0.359353E-09  -0.218251E+01
      5   3849.016654679016   0.145325E-01  -0.860984E-17   0.842756E+01
      6   3849.016654679412  -0.523200E-10   0.111202E-11   0.903707E+01
      7   3849.016654679438   0.556074E-05  -0.391069E-16   0.375685E+01
      8   3849.016654679516  -0.257247E-05   0.686098E-16  -0.117038E+02
      9   3849.016654679604   0.968977E-07  -0.604974E-15   0.444537E+01
     10   3849.016654679715  -0.139167E-11  -0.288628E-09   0.122715E+02
     11   3849.016654679955  -0.279554E-08   0.551438E-15  -0.129359E+02
     12   3849.016654680165   0.175990E-10  -0.353580E-12  -0.822877E+01
     13   3849.016654680263  -0.754766E-12  -0.116003E-10   0.945702E+01
     14   3849.016654680359   0.101922E-03  -0.935331E-16   0.837363E+01
     15   7516.359033788947  -0.838784E-13   0.290185E-12  -0.196919E+01
     16   7516.359033789233  -0.180033E-06   0.577750E-15  -0.185224E+01
     17   7516.359033789794   0.653030E-08   0.844208E-14  -0.159256E+01
     18   7516.359033790051   0.596397E-06  -0.638040E-15  -0.200661E+01
     19   7516.359033790125  -0.294801E-02   0.631076E-15  -0.265873E+01
     20   7516.359033790125  -0.574770E-10  -0.490541E-11   0.173483E+01
     21   7516.359033790172   0.316640E-02  -0.365809E-15   0.944212E-01
     22   7516.359033790414   0.401149E-08   0.457302E-15  -0.207266E+01
     23   7516.359033791128  -0.172751E-16   0.585099E-08   0.207820E+01
     24   7516.359033791453  -0.306090E-16  -0.552684E-07  -0.167127E+01
     25   7625.925727724275  -0.148280E-11   0.174588E-13   0.122335E-11
     26   7625.925727724776  -0.487724E-09  -0.408220E-14   0.114941E-11
     27   7625.925727724904   0.362428E-10  -0.600943E-13   0.506860E-11
     28   7625.925727725328   0.837019E-06   0.212135E-15  -0.427649E-13
     29   7625.925727725485  -0.207507E-05   0.931957E-15  -0.209276E-11
     30   7625.925727725771   0.502389E-05   0.146358E-14   0.516144E-11
     31   7625.925727725839   0.123538E-03   0.116272E-15   0.219159E-11
     32   7625.925727726068   0.287447E-06  -0.125433E-14   0.317816E-11
     33   7625.925727726290  -0.386770E-02  -0.101070E-15  -0.975815E-11
     34   7625.925727726411  -0.378607E-04   0.168661E-15   0.313251E-11
     35   7750.670969528954   0.243503E-16  -0.325074E-01   0.101578E+01
     36  11076.144383965444   0.802276E-03  -0.276316E-14  -0.813230E+01
     37  11076.144383965451   0.189941E-11   0.601680E-14  -0.659953E+01
     38  11076.144383966375   0.427264E-04   0.437292E-15   0.753753E+01
     39  11076.144383966917   0.305401E-09  -0.788074E-15   0.843926E+01
     40  11076.144383967363   0.353054E-07  -0.340016E-15  -0.697430E+01
     41  11076.144383967476  -0.545356E-06   0.245344E-15   0.207296E+01
     42  11076.144383967570  -0.259964E-06   0.379661E-15   0.112738E+02
     43  11133.219519348442  -0.317245E-16   0.226798E-03   0.427529E+00
     44  11133.390084259054  -0.951223E-08   0.602323E-13   0.129632E-09
     45  11133.390084259261   0.987718E-03   0.546458E-15  -0.878788E-11
     46  11133.390084260114   0.331902E-01  -0.234444E-14   0.210921E-10
     47  11133.390084260116  -0.438907E-06   0.699084E-14   0.260983E-10
     48  11133.390084260574   0.535527E-05   0.159109E-15   0.494699E-11
     49  11133.390084260685  -0.631693E-05   0.104809E-14   0.218203E-10
     50  11133.390084261322   0.368503E-04  -0.755900E-16   0.114481E-10
     51  11342.021749493219   0.776496E-06  -0.490521E-10   0.648239E+01
     52  11342.021749493504   0.235060E-05   0.176220E-09  -0.244159E+01
     53  11342.021749493844   0.555739E-03  -0.185269E-11   0.351309E+01
     54  11342.021749493930  -0.543047E-02  -0.162463E-12   0.415368E+01
     55  11342.021749494248   0.120474E-05  -0.332264E-09   0.320648E+00
     56  11342.021749494428   0.145323E-07   0.108292E-07  -0.387763E+01
     57  11342.021749494997   0.255643E-05  -0.672547E-11   0.323314E+01
     58  11342.021749496471  -0.742162E-11  -0.590000E-09  -0.327329E+01
     59  12523.390886168168  -0.322527E-16  -0.822188E-01  -0.623645E+01
     60  14498.662936915422   0.430364E-05   0.726720E-10   0.221060E+01
     61  14498.662936916278  -0.748793E-03   0.593072E-11  -0.224622E+01
     62  14498.662936916740   0.254571E-01   0.610048E-12   0.270534E+01
     63  14498.662936917104   0.167868E-03  -0.252128E-09  -0.264039E+01
     64  14498.662936917186  -0.291759E-04  -0.106024E-08   0.356319E+01
     65  14498.662936919900   0.425604E-09  -0.198518E-07  -0.290246E+01
     66  14516.701164571583   0.151827E-06   0.127359E-15  -0.607701E-11
     67  14516.701164572230   0.259862E-04  -0.232740E-14  -0.434342E-11
     68  14516.701164572401  -0.944275E-08   0.939501E-15  -0.465897E-11
     69  14516.701164572429  -0.210165E-01  -0.250661E-15   0.884312E-11
     70  14516.701164572700   0.136611E-05  -0.270079E-15  -0.544789E-11
     71  14770.137880085267   0.104080E-05  -0.345631E-08  -0.845971E-01
     72  14770.137880085422  -0.471177E-05  -0.347540E-08  -0.279578E+00
     73  14770.137880085589   0.383508E-04  -0.976921E-09  -0.341452E+00
     74  14770.137880085711  -0.117756E-03  -0.279868E-09  -0.196141E-01
     75  14770.137880085867   0.750996E-04  -0.111968E-09  -0.589974E+00
     76  14770.137880086239  -0.691022E-02  -0.201548E-13  -0.341236E+00
     77  14967.027427962403   0.266589E-07  -0.840757E-09  -0.250626E-07
     78  14967.027427962652   0.139955E-07   0.713424E-08   0.212663E-06
     79  14967.027427962928  -0.528498E-06   0.611969E-10   0.182490E-08
     80  14967.027427963036  -0.823318E-04   0.267820E-11   0.801678E-10
     81  14967.027427963239  -0.965701E-02  -0.202430E-13  -0.853600E-12
     82  14967.027427963880   0.572965E-03  -0.365257E-13  -0.905019E-12
     83  17756.554001362005   0.118207E-04  -0.345659E-12  -0.116431E+02
     84  17756.554001362165  -0.132760E-04  -0.476994E-12  -0.120049E+01
     85  17756.554001362802   0.291539E-05  -0.396545E-11  -0.666192E+01
     86  17756.554001362882  -0.752876E-03  -0.121494E-13   0.752972E+01
     87  17759.809833123454  -0.591506E-05   0.481475E-12   0.135055E-08
     88  17759.809833123756  -0.476773E-04  -0.152863E-12  -0.469589E-09
     89  17759.809833124211  -0.130675E-04   0.539820E-11   0.791789E-10
     90  17759.809833124233  -0.426824E-02  -0.158322E-13  -0.639236E-09
     91  17792.987336251914   0.601368E-15   0.770205E-01   0.238756E+01
     92  18133.145078697562   0.597287E-06  -0.192821E-13   0.998963E+00
     93  18133.145078697831   0.406946E-02   0.314197E-15   0.935091E+00
     94  18133.145078698031   0.297155E-04   0.237765E-15   0.996630E+00
     95  18133.145078698573   0.833817E-06  -0.175224E-14  -0.828418E+00
     96  18258.019464077541  -0.674023E-16   0.435350E-02  -0.590932E-01
     97  18261.075392096343   0.255249E-05  -0.139491E-12   0.513879E-11
     98  18261.075392096787  -0.239433E-02  -0.277722E-14  -0.141056E-11
     99  18261.075392096918   0.167230E-02  -0.108558E-13  -0.761901E-12
    100  18261.075392096973   0.821526E-02   0.134455E-14   0.649175E-11
    101  18513.551125399790   0.146977E-16  -0.366644E-04   0.395550E+01
    102  18513.551218004664   0.801607E-05   0.623177E-10   0.565143E+01
    103  18513.551218004817  -0.867768E-04   0.145349E-10  -0.443616E+01
    104  18513.551218004985  -0.267224E-03  -0.314349E-11  -0.251151E+01
    105  18513.551218005519   0.491997E-05  -0.159482E-10   0.215974E+01
    106  19677.097085306286   0.133276E-15   0.146525E+00   0.157020E+01
    107  20851.948958016896  -0.401578E-03   0.519237E-12   0.442310E+01
    108  20851.948958017241   0.322910E-02   0.343412E-12  -0.183264E+01
    109  20851.948958017321  -0.743184E-02   0.121913E-12   0.231708E+01
    110  20852.350511140117  -0.626325E-03  -0.761014E-12   0.141904E-08
    111  20852.350511140390   0.320860E-02  -0.594675E-12  -0.169811E-08
    112  20852.350511140485   0.848983E-02   0.168521E-12  -0.619446E-09
    113  20853.074330124065  -0.508023E-16  -0.291093E-02  -0.235711E+01
    114  21397.835395927294   0.101802E-02  -0.212489E-15   0.140927E+01
    115  21397.835395927636   0.170326E-04  -0.195430E-13  -0.192379E+01
    116  21397.835395927876  -0.961174E-05  -0.193305E-13  -0.776141E-01
    117  21405.316606890257  -0.253112E-16   0.215434E-02   0.133777E+01
    118  21454.404484694376   0.229369E-04   0.263078E-14   0.460502E-12
    119  21454.404484694562  -0.404153E-03  -0.113699E-14   0.129304E-11
    120  21454.404484695002   0.742939E-02  -0.226412E-15   0.497397E-11
    121  21717.352333753388   0.326004E-03   0.604468E-15  -0.963490E+00
    122  21717.352333753795  -0.214204E-01   0.716991E-16  -0.101732E+01
    123  21717.352333753966   0.193685E-04  -0.970227E-15   0.102840E+01
    124  21974.046951483717   0.294762E-15  -0.100301E-04  -0.739707E-04
    125  21974.046973595276  -0.205384E-05   0.266791E-10   0.196653E-09
    126  21974.046973596320   0.339953E-02   0.315733E-12   0.303874E-11
    127  21974.046973596396  -0.159609E-01   0.640830E-13  -0.510990E-13
    128  23662.842432062018   0.115398E-15   0.458137E-01   0.169465E+01
    129  23791.183203275999   0.122598E-02  -0.942936E-13   0.828019E+01
    130  23791.183203276098  -0.684934E-02  -0.167080E-13  -0.576602E+01
    131  23791.184379598151   0.145635E-15  -0.242290E-05   0.702428E+01
    132  23791.221516209327  -0.159471E-03  -0.132157E-13  -0.380933E-07
    133  23791.221516209520   0.138083E-01   0.101058E-15   0.476643E-07
    134  24512.116953318135   0.295883E-09   0.217935E-05   0.133159E+01
    135  24512.116953565172  -0.230288E-02   0.165173E-09   0.116325E+01
    136  24512.116953565590   0.191496E-01   0.198293E-10   0.148116E+01
    137  24526.428227095832  -0.201707E-09   0.247881E-05   0.136137E-04
    138  24526.428227412904  -0.383910E-02  -0.138208E-09  -0.764409E-09
    139  24526.428227413202  -0.570469E-03   0.929229E-09   0.508902E-08
    140  24870.758812410448  -0.239479E-04  -0.114659E-06   0.316619E+01
    141  24870.758812410677   0.146978E-03  -0.249879E-07   0.458878E+01
    142  24870.758812411339   0.226449E-02   0.409287E-09  -0.435905E+01
    143  25063.608930506289   0.310513E-09  -0.100253E-05  -0.736853E-05
    144  25063.608930546212   0.236697E-03   0.108491E-09   0.796421E-09
    145  25063.608930546732  -0.106522E-01   0.238098E-11   0.164838E-10
    146  25352.216105582087  -0.122366E-04  -0.330655E-07  -0.303337E+01
    147  25352.216105582393  -0.158327E-02   0.429878E-09   0.254787E+01
    148  25352.216105582545   0.926024E-02   0.298055E-10   0.354558E+01
    149  26576.381609940581  -0.219339E-05  -0.441761E-09   0.334873E+01
    150  26576.381609941287  -0.973539E-02   0.993836E-13   0.334722E+01
    151  26576.384918176282  -0.287821E-11  -0.235713E-09   0.593510E-07
    152  26576.384918176856  -0.798049E-02  -0.114666E-14  -0.208081E-06
    153  27454.983505511209   0.207637E-03  -0.569683E-13   0.125483E+01
    154  27454.983505511846  -0.110702E-01  -0.154945E-14  -0.120863E+01
    155  27457.217368992435   0.895861E-03  -0.246642E-13  -0.882414E-10
    156  27457.217368992824  -0.160142E-01  -0.120348E-14  -0.222338E-10
    157  27961.284194576056  -0.145809E-02   0.131664E-13   0.265995E+01
    158  27961.284194576172   0.580849E-02   0.278965E-14  -0.159247E+01
    159  28066.543955578683   0.273578E-02  -0.128978E-13   0.185317E-11
    160  28066.543955578782  -0.659466E-02  -0.549054E-14   0.350375E-11
    161  28346.785707556803   0.133581E-16   0.132658E-01  -0.455191E-01
    162  28349.436640211447  -0.273086E-02  -0.365217E-12  -0.868730E-01
    163  28349.436640211788  -0.205129E-01   0.483255E-13  -0.664599E-01
    164  28645.669883953680  -0.270115E-03  -0.127705E-13  -0.225822E-13
    165  28645.669883954386  -0.362396E-02   0.617115E-15  -0.384858E-12
    166  29207.121650961275   0.203463E-15  -0.111928E-01  -0.636740E+01
    167  29208.176579936473   0.370142E-02  -0.589207E-12  -0.677506E+01
    168  29208.176985902224   0.938543E-08   0.170909E-05  -0.249664E+01
    169  29208.177049722926   0.184116E-01  -0.752858E-12   0.543134E-05
    170  29806.485564898805   0.139297E-15   0.262907E+00   0.176070E+01
    171  30236.426199874510   0.101280E-01  -0.118040E-09   0.847082E+00
    172  30236.426200590216   0.118531E-06   0.100861E-04  -0.846984E+00
    173  30236.683564443811   0.847728E-02  -0.166806E-14  -0.389584E-09
    174  30236.683570218815   0.441640E-12   0.286361E-04   0.214789E-03
    175  30929.219188855051   0.111959E-02  -0.462474E-07  -0.543802E+01
    176  30929.219188855215  -0.192308E-01  -0.269246E-08   0.483967E+01
    177  30964.315973875113  -0.360947E-02   0.497900E-07   0.474695E-06
    178  30964.315973875186   0.174082E-01   0.103236E-07   0.984424E-07
    179  31295.609814978005   0.164537E-02  -0.328347E-07  -0.150973E+00
    180  31295.609814978070  -0.112232E-01  -0.481369E-08  -0.202843E+00
    181  31540.247553784648  -0.351790E-02   0.155673E-09   0.259812E-08
    182  31540.247553817768  -0.128755E-05  -0.425339E-06  -0.710190E-05
    183  31686.683004940540  -0.185621E-02   0.627342E-13  -0.340583E+01
    184  31686.683179787826   0.255445E-01   0.379836E-14  -0.357825E-05
    185  31855.862956762474   0.127961E-03  -0.478529E-07   0.289518E+01
    186  31855.862956762907  -0.113836E-01  -0.537909E-09   0.296100E+01
    187  32862.313362277091   0.406125E-02  -0.360481E-13  -0.106645E+01
    188  32862.337753813372  -0.368461E-09  -0.774859E-05  -0.242826E+00
    189  32862.339087344575  -0.123696E-01   0.218979E-12   0.102267E-07
    190  33725.111976093882   0.124394E-01   0.400547E-15   0.264445E+01
    191  33731.884509002615   0.107899E-10  -0.127961E-03   0.158812E+00
    192  33731.909572905162   0.638767E-02   0.215041E-12  -0.284440E-09
    193  34011.726267703852   0.211702E-01  -0.450643E-11  -0.573279E+01
    194  34011.726848966937  -0.434108E-01  -0.219793E-11  -0.107988E-05
    195  34201.206002488827   0.279712E-11  -0.142330E-02  -0.130364E+01
    196  34201.275269545869  -0.379315E-02  -0.105071E-11  -0.131999E+01
    197  34355.619293170290   0.152235E-11  -0.175381E-02   0.129038E-01
    198  34355.704450041463   0.182746E-01   0.145640E-12  -0.173045E-11
    199  34659.657317287601   0.344735E-09  -0.196435E-03   0.631219E+00
    200  34659.658089510813  -0.140535E-01  -0.481839E-11   0.630731E+00
    201  34981.908715248290   0.707792E-11  -0.571202E-03  -0.970644E-04
    202  34981.913440521064   0.915043E-02   0.442409E-12  -0.608498E-12
    203  35333.749940782342  -0.508833E-03   0.248775E-11  -0.811011E+00
    204  35333.753623538963   0.224899E-01   0.561518E-13  -0.355944E-08
    205  36182.941746007396   0.334231E-01  -0.735391E-11   0.153174E+01
    206  36182.941976505703   0.410012E-02   0.599463E-10  -0.665295E-06
    207  36351.092502129708  -0.121975E-02   0.106737E-12  -0.491136E+01
    208  36352.009964826815   0.311085E-01   0.403530E-14  -0.110595E-08
    209  37014.566183939620  -0.133069E-02   0.301767E-10   0.162985E+01
    210  37014.645200738283  -0.640377E-12  -0.628499E-01   0.100594E+01
    211  37077.834595197819  -0.329567E-02   0.237020E-13   0.572233E-11
    212  37407.904338077038   0.316314E-01   0.154985E-14  -0.281467E+01
    213  37649.863976333632   0.412532E-02  -0.302195E-07  -0.118228E+01
    214  37649.864909323056  -0.693552E-02  -0.179753E-07  -0.713064E-07
    215  37690.360341367275   0.201985E-01  -0.149775E-12  -0.360335E-11
    216  38024.574152256653  -0.201923E-01  -0.107151E-13   0.252648E+01
    217  38200.609368723046  -0.361101E-02   0.192762E-06  -0.174156E+01
    218  38200.609401622227   0.392147E-02   0.177501E-06   0.603269E-04
    219  38817.884450653786   0.160198E-02  -0.898504E-10   0.248764E+01
    220  38817.988535069562  -0.342299E-01  -0.420606E-11   0.102690E-08
    221  39665.461874415021  -0.402511E-02   0.636500E-09  -0.168399E+01
    222  39680.329884489620   0.171699E-01   0.218779E-09  -0.348082E-09
    223  39804.621570406496   0.864479E-02  -0.219238E-05   0.134529E+01
    224  39804.635086840564   0.234153E-02   0.809423E-05  -0.106881E-04
    225  40069.463823802856   0.426466E-01  -0.275171E-07  -0.201273E+00
    226  40070.555375739612  -0.515678E-07  -0.231706E-01  -0.206255E+01
    227  40124.629424254301  -0.173986E-02   0.136796E-07  -0.185799E+01
    228  40322.899462043526   0.153773E-01   0.844538E-10   0.543593E-10
    229  40644.939928599095  -0.211185E-01   0.249952E-10  -0.175557E+00
    230  40983.483891134238   0.571703E-02   0.653576E-09   0.836685E-09
    231  41127.729938518554   0.522328E-02  -0.835036E-05  -0.411959E+01
    232  41127.745882369607  -0.164568E-01  -0.265022E-05  -0.460356E-04
    233  41710.973698160080   0.173593E-01  -0.183863E-05  -0.513888E+00
    234  41711.358823965711  -0.529171E-05  -0.606642E-02  -0.159726E+00
    235  41875.106321818435  -0.241551E-01   0.915985E-06   0.119916E+00
    236  41876.484247563123  -0.198883E-05  -0.110702E-01  -0.822051E+00
    237  42137.927799160818  -0.379720E-02   0.116522E-05  -0.130085E+01
    238  42140.227979573690   0.150899E-01   0.288479E-06   0.813430E-06
    239  42775.326760417491  -0.160449E-01   0.703163E-08   0.411526E+01
    240  42869.655305036824   0.241816E-01   0.853782E-08   0.218382E-07
    241  43205.028482841932   0.957986E-03  -0.521251E-05  -0.670775E+00
    242  43261.684465760329  -0.130592E-01  -0.125968E-05   0.154855E+01
    243  43294.360789371509  -0.574279E-02   0.215991E-05  -0.295154E+01
    244  43513.640673030626   0.434003E-02   0.320675E-06  -0.542256E-06
    245  43709.154099619765  -0.151643E-01   0.644872E-07   0.556892E+00
    246  43859.097882448230   0.127878E-02   0.407821E-06  -0.238648E+01
    247  44445.132386961741  -0.219919E-02   0.319540E-03   0.167954E+01
    248  44445.422124266886   0.129700E-01   0.542784E-04   0.220135E-02
    249  44662.119605412277   0.121098E-01  -0.179444E-06   0.731657E+01
    250  45235.740697595356  -0.361980E-02  -0.186872E-03  -0.142830E+01
    251  45280.254368338698   0.210644E-01  -0.133809E-03  -0.215464E+01
    252  45306.116251452258  -0.120092E-01  -0.200827E-03  -0.643460E-02
    253  45443.417475866423   0.455363E-02  -0.765814E-04   0.215263E+00
    254  45734.212953619375  -0.540523E-03  -0.600637E-03   0.116490E+01
    255  45881.285403272857  -0.213206E-01   0.328177E-04  -0.240591E+01
    256  45968.273832794235   0.493154E-02   0.110042E-03   0.202873E-02
    257  46304.065521284581   0.436723E-02  -0.604891E-04  -0.442302E+00
    258  46589.572802649782  -0.176450E-01  -0.130676E-03  -0.721127E+00
    259  46651.201438632845   0.563813E-02  -0.548102E-03  -0.178853E-01
    260  46847.717911709493  -0.109444E-01  -0.221728E-03  -0.953035E+00
    261  46952.871125004058   0.256957E-01  -0.712917E-04  -0.572311E-01
    262  47195.816487204385  -0.196112E-01  -0.268352E-04  -0.136251E+01
    263  47603.483669069035   0.216349E-01  -0.374577E-04   0.197768E+00
    264  47799.700412341299  -0.944558E-02  -0.175805E-03  -0.869269E+01
    265  48216.586327044934  -0.163948E-01   0.641113E-02   0.169019E+01
    266  48261.061423926876   0.248817E-01   0.708977E-02  -0.356070E+00
    267  48412.472806192418  -0.580521E-02   0.347577E-01   0.155690E+01
    268  48546.383620647066   0.259922E-01   0.140160E-01  -0.527900E+01
    269  48618.373575710859  -0.117329E-01   0.233411E-01  -0.311459E+01
    270  48887.371439523740   0.124590E-01   0.754045E-02  -0.106814E+00
    271  49020.928579396284  -0.229442E-01   0.319526E-02   0.884599E+00
    272  49360.716326269059   0.249858E-01   0.299593E-02   0.484174E+01
    273  49507.416080592542  -0.294122E-02   0.355103E-01   0.450537E+00
    274  49739.609867827283   0.130710E-01   0.901614E-02  -0.158245E+01
    275  49980.610015440972  -0.292538E-02   0.107429E+00  -0.677188E+01
    276  50091.425402735615   0.347900E-01   0.115918E-01   0.231463E+01
    277  50272.698939679998  -0.300520E-01   0.868345E-02   0.140360E+01
    278  50534.222045660827   0.335515E-01   0.129743E-01  -0.463661E+00
    279  50603.156301291434   0.492557E-01  -0.758772E-02  -0.198966E-01
    280  51032.677926686949  -0.174747E-01  -0.160333E-01  -0.138093E+01
    281  51128.833805446135   0.843975E-02  -0.413044E-01   0.531025E+01
    282  51382.828235989160  -0.348135E-01  -0.674528E-02   0.284156E+01
    283  51658.234213385273   0.293345E-01  -0.198777E-01   0.145799E+01
    284  51774.735040890439  -0.238845E-01  -0.302104E-01  -0.170420E+01
    285  52023.748459578339   0.316050E-01  -0.225495E-01   0.164840E+01
    286  52192.452025521692  -0.332171E-01  -0.266096E-01  -0.686466E+00
    287  52361.162734475656   0.294077E-01  -0.223813E-01  -0.126073E+01
    288  52635.653712062340  -0.255423E-01  -0.217730E-01   0.104201E+01
    289  52822.144925389533   0.220229E-01  -0.296743E-01   0.133758E+01
    290  52999.312867710942  -0.254281E-01  -0.183575E-01  -0.532252E+00
    291  53321.065662355722   0.141925E-01  -0.312690E-01  -0.239163E+01
    292  53511.664492389296  -0.295940E-01  -0.211366E-01  -0.527954E+00
    293  53730.000450850843   0.425040E-01  -0.178025E-01   0.687862E+00
    294  53904.842341834155  -0.234670E-01  -0.301206E-01   0.234511E+01
    295  54130.828368001276   0.151807E-01  -0.300544E-01   0.696930E+00
    296  54515.189975030393  -0.346423E-01  -0.602532E-01   0.144478E+01
    297  54589.854877047052   0.384442E-01  -0.775395E-01   0.228856E+01
    298  54732.203896464554  -0.318041E-01  -0.428415E-01   0.219315E+01
    299  55019.595001611204   0.168422E-01  -0.317539E-01   0.400773E+00
    300  55324.222197073090  -0.414210E-01  -0.248672E-01   0.149348E+01
    301  55447.750037160506   0.304447E-01  -0.425579E-01   0.234323E+01
    302  55602.944604715223  -0.231944E-01  -0.265104E-01  -0.438872E+00
    303  56008.354218623441  -0.527021E-01   0.638470E-02   0.284622E+01
    304  56227.443629517693   0.274021E-01   0.223887E-01   0.959867E+00
    305  56395.723974680615  -0.221145E-01   0.288588E-01   0.107901E+01
    306  56623.457417697253   0.254453E-01   0.169313E-01  -0.845110E+00
    307  56903.514860521318  -0.176974E-01   0.234763E-01  -0.546723E+00
    308  57104.004353174205   0.298963E-01   0.141457E-01   0.466733E-01
    309  57346.166369268445  -0.309205E-01   0.110351E-01   0.356287E+00
    310  57562.870997420978   0.158232E-01   0.147257E-01  -0.406944E+01
    311  57976.404073499347  -0.349041E-01   0.984949E-02  -0.247234E+01
    312  58176.869474122643   0.494786E-01   0.149558E-01   0.198018E+01
    313  58350.561523576645  -0.234911E-01   0.347913E-01   0.105142E+01
    314  58630.241174987357   0.150372E-01   0.694759E-01  -0.236502E+01
    315  58781.858416159128   0.135229E-01  -0.776117E-01  -0.130103E+01
    316  59077.908632227460  -0.160337E-01  -0.538006E-01  -0.169136E+01
    317  59318.510184342704   0.345864E-01  -0.501981E-01   0.103970E+01
    318  59415.920335867013  -0.326029E-01  -0.438936E-01  -0.320671E+01
    319  59840.921847490303  -0.362644E-01   0.221883E-01   0.210609E+01
    320  60015.987838978886   0.477638E-01   0.243524E-01   0.140138E+01
    321  60240.662657917266  -0.384515E-01   0.286648E-01  -0.144085E+01
    322  60466.222729786030   0.193948E-01   0.513326E-01  -0.465587E+00
    323  60696.692236278075  -0.363780E-01   0.214220E-01   0.764334E+00
    324  60993.286975184317   0.239233E-01   0.329164E-01  -0.558980E+00
    325  61224.595815727007  -0.338865E-01   0.325806E-01   0.246280E+01
    326  61397.703241024399   0.256899E-01   0.372289E-01   0.633048E+00
    327  61650.084318446803   0.252614E-01  -0.191699E-01   0.106233E+00
    328  61998.633409970302   0.329625E-01   0.121749E-01  -0.135844E+01
    329  62290.231633067982  -0.210876E-01   0.349067E-01  -0.685300E+00
    330  62494.803157504553   0.235505E-01   0.461994E-01   0.190216E+01
    331  62693.595611895289  -0.460322E-01   0.207499E-01  -0.964776E+00
    332  62981.602273972523   0.162814E-01   0.470552E-01   0.896314E+00
    333  63256.876700300942  -0.417001E-01   0.231350E-01  -0.791763E+00
    334  63503.688994177952   0.428504E-01   0.330115E-01  -0.471500E-01
    335  63694.806385452626  -0.356467E-01   0.398077E-01  -0.425082E+01
    336  63976.727277792372   0.453330E-01   0.287441E-01  -0.236876E-01
    337  64185.017784712029  -0.407712E-01   0.298944E-01   0.191422E+01
    338  64485.006470449174   0.211902E-01   0.552830E-01  -0.161349E+01
    339  64690.110370326329  -0.367231E-01   0.300583E-01   0.209742E+00
    340  65047.446834359158   0.558667E-01   0.280419E-01   0.811876E+00
    341  65222.904647136100   0.338476E-01  -0.645648E-01   0.578980E+00
    342  65435.165566807089  -0.289559E-01  -0.591458E-01  -0.116325E+01
    343  65699.661576267681   0.377268E-01  -0.322976E-01  -0.270626E+00
    344  65973.079591418762  -0.269338E-01  -0.384159E-01   0.591990E+00
    345  66286.564963642217   0.389814E-01  -0.369406E-01  -0.138010E+01
    346  66480.534692730740  -0.321249E-01  -0.519229E-01  -0.771587E+00
    347  66748.033795273237   0.279210E-01  -0.509894E-01   0.528294E+00
    348  67030.416638512586  -0.391690E-01  -0.452088E-01  -0.550630E+00
    349  67236.774881657708   0.256784E-01  -0.734677E-01  -0.130174E+01
    350  67504.045701039402  -0.306382E-01  -0.547831E-01   0.304168E+01
    351  67736.259551092313   0.417188E-01  -0.353314E-01  -0.367147E+00
    352  68041.582709398397  -0.595906E-01  -0.248829E-01   0.930474E-01
    353  68279.754182961100   0.370524E-01  -0.520847E-01  -0.126767E+01
    354  68466.381620885455  -0.233372E-01  -0.656448E-01  -0.759963E+00
    355  68785.921322249167  -0.269679E-01   0.341146E-01  -0.670920E+00
    356  69073.964685403495   0.328052E-01   0.294291E-01   0.207371E+01
    357  69342.773690697242  -0.499254E-01   0.217548E-01  -0.387890E-01
    358  69628.694625698437   0.541271E-01   0.280645E-01   0.103661E+01
    359  69828.263478354667   0.297078E-01  -0.550279E-01   0.114340E+01
    360  70096.093060237457  -0.408997E-01  -0.322105E-01   0.102596E+01
    361  70366.945318929749   0.406230E-01  -0.341437E-01  -0.157635E+01
    362  70560.605672034115  -0.316711E-01  -0.336226E-01  -0.946462E-01
    363  70911.272923937315   0.213396E-01  -0.297574E-01   0.578085E+00
    364  71216.433909801373  -0.485195E-01  -0.156847E-01   0.331511E-01
    365  71502.888709722727   0.421191E-01  -0.270570E-01  -0.502177E+00
    366  71723.801885055072  -0.348452E-01  -0.382953E-01  -0.572807E+00
    367  71981.729826058727   0.239920E-01  -0.481408E-01  -0.301234E-01
    368  72278.835069649969  -0.285881E-01  -0.397127E-01  -0.980013E+00
    369  72580.259687520709   0.367270E-01  -0.488031E-01  -0.351065E+01
    370  72776.201138877324  -0.416776E-01  -0.507692E-01  -0.595389E+00
    371  73021.108190566127  -0.381622E-01   0.407793E-01  -0.440756E+00
    372  73350.946884005622  -0.449931E-01  -0.361573E-01   0.279485E+00
    373  73575.870621101349   0.492692E-01  -0.398327E-01   0.658193E+00
    374  73804.795717682326  -0.681609E-01  -0.224503E-01   0.269662E+00
    375  74130.319295398585   0.665553E-01  -0.193985E-01  -0.208616E+00
    376  74377.538274524515  -0.366583E-01  -0.361985E-01  -0.343462E+01
    377  74679.343627530776  -0.349037E-01   0.404756E-01   0.623659E+00
    378  74908.547718422458   0.386751E-01   0.354664E-01  -0.105237E+01
    379  75240.615884613115   0.316182E-01  -0.472446E-01  -0.195970E+01
    380  75473.152082304121  -0.347733E-01  -0.552592E-01  -0.585974E+00
    381  75693.141571824977  -0.258932E-01   0.616442E-01   0.540468E+00
    382  75976.306707075564  -0.358981E-01  -0.282094E-01  -0.488267E+00
    383  76305.040831536651  -0.354537E-01   0.239981E-01   0.157252E+00
    384  76637.920395005509  -0.440080E-01  -0.296237E-01   0.172216E-01
    385  76868.254465999373  -0.398621E-01   0.458670E-01  -0.180043E+01
    386  77112.708825235692   0.296590E-01   0.635564E-01  -0.119817E+01
    387  77348.557838140478   0.296060E-01  -0.499250E-01  -0.235169E+01
    388  77669.837083955528  -0.319304E-01  -0.355592E-01   0.132532E+01
    389  77981.003075203786  -0.325761E-01   0.452381E-01   0.100777E+01
    390  78208.776345855760   0.443124E-01   0.368795E-01  -0.601545E+00
    391  78477.394451622749   0.376911E-01  -0.340989E-01   0.424423E+00
    392  78827.593159490134  -0.375472E-01  -0.410647E-01   0.111269E+01
    393  79059.710202390954   0.467508E-01  -0.426354E-01  -0.107427E+01
    394  79321.486702821043  -0.388253E-01  -0.514412E-01   0.600888E+00
    395  79575.778059482400   0.505206E-01  -0.367728E-01   0.256591E+00
    396  79819.790175088056   0.426641E-01   0.304521E-01  -0.371156E+00
    397  80211.603064205890   0.570369E-01  -0.210341E-01  -0.177739E+01
    398  80473.680977282595   0.508183E-01   0.328441E-01   0.184273E+00
    399  80755.319997597020  -0.364706E-01   0.593813E-01  -0.438851E+00
    400  80992.098621134137   0.517403E-01   0.458955E-01  -0.191051E+01
    401  81265.953476753944   0.488354E-01  -0.460328E-01   0.231799E+01
    402  81508.352857434249   0.517314E-01   0.351697E-01   0.409982E+01
    403  81865.407007861810   0.540269E-01  -0.329315E-01  -0.507599E+00
    404  82105.272842772072   0.542576E-01   0.371679E-01   0.200012E+01
    405  82423.495269389037  -0.480914E-01   0.500815E-01   0.152445E+01
    406  82638.689999961643   0.560729E-01   0.447986E-01   0.121462E+01
    407  82931.058981863825   0.587837E-01  -0.329051E-01   0.698049E-01
    408  83244.529271985608   0.534945E-01   0.396520E-01  -0.308002E+00
    409  83484.508509398307   0.604549E-01  -0.355182E-01   0.768768E+00
    410  83795.614528280901   0.405527E-01   0.502533E-01  -0.699756E+00
    411  84051.659036908211   0.496081E-01  -0.409617E-01  -0.489249E+00
    412  84340.577056782597   0.556803E-01   0.308023E-01   0.728280E+00
    413  84675.209065839910   0.551867E-01  -0.363894E-01   0.958247E+00
    414  84921.063268184458   0.435346E-01   0.529287E-01  -0.379236E+00
    415  85232.741783969090   0.537510E-01  -0.489294E-01   0.661983E+00
    416  85487.049184684773   0.627763E-01   0.526906E-01   0.163543E+00
    417  85712.050791902482   0.519914E-01  -0.538721E-01  -0.124011E+01
    418  86042.693085133782   0.572865E-01   0.391015E-01  -0.548890E-01
    419  86301.601133728924   0.509156E-01  -0.419902E-01   0.305386E+01
    420  86619.276499951418   0.447013E-01   0.437924E-01  -0.173632E+00
    421  86927.082967612019   0.684651E-01  -0.358107E-01   0.126733E+01
    422  87190.153399481220   0.562756E-01   0.548339E-01   0.207207E+00
    423  87429.953865874224   0.606929E-01  -0.465697E-01   0.135007E+01
    424  87743.811146604246   0.572189E-01   0.423896E-01  -0.256492E+00
    425  88034.745533544105   0.576277E-01  -0.478972E-01   0.579160E+00
    426  88285.649180770793   0.529932E-01   0.512175E-01   0.341746E-01
    427  88574.974634269151   0.414901E-01  -0.542234E-01  -0.657218E-01
    428  88889.262709177783   0.578793E-01   0.391645E-01   0.843800E+00
    429  89163.720107394722   0.565139E-01  -0.432283E-01   0.207121E+00
    430  89451.519119837452   0.511970E-01   0.484369E-01   0.350855E+01
    431  89733.641431580938   0.484704E-01  -0.527880E-01  -0.743360E+00
    432  90007.452864246385   0.496985E-01   0.492224E-01  -0.119271E+01
    433  90303.771554228413   0.541385E-01  -0.426794E-01   0.575274E+00
    434  90598.922479805187   0.557055E-01   0.443211E-01  -0.688260E+00
    435  90870.954640069656   0.547156E-01  -0.483141E-01  -0.109224E+01
    436  91117.704177168605   0.552662E-01   0.381988E-01  -0.410055E+00
    437  91489.091212918225   0.411885E-01  -0.474382E-01   0.558185E+00
    438  91755.546124694287   0.401059E-01   0.611757E-01   0.447049E+00
    439  92030.749118250955   0.517661E-01  -0.498370E-01  -0.498365E+00
    440  92296.627011059070   0.682502E-01   0.343770E-01   0.545567E+00
    441  92610.015900315309   0.545276E-01  -0.412320E-01   0.677638E-01
    442  92869.922449602091   0.558986E-01   0.383180E-01   0.151882E+00
    443  93182.208960990451   0.575484E-01  -0.331349E-01  -0.418214E+00
    444  93462.550000271498   0.372149E-01   0.473105E-01   0.113435E+01
    445  93815.822804527721   0.409899E-01  -0.532424E-01   0.952220E+00
    446  94038.956490542507   0.680062E-01   0.347207E-01   0.149065E+00
    447  94364.660524940569   0.450623E-01  -0.458861E-01  -0.326877E+00
    448  94667.275969731985   0.576269E-01   0.437985E-01  -0.386442E+00
    449  94944.960415324997   0.593845E-01  -0.547662E-01  -0.616028E+00
    450  95186.081261201543   0.663785E-01   0.510197E-01  -0.211403E-01
    451  95433.490920813580   0.500279E-01  -0.481543E-01   0.310068E+00
    452  95794.114321571367   0.523264E-01   0.377904E-01  -0.344093E+00
    453  96039.771078563295   0.589171E-01  -0.324160E-01   0.372167E+00
    454  96350.425046573146   0.427097E-01   0.329340E-01  -0.508861E+00
    455  96689.968820184251   0.447012E-01  -0.296983E-01   0.261968E+00
    456  97032.075520897051   0.503814E-01   0.393423E-01   0.202880E+00
    457  97278.061064970956   0.600482E-01  -0.435899E-01  -0.307226E+00
    458  97551.152678091777   0.628050E-01   0.427519E-01  -0.120221E+00
    459  97814.800678247630   0.723771E-01  -0.332324E-01   0.140501E+00
    460  98114.516502896251   0.465337E-01   0.429982E-01   0.489319E-01
    461  98411.409959716490   0.651652E-01  -0.268165E-01   0.644705E-02
    462  98750.962244654060   0.560022E-01   0.338442E-01  -0.587575E+00
    463  99035.341258741799   0.459382E-01  -0.518804E-01  -0.143044E+00
    464  99315.667324661452   0.587803E-01   0.471939E-01   0.601160E-01
    465  99568.349240664102   0.686591E-01  -0.379232E-01  -0.124712E+00
    466  99870.411632173942   0.462601E-01   0.450463E-01   0.205990E+00
    467 100208.821545923856   0.652058E-01  -0.364275E-01  -0.828369E-02
    468 100468.539839522302   0.603201E-01   0.478195E-01  -0.409781E+00
    469 100720.860451579676   0.521668E-01  -0.475851E-01  -0.167444E-01
    470 101034.625935408185   0.496130E-01   0.384724E-01   0.520555E+00
    471 101343.818020904044   0.451657E-01  -0.382269E-01  -0.271691E-01
    472 101696.997214510455   0.469678E-01   0.497585E-01  -0.857828E-02
    473 101927.758932708181   0.522090E-01  -0.525131E-01  -0.193414E+00
    474 102222.153948300213   0.648399E-01   0.368944E-01   0.142917E+00
    475 102514.887307213576   0.521854E-01  -0.424418E-01  -0.839024E+00
    476 102843.016986215662   0.547689E-01   0.477283E-01  -0.144443E+00
    477 103075.354224208713   0.577142E-01  -0.449162E-01   0.465352E+00
    478 103418.568138705770   0.574495E-01   0.425412E-01  -0.107842E+00
    479 103663.908177503108   0.545230E-01  -0.441042E-01  -0.248227E+00
    480 104005.728099979911   0.579784E-01   0.406689E-01   0.780998E+00
    481 104253.225693354223   0.490558E-01  -0.482911E-01   0.214331E+00
    482 104571.714873601697   0.490285E-01   0.411205E-01   0.495470E-01
    483 104877.057267361291   0.667798E-01  -0.316598E-01  -0.609283E+00
    484 105158.865352524561   0.468973E-01   0.440341E-01   0.144619E+00
    485 105496.703459353797   0.486233E-01  -0.484782E-01  -0.143559E+00
    486 105766.509173359649   0.586072E-01   0.509853E-01   0.167647E+00
    487 106023.919405047869   0.532668E-01  -0.545359E-01  -0.353578E+00
    488 106313.740685993500   0.492075E-01   0.499991E-01   0.131728E+01
    489 106597.363217912003   0.419570E-01  -0.470574E-01  -0.224160E+00
    490 106951.529789770488   0.432580E-01   0.449178E-01   0.229283E+00
    491 107234.637752180992   0.554363E-01  -0.434636E-01   0.164057E-01
    492 107484.512725366760   0.520177E-01   0.408785E-01  -0.247145E+00
    493 107845.994682443066   0.546383E-01  -0.364264E-01  -0.115747E+00
    494 108118.639247644940   0.507698E-01   0.447098E-01   0.828160E+00
    495 108438.592707432748   0.604823E-01  -0.446029E-01   0.814520E+00
    496 108678.908464377528   0.602532E-01   0.453768E-01   0.850862E-01
    497 109006.473898019671   0.603882E-01  -0.416964E-01  -0.826488E-01
    498 109269.912062149073   0.533087E-01   0.449804E-01   0.378860E+00
    499 109630.597284976757   0.729880E-01  -0.389103E-01  -0.751962E-01
    500 109855.993044002913   0.553960E-01   0.557906E-01   0.845510E-02
    501 110182.159221036112   0.542832E-01  -0.507901E-01  -0.459052E+00
    502 110464.822818413653   0.695085E-01   0.421811E-01   0.418677E+00
    503 110773.480203100044   0.597541E-01  -0.553510E-01  -0.361271E-02
    504 111036.132987612931   0.704183E-01   0.515919E-01  -0.240334E+00
    505 111304.509536159749   0.579267E-01  -0.545688E-01   0.321492E+00
    506 111615.281066671931   0.625645E-01   0.446178E-01   0.532434E+00
    507 111893.301272519791   0.431274E-01  -0.595876E-01  -0.319148E+00
    508 112199.987926223403   0.480482E-01   0.459259E-01  -0.775792E+00
    509 112531.693527996089   0.517459E-01  -0.479936E-01   0.918717E+00
    510 112794.855820010955   0.518194E-01   0.543747E-01  -0.341976E-01
    511 113065.807938591839   0.566983E-01  -0.429341E-01   0.683270E+00
    512 113378.303214888540   0.371921E-01   0.540809E-01   0.897886E+00
    513 113707.761331171161   0.464496E-01  -0.479310E-01  -0.200923E+00
    514 113977.015114230220   0.725489E-01   0.350864E-01   0.138463E+00
    515 114232.130668801503   0.409849E-01  -0.498276E-01   0.165291E+00
    516 114608.589713342764   0.716350E-01   0.263591E-01  -0.177822E+00
    517 114885.306635462097   0.454245E-01  -0.518309E-01   0.251681E+00
    518 115164.634298319434   0.526463E-01   0.453523E-01   0.836020E-01
    519 115464.529488684042   0.481843E-01  -0.482126E-01  -0.504760E+00
    520 115781.138157107736   0.722958E-01   0.391727E-01   0.614181E-01
    521 116022.765959640994   0.519030E-01  -0.576148E-01  -0.496364E+00
    522 116307.899442089300   0.574348E-01   0.408486E-01   0.377536E+00
    523 116632.878806669090   0.589632E-01  -0.363295E-01   0.226851E+00
    524 116918.999420743712   0.493174E-01   0.438475E-01  -0.112488E+00
    525 117227.696557948642   0.744176E-01  -0.289981E-01  -0.377244E+00
    526 117530.984354448869   0.384354E-01   0.643962E-01   0.639147E-01
    527 117798.403376776143   0.519348E-01  -0.506901E-01   0.544871E+00
    528 118070.952404393116   0.517611E-01   0.428978E-01  -0.257661E+00
    529 118389.195980926801   0.532496E-01  -0.338163E-01  -0.149351E+01
    530 118744.066033558061   0.624432E-01   0.374080E-01   0.267331E+00
    531 118989.978391630633   0.544846E-01  -0.530976E-01  -0.201058E+00
    532 119270.745904813302   0.518459E-01   0.523816E-01   0.431716E+00
    533 119561.308455283011   0.528988E-01  -0.474116E-01  -0.244359E+00
    534 119869.774485987189   0.473641E-01   0.542319E-01   0.998061E+00
    535 120147.518947910910   0.686447E-01  -0.387210E-01   0.455736E+00
    536 120443.375018534571   0.516298E-01   0.506052E-01  -0.167698E+00
    537 120732.927914664499   0.543686E-01  -0.486940E-01  -0.721687E+00
    538 121020.658734429322   0.518566E-01   0.501930E-01   0.108694E+01
    539 121331.161716916860   0.657649E-01  -0.457881E-01  -0.517990E+00
    540 121557.291679514004   0.581379E-01   0.473770E-01   0.320801E+00
    541 121903.312648606807   0.470406E-01  -0.482617E-01   0.147694E+00
    542 122165.416426877258   0.623433E-01   0.361082E-01  -0.237913E+00
    543 122471.704399620226   0.432123E-01  -0.440157E-01  -0.330715E+00
    544 122801.514511743066   0.629473E-01   0.337315E-01  -0.367712E+00
    545 123065.755862590944   0.584963E-01  -0.405069E-01   0.575685E+00
    546 123353.828294928317   0.661177E-01   0.337152E-01  -0.299872E-01
    547 123646.566303517175   0.470982E-01  -0.440231E-01   0.700278E+00
    548 123976.668602171863   0.585801E-01   0.436649E-01  -0.615676E+00
    549 124201.546073611491   0.690789E-01  -0.381422E-01  -0.671680E+00
    550 124509.478744366017   0.501031E-01   0.408896E-01   0.985345E+00
    551 124814.102105344704   0.471402E-01  -0.425699E-01   0.888309E-01
    552 125096.016515313269   0.395166E-01   0.496133E-01   0.407543E+00
    553 125389.999524582570   0.384412E-01  -0.455982E-01  -0.662119E+00
    554 125715.421973289762   0.419403E-01   0.439898E-01  -0.342181E+00
    555 125992.079254606331   0.396975E-01  -0.513390E-01  -0.140159E-01
    556 126284.930705574676   0.416759E-01   0.484507E-01  -0.901496E+00
    557 126594.664310775624   0.404702E-01  -0.553083E-01  -0.308611E+00
    558 126893.992290133145   0.562422E-01   0.569979E-01   0.531048E-01
    559 127102.268856111084   0.667319E-01  -0.477715E-01  -0.433375E-01
    560 127395.287772212148   0.556389E-01   0.370435E-01  -0.116208E-01
    561 127759.382572058516   0.589263E-01  -0.383754E-01  -0.900663E+00
    562 127994.435836939432   0.628166E-01   0.404241E-01   0.993854E-01
    563 128298.614757712669   0.441711E-01  -0.518860E-01   0.237930E+00
    564 128596.284217001070   0.577210E-01   0.461329E-01   0.306873E+00
    565 128827.484449746291   0.602281E-01  -0.404866E-01   0.229709E-01
    566 129139.200583337937   0.436668E-01   0.392569E-01  -0.454158E+00
    567 129491.146816873792   0.467449E-01  -0.443047E-01  -0.304055E+00
    568 129714.838075844891   0.471447E-01   0.459029E-01   0.160237E+00
    569 130055.578465527971   0.470607E-01  -0.430672E-01   0.720584E+00
    570 130315.928705621802   0.573523E-01   0.386095E-01  -0.321482E-02
    571 130615.200290879817   0.542861E-01  -0.402880E-01  -0.268171E+00
    572 130897.336277896698   0.460668E-01   0.492289E-01  -0.121124E+00
    573 131198.437805324880   0.536140E-01  -0.486897E-01   0.135454E+01
    574 131429.818133585999   0.528395E-01   0.452865E-01   0.172337E+01
    575 131782.902637220657   0.493344E-01  -0.451419E-01  -0.246532E+00
    576 132047.212536816107   0.529274E-01   0.509820E-01   0.890732E+00
    577 132327.961958803440   0.727325E-01  -0.406017E-01  -0.140509E-01
    578 132580.975704195764   0.665336E-01   0.429257E-01  -0.578168E+00
    579 132862.673390800628   0.514759E-01  -0.459572E-01  -0.165405E+00
    580 133159.797304980981   0.669534E-01   0.308952E-01   0.124748E+00
    581 133470.761451477185   0.414080E-01  -0.527451E-01  -0.145744E+00
    582 133750.629072595475   0.535177E-01   0.479934E-01   0.522656E+00
    583 134004.069087947253   0.517912E-01  -0.477179E-01   0.599108E+00
    584 134318.760106255300   0.566039E-01   0.438992E-01  -0.130841E+00
    585 134571.071921422321   0.508241E-01  -0.509461E-01  -0.646259E+00
    586 134872.624646694225   0.583488E-01   0.478742E-01   0.134303E-01
    587 135087.683007584012   0.488258E-01  -0.511844E-01  -0.920088E-01
    588 135390.486533556017   0.409418E-01   0.382847E-01   0.284656E+00
    589 135732.051809191587   0.598946E-01  -0.261838E-01   0.421031E+00
    590 135978.483497065405   0.375180E-01   0.424260E-01  -0.195560E+00
    591 136291.929988183489   0.533863E-01  -0.263091E-01  -0.309761E+00
    592 136588.072523601266   0.447084E-01   0.341762E-01   0.167466E+01
    593 136869.309547110548   0.531051E-01  -0.314619E-01   0.102926E+01
    594 137147.647474859521   0.540103E-01   0.317470E-01  -0.148381E+01
    595 137452.747517749172   0.381969E-01  -0.551145E-01  -0.138051E+00
    596 137672.837458416237   0.451194E-01   0.462758E-01  -0.814272E+00
    597 137977.908808780659   0.474263E-01  -0.345966E-01  -0.770263E+00
    598 138280.010327252385   0.647372E-01   0.286957E-01   0.204805E+00
    599 138506.088627162273   0.470615E-01  -0.358075E-01   0.466405E+00
    600 138843.897185033769   0.554043E-01   0.248805E-01   0.371206E+00
    601 139134.114887027274   0.303081E-01  -0.551438E-01   0.102121E+00
    602 139391.573654431471   0.434833E-01   0.409368E-01   0.404668E-01
    603 139670.004028659663   0.572091E-01  -0.282294E-01   0.399836E+00
    604 139987.917450424167   0.519985E-01   0.352525E-01   0.866688E-01
    605 140246.615503641573   0.607270E-01  -0.370945E-01   0.582652E+00
    606 140519.536594636331   0.651879E-01   0.408002E-01  -0.684071E+00
    607 140739.773814595217   0.620649E-01  -0.390532E-01  -0.229894E+00
    608 141044.315364412061   0.396129E-01   0.476118E-01  -0.244087E+00
    609 141329.439707823622   0.531472E-01  -0.388278E-01   0.621146E-01
    610 141555.702305893123   0.507414E-01   0.354337E-01   0.268905E+00
    611 141870.832100009342   0.404404E-01  -0.331663E-01  -0.510523E-02
    612 142144.465540096309   0.371269E-01   0.319617E-01  -0.463338E-01
    613 142477.130624769896   0.431169E-01  -0.281296E-01   0.308846E-01
    614 142770.500310784002   0.489308E-01   0.354995E-01   0.344083E+00
    615 143023.442070516176   0.493912E-01  -0.483686E-01   0.619487E-01
    616 143243.588417325227   0.556444E-01   0.416355E-01   0.405527E+00
    617 143509.612380004604   0.419553E-01  -0.393813E-01   0.578577E+00
    618 143839.915228258556   0.611877E-01   0.268992E-01   0.211013E+00
    619 144071.016452673270   0.544287E-01  -0.308807E-01  -0.195689E+00
    620 144385.526963615092   0.440602E-01   0.375059E-01   0.173468E+00
    621 144623.832699262537   0.646480E-01  -0.255883E-01   0.147924E-01
    622 144953.528080272896   0.443758E-01   0.446071E-01   0.428239E+00
    623 145156.408734712692   0.407997E-01  -0.519319E-01  -0.349922E+00
    624 145450.933991633472   0.341964E-01   0.511045E-01  -0.892558E-01
    625 145712.621169193037   0.342590E-01  -0.496978E-01   0.449708E-01
    626 145994.810544187640   0.552031E-01   0.302839E-01  -0.671771E-01
    627 146263.226444699045   0.410998E-01  -0.437966E-01   0.138614E+00
    628 146510.658234914386   0.400459E-01   0.435916E-01  -0.410567E-01
    629 146772.936025570030   0.578047E-01  -0.256793E-01  -0.535942E-01
    630 147029.807058592938   0.573758E-01   0.192087E-01   0.242562E+00
    631 147383.322212099156   0.317152E-01  -0.351716E-01   0.448577E-01
    632 147622.620859180344   0.357770E-01   0.381495E-01  -0.127013E+00
    633 147896.595194229711   0.343236E-01  -0.432994E-01  -0.502152E+00
    634 148115.610491294559   0.411288E-01   0.316995E-01   0.922279E-01
    635 148414.014009735867   0.332747E-01  -0.268800E-01   0.412370E+00
    636 148762.456186602532   0.394654E-01   0.313836E-01  -0.230047E+00
    637 148958.412108070450   0.610220E-01  -0.229988E-01  -0.344371E-01
    638 149267.386398115050   0.284429E-01   0.448974E-01   0.257707E-01
    639 149534.656072711281   0.398891E-01  -0.397044E-01  -0.178292E+00
    640 149807.264515038318   0.445099E-01   0.543577E-01   0.130496E+00
    641 149970.814979980350   0.484057E-01  -0.452952E-01  -0.393557E-01
    642 150306.161963811086   0.404705E-01   0.371144E-01  -0.159666E-01
    643 150538.753992603975   0.592464E-01  -0.264883E-01  -0.807843E+00
    644 150804.402559900132   0.383561E-01   0.351189E-01  -0.131756E+00
    645 151071.523635578953   0.292524E-01  -0.402299E-01   0.577335E-01
    646 151388.201918274659   0.311670E-01   0.502283E-01  -0.229117E+00
    647 151575.391398147534   0.382683E-01  -0.444841E-01   0.108295E+01
    648 151822.989923768153   0.505167E-01   0.212722E-01  -0.531254E+00
    649 152157.011120441748   0.254027E-01  -0.365685E-01  -0.828770E+00
    650 152395.895123673166   0.388634E-01   0.251888E-01   0.566615E-01
    651 152696.740944492194   0.175069E-01  -0.600302E-01  -0.410406E+00
    652 152933.066718150716   0.322058E-01   0.358268E-01  -0.819776E-01
    653 153219.631899393396   0.373154E-01  -0.356658E-01  -0.370617E-01
    654 153427.824214596039   0.370610E-01   0.358379E-01   0.341768E+00
    655 153702.016648235556   0.188374E-01  -0.544465E-01  -0.760978E-01
    656 153971.082180014637   0.190018E-01   0.473018E-01  -0.708098E-01
    657 154279.158800502919   0.254631E-01  -0.403462E-01  -0.398515E-01
    658 154527.832934126171   0.352637E-01   0.377643E-01  -0.718501E-02
    659 154779.063284446631   0.238060E-01  -0.651925E-01  -0.103897E+00
    660 155021.424677853152   0.271255E-01   0.607349E-01  -0.127426E+00
    661 155305.948016323557   0.557417E-01  -0.436903E-01   0.132282E+00
    662 155457.613421045622  -0.456644E-01  -0.499562E-01   0.220082E+00
    663 155779.496207372285   0.395263E-01  -0.383636E-01  -0.442821E+00
    664 156008.934455281153   0.304422E-01   0.517412E-01   0.429744E-01
    665 156294.473093078734   0.549315E-01  -0.330563E-01   0.148823E+00
    666 156497.128529262496   0.328571E-01   0.609996E-01   0.291096E+00
    667 156710.915655074787   0.433164E-01  -0.316062E-01  -0.327089E+00
    668 157035.458178095316   0.199016E-01   0.541403E-01   0.935040E-02
    669 157253.297792031226   0.364036E-01  -0.289491E-01  -0.177733E+00
    670 157554.603043959854   0.378963E-01   0.269866E-01  -0.138931E-01
    671 157790.731186684308   0.429937E-01  -0.282862E-01   0.116002E+00
    672 158015.218474202673   0.244350E-01   0.443266E-01   0.552805E-01
    673 158319.163365180808   0.427544E-01  -0.293874E-01  -0.206024E+00
    674 158489.630409160396   0.336594E-01   0.352195E-01   0.115610E+00
    675 158820.942547485320   0.192900E-01  -0.534093E-01  -0.231579E-01
    676 159027.945696312236   0.409129E-01   0.305229E-01  -0.420748E+00
    677 159245.023863770883   0.276424E-01  -0.357068E-01  -0.323780E+00
    678 159524.096562574123   0.186287E-01   0.413678E-01  -0.950107E-01
    679 159759.582645795919   0.279521E-01  -0.236601E-01   0.342217E+00
    680 160056.715222393686   0.186793E-01   0.324420E-01   0.161155E+00
    681 160314.688959278865   0.420445E-01  -0.168987E-01  -0.354055E+00
    682 160591.867938737385   0.198727E-01   0.530068E-01   0.250831E+00
    683 160801.813551253232   0.351379E-01  -0.418997E-01  -0.183542E+00
    684 161017.606394481845   0.359578E-01   0.483312E-01   0.561554E+00
    685 161177.724119468534  -0.239377E-01   0.522210E-01   0.432994E-01
    686 161550.220001846610   0.338364E-01   0.369917E-01  -0.412707E-02
    687 161669.222962311323   0.313130E-01  -0.406694E-01  -0.970159E-01
    688 161929.636298945552   0.206893E-01   0.245472E-01  -0.352358E+00
    689 162264.253771955438   0.338514E-01  -0.127424E-01  -0.118306E+00
    690 162495.707503539568   0.141274E-01   0.358770E-01   0.259570E-01
    691 162767.143721200002   0.348652E-01  -0.178237E-01  -0.158235E+00
    692 162969.342333455046   0.248113E-01   0.264393E-01  -0.429457E-01
    693 163237.161312068900   0.297082E-01  -0.206494E-01  -0.289704E-02
    694 163482.627149776701   0.390230E-01   0.183413E-01   0.494731E+00
    695 163741.574810480059   0.245670E-01  -0.490267E-01  -0.471634E-01
    696 163874.543918150099  -0.260674E-01  -0.427444E-01   0.125686E+00
    697 164207.443633337796   0.208813E-01  -0.454496E-01  -0.191512E+00
    698 164357.256398646772   0.364734E-01   0.274414E-01  -0.142829E+00
    699 164602.777391387528   0.134054E-01  -0.461023E-01  -0.205136E+00
    700 164831.181130488374   0.171841E-01   0.249900E-01   0.598381E-01
    701 165127.175799065328   0.198170E-01  -0.170573E-01   0.483537E+00
    702 165404.403822716093   0.171902E-01   0.288072E-01   0.202724E+00
    703 165586.068095641414   0.232939E-01  -0.231597E-01  -0.241180E+00
    704 165874.009127215570   0.504875E-01   0.133258E-01   0.258884E+00
    705 166015.210849727970   0.168445E-01  -0.374633E-01   0.328991E+00
    706 166308.761443630647   0.327186E-01   0.108702E-01   0.180842E+00
    707 166599.781514674309   0.302006E-01  -0.178598E-01  -0.213128E-01
    708 166774.530369556276   0.249675E-01   0.259708E-01  -0.656887E-01
    709 167010.313290348655  -0.286549E-01   0.189748E-01   0.253954E+00
    710 167263.438140754646   0.182240E-01   0.317759E-01   0.719947E-01
    711 167493.994574791810   0.185837E-01  -0.391925E-01  -0.184230E+00
    712 167696.801967007719   0.250171E-01   0.307993E-01   0.332742E-01
    713 167931.517384296079   0.125627E-01  -0.591230E-01   0.300837E+00
    714 168174.284029821370   0.341077E-01   0.282076E-01  -0.850050E-01
    715 168365.461225974403   0.323765E-01  -0.390934E-01  -0.118726E+00
    716 168522.365671047184  -0.199389E-01  -0.510621E-01  -0.126002E+00
    717 168723.943273564830   0.226221E-01  -0.192348E-01   0.102761E+00
    718 169119.575412842853   0.923147E-02   0.364532E-01   0.105643E+00
    719 169366.736562115548   0.248902E-01  -0.409944E-01  -0.688504E-01
    720 169485.730164914188   0.399550E-01   0.309130E-01  -0.404349E-01
    721 169707.426756843633   0.285695E-01  -0.319833E-01   0.371035E+00
    722 169863.267849611148  -0.289128E-01  -0.207733E-01  -0.497651E+00
    723 170280.478687576542  -0.219453E-01   0.478263E-01  -0.348260E+00
    724 170378.336932845152   0.232427E-01   0.621760E-01   0.508587E-01
    725 170573.696719085099   0.363126E-01  -0.247182E-01   0.196625E+00
    726 170812.015666497871   0.260269E-01   0.328013E-01  -0.106781E+00
    727 170961.526922494697  -0.235339E-01   0.294736E-01   0.644769E+00
    728 171206.673722752254   0.298435E-01   0.113617E-01  -0.275230E-01
    729 171458.714623040956   0.181551E-01  -0.134322E-01   0.547879E-01
    730 171728.723194250808   0.193898E-01   0.128805E-01   0.120603E-01
    731 171984.738327959320   0.232452E-01  -0.174080E-01  -0.396172E+00
    732 172192.470199121919   0.168864E-01   0.443954E-01  -0.279929E+00
    733 172339.156043670606   0.259369E-01  -0.300639E-01   0.230175E-01
    734 172598.675965276954   0.176046E-01   0.482660E-01   0.268093E+00
    735 172753.742441617593   0.299786E-01  -0.339976E-01   0.317362E+00
    736 172926.791677924717  -0.310051E-01  -0.230687E-01   0.495735E-01
    737 173161.010299905814   0.180129E-01  -0.259047E-01  -0.251841E+00
    738 173394.363674011343   0.158139E-01   0.326265E-01  -0.494911E-01
    739 173550.192932931095  -0.205069E-01   0.228434E-01  -0.471989E-01
    740 173749.135801405006   0.133695E-01   0.177398E-01   0.673154E-01
    741 174095.089206971781   0.162744E-01  -0.161436E-01   0.178281E+00
    742 174251.946466196358   0.196675E-01   0.196474E-01   0.972779E-01
    743 174431.722429088113   0.210287E-01  -0.155289E-01  -0.116191E+00
    744 174668.463144376379   0.174066E-01   0.176926E-01   0.645396E-01
    745 174833.431296733033  -0.287314E-01   0.943119E-02   0.200937E+00
    746 175112.417757749878   0.170627E-01   0.177542E-01   0.312219E-01
    747 175246.588679686072   0.143730E-01  -0.214870E-01  -0.487076E-01
    748 175508.662482233194   0.244726E-01   0.104887E-01  -0.791818E-01
    749 175703.417186384206   0.218875E-01  -0.176584E-01  -0.164968E+00
    750 175843.025707603054   0.250292E-01   0.145767E-01  -0.690081E-01
    751 176022.721993391984  -0.112243E-01   0.163575E-01   0.207253E+00
    752 176326.498020364030   0.281905E-01   0.511803E-02   0.220658E-01
    753 176503.223092504020   0.553544E-02  -0.360964E-01  -0.245987E+00
    754 176646.861351626372  -0.231174E-01  -0.622116E-02  -0.559992E+00
    755 176945.657077912590   0.196087E-01  -0.429518E-02   0.924862E-02
    756 177242.629083008884   0.261814E-01   0.120457E-01   0.589414E-01
    757 177360.948478926934   0.172451E-01  -0.341610E-01  -0.139944E+00
    758 177510.280464973446   0.104861E-01   0.598155E-01   0.201143E+00
    759 177659.868261024094   0.143933E-01  -0.348655E-01  -0.129342E+00
    760 177827.873767444049  -0.147517E-01  -0.194356E-01  -0.294513E+00
    761 178056.946988515032   0.606340E-02  -0.269187E-01   0.172082E+00
    762 178324.011348307395   0.102778E-01   0.283596E-01   0.291073E+00
    763 178438.792940955347   0.212684E-01  -0.170340E-01   0.913090E-03
    764 178619.493798640178   0.162646E-01   0.153593E-01  -0.295900E+00
    765 178839.752556490595   0.165218E-01  -0.191041E-01   0.618084E-01
    766 178963.815477652155   0.263676E-01   0.152629E-01  -0.129645E+00
    767 179056.223219097825  -0.952072E-02   0.224039E-01   0.161254E+00
    768 179397.154298417096   0.870511E-02   0.558866E-02  -0.144318E-01
    769 179564.114079180203   0.216342E-01  -0.231672E-02  -0.380383E-02
    770 179772.358107513428   0.931600E-02   0.424740E-02   0.115936E+00
    771 180008.792712377501   0.281410E-01  -0.293598E-02   0.687722E-01
    772 180065.967728917807  -0.803489E-02  -0.868512E-02   0.540263E+00
    773 180508.270162495523   0.187211E-01  -0.249703E-02   0.564018E-01
    774 180632.978512436675   0.120806E-01   0.869364E-02  -0.516385E-01
    775 180788.245441226754   0.108609E-01  -0.195793E-01   0.419582E+00
    776 180850.595608654316  -0.104480E-01  -0.158704E-01  -0.266200E-01
    777 181217.954636296112   0.521598E-02  -0.207186E-01  -0.345786E+00
    778 181340.745280826348   0.228507E-01   0.111836E-01   0.100476E+00
    779 181432.599501202989   0.143257E-01  -0.157410E-01   0.391440E-01
    780 181625.086680326785   0.136966E-01   0.771395E-02   0.342697E+00
    781 181832.595131916372   0.176590E-01  -0.603294E-02   0.832058E-01
    782 182014.599800822063   0.213194E-01   0.998974E-02   0.200950E+00
    783 182091.194685485971  -0.180466E-01   0.103046E-01   0.901434E-01
    784 182353.878691840597   0.145033E-01   0.756959E-02  -0.840343E-01
    785 182470.337799891829   0.813171E-02  -0.149526E-01   0.542964E-01
    786 182644.491615113016   0.129375E-01   0.629576E-02  -0.156317E+00
    787 182879.928546988493   0.536517E-02  -0.409568E-01  -0.315416E+00
    788 182931.948436777893   0.108239E-01   0.206711E-01   0.203000E-01
    789 183176.780411028420   0.147780E-01  -0.174041E-01   0.227307E-01
    790 183211.057925287576  -0.168478E-01  -0.139996E-01   0.159857E-01
    791 183473.916074201232   0.153931E-02  -0.274568E-01   0.156830E-01
    792 183619.752319139225   0.161791E-01   0.305635E-02  -0.944253E-01
    793 183751.496611753886   0.100064E-01  -0.404143E-02  -0.274666E+00
    794 183876.394595829712  -0.144180E-01  -0.130494E-02  -0.965236E-02
    795 184243.585027603724   0.586534E-02  -0.525242E-02   0.202122E-01
    796 184356.218113017530   0.111938E-01   0.120366E-01  -0.254256E+00
    797 184410.154151947470   0.143236E-01  -0.107170E-01  -0.162686E+00
    798 184505.875257370644  -0.648781E-02  -0.856019E-02  -0.155570E+00
    799 184710.177178061596   0.120084E-02  -0.158127E-01   0.232138E+00
    800 184808.959807259555  -0.613719E-02  -0.194745E-02  -0.157371E+00
    801 185064.978645485389   0.983564E-02  -0.538914E-03  -0.123372E-02
    802 185216.681542845763   0.882825E-02   0.840187E-03   0.187475E-02
    803 185403.337633504038   0.236878E-01  -0.135893E-02  -0.401321E-02
    804 185476.102624465217   0.441388E-02   0.602071E-01   0.253971E+00
    805 185484.313509160187   0.200985E-01  -0.119761E-01   0.317479E-01
    806 185657.926916483906   0.115255E-03   0.344423E-01  -0.145151E+00
    807 185797.761781038280   0.263976E-01  -0.516811E-04  -0.258199E+00
    808 185914.065013897722  -0.243279E-01  -0.167173E-04  -0.309030E+00
    809 186204.974987141148   0.999075E-02  -0.112553E-04   0.773900E-05
    810 186288.618534269830  -0.967877E-02  -0.110518E-04   0.549419E-05
    811 186394.406156759156  -0.244108E-01   0.136360E-05   0.544397E+00
    812 186667.206766486896   0.566417E-03   0.768428E-05   0.871981E-01
    813 186923.443042154220   0.109245E-01  -0.116531E-05  -0.474704E+00
    814 186980.406524334714   0.230793E-01   0.716036E-06  -0.445604E-07
    815 187079.675765407243   0.698422E-02  -0.993071E-06   0.463664E-07
    816 187243.346924513520   0.132404E-01   0.170190E-06  -0.514495E-08
    817 187384.446618094458   0.137960E-01  -0.117837E-06   0.582168E+00
    818 187454.393374932493  -0.247039E-01  -0.355302E-07   0.736039E-09
    819 187614.499750564515  -0.240573E-01   0.371406E-08  -0.178674E-01
    820 187811.594918458257  -0.198179E-01  -0.510879E-09  -0.281571E-01
    821 188136.786462203541   0.929578E-02  -0.238928E-09   0.109473E-10
    822 188307.937984611228   0.383019E-02   0.633257E-09   0.145006E+00
    823 188457.500780570408   0.146500E-01  -0.152902E-09   0.121988E-10
    824 188596.903876710130   0.785619E-02   0.205549E-09   0.272915E+00
    825 188763.506357547798   0.150327E-01  -0.791331E-10   0.114386E+00
    826 188916.055405690131   0.201211E-01   0.114983E-09  -0.174784E-10
    827 188966.020611863147   0.151330E-01  -0.162713E-09  -0.747168E-01
    828 189021.003111802129  -0.929476E-02  -0.801819E-10   0.144529E-10
    829 189337.833800594351  -0.101609E-02   0.104610E-10  -0.260533E-11
    830 189529.871557611681  -0.365157E-13  -0.199569E+00   0.727021E-01
    831 189602.816163855605   0.960963E-02  -0.421919E-12  -0.127869E+00
    832 190001.499675287487   0.366965E-02   0.214017E-12   0.355835E+00
    833 190097.438735360483   0.119454E-01  -0.821221E-13   0.469144E-12
    834 190272.207323692041   0.243772E-01   0.371090E-13   0.129074E+00
    835 190405.167697065073   0.440272E-02  -0.462973E-12  -0.127302E-11
    836 190445.535126600822   0.107139E-01   0.157516E-12   0.432059E+00
    837 190543.859637248563   0.277860E-01  -0.594226E-14   0.511334E-12
    838 190817.163158741489  -0.149756E-02  -0.106145E-13  -0.277776E+00
    839 191015.107377501670  -0.254410E-02   0.639043E-14   0.287394E-13
    840 191046.056647006044   0.147623E-15   0.186183E-01   0.283237E-01
    841 191567.024722238100  -0.237112E-03   0.158919E-13   0.864564E-13
    842 191599.956508940057   0.676859E-02   0.812987E-15  -0.246138E+00
    843 191888.654303204472   0.239515E-15  -0.196548E-01   0.699564E+00
    844 191961.800457012811  -0.406959E-02   0.148014E-14   0.632692E+00
    845 192019.971429716214   0.312910E-02  -0.919487E-14  -0.238585E-11
    846 192142.279857735120  -0.174326E-14  -0.200237E-01   0.618391E-01
    847 192168.788524987263   0.118443E-01  -0.170283E-14  -0.608930E-03
    848 192260.578803683049   0.826164E-02   0.202794E-14  -0.883201E-11
    849 192272.351951421791   0.776387E-02  -0.731536E-15   0.392637E+00
    850 193094.826416256372   0.153005E-15  -0.101324E-01  -0.286710E-01
    851 193103.751013571222   0.164197E-02   0.143232E-15  -0.293809E-13
    852 193174.808003358688   0.328878E-11   0.440817E-03   0.881857E-02
    853 193174.825871748064  -0.445495E-02   0.328431E-12  -0.768198E-02
    854 193517.926252009405   0.165562E-12   0.263268E-02  -0.255241E+00
    855 193518.354844250571   0.816585E-02  -0.560162E-13   0.260798E+00
    856 193561.433380694274  -0.771257E-14  -0.779958E-02  -0.232664E-01
    857 193565.473114483932   0.143724E-02  -0.352603E-13   0.526903E-13
    858 193733.394363610132   0.290693E-11   0.404459E-03   0.640536E-01
    859 193733.404334016028   0.120126E-01  -0.971612E-13   0.632514E-01
    860 193853.160466461850   0.413068E-07   0.738716E-05   0.131674E-04
    861 193853.160469541035  -0.159343E-01   0.191489E-10   0.342212E-10
    862 194378.661687477404  -0.115192E-02  -0.258087E-08   0.194957E+00
    863 194378.661687477463   0.213228E-01  -0.139426E-09   0.217225E+00
    864 194707.783477458084   0.170212E-04   0.310679E-08   0.352604E-08
    865 194707.783477458550   0.225304E-02  -0.234694E-10  -0.269097E-10
    866 195089.223872631293   0.708900E-06   0.708174E-07  -0.462383E+00
    867 195089.223872632167   0.458337E-02  -0.109505E-10   0.462526E+00
    868 195144.178313259821   0.147993E-05   0.496770E-06   0.440642E-06
    869 195144.178313265613   0.105947E-02  -0.693918E-09  -0.614186E-09
    870 195252.430879426218  -0.159759E-03  -0.166319E-08  -0.135963E-08
    871 195252.430879427033   0.186452E-01  -0.142505E-10  -0.121049E-10
    872 195497.244612204668  -0.420470E-05  -0.615907E-09   0.231828E+00
    873 195497.244612204784   0.506785E-02  -0.510248E-12   0.232213E+00
    874 195870.069346716424  -0.187340E-15   0.126653E+00  -0.280856E-01
    875 196077.474846947036   0.367877E-03  -0.615177E-13  -0.305906E+00
    876 196077.474846947647  -0.194742E-01  -0.241284E-15  -0.317686E+00
    877 196113.426361854683  -0.840633E-16   0.437952E-01   0.310900E+00
    878 196492.754690783797   0.411515E-04   0.342515E-14  -0.168312E-01
    879 196492.754690784379   0.990049E-02   0.260448E-14   0.169717E-01
    880 196735.970267269615   0.234838E-03   0.134113E-13  -0.263011E-11
    881 196735.970267269644  -0.692533E-02   0.147570E-14   0.507625E-12
    882 196757.186461232835   0.253278E-03   0.357434E-14  -0.163556E+00
    883 196757.186461233126   0.153985E-01   0.603683E-15   0.169027E+00
    884 197176.777503405407  -0.633623E-11  -0.549215E-05  -0.569671E-05
    885 197176.777503930003   0.223579E-04  -0.512801E-09  -0.531918E-09
    886 197176.777503931138  -0.103125E-01  -0.110887E-11  -0.105881E-11
    887 197627.315841650649  -0.785315E-06   0.170829E-07   0.133895E-07
    888 197627.315841650707   0.489020E-04   0.415383E-09   0.325523E-09
    889 197627.315841651434   0.318838E-01  -0.215864E-12  -0.167663E-12
    890 198382.215958555782  -0.372367E-06  -0.795336E-08   0.424885E+00
    891 198382.215958556306   0.352914E-03  -0.180341E-10   0.433771E+00
    892 198382.215958556859  -0.214543E-01  -0.158328E-12  -0.418789E+00
    893 198474.531886560348   0.104794E-04  -0.640448E-09  -0.421494E-10
    894 198474.531886560784   0.266132E-03   0.466632E-10   0.254869E-11
    895 198474.531886561221  -0.875823E-02   0.650150E-12   0.558107E-12
    896 198810.444465324312   0.683767E-06   0.420120E-10   0.145967E+00
    897 198810.444465324486  -0.114389E-04   0.314115E-11   0.169871E+00
    898 198810.444465324661  -0.629954E-02  -0.291607E-14   0.157933E+00
    899 199082.189932587848   0.810851E-05  -0.631299E-14   0.594576E-01
    900 199082.189932588895  -0.371357E-02  -0.268436E-14   0.496899E-01
    901 199082.189932588895   0.159697E-01  -0.171321E-15   0.757616E-01
    902 200042.685014736198  -0.489824E-16   0.404114E-03   0.638986E-03
    903 200042.706935580529  -0.301490E-04   0.116738E-12   0.499448E-12
    904 200042.706935580674  -0.377668E-05  -0.122280E-11  -0.254283E-11
    905 200042.706935581460   0.460559E-02   0.356441E-15  -0.300803E-12
    906 200215.936719482968   0.768426E-17  -0.869825E-04  -0.620644E+00
    907 200215.937618369499   0.217745E-04  -0.317261E-11  -0.540686E+00
    908 200215.937618369877   0.263241E-03   0.393683E-12   0.677308E+00
    909 200215.937618370575  -0.111377E-01   0.257557E-14   0.635645E+00
    910 200389.227959233482  -0.251444E-16   0.259839E-04   0.343719E-04
    911 200389.228031651088   0.469558E-05  -0.125548E-10  -0.162903E-10
    912 200389.228031651437   0.106384E-03   0.744289E-12   0.133880E-11
    913 200389.228031651728   0.331424E-02  -0.550338E-14  -0.131032E-12
    914 200859.854281917971   0.829781E-06  -0.136285E-10   0.348885E-01
    915 200859.854281918029  -0.994311E-07  -0.876584E-10  -0.356929E-01
    916 200859.854281918437   0.119567E-06   0.242993E-10   0.581623E-01
    917 200859.854281919106  -0.355198E-03   0.154641E-14  -0.441016E-01
    918 201987.559571707592  -0.256981E-09  -0.765322E-14   0.378457E-01
    919 201987.559571708494  -0.126303E-05  -0.149159E-14  -0.250104E-01
    920 201987.559571708640   0.427954E-06   0.624042E-15   0.460458E-01
    921 201987.559571708902   0.173500E-01   0.151010E-15   0.373147E-01
    922 202045.299563645851   0.513531E-17   0.908704E-04   0.473529E-04
    923 202045.300147815084   0.564077E-06  -0.137616E-11  -0.712290E-12
    924 202045.300147815462  -0.238770E-06  -0.832572E-11  -0.442809E-11
    925 202045.300147815695   0.116456E-01  -0.806608E-15  -0.102077E-12
    926 202045.300147815724  -0.168938E-03   0.137309E-13   0.753993E-13
    927 203818.029586407909  -0.205302E-15  -0.552951E-03  -0.413098E-03
    928 203818.041552628740  -0.175123E-05  -0.417666E-11  -0.315777E-11
    929 203818.041552629235  -0.252418E-04  -0.189672E-12   0.299771E-12
    930 203818.041552629496   0.139572E-03  -0.229934E-13   0.185833E-11
    931 203818.041552629671  -0.148710E-01   0.974737E-15   0.437426E-12
    932 203818.041552629991  -0.194358E-02  -0.981754E-15  -0.136659E-11
    933 203893.635819803458  -0.974410E-16  -0.706489E-03   0.208594E+00
    934 203893.654825103877   0.242850E-05  -0.370302E-13   0.217207E+00
    935 203893.654825104750   0.311207E-03   0.100734E-13  -0.251552E+00
    936 203893.654825104924  -0.178728E-01  -0.368781E-14  -0.248651E+00
    937 203893.654825105070  -0.101436E-01   0.593987E-14   0.679073E-02
    938 203893.654825105215  -0.756705E-05  -0.159162E-11  -0.215477E+00
    939 205164.304140295368  -0.155578E-25  -0.114265E+00  -0.670077E-01
    940 205690.330292011495  -0.165448E-07  -0.159970E-12  -0.768890E+00
    941 205690.330292011524  -0.872120E-05   0.156592E-13  -0.920974E+00
    942 205690.330292011786   0.352571E-03   0.147786E-15   0.765349E+00
    943 205690.330292011786   0.122224E-04  -0.128826E-13   0.908212E-01
    944 205690.330292012135  -0.158593E-03  -0.174507E-14   0.524471E+00
    945 205690.330292012251  -0.582468E-02  -0.255416E-15  -0.641100E+00
    946 205690.570798426925   0.375513E-17   0.118040E-02   0.673533E+00
    947 205842.580431582057  -0.330455E-08   0.498638E-16  -0.227091E-12
    948 205842.580431582464  -0.324140E-08  -0.339740E-15  -0.125476E-12
    949 205842.580431582785  -0.165440E-03  -0.266458E-15  -0.535132E-12
    950 205842.580431582959  -0.145087E-01   0.557649E-15  -0.194488E-12
    951 205842.580431583017  -0.280107E-02  -0.112902E-15  -0.344089E-12
    952 205842.580431583279   0.147502E-05  -0.398779E-15  -0.394308E-13
    953 207556.476973849320  -0.278773E-12   0.627888E-13   0.963434E-13
    954 207556.476973849552   0.655693E-11   0.145006E-13   0.239484E-13
    955 207556.476973849814   0.381261E-08  -0.445804E-15   0.608315E-13
    956 207556.476973849931  -0.121901E-09  -0.134162E-14  -0.347815E-14
    957 207556.476973849931  -0.440990E-06   0.358172E-15  -0.823015E-14
    958 207556.476973850571   0.323834E-01  -0.662918E-15  -0.466298E-13
    959 207556.476973850688  -0.396354E-03  -0.113846E-15  -0.871170E-13
    960 207799.100403193122  -0.106387E-15  -0.181464E-05  -0.141813E+00
    961 207799.100403387623  -0.995225E-08  -0.714165E-11  -0.161265E+00
    962 207799.100403388002   0.299997E-07  -0.818067E-09   0.137545E+00
    963 207799.100403388264  -0.124955E-01   0.323020E-14  -0.146495E+00
    964 207799.100403388409  -0.396513E-05  -0.181828E-10   0.188502E+00
    965 207799.100403388758   0.107354E-05  -0.185350E-10   0.621134E-01
    966 207799.100403389137  -0.153801E-04  -0.468598E-12   0.130030E+00
    967 207799.100403389632   0.415591E-03  -0.754305E-15  -0.133954E+00
    968 208319.327992610895   0.240617E-09   0.721527E-12  -0.217709E+00
    969 208319.327992611041  -0.959610E-10  -0.594689E-11   0.132869E+00
    970 208319.327992611157  -0.122475E-09   0.287956E-11   0.470727E-01
    971 208319.327992611215   0.102068E-09   0.306458E-11  -0.313380E-01
    972 208319.327992611274  -0.133677E-01  -0.833144E-17   0.119480E+00
    973 208319.327992611536   0.914095E-08   0.462195E-12   0.577661E-01
    974 208319.327992611856  -0.377754E-06   0.743269E-14   0.122099E+00
    975 208319.327992612671   0.556236E-04   0.379852E-15  -0.119980E+00
    976 210329.022447112831   0.897942E-15  -0.109750E-11  -0.855983E-12
    977 210329.022447112889   0.730579E-08  -0.173694E-15   0.416008E-13
    978 210329.022447112977  -0.224613E-12   0.195095E-13  -0.106386E-13
    979 210329.022447113035   0.861456E-11   0.182493E-14   0.443158E-13
    980 210329.022447113239  -0.498470E-09   0.617736E-15   0.185754E-13
    981 210329.022447113442   0.364544E-12   0.141454E-12   0.498570E-13
    982 210329.022447113588   0.796061E-13   0.701136E-13   0.652144E-13
    983 210329.022447113704   0.148926E-01  -0.335521E-15  -0.511862E-13
    984 210329.022447113792   0.834883E-03  -0.296269E-15   0.189790E-13
    985 210329.022447114345   0.494079E-05  -0.543302E-15   0.493889E-13
    986 216569.426293575641  -0.182523E-31   0.399453E-16   0.200744E+00
    987 216569.426293576020  -0.173263E-31  -0.224042E-15   0.434964E+00
    988 216569.426293576282  -0.341303E-32  -0.357044E-15   0.548992E+00
    989 216569.426293576369   0.328906E-31   0.355152E-15   0.212193E+00
    990 216569.426293576456   0.255369-193   0.100882E-11   0.730643E+00
    991 216569.426293576544   0.129334-193  -0.274398E-11  -0.209415E+00
    992 216569.426293576777  -0.203902-193  -0.474775E-12   0.254485E-01
    993 216569.426293576806   0.951853E-31  -0.342373E-15  -0.417584E+00
    994 216569.426293576893   0.208343E-03   0.304507E-15   0.318948E+00
    995 216569.426293576922  -0.284077E-31   0.942616E-16  -0.648199E+00
    996 216569.426293577184   0.171986E-01   0.171315E-15   0.382093E+00
    997 216569.426293577446  -0.177125E-02   0.837124E-15  -0.536222E+00
    998 216569.426293577941  -0.193155E-30  -0.382763E-15   0.453956E+00
    999 216569.426293577970   0.870387E-05  -0.249692E-15   0.475677E+00
   1000 216569.426293578435  -0.423045E-31   0.103057E-15   0.418707E+00
