 R(H-O)=    1.8102073944999999     
 R(O-H)=    1.8102073944999999     
 A(H-O-H)=    104.50000000000000     
 r1e,r2e,cthe=    1.7146909951598748        1.7146909951598748       0.81739611699817427     
           1   1.0323383084577114        21.867750707183568     
           2   1.0646766169154227        18.264480398017078     
           3   1.0970149253731341        15.515524275927877     
           4   1.1293532338308454        13.394925400624198     
           5   1.1616915422885568        11.737862067455531     
           6   1.1940298507462681        10.424443680174514     
           7   1.2263681592039795        9.3676629930165607     
           8   1.2587064676616908        8.5044743552999744     
           9   1.2910447761194022        7.7892151752461354     
          10   1.3233830845771135        7.1887774430155122     
          11   1.3557213930348249        6.6790810972069057     
          12   1.3880597014925362        6.2425115865703109     
          13   1.4203980099502476        5.8660681443567801     
          14   1.4527363184079589        5.5400332156838550     
          15   1.4850746268656703        5.2570219039713342     
          16   1.5174129353233816        5.0113068791348567     
          17   1.5497512437810930        4.7983417179235941     
          18   1.5820895522388043        4.6144262730750221     
          19   1.6144278606965157        4.4564730403890263     
          20   1.6467661691542270        4.3218448769679476     
          21   1.6791044776119384        4.2082427934423370     
          22   1.7114427860696497        4.1136286478786506     
          23   1.7437810945273611        4.0361719862051961     
          24   1.7761194029850724        3.9742134455871980     
          25   1.8084577114427838        3.9262393995639502     
          26   1.8407960199004951        3.8908641298410429     
          27   1.8731343283582065        3.8668169468012623     
          28   1.9054726368159178        3.8529324855628468     
          29   1.9378109452736292        3.8481429744671307     
          30   1.9701492537313405        3.8514716770202937     
          31   2.0024875621890521        3.8620269944283416     
          32   2.0348258706467637        3.8789969171264627     
          33   2.0671641791044753        3.9016436532336689     
          34   2.0995024875621868        3.9292983560502495     
          35   2.1318407960198984        3.9613559334867605     
          36   2.1641791044776100        3.9972699586075078     
          37   2.1965174129353215        4.0365477191544432     
          38   2.2288557213930331        4.0787454503352469     
          39   2.2611940298507447        4.1234637934728715     
          40   2.2935323383084563        4.1703435165172795     
          41   2.3258706467661678        4.2190615232971203     
          42   2.3582089552238794        4.2693271684495446     
          43   2.3905472636815910        4.3208788853644524     
          44   2.4228855721393026        4.3734811259298967     
          45   2.4552238805970141        4.4269216037468295     
          46   2.4875621890547257        4.4810088269261028     
          47   2.5199004975124373        4.5355699025571532     
          48   2.5522388059701488        4.5904485923064700     
          49   2.5845771144278604        4.6455035971716976     
          50   2.6169154228855720        4.7006070489672966     
          51   2.6492537313432836        4.7556431864359210     
          52   2.6815920398009951        4.8105071947685696     
          53   2.7139303482587067        4.8651041886033655     
          54   2.7462686567164183        4.9193483201122046     
          55   2.7786069651741299        4.9731619954605346     
          56   2.8109452736318414        5.0264751846462739     
          57   2.8432835820895530        5.0792248114227219     
          58   2.8756218905472646        5.1313542116378787     
          59   2.9079601990049762        5.1828126498471550     
          60   2.9402985074626877        5.2335548854582621     
          61   2.9726368159203993        5.2835407809357902     
          62   3.0049751243781109        5.3327349457264743     
          63   3.0373134328358224        5.3811064105669022     
          64   3.0696517412935340        5.4286283277095375     
          65   3.1019900497512456        5.4752776933591685     
          66   3.1343283582089572        5.5210350892603266     
          67   3.1666666666666687        5.5658844409269506     
          68   3.1990049751243803        5.6098127904696389     
          69   3.2313432835820919        5.6528100823633567     
          70   3.2636815920398035        5.6948689608192140     
          71   3.2960199004975150        5.7359845776869109     
          72   3.3283582089552266        5.7761544100280195     
          73   3.3606965174129382        5.8153780866718829     
          74   3.3930348258706498        5.8536572232019557     
          75   3.4253731343283613        5.8909952649271373     
          76   3.4577114427860729        5.9273973374747024     
          77   3.4900497512437845        5.9628701047035602     
          78   3.5223880597014960        5.9974216336825208     
          79   3.5547263681592076        6.0310612665109922     
          80   3.5870646766169192        6.0637994987821635     
          81   3.6194029850746308        6.0956478645033467     
          82   3.6517412935323423        6.1266188272965829     
          83   3.6840796019900539        6.1567256777067021     
          84   3.7164179104477655        6.1859824364447507     
          85   3.7487562189054771        6.2144037633933440     
          86   3.7810945273631886        6.2420048721976409     
          87   3.8134328358209002        6.2688014502622744     
          88   3.8457711442786118        6.2948095839707241     
          89   3.8781094527363233        6.3200456889402457     
          90   3.9104477611940349        6.3445264451221339     
          91   3.9427860696517465        6.3682687365548736     
          92   3.9751243781094581        6.3912895955757687     
          93   4.0074626865671696        6.4136061512958786     
          94   4.0398009950248808        6.4352355821428873     
          95   4.0721393034825919        6.4561950722774517     
          96   4.1044776119403030        6.4765017716900131     
          97   4.1368159203980142        6.4961727597875027     
          98   4.1691542288557253        6.5152250122824205     
          99   4.2014925373134364        6.5336753712003750     
         100   4.2338308457711475        6.5515405178266315     
         101   4.2661691542288587        6.5688369484167062     
         102   4.2985074626865698        6.5855809525015054     
         103   4.3308457711442809        6.6017885936228247     
         104   4.3631840796019921        6.6174756923409612     
         105   4.3955223880597032        6.6326578113621100     
         106   4.4278606965174143        6.6473502426395488     
         107   4.4601990049751254        6.6615679963087029     
         108   4.4925373134328366        6.6753257913226802     
         109   4.5248756218905477        6.6886380476610956     
         110   4.5572139303482588        6.7015188799913528     
         111   4.5895522388059700        6.7139820926678153     
         112   4.6218905472636811        6.7260411759602841     
         113   4.6542288557213922        6.7377093034094298     
         114   4.6865671641791034        6.7489993302124880     
         115   4.7189054726368145        6.7599237925483493     
         116   4.7512437810945256        6.7704949077565573     
         117   4.7835820895522367        6.7807245752902778     
         118   4.8159203980099479        6.7906243783681042     
         119   4.8482587064676590        6.8002055862547826     
         120   4.8805970149253701        6.8094791571054500     
         121   4.9129353233830813        6.8184557413125857     
         122   4.9452736318407924        6.8271456852990084     
         123   4.9776119402985035        6.8355590357045584     
         124   5.0099502487562146        6.8437055439177126     
         125   5.0422885572139258        6.8515946709071640     
         126   5.0746268656716369        6.8592355923118769     
         127   5.1069651741293480        6.8666372037512931     
         128   5.1393034825870592        6.8738081263205064     
         129   5.1716417910447703        6.8807567122380604     
         130   5.2039800995024814        6.8874910506167586     
         131   5.2363184079601925        6.8940189733304500     
         132   5.2686567164179037        6.9003480609520045     
         133   5.3009950248756148        6.9064856487400705     
         134   5.3333333333333259        6.9124388326541588     
         135   5.3656716417910371        6.9182144753795827     
         136   5.3980099502487482        6.9238192123455686     
         137   5.4303482587064593        6.9292594577215327     
         138   5.4626865671641704        6.9345414103780048     
         139   5.4950248756218816        6.9396710598002329     
         140   5.5273631840795927        6.9446541919436928     
         141   5.5597014925373038        6.9494963950220958     
         142   5.5920398009950150        6.9542030652194642     
         143   5.6243781094527261        6.9587794123190276     
         144   5.6567164179104372        6.9632304652425860     
         145   5.6890547263681484        6.9675610774948620     
         146   5.7213930348258595        6.9717759325081783     
         147   5.7537313432835706        6.9758795488835474     
         148   5.7860696517412817        6.9798762855249752     
         149   5.8184079601989929        6.9837703466643015     
         150   5.8507462686567040        6.9875657867745353     
         151   5.8830845771144151        6.9912665153701292     
         152   5.9154228855721263        6.9948763016931483     
         153   5.9477611940298374        6.9983987792845843     
         154   5.9800995024875485        7.0018374504406031     
         155   6.0124378109452596        7.0051956905537285     
         156   6.0447761194029708        7.0084767523393436     
         157   6.0771144278606819        7.0116837699480881     
         158   6.1094527363183930        7.0148197629651277     
         159   6.1417910447761042        7.0178876402972170     
         160   6.1741293532338153        7.0208902039490173     
         161   6.2064676616915264        7.0238301526899640     
         162   6.2388059701492375        7.0267100856133418     
         163   6.2711442786069487        7.0295325055892777     
         164   6.3034825870646598        7.0322998226134787     
         165   6.3358208955223709        7.0350143570535790     
         166   6.3681592039800821        7.0376783427951706     
         167   6.4004975124377932        7.0402939302895247     
         168   6.4328358208955043        7.0428631895050779     
         169   6.4651741293532154        7.0453881127849476     
         170   6.4975124378109266        7.0478706176125101     
         171   6.5298507462686377        7.0503125492873586     
         172   6.5621890547263488        7.0527156835137523     
         173   6.5945273631840600        7.0550817289039136     
         174   6.6268656716417711        7.0574123293981961     
         175   6.6592039800994822        7.0597090666045208     
         176   6.6915422885571934        7.0619734620591377     
         177   6.7238805970149045        7.0642069794109954     
         178   6.7562189054726156        7.0664110265317834     
         179   6.7885572139303267        7.0685869575538369     
         180   6.8208955223880379        7.0707360748380212     
         181   6.8532338308457490        7.0728596308735696     
         182   6.8855721393034601        7.0749588301120516     
         183   6.9179104477611713        7.0770348307373894     
         184   6.9502487562188824        7.0790887463738601     
         185   6.9825870646765935        7.0811216477341015     
         186   7.0149253731343046        7.0831345642089634     
         187   7.0472636815920158        7.0851284854009782     
         188   7.0796019900497269        7.0871043626034353     
         189   7.1119402985074380        7.0890631102265873     
         190   7.1442786069651492        7.0910056071729342     
         191   7.1766169154228603        7.0929326981630823     
         192   7.2089552238805714        7.0948451950139173     
         193   7.2412935323382825        7.0967438778706518     
         194   7.2736318407959937        7.0986294963942802     
         195   7.3059701492537048        7.1005027709059885     
         196   7.3383084577114159        7.1023643934898955     
         197   7.3706467661691271        7.1042150290556760     
         198   7.4029850746268382        7.1060553163623519     
         199   7.4353233830845493        7.1078858690045941     
         200   7.4676616915422604        7.1097072763628901     
  dd   32378.213695626306        34942.383691660667        37356.617420974828        39627.763105198537        41760.053365717693        43755.721368899918        45615.529265789337        47339.190234902206        48925.702362995653        50373.624103357040     
  xrad1   1.2128761426394890        1.3147998845822553        1.4062337812367436        1.4928203417424211        1.5766302689610288        1.6587320096833826        1.7397799802350253        1.8202148649466290        1.9003498617004453        1.9804146019408817        2.0605805468265430        2.1409771259903185        2.2217026722149598        2.3028321089158865        2.3844224412831352        2.4665166887410228        2.5491466928822488        2.6323351202348086        2.7160969023153552        2.8004402965811823        2.8853677041436470        2.9708763411261581        3.0569588293144561        3.1436037474142444        3.2307961659085231        3.3185181752804889        3.4067494083602163        3.4954675519566822        3.5846488400183696        3.6742685196683569        3.7643012819993471        3.8547216509834255        3.9455043258259859        4.0366244742347126        4.1280579761316210        4.2197816191401545        4.3117732486334441        4.4040118761977434        4.4964777510547167        4.5891523993358696        4.6820186361681078        4.7750605553735648        4.8682635012712883        4.9616140266491078        5.0550998404982659        5.1487097486084306        5.2424335896350414        5.3362621687933203        5.4301871909168717        5.5242011942490548        5.6182974860153321        5.7124700805531736        5.8067136405497290        5.9010234217517370        5.9953952213621484        6.0898253302150662        6.1843104887191478        6.2788478464640587        6.3734349252757978        6.4680695853416719        6.5627499937113516        6.6574745937921502        6.7522420728094232        6.8470513199246463        6.9419013555061575        7.0367911728158310        7.1317192848708890        7.2266820597347907        7.3216650380538102        7.4165527210860978     
           1   1.0323383084577114        21.867750707183568     
           2   1.0646766169154227        18.264480398017078     
           3   1.0970149253731341        15.515524275927900     
           4   1.1293532338308454        13.394925400624198     
           5   1.1616915422885568        11.737862067455531     
           6   1.1940298507462681        10.424443680174516     
           7   1.2263681592039795        9.3676629930165625     
           8   1.2587064676616908        8.5044743552999762     
           9   1.2910447761194022        7.7892151752461354     
          10   1.3233830845771135        7.1887774430155105     
          11   1.3557213930348249        6.6790810972069057     
          12   1.3880597014925362        6.2425115865703109     
          13   1.4203980099502476        5.8660681443567801     
          14   1.4527363184079589        5.5400332156838550     
          15   1.4850746268656703        5.2570219039713333     
          16   1.5174129353233816        5.0113068791348567     
          17   1.5497512437810930        4.7983417179235941     
          18   1.5820895522388043        4.6144262730750221     
          19   1.6144278606965157        4.4564730403890263     
          20   1.6467661691542270        4.3218448769679458     
          21   1.6791044776119384        4.2082427934423361     
          22   1.7114427860696497        4.1136286478786506     
          23   1.7437810945273611        4.0361719862051961     
          24   1.7761194029850724        3.9742134455871989     
          25   1.8084577114427838        3.9262393995639502     
          26   1.8407960199004951        3.8908641298410407     
          27   1.8731343283582065        3.8668169468012583     
          28   1.9054726368159178        3.8529324855628468     
          29   1.9378109452736292        3.8481429744671307     
          30   1.9701492537313405        3.8514716770202941     
          31   2.0024875621890521        3.8620269944283403     
          32   2.0348258706467637        3.8789969171264627     
          33   2.0671641791044753        3.9016436532336698     
          34   2.0995024875621868        3.9292983560502495     
          35   2.1318407960198984        3.9613559334867605     
          36   2.1641791044776100        3.9972699586075078     
          37   2.1965174129353215        4.0365477191544441     
          38   2.2288557213930331        4.0787454503352460     
          39   2.2611940298507447        4.1234637934728724     
          40   2.2935323383084563        4.1703435165172786     
          41   2.3258706467661678        4.2190615232971194     
          42   2.3582089552238794        4.2693271684495446     
          43   2.3905472636815910        4.3208788853644506     
          44   2.4228855721393026        4.3734811259298949     
          45   2.4552238805970141        4.4269216037468295     
          46   2.4875621890547257        4.4810088269261019     
          47   2.5199004975124373        4.5355699025571523     
          48   2.5522388059701488        4.5904485923064708     
          49   2.5845771144278604        4.6455035971716976     
          50   2.6169154228855720        4.7006070489672966     
          51   2.6492537313432836        4.7556431864359210     
          52   2.6815920398009951        4.8105071947685705     
          53   2.7139303482587067        4.8651041886033655     
          54   2.7462686567164183        4.9193483201122055     
          55   2.7786069651741299        4.9731619954605346     
          56   2.8109452736318414        5.0264751846462739     
          57   2.8432835820895530        5.0792248114227254     
          58   2.8756218905472646        5.1313542116378787     
          59   2.9079601990049762        5.1828126498471567     
          60   2.9402985074626877        5.2335548854582621     
          61   2.9726368159203993        5.2835407809357893     
          62   3.0049751243781109        5.3327349457264743     
          63   3.0373134328358224        5.3811064105669031     
          64   3.0696517412935340        5.4286283277095375     
          65   3.1019900497512456        5.4752776933591685     
          66   3.1343283582089572        5.5210350892603266     
          67   3.1666666666666687        5.5658844409269514     
          68   3.1990049751243803        5.6098127904696389     
          69   3.2313432835820919        5.6528100823633558     
          70   3.2636815920398035        5.6948689608192131     
          71   3.2960199004975150        5.7359845776869109     
          72   3.3283582089552266        5.7761544100280195     
          73   3.3606965174129382        5.8153780866718821     
          74   3.3930348258706498        5.8536572232019566     
          75   3.4253731343283613        5.8909952649271382     
          76   3.4577114427860729        5.9273973374747024     
          77   3.4900497512437845        5.9628701047035593     
          78   3.5223880597014960        5.9974216336825217     
          79   3.5547263681592076        6.0310612665109922     
          80   3.5870646766169192        6.0637994987821644     
          81   3.6194029850746308        6.0956478645033521     
          82   3.6517412935323423        6.1266188272965838     
          83   3.6840796019900539        6.1567256777067021     
          84   3.7164179104477655        6.1859824364447524     
          85   3.7487562189054771        6.2144037633933440     
          86   3.7810945273631886        6.2420048721976409     
          87   3.8134328358209002        6.2688014502622744     
          88   3.8457711442786118        6.2948095839707250     
          89   3.8781094527363233        6.3200456889402457     
          90   3.9104477611940349        6.3445264451221339     
          91   3.9427860696517465        6.3682687365548727     
          92   3.9751243781094581        6.3912895955757687     
          93   4.0074626865671696        6.4136061512958786     
          94   4.0398009950248808        6.4352355821428873     
          95   4.0721393034825919        6.4561950722774526     
          96   4.1044776119403030        6.4765017716900122     
          97   4.1368159203980142        6.4961727597875054     
          98   4.1691542288557253        6.5152250122824196     
          99   4.2014925373134364        6.5336753712003759     
         100   4.2338308457711475        6.5515405178266315     
         101   4.2661691542288587        6.5688369484167062     
         102   4.2985074626865698        6.5855809525015054     
         103   4.3308457711442809        6.6017885936228247     
         104   4.3631840796019921        6.6174756923409603     
         105   4.3955223880597032        6.6326578113621100     
         106   4.4278606965174143        6.6473502426395488     
         107   4.4601990049751254        6.6615679963087029     
         108   4.4925373134328366        6.6753257913226802     
         109   4.5248756218905477        6.6886380476610947     
         110   4.5572139303482588        6.7015188799913510     
         111   4.5895522388059700        6.7139820926678153     
         112   4.6218905472636811        6.7260411759602858     
         113   4.6542288557213922        6.7377093034094298     
         114   4.6865671641791034        6.7489993302124880     
         115   4.7189054726368145        6.7599237925483493     
         116   4.7512437810945256        6.7704949077565564     
         117   4.7835820895522367        6.7807245752902796     
         118   4.8159203980099479        6.7906243783681033     
         119   4.8482587064676590        6.8002055862547834     
         120   4.8805970149253701        6.8094791571054518     
         121   4.9129353233830813        6.8184557413125857     
         122   4.9452736318407924        6.8271456852990084     
         123   4.9776119402985035        6.8355590357045566     
         124   5.0099502487562146        6.8437055439177144     
         125   5.0422885572139258        6.8515946709071613     
         126   5.0746268656716369        6.8592355923118760     
         127   5.1069651741293480        6.8666372037512948     
         128   5.1393034825870592        6.8738081263205082     
         129   5.1716417910447703        6.8807567122380604     
         130   5.2039800995024814        6.8874910506167586     
         131   5.2363184079601925        6.8940189733304500     
         132   5.2686567164179037        6.9003480609520045     
         133   5.3009950248756148        6.9064856487400705     
         134   5.3333333333333259        6.9124388326541606     
         135   5.3656716417910371        6.9182144753795827     
         136   5.3980099502487482        6.9238192123455686     
         137   5.4303482587064593        6.9292594577215318     
         138   5.4626865671641704        6.9345414103780030     
         139   5.4950248756218816        6.9396710598002311     
         140   5.5273631840795927        6.9446541919436910     
         141   5.5597014925373038        6.9494963950220976     
         142   5.5920398009950150        6.9542030652194642     
         143   5.6243781094527261        6.9587794123190276     
         144   5.6567164179104372        6.9632304652425843     
         145   5.6890547263681484        6.9675610774948638     
         146   5.7213930348258595        6.9717759325081774     
         147   5.7537313432835706        6.9758795488835474     
         148   5.7860696517412817        6.9798762855249752     
         149   5.8184079601989929        6.9837703466643015     
         150   5.8507462686567040        6.9875657867745353     
         151   5.8830845771144151        6.9912665153701292     
         152   5.9154228855721263        6.9948763016931501     
         153   5.9477611940298374        6.9983987792845861     
         154   5.9800995024875485        7.0018374504406031     
         155   6.0124378109452596        7.0051956905537285     
         156   6.0447761194029708        7.0084767523393436     
         157   6.0771144278606819        7.0116837699480881     
         158   6.1094527363183930        7.0148197629651277     
         159   6.1417910447761042        7.0178876402972170     
         160   6.1741293532338153        7.0208902039490173     
         161   6.2064676616915264        7.0238301526899640     
         162   6.2388059701492375        7.0267100856133400     
         163   6.2711442786069487        7.0295325055892777     
         164   6.3034825870646598        7.0322998226134787     
         165   6.3358208955223709        7.0350143570535772     
         166   6.3681592039800821        7.0376783427951723     
         167   6.4004975124377932        7.0402939302895247     
         168   6.4328358208955043        7.0428631895050779     
         169   6.4651741293532154        7.0453881127849467     
         170   6.4975124378109266        7.0478706176125119     
         171   6.5298507462686377        7.0503125492873568     
         172   6.5621890547263488        7.0527156835137514     
         173   6.5945273631840600        7.0550817289039136     
         174   6.6268656716417711        7.0574123293981961     
         175   6.6592039800994822        7.0597090666045208     
         176   6.6915422885571934        7.0619734620591377     
         177   6.7238805970149045        7.0642069794109954     
         178   6.7562189054726156        7.0664110265317817     
         179   6.7885572139303267        7.0685869575538387     
         180   6.8208955223880379        7.0707360748380212     
         181   6.8532338308457490        7.0728596308735687     
         182   6.8855721393034601        7.0749588301120525     
         183   6.9179104477611713        7.0770348307373894     
         184   6.9502487562188824        7.0790887463738601     
         185   6.9825870646765935        7.0811216477341015     
         186   7.0149253731343046        7.0831345642089616     
         187   7.0472636815920158        7.0851284854009782     
         188   7.0796019900497269        7.0871043626034353     
         189   7.1119402985074380        7.0890631102265891     
         190   7.1442786069651492        7.0910056071729342     
         191   7.1766169154228603        7.0929326981630823     
         192   7.2089552238805714        7.0948451950139191     
         193   7.2412935323382825        7.0967438778706491     
         194   7.2736318407959937        7.0986294963942802     
         195   7.3059701492537048        7.1005027709059885     
         196   7.3383084577114159        7.1023643934898972     
         197   7.3706467661691271        7.1042150290556743     
         198   7.4029850746268382        7.1060553163623519     
         199   7.4353233830845493        7.1078858690045941     
         200   7.4676616915422604        7.1097072763628901     
  dd   32378.213695626175        34942.383691660609        37356.617420974901        39627.763105198421        41760.053365717577        43755.721368899896        45615.529265789242        47339.190234902140        48925.702362995748        50373.624103357113     
  xrad2   1.2128761426394705        1.3147998845822406        1.4062337812367403        1.4928203417424160        1.5766302689610161        1.6587320096833960        1.7397799802350282        1.8202148649466334        1.9003498617004466        1.9804146019408781        2.0605805468265523        2.1409771259903225        2.2217026722149575        2.3028321089158825        2.3844224412831343        2.4665166887410219        2.5491466928822502        2.6323351202348109        2.7160969023153583        2.8004402965811828        2.8853677041436505        2.9708763411261616        3.0569588293144609        3.1436037474142462        3.2307961659085276        3.3185181752804906        3.4067494083602186        3.4954675519566818        3.5846488400183687        3.6742685196683551        3.7643012819993467        3.8547216509834223        3.9455043258259872        4.0366244742347126        4.1280579761316210        4.2197816191401554        4.3117732486334441        4.4040118761977460        4.4964777510547185        4.5891523993358705        4.6820186361681104        4.7750605553735692        4.8682635012712892        4.9616140266491069        5.0550998404982614        5.1487097486084323        5.2424335896350422        5.3362621687933203        5.4301871909168700        5.5242011942490565        5.6182974860153347        5.7124700805531727        5.8067136405497193        5.9010234217517281        5.9953952213621342        6.0898253302150565        6.1843104887191522        6.2788478464640516        6.3734349252757889        6.4680695853416719        6.5627499937113454        6.6574745937921449        6.7522420728094223        6.8470513199246446        6.9419013555061531        7.0367911728158230        7.1317192848708881        7.2266820597347872        7.3216650380538182        7.4165527210860986     
 angle part ends
   vmin=  6.09650636557792689E-004
   vmin=  6.09650636557792689E-004
   1.7397799802350253        1.7397799802350282        103.90294111605107               71          71         121
  propagation begin
     1     0.8386757055584     0.4466866429097     0.0459066497018
     2     1.9157318351549     0.9684138294191     0.2537551937216
     3     2.4310854776799     1.2506918370047    -0.4907662715589
     4     2.9740654973987     1.3955312492369     0.7018869733469
     5     2.9710242974842     1.3979033429788    -0.9611280371971
     6     3.0523106684599     1.4803489683778     1.2150023085820
     7     3.0116683728120     1.4213180293820    -1.4524990008739
     8     2.8763165594792     1.4076912822694     1.6270472803891
     9     2.8626068151642     1.4155102334043    -1.6669999640149
    10     2.8930236037476     1.4378728534999     1.5969154198428
    11     2.9557016579565     1.4732840482665    -1.4563785007405
    12     2.9974713184318     1.4722441431124     1.2993949117241
    13     2.9674310195725     1.4581564694096    -1.2036578859693
    14     2.9015891113582     1.4178229233749     1.2279514563731
    15     2.8498639081197     1.4147488177638    -1.4363865428136
    16     2.8758153455353     1.4148043751547     1.8533206831020
    17     2.8517053332386     1.3962145592979    -2.4922189993602
    18     2.8559019879481     1.4257284862199     3.3070363823124
    19     2.9091784174414     1.4361257959114    -4.1720588365301
    20     2.8961436066023     1.4402390929778     5.0701313360826
    21     2.9424193487747     1.4705412216230    -5.8344923828572
    22     2.9549767279747     1.4300333366337     6.4633885713006
    23     2.8346760141108     1.3908129627298    -7.0389262660789
    24     2.8151968628556     1.3791598598494     7.3103970189244
    25     2.7558497738629     1.3638579747015    -7.4620415410048
    26     2.7739555987516     1.4067080906553     7.3586394450369
    27     2.8607142629236     1.4300308932101    -7.0470484928843
    28     2.8230030984298     1.3846123504255     6.8189544584552
    29     2.7367014131489     1.3535262661552    -6.7477904756498
    30     2.7190334811466     1.3675473181396     6.8808966492379
    31     2.7898715823420     1.4043103125667    -7.2760002155643
    32     2.8058757844063     1.3878862795689     7.9870498853287
    33     2.7736594150638     1.3903497114208    -8.8939346138314
    34     2.7891052299696     1.3826890940035     9.7163169362880
    35     2.7677157574563     1.3867430735141   -10.4989448980865
    36     2.7956305427531     1.3796199029830    11.0712983387951
    37     2.7401508922166     1.3496626828481   -11.6714391167093
    38     2.6871883558603     1.3327263502668    12.0960959537986
    39     2.6600291782286     1.3150698127860   -12.2772036220786
    40     2.6381083224394     1.3259641414967    12.2800365911115
    41     2.6877784503758     1.3300732850216   -11.9319391568528
    42     2.6827182437310     1.3330519586704    11.5246337015873
    43     2.7132177560071     1.3412869920927   -10.9801798649035
    44     2.7111886253986     1.3297099715021    10.4661385105806
    45     2.6654685776345     1.3147162745137    -9.9985761792036
    46     2.6814611157405     1.3328735720205     9.4395707717342
    47     2.7020470489711     1.3344153939556    -8.7983929235465
    48     2.6949700338615     1.3465942219673     7.9060224769252
    49     2.7865191245352     1.4092153118924    -6.5374521453416
    50     2.8546679777147     1.4007974663840     4.7794721211199
    51     2.7421348362261     1.3259152940671    -2.5903488525215
    52     2.6304922514864     1.2958271546701    -0.1398012430646
    53     2.6094811547956     1.2899112801051     3.0814859729893
    54     2.6017291027520     1.2927565355355    -5.8678724441881
    55     2.6690710001442     1.3606438257175     8.1106709411254
    56     2.8226859522912     1.4048102477187    -9.4519757408302
    57     2.8062101379139     1.3707565318507    10.1849633233891
    58     2.7285694686627     1.3287721423114   -10.2119991427754
    59     2.6554517383754     1.3064955619792     9.6079902096687
    60     2.6496804980978     1.3131720304248    -8.4622236321945
    61     2.6662693051862     1.3165062389872     7.1536835262953
    62     2.6589638449314     1.3010882748319    -5.9541660050927
    63     2.6206883699473     1.2973961600841     5.0991249886849
    64     2.6516781789429     1.3247416686115    -4.6292458605620
    65     2.7035147548228     1.3409815986559     4.6153387498203
    66     2.7293106582761     1.3486230165436    -5.0599651059499
    67     2.7058345373185     1.3196656147895     5.8872445908822
    68     2.6361965747998     1.2977879510137    -7.0059381951129
    69     2.6359123734956     1.3154173967795     8.1605643436842
    70     2.6483907327094     1.2965728745404    -9.0942301039931
    71     2.5776624072241     1.2644954489641     9.6899431694537
    72     2.5522065440151     1.2627021458206    -9.5924240125331
    73     2.5700622070018     1.2810796384960     8.7202939375689
    74     2.6262791071911     1.3144459984569    -7.1404678731214
    75     2.7046278634564     1.3686654761479     5.0891787204908
    76     2.8333730287495     1.4182495064423    -2.7723725831629
    77     2.8485620856724     1.3853473543166     0.4719682847046
    78     2.7513390199333     1.3532572948359     1.7470429367396
    79     2.7586692430022     1.3904278373288    -3.6815874445986
    80     2.8590548614015     1.4255851092349     5.0791445698552
    81     2.8993984664027     1.4737774398024    -5.9770906779297
    82     3.0871496188879     1.5683614052026     6.2464762232060
    83     3.1285973121416     1.4857228191958    -6.1794181640167
    84     2.8307098667726     1.3384503988809     5.9818966250202
    85     2.6530667661907     1.3267085244938    -5.4468563892131
    86     2.7255062270942     1.3677339701233     4.7016521129030
    87     2.7488274987891     1.3489968746150    -4.1011440413360
    88     2.6818238974033     1.3209602237380     3.7223100998363
    89     2.6678360641472     1.3453524849680    -3.5557756873220
    90     2.7708134682966     1.3939875891706     3.5392904110188
    91     2.7861949095496     1.3483621072505    -3.7207802017226
    92     2.6679258825137     1.3111765945537     4.1334785226667
    93     2.6509252194613     1.3237473709904    -4.6618553720534
    94     2.7094062258574     1.3563874045752     5.1965219623670
    95     2.7609189714287     1.3672554390391    -5.6199187078750
    96     2.7507851296103     1.3921229187213     5.8418566856528
    97     2.9762745272930     1.5578174602182    -5.5519880699448
    98     3.1535598055605     1.4930308548713     4.9402144600492
    99     2.8384333125290     1.3642070850044    -4.2359099234212
   100     2.7564323905511     1.3816948988173     3.0811952290095
   101     2.7582514478498     1.3295374981293    -1.8530712569891
   102     2.5889576767560     1.2451215517028     0.6951598258170
   103     2.4991935091146     1.2613308302833     0.3183808789480
   104     2.6241677189840     1.3202078994821    -1.0763401799516
   105     2.6843537226109     1.3183086636803     1.6602261075847
   106     2.6420509625456     1.2897754406415    -2.1741119523271
   107     2.6035759392188     1.2860776632238     2.6341610690128
   108     2.6251816651153     1.2993454416494    -2.9655462149355
   109     2.6835095859471     1.3583225020810     3.1193474508279
   110     2.8887421173995     1.4763045343965    -3.0851311083828
   111     3.0351141611590     1.4567143089665     2.9914260214770
   112     2.8732426528973     1.3918543852424    -2.9949909421947
   113     2.8363840134444     1.4054268723535     3.0066415732800
   114     2.8524730928904     1.3854306690344    -3.0743687451955
   115     2.7664944413393     1.3647365852336     3.2216673374224
   116     2.7698382942888     1.3428836670497    -3.2791007381338
   117     2.6343196119796     1.2568754064821     3.2611085172119
   118     2.4806539941445     1.2236915009311    -3.0322888548288
   119     2.5107932349792     1.2729253178054     2.4739905903408
   120     2.6091760483135     1.3037705258495    -1.7153985487417
   121     2.6308099256955     1.2986768082443     0.9019167347289
   122     2.6289937183593     1.3041026623958    -0.0318409653582
   123     2.6390815012022     1.2854963727991    -0.8767215135145
   124     2.5935469564866     1.2842479337956     1.8263850397840
   125     2.6351444997534     1.3035836355323    -2.7657773179725
   126     2.6488195114618     1.2951214780688     3.5987833366806
   127     2.5780269523362     1.2433064233747    -4.2518912106504
   128     2.5115016098980     1.2628223330780     4.5793843624466
   129     2.6546380404136     1.3604007657849    -4.4223078899694
   130     2.8331165759759     1.4279086559298     4.0284460002095
   131     2.9013183587429     1.4260298565139    -3.5850750444391
   132     2.8391062032512     1.3923411432338     3.2016214089336
   133     2.8061028298559     1.3989522605230    -2.8972364878939
   134     2.8625788609407     1.4120859099436     2.6914708507209
   135     2.7874246487769     1.3261409176352    -2.5795065760920
   136     2.6159703492294     1.2697819797520     2.5015406982753
   137     2.5573319755929     1.2422395975058    -2.3230277512020
   138     2.4967195684611     1.2274284276970     2.0996854456454
   139     2.5179016824766     1.2529389961232    -1.8468016891446
   140     2.5561884468423     1.2598009190660     1.6240645537892
   141     2.5623774779388     1.2870424123865    -1.4810933838320
   142     2.6955239900022     1.3806119366604     1.4534261170577
   143     2.9244843981425     1.5263002993530    -1.5981817181298
   144     3.2401852511917     1.6088287688238     1.9045232563753
   145     3.1112706914430     1.4210069850359    -2.4842238622899
   146     2.6887898311524     1.2636752719845     3.4688689239634
   147     2.5368907153253     1.2498196070736    -4.7380104587551
   148     2.5564714883027     1.2591193194053     6.0650860733263
   149     2.5574874650792     1.2629271539742    -7.2454903745899
   150     2.5631249260756     1.2577232339920     7.9756942890872
   151     2.5063220436132     1.2171962071852    -8.1567385736083
   152     2.4398333465262     1.2012723294527     7.7048864534466
   153     2.4391067153635     1.2059759532965    -6.6373697998498
   154     2.4640642810599     1.2215475142684     5.2680545314620
   155     2.5174307588497     1.2586793512776    -3.8342540035550
   156     2.6012720884472     1.3004599148914     2.4913577212563
   157     2.6718171909008     1.3173105247154    -1.2730089602603
   158     2.6541580564175     1.3014900258096     0.2031579565035
   159     2.6896279335272     1.3870629906526     0.7487533754952
   160     2.9911379469216     1.5516562610067    -1.4337461761841
   161     3.1600021619950     1.4955344874444     1.8849757730965
   162     2.8611285432325     1.3505406354250    -2.3116111589032
   163     2.6761363257981     1.3240483339337     2.6466054856472
   164     2.7881063736891     1.4416509793386    -2.9397667632605
   165     3.0138265711136     1.4866927802423     3.2944704424115
   166     2.9450473087454     1.3885908958864    -3.8926051760806
   167     2.6941186138303     1.2712528330996     4.7193740708480
   168     2.5267913519311     1.2288408926820    -5.5519129904324
   169     2.4975661223857     1.2311997842878     6.1494497089825
   170     2.5084764673780     1.2342247523253    -6.4024447838991
   171     2.5135653512808     1.2363105812280     6.2732798176258
   172     2.5017322751136     1.2259932774925    -5.8370432865299
   173     2.4876149309719     1.2276040492276     5.1423050321226
   174     2.5022024781012     1.2344417859519    -4.2668907383221
   175     2.5142190698367     1.2527507110110     3.3460522456989
   176     2.5819972026726     1.2832620659235    -2.4215392511170
   177     2.5909046041819     1.2559763116302     1.5906668752754
   178     2.5115551678864     1.2377130959365    -0.8860776783245
   179     2.5753410152200     1.3122626882933     0.3171303269766
   180     2.7166997624279     1.3517077538070     0.1128870962016
   181     2.7628853559835     1.3892361068927    -0.4318198378794
   182     2.8935963248513     1.4707699037323     0.6229198948089
   183     3.0139597562545     1.4795784020521    -0.7191108798170
   184     2.9365361981606     1.4125268932598     0.7466270787791
   185     2.7933480045676     1.3505605152303    -0.6703206622824
   186     2.6941583817570     1.2961274001421     0.4676075471486
   187     2.5750313502607     1.2525747591303    -0.1781766242275
   188     2.5613811875490     1.2756081407764    -0.1023310149279
   189     2.6594733658783     1.3528507708294     0.2572694412613
   190     2.8447487440469     1.4233784246243    -0.2059655790561
   191     2.8910143438039     1.3964031155423    -0.0078938767119
   192     2.7668121560748     1.3254048817970     0.3293139563185
   193     2.6538588000918     1.3005216128645    -0.6374210101398
   194     2.6624304494608     1.3126934410661     0.7695574434864
   195     2.6665357927614     1.3082792174034    -0.6874995374893
   196     2.6681548749342     1.3206566806573     0.4829112916999
   197     2.7349243809458     1.3686573031599    -0.3031909099492
   198     2.7955647572653     1.3560923956978     0.2723902374305
   199     2.7303387762266     1.3526510706064    -0.4134388300308
   200     2.8235226934125     1.4284314775842     0.6208391898161
   201     2.9486677117558     1.4536641294078    -0.7603848110575
   202     2.9192520646578     1.4298845052099     0.7208350734577
   203     2.9515820435324     1.5091995475150    -0.4101126071384
   204     3.1533463992713     1.5534694973010    -0.1436379839063
   205     3.0126587023178     1.3946543070642     0.8322549230010
   206     2.6767959540487     1.2723636323359    -1.6496150408317
   207     2.5157698740914     1.2098597982890     2.4636158941223
   208     2.4064724762514     1.1819826951690    -3.1847669760715
   209     2.4313737123645     1.2304640787467     3.7429442837973
   210     2.5621442052018     1.2925226748119    -4.1036966647555
   211     2.6155975400773     1.2769379440338     4.3173932797961
   212     2.5546007568143     1.2624474473489    -4.3820540430916
   213     2.5772212058741     1.2973262471078     4.1726009460425
   214     2.6520706790945     1.2985638190210    -3.7344337495041
   215     2.5698285176247     1.2514690198327     3.3089383237362
   216     2.5790252560780     1.3311333714526    -2.9529218059407
   217     2.8469110382206     1.4783291670823     2.7142008102520
   218     3.0469806641824     1.4732250108218    -2.6653517164706
   219     2.8313980378253     1.3522663515454     2.8146549306597
   220     2.6799405940398     1.3125091933273    -2.8950770899168
   221     2.6362184818338     1.3148877411685     2.8331130664895
   222     2.6966386351227     1.3517695302043    -2.5234193893205
   223     2.7753625553328     1.3794096608952     2.1086576395035
   224     2.7911890883480     1.3767032115540    -1.6974313831281
   225     2.8329021275730     1.4160741844281     1.3105813575642
   226     2.8632166188970     1.3740868420771    -0.9868166544607
   227     2.7115966501216     1.3028953598981     0.7041859224418
   228     2.6429939671867     1.3237042142695    -0.3707294008750
   229     2.7690196114771     1.3733908687122    -0.0218727652739
   230     2.7830222486546     1.3724501015859     0.3866431389994
   231     2.8724120405418     1.4846930151641    -0.6382326508850
   232     3.1476493843240     1.5578080816961     0.6977848050938
   233     3.0278820255417     1.4107636548310    -0.6024629430096
   234     2.7295623639211     1.2985761309770     0.3415103821016
   235     2.5394984912241     1.2212545874769    -0.0169561846402
   236     2.4515810357954     1.2314577999706    -0.2481011024285
   237     2.5927379516053     1.3431885124354     0.2483029949094
   238     2.8519841308002     1.4391461314444     0.0243707745477
   239     2.8957576390204     1.3686737347827    -0.5030649948191
   240     2.6639733236864     1.2501873253097     1.2058341761006
   241     2.4935259426789     1.2090055918521    -2.0621172591173
   242     2.5028262751158     1.2441265549545     2.9159970142011
   243     2.6098740401723     1.3206936913966    -3.6103952049354
   244     2.7829174687408     1.3889210488488     4.0295373491784
   245     2.8447160897860     1.3882344420073    -4.2258889315018
   246     2.7801205674541     1.3415481007956     4.1730016969829
   247     2.7033402822159     1.3083817480448    -3.8302212722101
   248     2.6107779336202     1.2473517468956     3.3004201141587
   249     2.4879985143626     1.2097358393799    -2.6568341066808
   250     2.4933163195328     1.2464096631554     1.9488544401510
   251     2.5883985853146     1.2758747034053    -1.3487808461497
   252     2.5845667389291     1.2497319173713     0.9535815532067
   253     2.5020651102591     1.2136249856636    -0.7348956161490
   254     2.4573223697130     1.2021422414870     0.6201378306323
   255     2.4311791984421     1.1991683529910    -0.5354471587826
   256     2.4462149271124     1.2147398285641     0.4176748196554
   257     2.5110320973819     1.2673583422045    -0.1963639961419
   258     2.6274034797616     1.3282337059997    -0.1479079724731
   259     2.7824755644421     1.4182455035636     0.6012854919209
   260     2.9215149032460     1.4238118295540    -1.0757510188683
   261     2.7997988692789     1.3355217768572     1.5363257032962
   262     2.6700542957489     1.3462208992169    -1.8760293528692
   263     2.9288050162620     1.5545656320943     1.8853841791784
   264     3.2225495855856     1.5261224104760    -1.6532719173836
   265     2.8998305462803     1.3608550189894     1.3484379499971
   266     2.7231877173649     1.3632094278948    -0.8659990729319
   267     2.8825475187009     1.4801579801012     0.3947485370796
   268     3.0590932666290     1.5010216896660    -0.1077760041185
   269     2.9876839666816     1.4459890141341     0.0005486237944
   270     2.8839899838911     1.4033132924669    -0.0549100025360
   271     2.8250488409565     1.3896257641964     0.2465125744597
   272     2.8016402724994     1.3699657860003    -0.5187528444807
   273     2.7788611787482     1.3678645706562     0.8220600435043
   274     2.7757959274186     1.3624468753176    -1.1040601473751
   275     2.7434170083582     1.3254984822138     1.3068237039424
   276     2.6705928410071     1.3048803473725    -1.3877181598087
   277     2.6260185457854     1.2593525886077     1.2808999542024
   278     2.5097680215462     1.2104657844317    -0.9530693875415
   279     2.4517134097851     1.2019515661048     0.3361192787337
   280     2.4501635127160     1.1966399749645     0.4803997948105
   281     2.4090517433971     1.1762514990892    -1.3534111919139
   282     2.4026440920340     1.2008983232908     2.1323867468829
   283     2.5091336800022     1.2821262300418    -2.6108263251387
   284     2.7387461986205     1.4145417027727     2.7287930778439
   285     2.9600090052762     1.4507402427257    -2.5099300600746
   286     2.8713382337324     1.3762701982358     2.0848851554604
   287     2.7675526716652     1.3360952878683    -1.3510905323432
   288     2.6545876925998     1.2682363997270     0.3659290610074
   289     2.5503206515365     1.2626986681365     0.8245397189576
   290     2.6771890932680     1.3755371488745    -2.0298468529035
   291     2.8752911084143     1.3956736570650     2.9794383326522
   292     2.7558464277988     1.3044715945721    -3.7899742523517
   293     2.5968439368233     1.2641597034816     4.3167933790773
   294     2.6428893609002     1.3671262566534    -4.4342435338839
   295     2.9840994563807     1.5609229573880     4.1818903664237
   296     3.2302031511393     1.5257470089658    -3.8881117494545
   297     2.8869878951608     1.3397513557036     3.8514999508507
   298     2.6597465601699     1.3039143135731    -3.8757459444886
   299     2.6815933369102     1.3318155928965     4.0230153585559
   300     2.7329437596724     1.3390940193548    -4.3949901867427
   301     2.7132595675975     1.3301598564685     5.0106085898379
   302     2.7177673502877     1.3316440571475    -5.7828612268901
   303     2.6965059897268     1.3174354184614     6.6960660332515
   304     2.6644203901475     1.2922871078661    -7.7099021007162
   305     2.5872438349630     1.2400579887404     8.8656915881000
   306     2.4460257709926     1.1682163775321   -10.1847711325304
   307     2.3480813753669     1.1618663365066    11.4970904522218
   308     2.4212613011600     1.2322982245198   -12.4669531112626
   309     2.6154117302636     1.3646683331273    13.1405689526904
   310     2.9497978170137     1.5158812159415   -13.4024282390466
   311     3.0462342002149     1.4515543900818    13.7961314217039
   312     2.8075374045110     1.3498800353174   -14.5004737116624
   313     2.6534324669581     1.2990598493838    14.8707985547933
   314     2.5825017475758     1.2829327013570   -14.9011344777395
   315     2.5567768528000     1.2664519809882    14.6309340361490
   316     2.5212973134551     1.2582816565521   -14.2078408144766
   317     2.5201056711023     1.2689107527148    13.5730240155737
   318     2.6052746668169     1.3520360597189   -12.7089288232121
   319     2.7906012640716     1.3996998077030    11.5530380438448
   320     2.7134560000268     1.2956632413858   -10.4743194790289
   321     2.4909494334436     1.2209453561613     9.0777161197684
   322     2.4431338610509     1.2335243880927    -6.9414752433747
   323     2.4991126567275     1.2533526965662     4.4363749383508
   324     2.5387980615887     1.3028287856381    -1.9486823839426
   325     2.7855830543190     1.5010053184187    -0.3116775393673
   326     3.2408000440605     1.6447870376435     1.9168290104071
   327     3.1759146187533     1.4524517264534    -3.0712135493601
   328     2.7219488692518     1.2736295087928     4.0283865186743
   329     2.5329531119553     1.2524458614769    -4.5138323573438
   330     2.5943849339102     1.2995617261456     4.4976205985568
   331     2.7263757663226     1.3783528125596    -4.1879780968451
   332     2.8651328107215     1.4131129679652     3.6854711517531
   333     2.8768479969949     1.3985926000861    -3.1194694203356
   334     2.8308448170107     1.3704360976047     2.5005029616470
   335     2.7199452373223     1.2657669011163    -1.8397735438514
   336     2.4889857877802     1.1985928580688     1.1727696797931
   337     2.4755279872185     1.2325625858454    -0.5106246017755
   338     2.5516804012486     1.2471881171929    -0.0832874928153
   339     2.5336655575315     1.2304823043556     0.5948751096288
   340     2.5164054323209     1.2432322866390    -1.0370243421088
   341     2.6281771168426     1.3378063455615     1.4018115519758
   342     2.8108609660767     1.3824606288488    -1.6690948302409
   343     2.8292053217481     1.3780611815546     1.9237696637726
   344     2.8209499252527     1.3659977781443    -2.1705751144646
   345     2.7605421349326     1.3543303187180     2.4179074113016
   346     2.8921304344504     1.4870428673220    -2.5740944449292
   347     3.0784289096571     1.4578164184156     2.6271506812347
   348     2.8363594214102     1.3337359085557    -2.6695354874455
   349     2.6858547674174     1.3307369906483     2.4592450092627
   350     2.8151435851285     1.4053220363945    -1.9237912358790
   351     2.8675046354550     1.3818674357050     1.2194945495671
   352     2.8054111673561     1.3558274645786    -0.4069402178418
   353     2.7377224583909     1.3060492951540    -0.3999561131153
   354     2.6250267449796     1.2474888180650     1.0474647431251
   355     2.5003596390919     1.1993867822533    -1.4277938064211
   356     2.4679179195525     1.2085659828179     1.4504015550651
   357     2.5058976550667     1.2454053580309    -1.1923238907995
   358     2.6040172694588     1.2915067951611     0.8097447220172
   359     2.6957847169064     1.3623531621867    -0.4835250502258
   360     2.9103704209938     1.5088336595605     0.2696793311319
   361     3.2223984169575     1.5726769773467    -0.1736538586734
   362     3.0070368147366     1.3542036241588     0.2019002739180
   363     2.6135437821661     1.2490223182583    -0.3787307384557
   364     2.5857523349966     1.3108854455809     0.6591945864882
   365     2.7998681215413     1.4170226586016    -1.0118750110259
   366     2.9201227000983     1.3974629645838     1.4446838059698
   367     2.7671525628191     1.3289242299874    -1.9913926420919
   368     2.7242050634831     1.3469487363679     2.5618676613731
   369     2.8028061939795     1.3870332938471    -3.1082975354731
   370     2.8197327678773     1.3514374894382     3.6140045135910
   371     2.6782110557275     1.2670778943802    -4.0828852784649
   372     2.5278138349335     1.2232147260552     4.4487893131485
   373     2.4899475118962     1.2246440502330    -4.6029731942466
   374     2.5248674153494     1.2504842991958     4.4973080847070
   375     2.5398971412838     1.2482737331110    -4.1657241687884
   376     2.5410095551481     1.2483905160906     3.5785405762617
   377     2.5097751269097     1.2079843619639    -2.7700718917391
   378     2.3988249739138     1.1579461322254     1.8380614264406
   379     2.3558604233635     1.1592044091049    -0.8789536985099
   380     2.3861222815048     1.1729952443130     0.0251433632220
   381     2.4157214939724     1.1977741023223     0.6711598615465
   382     2.5398493106481     1.3160158131442    -1.1944080910220
   383     2.9271282803322     1.5673567192266     1.5195547785940
   384     3.3590048149159     1.6053074956728    -1.6545291206037
   385     3.0199921931428     1.3631968358339     1.7897813018686
   386     2.6596906249138     1.2807654714632    -1.7707057030007
   387     2.6344139312229     1.3147411713510     1.4833384835380
   388     2.7441463516987     1.3720648547188    -1.0307343729158
   389     2.7871055448665     1.3389476723632     0.5607438033062
   390     2.6480366419959     1.2782141036609    -0.1614400527072
   391     2.5979746029986     1.3114437658080    -0.0519713503108
   392     2.8140978401693     1.4686810138459    -0.0449205934487
   393     3.0299213058987     1.4449741389792     0.3816665916640
   394     2.7854223147055     1.3160198563702    -0.9040593754709
   395     2.5944144466293     1.2741303234298     1.5113675044169
   396     2.6485427684188     1.3701522330383    -1.9483065260057
   397     2.8992622570408     1.4793240213774     2.0354697286628
   398     2.9853770391031     1.4386687379879    -1.8191488361138
   399     2.7460602825835     1.3050885279929     1.2919929820037
   400     2.5321062358609     1.2411599151454    -0.3045064407526
