 R(H-O)=    1.8102073944999999     
 R(O-H)=    1.8102073944999999     
 A(H-O-H)=    104.50000000000000     
 r1e,r2e,cthe=    1.7146909951598748        1.7146909951598748       0.81739611699817427     
           1   1.0323383084577114        21.867750707183568     
           2   1.0646766169154227        18.264480398017078     
           3   1.0970149253731341        15.515524275927877     
           4   1.1293532338308454        13.394925400624198     
           5   1.1616915422885568        11.737862067455531     
           6   1.1940298507462681        10.424443680174514     
           7   1.2263681592039795        9.3676629930165607     
           8   1.2587064676616908        8.5044743552999744     
           9   1.2910447761194022        7.7892151752461354     
          10   1.3233830845771135        7.1887774430155122     
          11   1.3557213930348249        6.6790810972069057     
          12   1.3880597014925362        6.2425115865703109     
          13   1.4203980099502476        5.8660681443567801     
          14   1.4527363184079589        5.5400332156838550     
          15   1.4850746268656703        5.2570219039713342     
          16   1.5174129353233816        5.0113068791348567     
          17   1.5497512437810930        4.7983417179235941     
          18   1.5820895522388043        4.6144262730750221     
          19   1.6144278606965157        4.4564730403890263     
          20   1.6467661691542270        4.3218448769679476     
          21   1.6791044776119384        4.2082427934423370     
          22   1.7114427860696497        4.1136286478786506     
          23   1.7437810945273611        4.0361719862051961     
          24   1.7761194029850724        3.9742134455871980     
          25   1.8084577114427838        3.9262393995639502     
          26   1.8407960199004951        3.8908641298410429     
          27   1.8731343283582065        3.8668169468012623     
          28   1.9054726368159178        3.8529324855628468     
          29   1.9378109452736292        3.8481429744671307     
          30   1.9701492537313405        3.8514716770202937     
          31   2.0024875621890521        3.8620269944283416     
          32   2.0348258706467637        3.8789969171264627     
          33   2.0671641791044753        3.9016436532336689     
          34   2.0995024875621868        3.9292983560502495     
          35   2.1318407960198984        3.9613559334867605     
          36   2.1641791044776100        3.9972699586075078     
          37   2.1965174129353215        4.0365477191544432     
          38   2.2288557213930331        4.0787454503352469     
          39   2.2611940298507447        4.1234637934728715     
          40   2.2935323383084563        4.1703435165172795     
          41   2.3258706467661678        4.2190615232971203     
          42   2.3582089552238794        4.2693271684495446     
          43   2.3905472636815910        4.3208788853644524     
          44   2.4228855721393026        4.3734811259298967     
          45   2.4552238805970141        4.4269216037468295     
          46   2.4875621890547257        4.4810088269261028     
          47   2.5199004975124373        4.5355699025571532     
          48   2.5522388059701488        4.5904485923064700     
          49   2.5845771144278604        4.6455035971716976     
          50   2.6169154228855720        4.7006070489672966     
          51   2.6492537313432836        4.7556431864359210     
          52   2.6815920398009951        4.8105071947685696     
          53   2.7139303482587067        4.8651041886033655     
          54   2.7462686567164183        4.9193483201122046     
          55   2.7786069651741299        4.9731619954605346     
          56   2.8109452736318414        5.0264751846462739     
          57   2.8432835820895530        5.0792248114227219     
          58   2.8756218905472646        5.1313542116378787     
          59   2.9079601990049762        5.1828126498471550     
          60   2.9402985074626877        5.2335548854582621     
          61   2.9726368159203993        5.2835407809357902     
          62   3.0049751243781109        5.3327349457264743     
          63   3.0373134328358224        5.3811064105669022     
          64   3.0696517412935340        5.4286283277095375     
          65   3.1019900497512456        5.4752776933591685     
          66   3.1343283582089572        5.5210350892603266     
          67   3.1666666666666687        5.5658844409269506     
          68   3.1990049751243803        5.6098127904696389     
          69   3.2313432835820919        5.6528100823633567     
          70   3.2636815920398035        5.6948689608192140     
          71   3.2960199004975150        5.7359845776869109     
          72   3.3283582089552266        5.7761544100280195     
          73   3.3606965174129382        5.8153780866718829     
          74   3.3930348258706498        5.8536572232019557     
          75   3.4253731343283613        5.8909952649271373     
          76   3.4577114427860729        5.9273973374747024     
          77   3.4900497512437845        5.9628701047035602     
          78   3.5223880597014960        5.9974216336825208     
          79   3.5547263681592076        6.0310612665109922     
          80   3.5870646766169192        6.0637994987821635     
          81   3.6194029850746308        6.0956478645033467     
          82   3.6517412935323423        6.1266188272965829     
          83   3.6840796019900539        6.1567256777067021     
          84   3.7164179104477655        6.1859824364447507     
          85   3.7487562189054771        6.2144037633933440     
          86   3.7810945273631886        6.2420048721976409     
          87   3.8134328358209002        6.2688014502622744     
          88   3.8457711442786118        6.2948095839707241     
          89   3.8781094527363233        6.3200456889402457     
          90   3.9104477611940349        6.3445264451221339     
          91   3.9427860696517465        6.3682687365548736     
          92   3.9751243781094581        6.3912895955757687     
          93   4.0074626865671696        6.4136061512958786     
          94   4.0398009950248808        6.4352355821428873     
          95   4.0721393034825919        6.4561950722774517     
          96   4.1044776119403030        6.4765017716900131     
          97   4.1368159203980142        6.4961727597875027     
          98   4.1691542288557253        6.5152250122824205     
          99   4.2014925373134364        6.5336753712003750     
         100   4.2338308457711475        6.5515405178266315     
         101   4.2661691542288587        6.5688369484167062     
         102   4.2985074626865698        6.5855809525015054     
         103   4.3308457711442809        6.6017885936228247     
         104   4.3631840796019921        6.6174756923409612     
         105   4.3955223880597032        6.6326578113621100     
         106   4.4278606965174143        6.6473502426395488     
         107   4.4601990049751254        6.6615679963087029     
         108   4.4925373134328366        6.6753257913226802     
         109   4.5248756218905477        6.6886380476610956     
         110   4.5572139303482588        6.7015188799913528     
         111   4.5895522388059700        6.7139820926678153     
         112   4.6218905472636811        6.7260411759602841     
         113   4.6542288557213922        6.7377093034094298     
         114   4.6865671641791034        6.7489993302124880     
         115   4.7189054726368145        6.7599237925483493     
         116   4.7512437810945256        6.7704949077565573     
         117   4.7835820895522367        6.7807245752902778     
         118   4.8159203980099479        6.7906243783681042     
         119   4.8482587064676590        6.8002055862547826     
         120   4.8805970149253701        6.8094791571054500     
         121   4.9129353233830813        6.8184557413125857     
         122   4.9452736318407924        6.8271456852990084     
         123   4.9776119402985035        6.8355590357045584     
         124   5.0099502487562146        6.8437055439177126     
         125   5.0422885572139258        6.8515946709071640     
         126   5.0746268656716369        6.8592355923118769     
         127   5.1069651741293480        6.8666372037512931     
         128   5.1393034825870592        6.8738081263205064     
         129   5.1716417910447703        6.8807567122380604     
         130   5.2039800995024814        6.8874910506167586     
         131   5.2363184079601925        6.8940189733304500     
         132   5.2686567164179037        6.9003480609520045     
         133   5.3009950248756148        6.9064856487400705     
         134   5.3333333333333259        6.9124388326541588     
         135   5.3656716417910371        6.9182144753795827     
         136   5.3980099502487482        6.9238192123455686     
         137   5.4303482587064593        6.9292594577215327     
         138   5.4626865671641704        6.9345414103780048     
         139   5.4950248756218816        6.9396710598002329     
         140   5.5273631840795927        6.9446541919436928     
         141   5.5597014925373038        6.9494963950220958     
         142   5.5920398009950150        6.9542030652194642     
         143   5.6243781094527261        6.9587794123190276     
         144   5.6567164179104372        6.9632304652425860     
         145   5.6890547263681484        6.9675610774948620     
         146   5.7213930348258595        6.9717759325081783     
         147   5.7537313432835706        6.9758795488835474     
         148   5.7860696517412817        6.9798762855249752     
         149   5.8184079601989929        6.9837703466643015     
         150   5.8507462686567040        6.9875657867745353     
         151   5.8830845771144151        6.9912665153701292     
         152   5.9154228855721263        6.9948763016931483     
         153   5.9477611940298374        6.9983987792845843     
         154   5.9800995024875485        7.0018374504406031     
         155   6.0124378109452596        7.0051956905537285     
         156   6.0447761194029708        7.0084767523393436     
         157   6.0771144278606819        7.0116837699480881     
         158   6.1094527363183930        7.0148197629651277     
         159   6.1417910447761042        7.0178876402972170     
         160   6.1741293532338153        7.0208902039490173     
         161   6.2064676616915264        7.0238301526899640     
         162   6.2388059701492375        7.0267100856133418     
         163   6.2711442786069487        7.0295325055892777     
         164   6.3034825870646598        7.0322998226134787     
         165   6.3358208955223709        7.0350143570535790     
         166   6.3681592039800821        7.0376783427951706     
         167   6.4004975124377932        7.0402939302895247     
         168   6.4328358208955043        7.0428631895050779     
         169   6.4651741293532154        7.0453881127849476     
         170   6.4975124378109266        7.0478706176125101     
         171   6.5298507462686377        7.0503125492873586     
         172   6.5621890547263488        7.0527156835137523     
         173   6.5945273631840600        7.0550817289039136     
         174   6.6268656716417711        7.0574123293981961     
         175   6.6592039800994822        7.0597090666045208     
         176   6.6915422885571934        7.0619734620591377     
         177   6.7238805970149045        7.0642069794109954     
         178   6.7562189054726156        7.0664110265317834     
         179   6.7885572139303267        7.0685869575538369     
         180   6.8208955223880379        7.0707360748380212     
         181   6.8532338308457490        7.0728596308735696     
         182   6.8855721393034601        7.0749588301120516     
         183   6.9179104477611713        7.0770348307373894     
         184   6.9502487562188824        7.0790887463738601     
         185   6.9825870646765935        7.0811216477341015     
         186   7.0149253731343046        7.0831345642089634     
         187   7.0472636815920158        7.0851284854009782     
         188   7.0796019900497269        7.0871043626034353     
         189   7.1119402985074380        7.0890631102265873     
         190   7.1442786069651492        7.0910056071729342     
         191   7.1766169154228603        7.0929326981630823     
         192   7.2089552238805714        7.0948451950139173     
         193   7.2412935323382825        7.0967438778706518     
         194   7.2736318407959937        7.0986294963942802     
         195   7.3059701492537048        7.1005027709059885     
         196   7.3383084577114159        7.1023643934898955     
         197   7.3706467661691271        7.1042150290556760     
         198   7.4029850746268382        7.1060553163623519     
         199   7.4353233830845493        7.1078858690045941     
         200   7.4676616915422604        7.1097072763628901     
  dd   32378.213695626306        34942.383691660667        37356.617420974828        39627.763105198537        41760.053365717693        43755.721368899918        45615.529265789337        47339.190234902206        48925.702362995653        50373.624103357040     
  xrad1  -7.2793890232517739       -6.4280157957598467       -5.9698178867489009       -5.8933496253886908       -5.1423598988038126       -4.8398459348789018       -4.2222072247866036       -3.6236995003078243       -3.2823133658515560       -2.7450077053628306       -2.3778859073954348       -2.2548316128883568       -2.1126354409221793       -2.0491146508989369      -0.91653081060506014      -0.41609318580437393      -0.37160369288414913      -0.21464419925146885      -0.12633580211202791      -6.01981378559830541E-002 -8.64582426315626575E-003 -2.18220945773595727E-003 -2.16510821320740909E-004  3.19154469250024269E-005  8.80635792641681539E-005  9.47171612606643597E-004  1.10847260549172782E-003  2.98099751913463501E-003  7.27818400631599725E-003  1.36789051352373525E-002  9.35361162411612601E-002  0.20254334108747379       0.39183005751276995       0.39989272136857196       0.84425788396446921        1.8994664983892371        2.0452958457794277        2.1218641257296187        2.2066762274648206        2.3688875812358794        2.6234687614263432        2.7295688035993826        3.3581144658601660        4.2531549158666389        4.6392844560312234        4.8048586521572840        5.1315698360302608        6.0171382240085602        6.1842066045490505        7.2037037912298771     
           1   1.0323383084577114        21.867750707183568     
           2   1.0646766169154227        18.264480398017078     
           3   1.0970149253731341        15.515524275927900     
           4   1.1293532338308454        13.394925400624198     
           5   1.1616915422885568        11.737862067455531     
           6   1.1940298507462681        10.424443680174516     
           7   1.2263681592039795        9.3676629930165625     
           8   1.2587064676616908        8.5044743552999762     
           9   1.2910447761194022        7.7892151752461354     
          10   1.3233830845771135        7.1887774430155105     
          11   1.3557213930348249        6.6790810972069057     
          12   1.3880597014925362        6.2425115865703109     
          13   1.4203980099502476        5.8660681443567801     
          14   1.4527363184079589        5.5400332156838550     
          15   1.4850746268656703        5.2570219039713333     
          16   1.5174129353233816        5.0113068791348567     
          17   1.5497512437810930        4.7983417179235941     
          18   1.5820895522388043        4.6144262730750221     
          19   1.6144278606965157        4.4564730403890263     
          20   1.6467661691542270        4.3218448769679458     
          21   1.6791044776119384        4.2082427934423361     
          22   1.7114427860696497        4.1136286478786506     
          23   1.7437810945273611        4.0361719862051961     
          24   1.7761194029850724        3.9742134455871989     
          25   1.8084577114427838        3.9262393995639502     
          26   1.8407960199004951        3.8908641298410407     
          27   1.8731343283582065        3.8668169468012583     
          28   1.9054726368159178        3.8529324855628468     
          29   1.9378109452736292        3.8481429744671307     
          30   1.9701492537313405        3.8514716770202941     
          31   2.0024875621890521        3.8620269944283403     
          32   2.0348258706467637        3.8789969171264627     
          33   2.0671641791044753        3.9016436532336698     
          34   2.0995024875621868        3.9292983560502495     
          35   2.1318407960198984        3.9613559334867605     
          36   2.1641791044776100        3.9972699586075078     
          37   2.1965174129353215        4.0365477191544441     
          38   2.2288557213930331        4.0787454503352460     
          39   2.2611940298507447        4.1234637934728724     
          40   2.2935323383084563        4.1703435165172786     
          41   2.3258706467661678        4.2190615232971194     
          42   2.3582089552238794        4.2693271684495446     
          43   2.3905472636815910        4.3208788853644506     
          44   2.4228855721393026        4.3734811259298949     
          45   2.4552238805970141        4.4269216037468295     
          46   2.4875621890547257        4.4810088269261019     
          47   2.5199004975124373        4.5355699025571523     
          48   2.5522388059701488        4.5904485923064708     
          49   2.5845771144278604        4.6455035971716976     
          50   2.6169154228855720        4.7006070489672966     
          51   2.6492537313432836        4.7556431864359210     
          52   2.6815920398009951        4.8105071947685705     
          53   2.7139303482587067        4.8651041886033655     
          54   2.7462686567164183        4.9193483201122055     
          55   2.7786069651741299        4.9731619954605346     
          56   2.8109452736318414        5.0264751846462739     
          57   2.8432835820895530        5.0792248114227254     
          58   2.8756218905472646        5.1313542116378787     
          59   2.9079601990049762        5.1828126498471567     
          60   2.9402985074626877        5.2335548854582621     
          61   2.9726368159203993        5.2835407809357893     
          62   3.0049751243781109        5.3327349457264743     
          63   3.0373134328358224        5.3811064105669031     
          64   3.0696517412935340        5.4286283277095375     
          65   3.1019900497512456        5.4752776933591685     
          66   3.1343283582089572        5.5210350892603266     
          67   3.1666666666666687        5.5658844409269514     
          68   3.1990049751243803        5.6098127904696389     
          69   3.2313432835820919        5.6528100823633558     
          70   3.2636815920398035        5.6948689608192131     
          71   3.2960199004975150        5.7359845776869109     
          72   3.3283582089552266        5.7761544100280195     
          73   3.3606965174129382        5.8153780866718821     
          74   3.3930348258706498        5.8536572232019566     
          75   3.4253731343283613        5.8909952649271382     
          76   3.4577114427860729        5.9273973374747024     
          77   3.4900497512437845        5.9628701047035593     
          78   3.5223880597014960        5.9974216336825217     
          79   3.5547263681592076        6.0310612665109922     
          80   3.5870646766169192        6.0637994987821644     
          81   3.6194029850746308        6.0956478645033521     
          82   3.6517412935323423        6.1266188272965838     
          83   3.6840796019900539        6.1567256777067021     
          84   3.7164179104477655        6.1859824364447524     
          85   3.7487562189054771        6.2144037633933440     
          86   3.7810945273631886        6.2420048721976409     
          87   3.8134328358209002        6.2688014502622744     
          88   3.8457711442786118        6.2948095839707250     
          89   3.8781094527363233        6.3200456889402457     
          90   3.9104477611940349        6.3445264451221339     
          91   3.9427860696517465        6.3682687365548727     
          92   3.9751243781094581        6.3912895955757687     
          93   4.0074626865671696        6.4136061512958786     
          94   4.0398009950248808        6.4352355821428873     
          95   4.0721393034825919        6.4561950722774526     
          96   4.1044776119403030        6.4765017716900122     
          97   4.1368159203980142        6.4961727597875054     
          98   4.1691542288557253        6.5152250122824196     
          99   4.2014925373134364        6.5336753712003759     
         100   4.2338308457711475        6.5515405178266315     
         101   4.2661691542288587        6.5688369484167062     
         102   4.2985074626865698        6.5855809525015054     
         103   4.3308457711442809        6.6017885936228247     
         104   4.3631840796019921        6.6174756923409603     
         105   4.3955223880597032        6.6326578113621100     
         106   4.4278606965174143        6.6473502426395488     
         107   4.4601990049751254        6.6615679963087029     
         108   4.4925373134328366        6.6753257913226802     
         109   4.5248756218905477        6.6886380476610947     
         110   4.5572139303482588        6.7015188799913510     
         111   4.5895522388059700        6.7139820926678153     
         112   4.6218905472636811        6.7260411759602858     
         113   4.6542288557213922        6.7377093034094298     
         114   4.6865671641791034        6.7489993302124880     
         115   4.7189054726368145        6.7599237925483493     
         116   4.7512437810945256        6.7704949077565564     
         117   4.7835820895522367        6.7807245752902796     
         118   4.8159203980099479        6.7906243783681033     
         119   4.8482587064676590        6.8002055862547834     
         120   4.8805970149253701        6.8094791571054518     
         121   4.9129353233830813        6.8184557413125857     
         122   4.9452736318407924        6.8271456852990084     
         123   4.9776119402985035        6.8355590357045566     
         124   5.0099502487562146        6.8437055439177144     
         125   5.0422885572139258        6.8515946709071613     
         126   5.0746268656716369        6.8592355923118760     
         127   5.1069651741293480        6.8666372037512948     
         128   5.1393034825870592        6.8738081263205082     
         129   5.1716417910447703        6.8807567122380604     
         130   5.2039800995024814        6.8874910506167586     
         131   5.2363184079601925        6.8940189733304500     
         132   5.2686567164179037        6.9003480609520045     
         133   5.3009950248756148        6.9064856487400705     
         134   5.3333333333333259        6.9124388326541606     
         135   5.3656716417910371        6.9182144753795827     
         136   5.3980099502487482        6.9238192123455686     
         137   5.4303482587064593        6.9292594577215318     
         138   5.4626865671641704        6.9345414103780030     
         139   5.4950248756218816        6.9396710598002311     
         140   5.5273631840795927        6.9446541919436910     
         141   5.5597014925373038        6.9494963950220976     
         142   5.5920398009950150        6.9542030652194642     
         143   5.6243781094527261        6.9587794123190276     
         144   5.6567164179104372        6.9632304652425843     
         145   5.6890547263681484        6.9675610774948638     
         146   5.7213930348258595        6.9717759325081774     
         147   5.7537313432835706        6.9758795488835474     
         148   5.7860696517412817        6.9798762855249752     
         149   5.8184079601989929        6.9837703466643015     
         150   5.8507462686567040        6.9875657867745353     
         151   5.8830845771144151        6.9912665153701292     
         152   5.9154228855721263        6.9948763016931501     
         153   5.9477611940298374        6.9983987792845861     
         154   5.9800995024875485        7.0018374504406031     
         155   6.0124378109452596        7.0051956905537285     
         156   6.0447761194029708        7.0084767523393436     
         157   6.0771144278606819        7.0116837699480881     
         158   6.1094527363183930        7.0148197629651277     
         159   6.1417910447761042        7.0178876402972170     
         160   6.1741293532338153        7.0208902039490173     
         161   6.2064676616915264        7.0238301526899640     
         162   6.2388059701492375        7.0267100856133400     
         163   6.2711442786069487        7.0295325055892777     
         164   6.3034825870646598        7.0322998226134787     
         165   6.3358208955223709        7.0350143570535772     
         166   6.3681592039800821        7.0376783427951723     
         167   6.4004975124377932        7.0402939302895247     
         168   6.4328358208955043        7.0428631895050779     
         169   6.4651741293532154        7.0453881127849467     
         170   6.4975124378109266        7.0478706176125119     
         171   6.5298507462686377        7.0503125492873568     
         172   6.5621890547263488        7.0527156835137514     
         173   6.5945273631840600        7.0550817289039136     
         174   6.6268656716417711        7.0574123293981961     
         175   6.6592039800994822        7.0597090666045208     
         176   6.6915422885571934        7.0619734620591377     
         177   6.7238805970149045        7.0642069794109954     
         178   6.7562189054726156        7.0664110265317817     
         179   6.7885572139303267        7.0685869575538387     
         180   6.8208955223880379        7.0707360748380212     
         181   6.8532338308457490        7.0728596308735687     
         182   6.8855721393034601        7.0749588301120525     
         183   6.9179104477611713        7.0770348307373894     
         184   6.9502487562188824        7.0790887463738601     
         185   6.9825870646765935        7.0811216477341015     
         186   7.0149253731343046        7.0831345642089616     
         187   7.0472636815920158        7.0851284854009782     
         188   7.0796019900497269        7.0871043626034353     
         189   7.1119402985074380        7.0890631102265891     
         190   7.1442786069651492        7.0910056071729342     
         191   7.1766169154228603        7.0929326981630823     
         192   7.2089552238805714        7.0948451950139191     
         193   7.2412935323382825        7.0967438778706491     
         194   7.2736318407959937        7.0986294963942802     
         195   7.3059701492537048        7.1005027709059885     
         196   7.3383084577114159        7.1023643934898972     
         197   7.3706467661691271        7.1042150290556743     
         198   7.4029850746268382        7.1060553163623519     
         199   7.4353233830845493        7.1078858690045941     
         200   7.4676616915422604        7.1097072763628901     
  dd   32378.213695626175        34942.383691660609        37356.617420974901        39627.763105198421        41760.053365717577        43755.721368899896        45615.529265789242        47339.190234902140        48925.702362995748        50373.624103357113     
  xrad2   1.3170072745647332        1.4414373759884840        1.5529616149659731        1.6588383544491789        1.7618782241533555        1.8635737435654209        1.9648440171315640        2.0663034234722706        2.1683843840235819        2.2714027178385092        2.3755958104694344        2.4811458563380184        2.5881940249161519        2.6968488410175318        2.8071908924746620        2.9192753308637500        3.0331332106175375        3.1487724070504508        3.2661786167544671        3.3853167502018500        3.5061328640505254        3.6285566459845220        3.7525043599305929        3.8778820881232061        4.0045890710650554        4.1325209452407128        4.2615727052188861        4.3916412619268819        4.5226275217250684        4.6544379619747795        4.7869857213563316        4.9201912538089729        5.0539826131011623        5.1882954422178296        5.3230727405567295        5.4582644751890292        5.5938270926913329        5.7297229772618667        5.8659198903312966        6.0023904174345271        6.1391114400148279        6.2760636429383654        6.4132310620753019        6.5506006682803317        6.6881619681526487        6.8259065554815557        6.9638273735264145        7.1019166204783657        7.2401556248400851        7.3784154501254511     
 angle part ends
   vmin=  4.07253028813916226E-003
   vmin=  4.07253028813916226E-003
   1.8994664983892371        1.7618782241533555        103.89345061474536     
  propagation begin
     1****************************************    -0.7505970453380
     2****************************************     0.0701561450104
     3****************************************    -0.0213237062850
     4****************************************     0.0270094007302
     5****************************************    -0.0450462834427
     6****************************************     0.0344948506889
     7****************************************    -0.0059476822607
     8****************************************    -0.0204761101418
     9****************************************     0.0031357214313
    10****************************************     0.0461149660130
    11****************************************    -0.0626226653767
    12****************************************     0.0471982095413
    13****************************************    -0.0202968656045
    14****************************************    -0.0141163848218
    15****************************************     0.0280481656920
    16****************************************    -0.0244129711890
    17****************************************     0.0306747424434
    18****************************************    -0.0282186152644
    19****************************************     0.0364969893976
    20****************************************    -0.0702246084163
    21****************************************     0.0872010787433
    22****************************************    -0.1057735479916
    23****************************************     0.0842275345294
    24****************************************    -0.0137700122437
    25****************************************     0.0092065459749
    26****************************************    -0.0475644011955
    27****************************************     0.0947848146270
    28****************************************    -0.1142595348026
    29****************************************     0.0600003485907
    30****************************************    -0.0111048652786
    31****************************************     0.0195594211318
    32****************************************    -0.0236322255228
    33****************************************     0.0192950553355
    34****************************************    -0.0472856891376
    35****************************************     0.0116517879956
    36****************************************     0.0656720756618
    37****************************************    -0.0760141000335
    38****************************************     0.0397476760615
    39****************************************    -0.0349170083923
    40****************************************     0.0055355845382
    41****************************************     0.0003640062490
    42****************************************     0.0529124695093
    43****************************************    -0.0355867045254
    44****************************************     0.0250874265062
    45****************************************    -0.0074801094210
    46****************************************    -0.0350759656716
    47****************************************    -0.0021408881164
