   kl=        1000
 kl,ierr=        1000           0
      1    894.038846294078   0.220567E-16   0.576783E-12   0.696701E+00
      2    894.038846294097   0.486673E-16  -0.545998E-12   0.761791E-01
      3    894.038846294141  -0.225442E-17  -0.173483E-13   0.645562E+00
      4    894.038846294161  -0.493984E-16   0.575634E-12   0.896808E+00
      5    894.038846294174  -0.632609E-17  -0.508414E-13  -0.199331E+01
      6    894.038846294180   0.453281E-18   0.209744E-17  -0.762555E+00
      7    894.038846294189   0.141234E-16   0.237180E-17  -0.177855E+01
      8    894.038846294191   0.129740E-11  -0.779139E-23  -0.466502E+00
      9    894.038846294199  -0.257186E-16  -0.324518E-14   0.116935E+01
     10    894.038846294200   0.155680E-16  -0.289202E-11  -0.110326E+01
     11    894.038846294211   0.116714E-17  -0.363221E-15  -0.207373E+01
     12    894.038846294213   0.265837E-16  -0.195616E-12   0.320721E+01
     13    894.038846294220  -0.104857E-12   0.228821E-19  -0.833068E+00
     14    894.038846294222   0.150573E-17   0.140169E-12  -0.754252E+00
     15    894.038846294227  -0.179168E-09   0.255494E-21  -0.837335E+00
     16    894.038846294231  -0.109789E-04   0.631420E-22  -0.175951E+01
     17    894.038846294232   0.882880E-09   0.118161E-21  -0.298286E+00
     18    894.038846294234  -0.140075E-16  -0.825485E-13   0.889086E+00
     19    894.038846294236   0.346054E-10  -0.324818E-20  -0.183325E+01
     20    894.038846294237   0.668387E-09  -0.269218E-22   0.283468E+01
     21    894.038846294242  -0.249769E-14   0.807722E-19  -0.119657E+01
     22    894.038846294244  -0.119916E-07  -0.206123E-22   0.149528E+01
     23    894.038846294249   0.261103E-03   0.256854E-21   0.161921E+01
     24    894.038846294252  -0.111847E-16  -0.147764E-14   0.152787E+01
     25    894.038846294254  -0.305148E+00   0.110472E-23   0.160345E+01
     26    894.038846294256  -0.106037E-16   0.378521E-11  -0.288902E+01
     27    894.038846294262   0.589140E-18   0.621067E-13  -0.142803E+01
     28    894.038846294263  -0.328414E-02   0.112639E-22  -0.149466E+01
     29    894.038846294266   0.674662E-15   0.474944E-19   0.236812E+01
     30    894.038846294272   0.107493E-17  -0.333856E-13   0.136650E+01
     31    894.062676190283  -0.792068-204  -0.609227E-02  -0.158160E+01
     32    955.602594484883  -0.689464E-17   0.325671E-14  -0.351403E+01
     33    955.602594484917   0.407481E-16  -0.122505E-11   0.282097E+01
     34    955.602594484926   0.233193E-16  -0.223409E-11  -0.223861E+00
     35    955.602594484929   0.363697E-16  -0.125260E-10   0.185181E+01
     36    955.602594484932   0.396040E-16  -0.732359E-15  -0.326316E+01
     37    955.602594484950   0.954867E-18  -0.440051E-12   0.176805E-01
     38    955.602594484955  -0.219109E-16  -0.899660E-15   0.302531E+01
     39    955.602594484956   0.150621E-09  -0.274038E-20   0.415542E+01
     40    955.602594484961   0.901204E-17   0.733637E-12  -0.408620E+01
     41    955.602594484963   0.136373E-16  -0.527725E-16   0.377036E+01
     42    955.602594484971  -0.762794E-17  -0.437169E-15   0.564220E+00
     43    955.602594484973  -0.267912E-16  -0.249138E-13   0.135101E+01
     44    955.602594484977   0.133171E-06   0.463537E-20  -0.557941E+00
     45    955.602594484979   0.423298E-05  -0.293153E-21   0.455087E+01
     46    955.602594484981   0.273938E-16  -0.273812E-15  -0.303970E+00
     47    955.602594484982   0.982865E-05   0.301105E-21  -0.127728E+01
     48    955.602594484988   0.339127E-04  -0.195025E-20   0.204824E+01
     49    955.602594484989  -0.632926E-01  -0.259595E-23  -0.261350E+01
     50    955.602594484991   0.946765E-03  -0.212281E-21  -0.224678E+01
     51    955.602594484992  -0.241758E-16   0.418233E-11  -0.183383E+01
     52    955.602594484994  -0.374722E-16   0.467205E-12  -0.463103E+01
     53    955.602594484996   0.657665E-18  -0.192805E-12   0.102254E+01
     54    955.602594484997  -0.709923E-05  -0.457082E-21  -0.145071E+00
     55    955.602594484998   0.226532E-16  -0.307265E-12   0.205627E+01
     56    955.602594485001   0.355682E-02   0.178960E-22  -0.222315E+01
     57    955.602594485002  -0.172035E-05  -0.100397E-20  -0.589445E+00
     58    955.602594485016  -0.757420E-16  -0.613488E-17   0.209473E+01
     59    955.602594485020   0.708679E-16   0.135206E-11   0.898950E+00
     60    955.602594485029   0.206985E-16   0.394306E-11   0.102193E+01
     61    955.604098923304  -0.681788-149  -0.137623E-02   0.245334E+01
     62   1080.938842977788   0.623319E-16  -0.447596E-21   0.345310E+00
     63   1080.938842977791  -0.373518E-17   0.137476E-16  -0.487950E+00
     64   1080.938842977804   0.355204E-16   0.164955E-14  -0.773607E+00
     65   1080.938842977818   0.992734E-16  -0.477633E-16   0.504588E-03
     66   1080.938842977820  -0.722975E-18  -0.103243E-18   0.433710E+00
     67   1080.938842977824  -0.268394E-13   0.260751E-21  -0.554705E+00
     68   1080.938842977828   0.499102E-16   0.400897E-18   0.337625E+00
     69   1080.938842977828   0.172323E-16  -0.762130E-14   0.317004E+00
     70   1080.938842977832  -0.767152E-17  -0.774132E-22  -0.593259E+00
     71   1080.938842977852  -0.532093E-13  -0.351160E-22  -0.570806E+00
     72   1080.938842977853  -0.222217E-16   0.282031E-22  -0.343627E+00
     73   1080.938842977854   0.474418E-06  -0.377439E-21   0.474012E+00
     74   1080.938842977858  -0.133113E-15  -0.709183E-16   0.830914E+00
     75   1080.938842977860   0.375792E-11   0.554189E-22   0.325478E+00
     76   1080.938842977861  -0.179974E-16  -0.275601E-22  -0.630932E+00
     77   1080.938842977863   0.112820E-04   0.145875E-22  -0.505337E+00
     78   1080.938842977869   0.215529E-16   0.146336E-14  -0.776963E-01
     79   1080.938842977872   0.621652E-17   0.151719E-21   0.417921E+00
     80   1080.938842977874   0.233639E+00  -0.845506E-22   0.498533E+00
     81   1080.938842977879   0.719199E-17  -0.156151E-17  -0.461597E+00
     82   1080.938842977882  -0.989340E-11   0.493076E-23  -0.514789E+00
     83   1080.938842977882   0.277749E-03   0.688008E-23   0.514435E+00
     84   1080.938842977884   0.294494E-16   0.886323E-21   0.706942E+00
     85   1080.938842977885   0.102045E-15  -0.210825E-15   0.332480E+00
     86   1080.938842977887  -0.543465E-16  -0.728991E-16   0.330382E+00
     87   1080.938842977895   0.601917E-08   0.244643E-22   0.497739E+00
     88   1080.938842977898   0.249595E-16  -0.643709E-17  -0.430148E+00
     89   1080.938842977910  -0.948757E-16   0.378005E-18   0.717494E+00
     90   1423.407823027157   0.204931E-16   0.119282E-07  -0.598921E+01
     91   1423.407823027160   0.579320E-18  -0.323191E-13  -0.305535E+01
     92   1423.407823027165   0.374172E-16   0.457393E-14  -0.174492E+01
     93   1423.407823027167  -0.301228E-14   0.323827E-17  -0.341391E+00
     94   1423.407823027176  -0.799631E-15  -0.271064E-17  -0.344519E+01
     95   1423.407823027176  -0.472316E-18  -0.899040E-13   0.506132E+01
     96   1423.407823027180   0.970508E-14   0.726800E-18  -0.109443E+01
     97   1423.407823027185  -0.191635E-16   0.228480E-08   0.821097E+00
     98   1423.407823027192   0.342753E-16   0.416002E-17   0.317297E+01
     99   1423.407823027198   0.574671E-17   0.325826E-13   0.560768E+00
    100   1423.407823027203  -0.191673E-16  -0.190734E-14   0.493635E+01
    101   1423.407823027204  -0.150287E-16   0.681172E-16  -0.710289E+00
    102   1423.407823027204  -0.456899E-17   0.159085E-08  -0.375716E+01
    103   1423.407823027206  -0.718082E-04   0.166347E-23  -0.492987E+01
    104   1423.407823027208   0.125287E-14  -0.437523E-17  -0.706253E+01
    105   1423.407823027211   0.243775E-10  -0.287061E-21   0.382675E+01
    106   1423.407823027212   0.689893E-13   0.808263E-19  -0.361688E+01
    107   1423.407823027219   0.304791E-03  -0.496174E-24  -0.249894E+01
    108   1423.407823027221  -0.110065E-16  -0.247546E-14  -0.302767E+01
    109   1423.407823027229  -0.246209E+00  -0.936853E-26  -0.406268E+01
    110   1423.407823027232   0.246773E-01  -0.602127E-25  -0.331778E+01
    111   1423.407823027232   0.102947E-16  -0.413490E-15   0.309426E+01
    112   1423.407823027235   0.144335E-07   0.126066E-23   0.324502E+01
    113   1423.407823027244  -0.124436E-16   0.907619E-11  -0.642115E+01
    114   1423.407823027246   0.625194E-17   0.549574E-09  -0.392736E+01
    115   1423.407823027253   0.802710E-17   0.974608E-08  -0.142959E+01
    116   1423.407823027256   0.439467E-16   0.337413E-06   0.390973E+01
    117   1423.407823027266   0.335945E-17  -0.850421E-08  -0.305834E+01
    118   1706.370710260909  -0.607995E-19  -0.138036E-10   0.110777E+01
    119   1706.370710260913   0.986622E-17  -0.145142E-18   0.130528E+01
    120   1706.370710260928  -0.986451E-16   0.968295E-19  -0.280261E+00
    121   1706.370710260936  -0.223549E-17   0.377113E-15   0.116707E+01
    122   1706.370710260945   0.366965E-16   0.125064E-18   0.587694E+00
    123   1706.370710260957  -0.127397E-16   0.136120E-12   0.945569E+00
    124   1706.370710260960  -0.398482E-17  -0.115530E-10  -0.508132E+00
    125   1706.370710260961   0.843313E-11   0.938311E-21  -0.121703E+01
    126   1706.370710260962   0.221786E-03   0.173143E-25   0.105578E+01
    127   1706.370710260962  -0.167754E-15   0.412948E-19  -0.141240E+01
    128   1706.370710260965   0.251169E-04  -0.502359E-24   0.841593E-01
    129   1706.370710260967   0.163390E-04   0.368000E-24  -0.201183E+01
    130   1706.370710260969   0.822308E-17  -0.355999E-18   0.178427E+00
    131   1706.370710260971   0.227423E-04  -0.647627E-26  -0.526974E+00
    132   1706.370710260973   0.556372E-17  -0.195058E-09  -0.252446E+00
    133   1706.370710260980  -0.443608E-05  -0.108116E-23  -0.263487E+00
    134   1706.370710260981  -0.231190E+00  -0.111486E-27  -0.816081E+00
    135   1706.370710260982   0.415119E-01  -0.619238E-27   0.124526E+01
    136   1706.370710260984   0.253787E-17   0.393263E-16  -0.128146E+01
    137   1706.370710260986   0.190026E-17   0.517854E-13  -0.113618E+01
    138   1706.370710260991  -0.469766E-09   0.706941E-22  -0.115988E+01
    139   1706.370710261001  -0.124719E-06   0.157540E-22  -0.595554E+00
    140   1706.370710261005  -0.400376E-14   0.230259E-20  -0.430406E+00
    141   1706.370710261008  -0.138513E-07   0.147309E-23   0.137174E+01
    142   1706.370710261009   0.662627E-09   0.874007E-22   0.917850E+00
    143   1706.370710261021  -0.395147E-17   0.157291E-11   0.885951E+00
    144   1706.370710261041   0.390313E-17  -0.113551E-09  -0.167857E+01
    145   2525.611849174763   0.138629E-16   0.455603E-20  -0.516522E-01
    146   2525.611849174790   0.106784E-18   0.216698E-07  -0.540737E-01
    147   2525.611849174811  -0.173413E-16   0.274960E-17   0.471366E-01
    148   2525.611849174813   0.121212E-16  -0.402401E-08   0.437756E-01
    149   2525.611849174815  -0.122665E-04   0.204199E-22  -0.641823E-01
    150   2525.611849174819   0.645434E-10  -0.160124E-19   0.777999E-02
    151   2525.611849174823  -0.276568E-03   0.120656E-22  -0.460987E-01
    152   2525.611849174823  -0.261751E-07  -0.322221E-21   0.357255E-01
    153   2525.611849174825  -0.427121E-16  -0.222774E-12   0.485563E-01
    154   2525.611849174826   0.559124E-03   0.108321E-21  -0.509398E-01
    155   2525.611849174827   0.484516E-16   0.268505E-18   0.690206E-01
    156   2525.611849174830   0.619676E-11   0.267392E-19  -0.512307E-01
    157   2525.611849174831   0.456551E-01  -0.105690E-23  -0.503139E-01
    158   2525.611849174833  -0.165105E-17   0.252785E-13  -0.525404E-01
    159   2525.611849174834  -0.186703E-16  -0.382617E-17   0.169659E-01
    160   2525.611849174842   0.285310E-15  -0.505205E-08  -0.463759E-01
    161   2525.611849174845  -0.164073E-14  -0.206298E-19   0.569607E-01
    162   2525.611849174846   0.108376E-16   0.900434E-18  -0.649963E-01
    163   2525.611849174850   0.889296E-11  -0.201013E-20  -0.658395E-01
    164   2525.611849174856   0.118792E-16  -0.551128E-09   0.574974E-01
    165   2525.611849174862   0.841564E-17  -0.170658E-16  -0.612206E-01
    166   2525.611849174867   0.524273E-17   0.268029E-17  -0.129815E-01
    167   2583.128382232270  -0.414659E-15  -0.103290E-09  -0.581893E-01
    168   2583.128382232286  -0.806037E-08  -0.801610E-13  -0.339555E-01
    169   2583.128382232289  -0.228077E-12   0.143727E-10  -0.251635E-01
    170   2583.128382232297   0.447939E-14  -0.123588E-09   0.369702E-01
    171   2583.128382232305   0.227229E-14  -0.457210E-10   0.922780E-01
    172   2583.128382232320  -0.333993E-12  -0.134287E-09   0.692668E-01
    173   2583.128382232321  -0.662578E-12   0.102765E-09  -0.305452E-02
    174   2583.128382232322  -0.121229E-05   0.968876E-12   0.158260E-01
    175   2583.128382232329  -0.404467E-06   0.202454E-12  -0.775512E-01
    176   2583.128382232336  -0.442847E-05  -0.696905E-12  -0.183078E-01
    177   2583.128382232340   0.517286E-05  -0.573482E-13   0.174578E-01
    178   2583.128382232349   0.109958E-10   0.116152E-10  -0.127763E-01
    179   2583.128382232353   0.701151E-04  -0.383044E-14   0.112363E-01
    180   2583.128382232357   0.118143E-03  -0.517205E-14  -0.932466E-02
    181   2583.128382232358   0.192368E-11  -0.100091E-10  -0.506107E-01
    182   2583.128382232362  -0.248694E+00   0.576726E-25   0.502892E-01
    183   2583.128382232363   0.304239E-03   0.901439E-14   0.378202E-01
    184   2583.128382232363  -0.451503E-12   0.215541E-10   0.134224E-01
    185   2583.128382232366   0.421013E-03  -0.806804E-14  -0.898746E-01
    186   2583.128382232372  -0.153063E-12   0.209666E-11   0.696557E-01
    187   2583.128382232373  -0.301066E-11  -0.409299E-12   0.360724E-01
    188   2583.128382232392  -0.874785E-13  -0.144622E-11   0.883150E-01
    189   2583.128386289044   0.886381E-33  -0.968527E-04  -0.503889E-01
    190   2709.543250863613   0.344876E-16   0.104942E-09   0.234768E-01
    191   2709.543250863614   0.155368E-13  -0.658287E-20  -0.225536E-01
    192   2709.543250863616  -0.220247E-16  -0.158545E-12   0.161277E-01
    193   2709.543250863630  -0.477757E-08  -0.123001E-21  -0.210196E-01
    194   2709.543250863635   0.950713E-11  -0.467702E-20   0.245736E-01
    195   2709.543250863647  -0.145022E-12  -0.373049E-17  -0.208046E-01
    196   2709.543250863658   0.239993E+00   0.984440E-23  -0.200006E-01
    197   2709.543250863662  -0.121729E-02  -0.453120E-23  -0.204619E-01
    198   2709.543250863663  -0.587804E-10   0.286610E-19   0.214832E-01
    199   2709.543250863665   0.176018E-01  -0.361312E-22  -0.323246E-01
    200   2709.543250863665   0.741716E-18  -0.152836E-08   0.307118E-01
    201   2709.543250863665  -0.467217E-16  -0.173147E-12  -0.397343E-01
    202   2709.543250863667  -0.121298E-16  -0.934465E-10  -0.326577E-01
    203   2709.543250863668   0.670651E-16  -0.519034E-09  -0.350555E-02
    204   2709.543250863669  -0.623394E-02   0.106362E-21  -0.739132E-02
    205   2709.543250863669  -0.272607E-06   0.124413E-21   0.231180E-01
    206   2709.543250863675  -0.935634E-16  -0.452556E-12   0.741800E-02
    207   2709.543250863680  -0.238908E-16  -0.271080E-09  -0.100632E-01
    208   2709.543250863687   0.891172E-16  -0.183000E-12   0.746969E-02
    209   2709.543250863690  -0.119219E-16  -0.109989E-13  -0.210153E-01
    210   2709.543250863712   0.265117E-16  -0.491802E-10  -0.143245E-01
    211   2709.543250887874  -0.129611E-15  -0.731687E-05   0.220045E-01
    212   3049.715060570217  -0.782167E-17  -0.138283E-16  -0.111998E+00
    213   3049.715060570239   0.840238E-17  -0.213884E-18  -0.135751E+00
    214   3049.715060570247   0.957497E-08   0.220599E-18   0.205999E+00
    215   3049.715060570261  -0.750857E-16   0.410075E-13  -0.267804E+00
    216   3049.715060570267  -0.296863E-16  -0.285961E-17  -0.171809E+00
    217   3049.715060570279   0.699945E-16   0.530096E-13   0.137732E-01
    218   3049.715060570280   0.569222E-16   0.429538E-17  -0.150316E+00
    219   3049.715060570281  -0.284242E-09   0.354514E-20  -0.986816E-01
    220   3049.715060570288  -0.245842E-16   0.386121E-17   0.186636E+00
    221   3049.715060570289   0.117169E-14  -0.107745E-17  -0.182629E+00
    222   3049.715060570290  -0.624824E-05  -0.185760E-22  -0.251594E+00
    223   3049.715060570292   0.117903E-16  -0.653543E-14   0.694564E-01
    224   3049.715060570294   0.243733E-01  -0.709076E-23  -0.159506E+00
    225   3049.715060570300   0.149365E-04   0.805672E-20  -0.765699E-01
    226   3049.715060570302   0.185261E-04  -0.194261E-19   0.173498E+00
    227   3049.715060570304   0.751321E-04   0.317414E-20   0.121809E+00
    228   3049.715060570310  -0.396404E-16  -0.621206E-18  -0.201814E+00
    229   3049.715060570312   0.808695E-08  -0.455522E-18   0.182340E+00
    230   3049.715060570314  -0.955679E-16   0.278953E-18   0.176495E+00
    231   3049.715060570320  -0.437617E-08  -0.125080E-18  -0.759491E-01
    232   3049.715060570323  -0.623033E-16   0.120272E-18  -0.122364E-01
    233   3330.306717351030  -0.177487E-16   0.552880E-15  -0.747969E-01
    234   3330.306717351049   0.166295E-16   0.268946E-13   0.101345E-01
    235   3330.306717351066   0.109955E-15   0.568803E-17   0.864201E-01
    236   3330.306717351071  -0.201849E-16  -0.191450E-13  -0.127243E+00
    237   3330.306717351074   0.140176E-16   0.757412E-16  -0.806992E-01
    238   3330.306717351076  -0.468284E-16  -0.245876E-20   0.870519E-01
    239   3330.306717351079  -0.199177E-16   0.803193E-16   0.705060E-01
    240   3330.306717351084   0.324485E-16   0.185324E-14   0.115608E+00
    241   3330.306717351085   0.132745E-14   0.896584E-19   0.891106E-01
    242   3330.306717351097   0.510656E-02   0.173783E-21   0.792332E-01
    243   3330.306717351100   0.745647E-03  -0.186649E-20  -0.622803E-01
    244   3330.306717351105  -0.345202E-07  -0.153788E-19   0.991518E-01
    245   3330.306717351110  -0.314174E-11  -0.957302E-21  -0.846130E-01
    246   3330.306717351111  -0.164563E+00  -0.320001E-22  -0.953753E-01
    247   3330.306717351111   0.313041E-16   0.148203E-17   0.798600E-01
    248   3330.306717351112  -0.162848E-01   0.261293E-21   0.101059E+00
    249   3330.306717351117  -0.874060E-09   0.961587E-20  -0.951427E-01
    250   3330.306717351120  -0.372741E-16  -0.579710E-16   0.670815E-01
    251   3330.306717351123  -0.238452E-10  -0.504112E-19   0.707018E-01
    252   3330.306717351148   0.842921E-17   0.225179E-16   0.102766E+00
    253   3357.145748042370   0.897131-172  -0.225196E+00   0.133487E+00
    254   3562.084205180671   0.195939E-07   0.737747E-14  -0.371715E+01
    255   3562.084205180681  -0.209910E-07  -0.177462E-12  -0.128393E+01
    256   3562.084205180684   0.124961E-07   0.475577E-12  -0.583758E+01
    257   3562.084205180693  -0.103464E-02  -0.246869E-16  -0.262036E+01
    258   3562.084205180695   0.197179E-07   0.543831E-12   0.212881E+01
    259   3562.084205180695   0.187107E-07  -0.103368E-11   0.252086E+01
    260   3562.084205180696   0.548395E-05  -0.175388E-14   0.359801E+01
    261   3562.084205180705  -0.172338E-06  -0.180381E-12   0.212723E+01
    262   3562.084205180706  -0.254230E-07   0.129090E-11   0.247147E+01
    263   3562.084205180708   0.722557E-01  -0.510312E-18   0.244375E+01
    264   3562.084205180711   0.526538E-08   0.264762E-11   0.289397E+01
    265   3562.084205180712   0.233692E-06  -0.101684E-13  -0.535708E+00
    266   3562.084205180719  -0.155439E-07   0.121247E-12  -0.191527E+00
    267   3562.084205180723   0.131398E-09  -0.232952E-11  -0.218011E+01
    268   3562.084205180730  -0.208579E-05  -0.673893E-15   0.473596E+00
    269   3562.084205180733  -0.579527E-05  -0.183586E-14  -0.270341E+01
    270   3562.084205180739  -0.221589E-10  -0.300252E-11  -0.666824E+00
    271   3562.084205180741  -0.971931E-18   0.721803E-12  -0.135649E+01
    272   3562.084205180747  -0.487648E-10  -0.864469E-17  -0.157035E+01
    273   3562.084205180769  -0.971773E-16  -0.554325E-13   0.757345E+00
    274   3562.096587429420  -0.142814E-98   0.496302E-02   0.248015E+01
    275   3701.083347794836  -0.234441E-12  -0.475497E-11  -0.687574E+00
    276   3701.083347794848   0.576575E-12  -0.129287E-10  -0.411928E+00
    277   3701.083347794859  -0.105383E-15   0.182019E-11   0.410715E+00
    278   3701.083347794862   0.962594E-09  -0.205082E-10  -0.769485E+00
    279   3701.083347794864  -0.141979E-07  -0.129591E-10   0.580550E+00
    280   3701.083347794867   0.348831E-09  -0.164204E-10  -0.221215E+00
    281   3701.083347794880   0.141305E-10   0.291741E-11  -0.153342E+01
    282   3701.083347794880   0.161146E-07   0.160363E-12  -0.257392E+00
    283   3701.083347794890  -0.821995E-08   0.145527E-13   0.438944E+00
    284   3701.083347794895  -0.625089E-07   0.608510E-13  -0.111064E+01
    285   3701.083347794899  -0.586352E-08   0.927392E-12  -0.345512E-01
    286   3701.083347794901  -0.211826E-07  -0.261809E-12   0.604367E+00
    287   3701.083347794901   0.617205E-05  -0.792033E-17  -0.978271E+00
    288   3701.083347794911  -0.219590E-09   0.366696E-12   0.165295E+01
    289   3701.083347794917   0.165530E-07   0.136443E-11   0.844873E+00
    290   3701.083347794919   0.141953E-05  -0.131598E-12   0.943448E+00
    291   3701.083347794924  -0.528047E-16  -0.116596E-10  -0.120322E+01
    292   3701.083347794930   0.328057E-03   0.259463E-21   0.867078E+00
    293   3701.083347794936  -0.102040E-06  -0.688295E-13   0.165073E+01
    294   3701.083347794937   0.166053E-01   0.394268E-22  -0.941794E+00
    295   4147.191032798576   0.635694E-17  -0.713615E-12   0.873861E+00
    296   4147.191032798581   0.558605E-10  -0.459383E-19  -0.752869E+00
    297   4147.191032798589   0.373223E-17   0.156680E-14   0.672716E+00
    298   4147.191032798592   0.434142E-15   0.226417E-15  -0.656634E+00
    299   4147.191032798592  -0.775823E-15  -0.177327E-10   0.277603E+00
    300   4147.191032798602   0.165085E-10   0.452668E-17   0.659716E+00
    301   4147.191032798603  -0.911665E-15   0.211905E-16   0.864944E+00
    302   4147.191032798604   0.122766E-07   0.147880E-18   0.842999E+00
    303   4147.191032798606   0.293019E-16   0.267401E-12  -0.111174E+01
    304   4147.191032798611   0.277046E-11  -0.950001E-18  -0.787718E+00
    305   4147.191032798612   0.144952E-04   0.578547E-21   0.773306E+00
    306   4147.191032798614  -0.147678E-16   0.413456E-13  -0.474929E+00
    307   4147.191032798614  -0.405719E-02   0.217975E-22  -0.784795E+00
    308   4147.191032798614   0.226414E-06  -0.460097E-20   0.780144E+00
    309   4147.191032798615   0.111055E-16   0.763716E-15   0.970192E+00
    310   4147.191032798617   0.412609E-16  -0.474483E-10  -0.967231E+00
    311   4147.191032798632   0.211372E+00   0.629645E-22  -0.805475E+00
    312   4147.191037343991   0.137193E-18  -0.774280E-04   0.790250E+00
    313   4201.239861633956   0.237950E-16   0.221195E-15  -0.226869E+01
    314   4201.239861633962   0.589288E-16   0.117948E-16  -0.115220E+01
    315   4201.239861633973   0.292681E-16  -0.137882E-11  -0.985241E+00
    316   4201.239861634000   0.566770E-17   0.727721E-15  -0.169668E+01
    317   4201.239861634005   0.160139E-16   0.146384E-12   0.355346E+00
    318   4201.239861634011  -0.303893E-15  -0.102191E-16  -0.180870E+01
    319   4201.239861634013   0.483080E-17  -0.560420E-13  -0.120965E+01
    320   4201.239861634013   0.235994E-15  -0.629006E-16  -0.957377E+00
    321   4201.239861634014   0.367205E-08   0.509831E-20  -0.126210E+01
    322   4201.239861634016   0.184291E-16  -0.299553E-12  -0.301682E+01
    323   4201.239861634017   0.100466E-04   0.141705E-21  -0.440366E+00
    324   4201.239861634019  -0.745904E-05  -0.826565E-21   0.217070E+01
    325   4201.239861634027  -0.250891E-07   0.602684E-20   0.219035E+01
    326   4201.239861634032   0.658945E-03  -0.230309E-22  -0.164300E+01
    327   4201.239861634037  -0.136813E+00   0.743842E-22   0.166765E+01
    328   4201.239861634041   0.236583E-14  -0.392165E-17   0.170877E+01
    329   4201.239861634072   0.298615E-13  -0.383372E-18  -0.168401E+01
    330   4201.244484380379   0.608660E-76   0.237149E-02  -0.167723E+01
    331   4329.006350165025   0.766969E-16   0.772286E-13  -0.328025E-01
    332   4329.006350165040  -0.669464E-16   0.539167E-13  -0.906372E-01
    333   4329.006350165071  -0.426545E-15  -0.118935E-13   0.686551E-01
    334   4329.006350165077   0.121176E-13  -0.162342E-15   0.556165E-01
    335   4329.006350165085  -0.638398E-12   0.395569E-16  -0.152261E+00
    336   4329.006350165087  -0.510822E-15   0.637389E-14  -0.776990E-01
    337   4329.006350165095   0.201552E-13   0.349459E-14  -0.177155E+00
    338   4329.006350165096  -0.707193E-14   0.811481E-14  -0.121754E+00
    339   4329.006350165098  -0.238738E-09   0.532184E-17   0.147608E+00
    340   4329.006350165098  -0.213750E-14   0.562283E-14   0.877264E-01
    341   4329.006350165103   0.208611E-06  -0.109034E-17   0.146305E+00
    342   4329.006350165108  -0.641182E-12  -0.118753E-15   0.118429E+00
    343   4329.006350165111  -0.124387E-13   0.199430E-14  -0.263458E-02
    344   4329.006350165115  -0.798354E-06  -0.521975E-18  -0.684696E-01
    345   4329.006350165116  -0.530346E-01   0.877872E-22   0.121518E+00
    346   4329.006350165119  -0.349783E-15  -0.718029E-14   0.251609E+00
    347   4329.006350165119  -0.760099E-05   0.548430E-19  -0.146874E+00
    348   4329.006350165124   0.203281E-05   0.428861E-19  -0.626830E-01
    349   4357.077816758849   0.250850-155  -0.195968E+00   0.338798E-01
    350   4665.714215971680  -0.508895E-16  -0.191599E-13  -0.363398E+01
    351   4665.714215971690  -0.553231E-16  -0.191914E-13   0.274680E+00
    352   4665.714215971710   0.123932E-13  -0.218110E-15  -0.542725E-01
    353   4665.714215971710  -0.294279E-09   0.788400E-18  -0.152262E+00
    354   4665.714215971713  -0.770354E-13  -0.213930E-15  -0.540287E+01
    355   4665.714215971718   0.802286E-09  -0.238073E-17  -0.108455E+01
    356   4665.714215971726   0.124010E-08  -0.348498E-18   0.428222E+01
    357   4665.714215971727  -0.398740E-13  -0.178266E-15  -0.177133E+01
    358   4665.714215971735  -0.257802E-16  -0.212797E-15   0.184626E+01
    359   4665.714215971736   0.141248E-06   0.450419E-19  -0.252766E+01
    360   4665.714215971737  -0.303409E-16  -0.721755E-15  -0.208265E+01
    361   4665.714215971740  -0.613198E-01   0.294287E-22  -0.245463E+01
    362   4665.714215971741   0.129387E-03   0.310422E-23   0.242009E+01
    363   4665.714215971742   0.135008E-13   0.485353E-16  -0.113888E+01
    364   4665.714215971747  -0.989658E-09   0.226965E-18  -0.247713E+01
    365   4665.714215971752   0.212882E-16   0.439483E-15  -0.128667E+01
    366   4665.714215971758  -0.118107E-05   0.380870E-20  -0.262288E+01
    367   4665.714215971765  -0.486083E-16  -0.122981E-15  -0.133200E+01
    368   4677.045913903002  -0.416159-150   0.122093E+00   0.244855E+01
    369   4943.370858455792   0.102172E-11   0.315800E-10   0.484228E+00
    370   4943.370858455793  -0.113707E-06   0.850898E-14   0.448334E-01
    371   4943.370858455824  -0.176917E-06  -0.278250E-12  -0.287118E-01
    372   4943.370858455828  -0.162205E-06  -0.381638E-13  -0.470968E+00
    373   4943.370858455828  -0.147420E-06   0.380992E-11   0.193435E+00
    374   4943.370858455836  -0.148953E-06  -0.253486E-11   0.137904E+00
    375   4943.370858455842  -0.400235E-06   0.553814E-13  -0.351928E+00
    376   4943.370858455846  -0.597674E-06  -0.413398E-12  -0.335919E+00
    377   4943.370858455853   0.950043E-06  -0.137642E-11  -0.568154E-02
    378   4943.370858455862   0.303616E-05   0.413811E-13   0.268971E+00
    379   4943.370858455866   0.160421E-08  -0.298858E-13   0.112021E+01
    380   4943.370858455866  -0.547997E-09   0.111260E-11   0.813192E+00
    381   4943.370858455867   0.330553E-01   0.204545E-22   0.524510E+00
    382   4943.370858455870   0.413370E-05  -0.677338E-14   0.647923E+00
    383   4943.370858455874   0.422114E-10  -0.101742E-12   0.591754E+00
    384   4943.370858455877  -0.548816E-04  -0.198227E-13  -0.392498E+00
    385   4943.370858455879   0.156791E-08  -0.165388E-12  -0.775395E+00
    386   4943.370858455886  -0.366314E-05  -0.757065E-14  -0.653231E+00
    387   4943.370943670659  -0.103476E-54  -0.309285E-03   0.525107E+00
    388   5108.528897303498  -0.146139E-15  -0.112258E-10   0.120914E+00
    389   5108.528897303515  -0.300443E-16  -0.161844E-09   0.139807E+00
    390   5108.528897303523   0.192137E-09  -0.119793E-16  -0.922614E-01
    391   5108.528897303529   0.590048E-09   0.279541E-17  -0.861121E-01
    392   5108.528897303533   0.628147E-15   0.188970E-10   0.107955E+00
    393   5108.528897303538  -0.547139E-07   0.130197E-18   0.542864E-01
    394   5108.528897303542  -0.620021E-14   0.279729E-12  -0.960869E-01
    395   5108.528897303542   0.301374E-06   0.165867E-18   0.985774E-01
    396   5108.528897303543   0.377221E-16   0.328689E-09   0.332382E-02
    397   5108.528897303547   0.128198E-16  -0.141319E-09   0.751285E-01
    398   5108.528897303551   0.126441E+00   0.479271E-22   0.867857E-01
    399   5108.528897303557  -0.938121E-05   0.770487E-20   0.917059E-01
    400   5108.528897303560   0.111282E-02   0.241959E-20  -0.846911E-01
    401   5108.528897303568  -0.283433E-13   0.602873E-12   0.758029E-01
    402   5108.528897303571  -0.298639E-16  -0.671250E-12  -0.394869E-01
    403   5108.528897303574  -0.627829E-16  -0.806025E-10   0.282219E-01
    404   5108.528897303580   0.463060E-16  -0.905925E-11  -0.829116E-01
    405   5108.528897303585   0.192656E-16  -0.216170E-10   0.763626E-01
    406   5387.411702665085   0.161471E-20  -0.146343E-09   0.278479E-01
    407   5387.411702665091   0.565233E-17   0.468195E-11  -0.233160E-01
    408   5387.411702665093   0.532371E-16  -0.869035E-16  -0.196877E-01
    409   5387.411702665115  -0.335253E-17  -0.737864E-09   0.139038E-01
    410   5387.411702665117   0.204255E-16  -0.827021E-09  -0.110585E-01
    411   5387.411702665117   0.101737E-16  -0.872362E-14  -0.218090E-01
    412   5387.411702665124  -0.257540E-08   0.118968E-18   0.219539E-01
    413   5387.411702665127  -0.386049E-01   0.293595E-22   0.209517E-01
    414   5387.411702665131   0.560972E-10  -0.228322E-17  -0.223412E-01
    415   5387.411702665137  -0.141850E-16  -0.205175E-08  -0.261628E-01
    416   5387.411702665137  -0.560490E-13   0.171013E-16   0.192585E-01
    417   5387.411702665144  -0.588838E-18  -0.101823E-10  -0.168012E-01
    418   5387.411702665146   0.151555E-16   0.235025E-11  -0.195702E-01
    419   5387.411702665156   0.293395E-03   0.284814E-20   0.205117E-01
    420   5387.411702665157   0.405844E-09   0.520151E-20   0.203706E-01
    421   5387.411702665159  -0.197774E-05  -0.809817E-21   0.208459E-01
    422   5387.411702665174   0.436969E-17  -0.683176E-12   0.210939E-01
    423   5387.411702667141   0.108282E-15  -0.120755E-05  -0.207565E-01
    424   5774.931702625726   0.357568E-17  -0.549963E-14   0.324533E-01
    425   5774.931702625730   0.486481E-08  -0.350125E-19  -0.263383E-01
    426   5774.931702625751   0.145608E-15   0.362476E-15   0.284033E-01
    427   5774.931702625754  -0.231874E-17   0.430484E-16   0.277084E-01
    428   5774.931702625761  -0.610410E-13   0.848884E-17   0.318185E-01
    429   5774.931702625773   0.904890E-07   0.317143E-19   0.274180E-01
    430   5774.931702625776   0.302996E-12   0.270379E-18  -0.251314E-01
    431   5774.931702625779   0.779525E-17   0.125971E-14   0.220758E-01
    432   5774.931702625779   0.135983E-15   0.725712E-18   0.287564E-01
    433   5774.931702625783  -0.327930E-03  -0.992634E-21  -0.287286E-01
    434   5774.931702625788   0.915164E-17   0.307189E-15   0.337493E-01
    435   5774.931702625788   0.650383E-10   0.105749E-19   0.296076E-01
    436   5774.931702625792   0.215794E-16  -0.134385E-15   0.322223E-01
    437   5774.931702625794  -0.875396E-06  -0.238042E-20   0.299411E-01
    438   5774.931702625797  -0.902770E-16   0.193318E-15  -0.181947E-01
    439   5774.931702625799  -0.110427E+00   0.505909E-22  -0.283560E-01
    440   5827.011484675236  -0.386691E-13   0.110880E-15  -0.317545E-01
    441   5827.011484675244  -0.551621E-11   0.308546E-17  -0.254537E-01
    442   5827.011484675248  -0.237957E-16   0.238505E-15  -0.252700E-01
    443   5827.011484675255  -0.212838E-16   0.649571E-14   0.194402E-01
    444   5827.011484675255   0.495710E-12   0.104902E-15   0.332903E-01
    445   5827.011484675271  -0.572401E-17  -0.195884E-14  -0.413134E-01
    446   5827.011484675274  -0.214977E-05   0.754720E-20  -0.286979E-01
    447   5827.011484675282   0.909402E-10  -0.257618E-17   0.282285E-01
    448   5827.011484675282  -0.254654E-02   0.555947E-20   0.302074E-01
    449   5827.011484675286   0.791562E-16   0.466119E-16   0.327391E-01
    450   5827.011484675287  -0.132116E-03   0.189545E-19  -0.549142E-02
    451   5827.011484675287   0.801456E-06   0.449161E-18   0.301057E-01
    452   5827.011484675291  -0.411665E-04   0.102038E-19   0.425850E-01
    453   5827.011484675301   0.405917E-10  -0.479783E-18  -0.329208E-01
    454   5827.011484675305   0.108617E+00   0.117541E-21   0.310052E-01
    455   5827.011484675313   0.118025E-15  -0.183869E-16   0.279708E-01
    456   5956.040124931042   0.474724E-16   0.326882E-10   0.503208E-01
    457   5956.040124931053  -0.953879E-15  -0.307112E-13   0.545334E-01
    458   5956.040124931066   0.439726E-16   0.729513E-08  -0.555357E-01
    459   5956.040124931072  -0.924358E-09  -0.161146E-17  -0.521602E-01
    460   5956.040124931079  -0.155794E-04   0.558021E-19   0.615701E-01
    461   5956.040124931079   0.341604E-05  -0.859591E-20   0.456242E-01
    462   5956.040124931083   0.110523E-12  -0.559532E-15   0.483824E-01
    463   5956.040124931087   0.546676E-11   0.751431E-16   0.643293E-01
    464   5956.040124931089  -0.108589E-06  -0.322779E-18   0.572675E-01
    465   5956.040124931090   0.309931E-01  -0.359921E-20  -0.273297E-01
    466   5956.040124931093  -0.718268E-01  -0.155277E-20  -0.737550E-01
    467   5956.040124931094   0.434412E-16   0.169961E-09   0.627031E-01
    468   5956.040124931099  -0.153210E-15  -0.572493E-11  -0.467574E-01
    469   5956.040124931103  -0.541235E-04  -0.324105E-20  -0.624278E-01
    470   5956.040124931106   0.104371E-08  -0.448625E-17  -0.605548E-01
    471   5956.040124931110  -0.180093E-15   0.327979E-11   0.679475E-01
    472   5956.040124931113  -0.720994E-16   0.113664E-06   0.604937E-01
    473   6287.988193342283   0.309999E-14  -0.104518E-15  -0.103510E+00
    474   6287.988193342291  -0.134270E-13  -0.962351E-16   0.164088E+00
    475   6287.988193342298  -0.709589E-17  -0.316585E-15  -0.161834E+00
    476   6287.988193342308   0.193555E-16   0.450325E-17  -0.186668E+00
    477   6287.988193342322   0.557760E-12  -0.151314E-16  -0.918779E-01
    478   6287.988193342324  -0.445006E-16  -0.284481E-14  -0.147776E+00
    479   6287.988193342325  -0.528273E-03  -0.285654E-20   0.141679E+00
    480   6287.988193342325  -0.436243E-09  -0.174976E-20   0.132096E+00
    481   6287.988193342330   0.420537E-11   0.216721E-17   0.114744E+00
    482   6287.988193342331   0.814399E-16  -0.222049E-15   0.112551E+00
    483   6287.988193342331  -0.147603E-16  -0.828089E-16   0.836666E-01
    484   6287.988193342336   0.204851E-11  -0.499572E-17   0.135845E+00
    485   6287.988193342341   0.265834E-05   0.710561E-19  -0.140574E+00
    486   6287.988193342343   0.298775E-16  -0.890909E-17   0.142765E+00
    487   6287.988193342344   0.396813E-01   0.148278E-21   0.144764E+00
    488   6287.988193342347   0.111460E-12  -0.276490E-17  -0.210561E+00
    489   6287.988193342351  -0.876555E-08  -0.408362E-19  -0.154052E+00
    490   6556.160543710577   0.125433E-16   0.274348E-09   0.393945E+00
    491   6556.160543710588  -0.136223E-14   0.187138E-12  -0.448029E+00
    492   6556.160543710588   0.170011E-08  -0.108704E-16  -0.361215E+00
    493   6556.160543710593  -0.293376E-16   0.112538E-10   0.690205E+00
    494   6556.160543710595  -0.127782E-16   0.173572E-11   0.243294E+00
    495   6556.160543710606   0.653118E-16  -0.474857E-11   0.271081E+00
    496   6556.160543710606   0.333067E-12  -0.196439E-13   0.280315E+00
    497   6556.160543710606  -0.426253E-06   0.108362E-17   0.238525E+00
    498   6556.160543710607   0.251935E-02  -0.155180E-20  -0.438469E+00
    499   6556.160543710612  -0.120850E-08  -0.179212E-17   0.374325E+00
    500   6556.160543710612  -0.429258E-12  -0.231649E-14  -0.497389E+00
    501   6556.160543710618  -0.403181E-01  -0.142212E-21   0.386229E+00
    502   6556.160543710620  -0.184792E-16   0.125162E-11   0.460336E+00
    503   6556.160543710622   0.307890E-16   0.119603E-10  -0.166073E+00
    504   6556.160543710623   0.147173E-06   0.191301E-18   0.526505E+00
    505   6556.160543710628   0.311748E-10   0.188872E-15  -0.476051E+00
    506   6556.160543710659   0.428490E-06  -0.780707E-20  -0.440529E+00
    507   6648.730603201220  -0.576628-102   0.107569E-01  -0.101490E+01
    508   6648.852402528759   0.434314E-12   0.100841E-12   0.173031E+01
    509   6648.852402528762   0.189621E-12  -0.113437E-12  -0.354074E+00
    510   6648.852402528768   0.252660E-12   0.187691E-13  -0.155821E+01
    511   6648.852402528778  -0.354474E-07  -0.627080E-16  -0.125592E+01
    512   6648.852402528781  -0.100675E-03  -0.328352E-20   0.105890E+01
    513   6648.852402528785  -0.375036E-11   0.533677E-14   0.192656E+01
    514   6648.852402528788   0.427706E-10   0.169358E-13  -0.288716E-01
    515   6648.852402528789  -0.255041E-06   0.239800E-16  -0.923905E+00
    516   6648.852402528791  -0.797204E-09  -0.314508E-14   0.100477E+00
    517   6648.852402528791  -0.448307E-01  -0.640683E-22   0.101686E+01
    518   6648.852402528793  -0.845865E-11  -0.135580E-12   0.286247E+00
    519   6648.852402528794   0.356479E-09   0.370176E-15   0.180629E+00
    520   6648.852402528797  -0.622541E-08   0.526884E-16  -0.127975E+01
    521   6648.852402528799  -0.215777E-05   0.165433E-17  -0.911333E+00
    522   6648.852402528802  -0.730809E-08  -0.430351E-15   0.101148E+00
    523   6648.852402528808  -0.555512E-14  -0.157661E-12  -0.819504E+00
    524   6648.852402528812  -0.675504E-16  -0.863471E-12  -0.733396E+00
    525   7081.133414999300   0.400381E-16  -0.942512E-13  -0.152300E+01
    526   7081.133414999306  -0.604984E-16  -0.107864E-16  -0.109421E+01
    527   7081.133414999317  -0.720370E-16  -0.101438E-13   0.142279E+01
    528   7081.133414999323   0.891117E-17   0.318697E-13  -0.249831E+00
    529   7081.133414999324   0.154854E-17  -0.850873E-16  -0.138675E+01
    530   7081.133414999326   0.400795E-07   0.187239E-19  -0.117197E+01
    531   7081.133414999331  -0.797989E-10  -0.198725E-17  -0.117545E+01
    532   7081.133414999331   0.319766E-12   0.332513E-17   0.132415E+01
    533   7081.133414999335   0.427195E-18   0.569501E-15   0.115532E+01
    534   7081.133414999343   0.403141E-16  -0.310055E-16   0.121407E+01
    535   7081.133414999344  -0.253260E-07  -0.398671E-18   0.124551E+01
    536   7081.133414999354   0.112069E-10   0.196391E-18  -0.145069E+01
    537   7081.133414999355   0.265073E-03   0.738319E-20  -0.112319E+01
    538   7081.133414999363   0.648495E-13  -0.117199E-16  -0.846870E+00
    539   7081.133414999367   0.509667E-16   0.129766E-15  -0.126768E+01
    540   7081.133414999369   0.707138E-01   0.587840E-21  -0.121560E+01
    541   7081.133414999369  -0.267397E-04   0.521537E-19   0.132372E+01
    542   7163.838581812482  -0.434133-164   0.946462E+00   0.923448E-01
    543   7447.760224248927   0.106730E-15   0.914653E-11   0.281441E+00
    544   7447.760224248932  -0.278130E-06   0.113196E-16  -0.225166E+00
    545   7447.760224248947  -0.156277E-15  -0.180279E-09   0.349236E+00
    546   7447.760224248950  -0.517842E-05   0.128397E-17   0.840011E-01
    547   7447.760224248957  -0.284278E-13   0.104179E-10  -0.276603E+00
    548   7447.760224248959   0.137027E-07  -0.561676E-15  -0.303258E+00
    549   7447.760224248964   0.758424E-04   0.271414E-18  -0.175138E+00
    550   7447.760224248967  -0.756819E-05   0.402505E-18   0.426518E+00
    551   7447.760224248973  -0.433058E-07  -0.124380E-15   0.421791E-02
    552   7447.760224248973   0.262006E-12   0.960205E-13   0.298841E+00
    553   7447.760224248984   0.127777E-07   0.114326E-15  -0.450720E+00
    554   7447.760224248985  -0.168796E-14  -0.190879E-10  -0.320974E+00
    555   7447.760224248985  -0.116309E-04   0.551176E-18   0.450367E+00
    556   7447.760224248988   0.251966E-10  -0.991160E-13  -0.310187E+00
    557   7447.760224248998   0.192971E+00  -0.269499E-21  -0.313522E+00
    558   7447.760224249002   0.143240E-11  -0.151543E-12  -0.375572E+00
    559   7447.760226252830   0.232591E-24   0.846020E-04   0.313647E+00
    560   7499.799489954950  -0.121856E-16   0.148195E-08  -0.986705E+00
    561   7499.799489954958  -0.603444E-15   0.548150E-09   0.346740E+00
    562   7499.799489954978  -0.186901E-14   0.424265E-10   0.773773E+00
    563   7499.799489954989  -0.142095E-12   0.109876E-10   0.671434E-01
    564   7499.799489954996   0.334396E-10   0.674233E-10   0.225140E+00
    565   7499.799489955000   0.104317E-09  -0.521941E-10   0.148530E+01
    566   7499.799489955005  -0.103358E-09  -0.481958E-10  -0.115663E+01
    567   7499.799489955013   0.592361E-11   0.391352E-09  -0.175750E+01
    568   7499.799489955014   0.505432E-09  -0.311706E-11  -0.156452E+01
    569   7499.799489955025  -0.327131E-06   0.202377E-13   0.482596E+00
    570   7499.799489955027  -0.528287E-04  -0.167577E-15   0.116490E+01
    571   7499.799489955028  -0.170463E-02   0.206754E-17  -0.115450E+01
    572   7499.799489955034   0.323904E-06  -0.505948E-14  -0.163372E+01
    573   7499.799489955046   0.964161E-01   0.558872E-20  -0.116741E+01
    574   7499.799489955050  -0.562929E-13   0.386732E-10   0.143970E+01
    575   7499.799489955052  -0.254164E-06   0.116927E-14   0.110059E+01
    576   7499.799490170348  -0.123854E-15   0.256669E-04   0.114755E+01
    577   7629.728990264797  -0.408706E-16  -0.183867E-07   0.255458E-01
    578   7629.728990264814   0.587998E-17  -0.480985E-08   0.380435E-01
    579   7629.728990264832   0.313272E-11   0.138516E-10  -0.458596E-01
    580   7629.728990264834  -0.672003E-10   0.260574E-11   0.395562E-01
    581   7629.728990264841  -0.345933E-03   0.375920E-16  -0.393165E-01
    582   7629.728990264845   0.113886E-11   0.233326E-09  -0.146974E-01
    583   7629.728990264848  -0.424947E-14   0.718215E-10   0.211456E-01
    584   7629.728990264852   0.448422E-10  -0.161340E-11   0.356782E-01
    585   7629.728990264852  -0.148277E-06   0.946777E-14  -0.395953E-01
    586   7629.728990264854   0.975503E-13  -0.967829E-10   0.572665E-01
    587   7629.728990264858   0.407276E-02   0.655289E-17  -0.293980E-01
    588   7629.728990264861   0.121674E+00   0.214913E-20   0.357572E-01
    589   7629.728990264863  -0.156256E-10  -0.186435E-10   0.218376E-01
    590   7629.728990264865   0.541952E-13  -0.522615E-10   0.294854E-01
    591   7629.728990264872  -0.225466E-05   0.766077E-13   0.216980E-01
    592   7629.728990264874  -0.562052E-06  -0.284821E-12   0.486864E-01
    593   7629.728990264877  -0.309934E-09   0.383843E-12   0.154019E-01
    594   7954.798611955211   0.835053E-16  -0.131213E-12  -0.125851E+01
    595   7954.798611955250   0.257366E-13  -0.177424E-15   0.702942E+00
    596   7954.798611955258   0.530638E-12   0.300622E-16  -0.214539E+01
    597   7954.798611955259   0.446400E-07   0.368842E-17  -0.166403E+01
    598   7954.798611955263   0.447666E-17  -0.242704E-13   0.163450E+01
    599   7954.798611955265   0.925671E-17  -0.405766E-13  -0.537416E+00
    600   7954.798611955265   0.890696E-16   0.762901E-12  -0.185125E+01
    601   7954.798611955268  -0.118545E-16   0.950470E-15   0.779862E+00
    602   7954.798611955270  -0.163209E+00   0.190741E-20  -0.160108E+01
    603   7954.798611955270   0.290969E-03   0.610820E-20   0.155318E+01
    604   7954.798611955272  -0.881965E-05   0.869002E-19  -0.166588E+01
    605   7954.798611955274  -0.662286E-06   0.441254E-19   0.155839E+01
    606   7954.798611955279   0.552181E-16   0.606741E-15   0.206963E+01
    607   7954.798611955285  -0.335954E-16  -0.489828E-14  -0.212852E+01
    608   7954.798611955285   0.921649E-10   0.674937E-18  -0.168609E+01
    609   7954.798611955302   0.198154E-08   0.143271E-17   0.145841E+01
    610   7954.798611955310  -0.522506E-16   0.334877E-14   0.182356E+01
    611   8172.132518366515  -0.964546E-16  -0.177103E-10   0.111161E+00
    612   8172.132518366520   0.623453E-16  -0.973089E-10   0.125776E+00
    613   8172.132518366530   0.828668E-17   0.197555E-09  -0.138077E+00
    614   8172.132518366559  -0.185633E-06  -0.412629E-17   0.159928E+00
    615   8172.132518366561   0.589081E-10   0.532370E-16  -0.136651E+00
    616   8172.132518366566   0.402951E-17   0.140446E-08   0.150334E+00
    617   8172.132518366571   0.287169E-05  -0.224923E-17   0.129615E+00
    618   8172.132518366578  -0.547468E-16   0.187289E-09   0.162549E+00
    619   8172.132518366578   0.185898E-09   0.168536E-15  -0.659595E-01
    620   8172.132518366582  -0.775214E-07  -0.883235E-16   0.187759E+00
    621   8172.132518366586   0.322693E-15   0.213549E-12   0.142344E+00
    622   8172.132518366586  -0.547458E-03  -0.136816E-19   0.166672E+00
    623   8172.132518366586  -0.572980E-02   0.707978E-21  -0.157263E+00
    624   8172.132518366596   0.298777E-03  -0.733966E-19   0.886840E-01
    625   8172.132518366599  -0.687505E-01  -0.939332E-20  -0.127803E+00
    626   8172.132518366614  -0.175842E-08  -0.100179E-17  -0.130638E+00
    627   8172.132518366628   0.477971E-16   0.747587E-12  -0.140679E+00
    628   8266.178941824137   0.304679E-16   0.148914E-10  -0.413210E+00
    629   8266.178941824142   0.349900E-12   0.351912E-13   0.474903E+00
    630   8266.178941824148  -0.763307E-03  -0.686955E-20  -0.379080E+00
    631   8266.178941824150  -0.570368E-13   0.214770E-13  -0.260518E+00
    632   8266.178941824157  -0.360917E-09   0.100199E-15   0.546652E+00
    633   8266.178941824162   0.912427E-08  -0.117020E-15  -0.233656E-01
    634   8266.178941824166  -0.108081E-11  -0.178038E-14  -0.429033E+00
    635   8266.178941824168  -0.450572E-06  -0.292294E-17  -0.370042E+00
    636   8266.178941824173  -0.326304E-11   0.379369E-15   0.244198E+00
    637   8266.178941824177   0.887326E-15   0.109253E-11   0.539265E+00
    638   8266.178941824179  -0.281538E-12  -0.126725E-13   0.310819E+00
    639   8266.178941824179   0.129658E-05   0.903741E-19   0.343751E+00
    640   8266.178941824181   0.158335E-07   0.981861E-17   0.301813E+00
    641   8266.178941824182  -0.487348E-01   0.671658E-20  -0.349026E+00
    642   8266.178941824186   0.609511E-16  -0.223654E-11  -0.119461E+00
    643   8266.178941824190   0.251975E-14   0.543847E-12  -0.339626E+00
    644   8266.178941824206   0.956892E-16  -0.124393E-11  -0.751611E-01
    645   8266.179093183922   0.623186E-62   0.359839E-03  -0.354914E+00
    646   8775.696502683957  -0.100404E-14   0.596518E-09   0.350245E-02
    647   8775.696502683973  -0.325425E-13   0.203940E-09  -0.785691E-02
    648   8775.696502683977  -0.403877E-13   0.558290E-09   0.543556E-02
    649   8775.696502683977  -0.187770E-16   0.632973E-09   0.507225E-02
    650   8775.696502683984  -0.560692E-13  -0.588089E-09  -0.642300E-02
    651   8775.696502684001   0.126312E-10  -0.294881E-09  -0.146496E-01
    652   8775.696502684012  -0.116460E-10  -0.319007E-09  -0.461741E-02
    653   8775.696502684015   0.805471E-09   0.332074E-11  -0.104864E-01
    654   8775.696502684017  -0.722972E-08   0.795949E-12  -0.180272E-01
    655   8775.696502684023   0.276997E-10   0.750398E-10  -0.217312E-01
    656   8775.696502684026   0.173639E-10  -0.334366E-09   0.867942E-03
    657   8775.696502684032  -0.658388E-10  -0.333323E-10   0.730011E-02
    658   8775.696502684039  -0.290310E-12  -0.251724E-09  -0.368589E-01
    659   8775.696502684044   0.189968E-10   0.731267E-10   0.201875E-01
    660   8775.696502684053   0.455076E-09   0.677914E-11  -0.297785E-01
    661   8775.696502684055   0.916253E-12   0.362820E-10  -0.288208E-01
    662   8775.696502684066  -0.448295E-02   0.243730E-17   0.171786E-01
    663   8775.696502684070   0.158623E-05  -0.215142E-16   0.186206E-01
    664   8775.696502684077   0.100601E+00   0.981905E-19  -0.166805E-01
    665   9155.652118708149  -0.364052E-15   0.639472E-11   0.162427E+00
    666   9155.652118708182   0.136836E-11  -0.711386E-12  -0.179311E+00
    667   9155.652118708185   0.787956E-11   0.142617E-13   0.441200E-03
    668   9155.652118708189   0.794248E-10  -0.106856E-13   0.236337E+00
    669   9155.652118708196  -0.205763E-09  -0.106434E-14  -0.256189E+00
    670   9155.652118708198  -0.655404E-10  -0.673598E-13  -0.218933E+00
    671   9155.652118708200  -0.143571E-04   0.678191E-17   0.179665E+00
    672   9155.652118708200  -0.501611E-03   0.184831E-18  -0.126842E+00
    673   9155.652118708211  -0.112090E-10  -0.382928E-13   0.228939E-01
    674   9155.652118708214   0.340378E-08  -0.154507E-14   0.156015E+00
    675   9155.652118708222  -0.167679E+00  -0.457583E-20  -0.182182E+00
    676   9155.652118708222  -0.933792E-04  -0.101637E-18   0.177319E+00
    677   9155.652118708240  -0.530223E-10  -0.155829E-14  -0.194473E+00
    678   9155.652118708242  -0.206932E-05  -0.412737E-18   0.198096E+00
    679   9155.652118708244   0.250139E-03   0.949583E-20   0.214070E+00
    680   9155.652118708260  -0.319037E-15   0.837705E-14  -0.213843E+00
    681   9211.075985407588  -0.155544E-13   0.678525E-08  -0.391273E+00
    682   9211.075985407593  -0.340810E-09   0.585018E-10  -0.498567E+00
    683   9211.075985407593   0.918723E-11   0.250768E-09  -0.350618E+00
    684   9211.075985407602   0.309934E-10  -0.840850E-10  -0.244671E+00
    685   9211.075985407604  -0.468332E-08  -0.123265E-10  -0.551410E+00
    686   9211.075985407606  -0.773197E-11   0.187162E-08   0.357495E+00
    687   9211.075985407606   0.508190E-08  -0.180060E-11   0.347559E+00
    688   9211.075985407615   0.353027E-07   0.370674E-13   0.183835E+00
    689   9211.075985407617   0.412581E-10   0.424473E-09  -0.452064E-01
    690   9211.075985407619   0.436061E-07  -0.849342E-12   0.198179E+00
    691   9211.075985407622   0.115674E+00   0.343435E-20   0.308949E+00
    692   9211.075985407628  -0.225533E-07   0.440223E-13   0.381535E-01
    693   9211.075985407640   0.461467E-09   0.117591E-10   0.558867E-01
    694   9211.075985407642  -0.761696E-13   0.778398E-10   0.308374E+00
    695   9211.075985407648  -0.737786E-13  -0.434069E-09   0.222619E+00
    696   9211.075985407680   0.841968E-13  -0.642618E-10   0.265105E+00
    697   9314.685733833981   0.560896E-15  -0.103748E-14   0.683772E-01
    698   9314.685733834000   0.253992E-08  -0.148716E-16  -0.750183E-01
    699   9314.685733834009   0.778742E-04  -0.543330E-19   0.607055E-01
    700   9314.685733834012   0.348247E-14  -0.339315E-14  -0.291783E-01
    701   9314.685733834018   0.313655E-04   0.323867E-18   0.106080E+00
    702   9314.685733834025  -0.316522E-12   0.431778E-14  -0.560040E-01
    703   9314.685733834025   0.113813E-06  -0.402687E-18  -0.786787E-01
    704   9314.685733834027  -0.286451E-13  -0.277588E-14   0.140248E+00
    705   9314.685733834036  -0.748764E-06  -0.464371E-17   0.388778E-01
    706   9314.685733834038  -0.396305E-09  -0.858739E-16  -0.961313E-01
    707   9314.685733834038   0.134050E-05  -0.353781E-17   0.141529E+00
    708   9314.685733834049  -0.281508E-12   0.380091E-15   0.291730E-01
    709   9314.685733834058  -0.117643E-13  -0.630094E-15   0.150817E+00
    710   9314.685733834060  -0.115929E-01   0.147393E-20   0.925294E-01
    711   9337.808053077511   0.114794E-40  -0.768473E-04   0.466134E-02
    712   9337.808461437038   0.146370E-05   0.358987E-15   0.574854E-02
    713   9337.808461437044  -0.255373E-07   0.898264E-13   0.927528E-02
    714   9337.808461437049  -0.207720E-07  -0.205796E-12  -0.439002E-02
    715   9337.808461437060   0.492839E-04   0.661104E-16   0.604672E-02
    716   9337.808461437065   0.148932E-02  -0.926184E-19  -0.587466E-02
    717   9337.808461437069   0.119653E-03  -0.466720E-16   0.300795E-02
    718   9337.808461437069  -0.488137E-10   0.177916E-12  -0.479874E-02
    719   9337.808461437075   0.496527E-09  -0.217537E-14  -0.313082E-02
    720   9337.808461437076   0.235955E-11   0.118342E-11   0.452322E-02
    721   9337.808461437078   0.176991E-09  -0.100510E-13   0.455874E-02
    722   9337.808461437085   0.959935E-01   0.723470E-20   0.514024E-02
    723   9337.808461437098   0.130081E-08   0.115569E-13  -0.341669E-02
    724   9337.808461437107  -0.515802E-11   0.126694E-14  -0.337018E-02
    725   9337.808461437111  -0.374176E-07   0.218897E-15  -0.397558E-02
    726   9369.421874015705   0.285410E-34   0.171829E-04   0.947725E-01
    727   9369.421882679457  -0.503378E-06  -0.418595E-17  -0.428240E-01
    728   9369.421882679479  -0.354346E-04  -0.785429E-18   0.875006E-01
    729   9369.421882679484  -0.255906E-14   0.223785E-13  -0.947715E-01
    730   9369.421882679484   0.196532E-05  -0.621898E-16   0.555749E-02
    731   9369.421882679491   0.117472E-05   0.225115E-16  -0.474185E-01
    732   9369.421882679491  -0.387021E-11   0.117808E-14  -0.883700E-01
    733   9369.421882679493  -0.196355E-15  -0.272100E-12   0.860798E-01
    734   9369.421882679499  -0.540544E-05  -0.362808E-16   0.834266E-02
    735   9369.421882679502   0.369495E-05  -0.391855E-16  -0.201455E+00
    736   9369.421882679511   0.240615E-09   0.351841E-15  -0.656825E-01
    737   9369.421882679515   0.751001E-10   0.862624E-15  -0.123387E+00
    738   9369.421882679522   0.592896E-02   0.521060E-20   0.953959E-01
    739   9369.421882679522  -0.181240E-10   0.247070E-15  -0.930184E-01
    740   9369.421882679539   0.167600E-15  -0.280312E-14   0.108297E+00
    741   9498.101761552183   0.199680E-45   0.676222E-04   0.126736E+00
    742   9498.101802295518  -0.670809E-15  -0.384896E-13   0.170445E+00
    743   9498.101802295523   0.125762E-05   0.270704E-12  -0.137242E+00
    744   9498.101802295550  -0.273094E-10  -0.747006E-11   0.276676E-01
    745   9498.101802295552  -0.131631E-08   0.148144E-11  -0.208421E+00
    746   9498.101802295556   0.565148E-06  -0.771024E-13   0.178898E+00
    747   9498.101802295561  -0.395290E-07  -0.386297E-11   0.199125E+00
    748   9498.101802295572  -0.449789E-06   0.369400E-11   0.507223E-01
    749   9498.101802295572   0.440445E-06   0.383734E-11  -0.100479E+00
    750   9498.101802295578   0.181883E-02  -0.736738E-14   0.128402E+00
    751   9498.101802295580   0.119573E-06   0.737971E-11  -0.344565E-01
    752   9498.101802295580  -0.918828E-06  -0.638370E-11  -0.131861E+00
    753   9498.101802295581  -0.204361E+00  -0.228367E-19  -0.125548E+00
    754   9498.101802295585  -0.648862E-06  -0.105791E-10   0.916025E-01
    755   9498.101802295587   0.241027E-06  -0.287165E-11   0.112662E+00
    756   9498.101802295607   0.252764E-10  -0.109560E-12   0.539046E-01
    757   9498.101802295607   0.549170E-08  -0.330978E-13   0.745670E-01
    758   9674.458230850418  -0.880432E-17   0.106552E-05  -0.585152E+00
    759   9674.458230855682   0.349459E-16  -0.385276E-11   0.827913E+00
    760   9674.458230855695   0.470481E-13   0.282808E-12  -0.736971E+00
    761   9674.458230855696  -0.104421E-16   0.376569E-09   0.190779E+00
    762   9674.458230855700   0.281996E-01   0.323171E-20   0.584718E+00
    763   9674.458230855704  -0.122731E-12   0.185081E-11  -0.657826E+00
    764   9674.458230855704   0.395148E-10   0.113772E-13  -0.325780E+00
    765   9674.458230855704   0.175621E-07   0.694435E-18   0.620574E+00
    766   9674.458230855707  -0.158842E-06   0.683755E-19  -0.516393E+00
    767   9674.458230855707   0.520981E-17   0.456035E-09   0.887025E+00
    768   9674.458230855711  -0.774972E-09   0.571460E-16  -0.709948E+00
    769   9674.458230855713   0.100723E-15   0.494220E-09  -0.190168E+00
    770   9674.458230855713   0.152091E-10  -0.191561E-13  -0.736490E+00
    771   9674.458230855713  -0.131830E-12  -0.195313E-12  -0.409538E+00
    772   9674.458230855722  -0.132792E-12  -0.165408E-12  -0.410266E+00
    773   9674.458230855724   0.593290E-17  -0.154003E-09  -0.523266E+00
    774   9674.458230855740   0.254961E-16  -0.242537E-11  -0.439444E+00
    775   9763.675539411000  -0.487150E-87   0.124467E-02   0.517724E+00
    776   9763.681356561143   0.464030E-17  -0.457573E-15  -0.532356E+00
    777   9763.681356561150   0.354126E-14   0.380735E-16   0.519225E+00
    778   9763.681356561152   0.623092E-12   0.212207E-16   0.469782E+00
    779   9763.681356561152  -0.824011E-07   0.389784E-19  -0.522033E+00
    780   9763.681356561161   0.125290E-16   0.193006E-15  -0.455744E+00
    781   9763.681356561163  -0.720362E-18   0.194306E-12   0.329884E+00
    782   9763.681356561168  -0.235022E-10   0.354574E-17   0.497459E+00
    783   9763.681356561172   0.185140E-17  -0.497383E-13  -0.605831E+00
    784   9763.681356561172  -0.139039E-02  -0.169499E-18  -0.507660E+00
    785   9763.681356561174  -0.197530E-09   0.858429E-17  -0.578015E+00
    786   9763.681356561179  -0.232123E-17   0.168714E-13   0.479951E+00
    787   9763.681356561190   0.306417E-17   0.170367E-15   0.552776E+00
    788   9763.681356561197   0.155664E-17  -0.209841E-14  -0.563106E+00
    789   9763.681356561208  -0.163287E+00   0.467404E-20   0.521626E+00
    790   9763.681356561216   0.484028E-17  -0.448068E-15  -0.509300E+00
    791   9763.681356561236   0.227388E-17   0.221600E-14   0.572527E+00
    792   9895.291417888657   0.582619E-15  -0.653683E-12  -0.240145E+00
    793   9895.291417888675  -0.599563E-10  -0.379034E-14  -0.235503E+00
    794   9895.291417888682   0.246734E-12  -0.207805E-12  -0.295335E+00
    795   9895.291417888684   0.275067E-07   0.143419E-14   0.186112E+00
    796   9895.291417888689  -0.101915E-11  -0.180927E-12  -0.134009E+00
    797   9895.291417888689   0.191196E-13  -0.809378E-12   0.227074E+00
    798   9895.291417888693  -0.255118E-12  -0.144300E-10  -0.196811E+00
    799   9895.291417888697   0.113489E-01  -0.613915E-20   0.186490E+00
    800   9895.291417888699   0.244057E-05   0.111342E-16   0.186914E+00
    801   9895.291417888702   0.257739E-08   0.619718E-14  -0.165201E+00
    802   9895.291417888704   0.272122E-11  -0.139926E-11  -0.400719E-01
    803   9895.291417888709  -0.291466E-10   0.107955E-12  -0.936444E-01
    804   9895.291417888709  -0.656312E-03  -0.454186E-19   0.165442E+00
    805   9895.291417888717   0.167349E-12  -0.675229E-11   0.369628E-01
    806   9895.291417888717  -0.223810E-11   0.915781E-12   0.132357E+00
    807   9895.291417888720  -0.361491E-07   0.404623E-15  -0.834261E-01
    808   9895.291417888724   0.585564E-07   0.232904E-15  -0.174882E+00
    809   9895.291417888749  -0.157250E-11  -0.120599E-12  -0.165447E+00
    810   9964.190342899539   0.487488E-80   0.254754E-03   0.307289E-01
    811   9964.190514777645   0.146530E-06   0.486162E-18  -0.286727E-01
    812   9964.190514777660   0.158642E-13  -0.319590E-13   0.326758E-01
    813   9964.190514777672   0.126697E-15  -0.387462E-13   0.483895E-01
    814   9964.190514777674  -0.359629E-10  -0.645495E-15  -0.429057E-01
    815   9964.190514777678   0.677417E-05  -0.637286E-20   0.319008E-01
    816   9964.190514777682   0.135381E-10   0.598304E-16  -0.145611E-01
    817   9964.190514777691  -0.157275E-14   0.493737E-11  -0.189332E-01
    818   9964.190514777696  -0.459062E-15  -0.189936E-11   0.589138E-01
    819   9964.190514777702   0.198823E-07  -0.443830E-16   0.312986E-01
    820   9964.190514777702  -0.473996E-15  -0.182316E-11  -0.589587E-03
    821   9964.190514777705  -0.538526E-10  -0.128647E-13  -0.253942E-01
    822   9964.190514777707   0.433810E-11   0.180136E-13   0.331547E-01
    823   9964.190514777709   0.138290E-15  -0.113625E-10   0.166071E-01
    824   9964.190514777711  -0.992544E-15  -0.662694E-11   0.651199E-02
    825   9964.190514777716   0.609322E-16  -0.148507E-12   0.150376E-02
    826   9964.190514777718  -0.526405E-02   0.493464E-19   0.291197E-01
    827   9964.190514777722   0.887338E-01   0.873665E-20   0.324411E-01
    828   9964.190514777749   0.191607E-10  -0.955756E-16  -0.290992E-01
    829  10133.864096881285   0.373464E-05   0.158936E-15   0.634400E-01
    830  10133.864096881291  -0.970052E-17  -0.133742E-08  -0.415997E-01
    831  10133.864096881296  -0.603951E-12   0.207995E-11   0.107909E+00
    832  10133.864096881303   0.225532E-15   0.848002E-09   0.121373E+00
    833  10133.864096881305  -0.375703E-05   0.111291E-16   0.596444E-02
    834  10133.864096881309   0.254197E-08   0.362575E-12   0.742137E-01
    835  10133.864096881311  -0.368495E-16  -0.876353E-10  -0.762748E-01
    836  10133.864096881312   0.218873E-06  -0.295897E-14  -0.145741E+00
    837  10133.864096881318   0.481378E-07  -0.806888E-12   0.105748E+00
    838  10133.864096881322  -0.225037E-03  -0.141564E-15   0.166561E+00
    839  10133.864096881322   0.342802E-04  -0.120457E-14   0.893846E-02
    840  10133.864096881322  -0.126512E-10   0.986742E-10   0.840739E-01
    841  10133.864096881322   0.242773E-04  -0.517725E-15  -0.885908E-01
    842  10133.864096881329   0.235702E-04   0.105996E-15  -0.106195E+00
    843  10133.864096881332   0.142769E-05   0.408435E-13   0.149573E+00
    844  10133.864096881340  -0.250283E-01  -0.491003E-19  -0.110061E+00
    845  10133.864096881345   0.465152E-07  -0.220701E-13   0.113707E+00
    846  10133.864096881347  -0.428414E-11  -0.520244E-12  -0.132298E+00
    847  10133.864096881351  -0.336061E+00  -0.355644E-20   0.119413E+00
    848  10133.864096881356   0.446299E-14  -0.163499E-10  -0.163430E+00
    849  10133.864096881363   0.243297E-07   0.197437E-13  -0.151888E+00
    850  10499.039794016890   0.157028E-59   0.821599E-05  -0.859371E+00
    851  10499.039794119120   0.506900E-14  -0.267686E-11   0.882033E+00
    852  10499.039794119160   0.119890E-16   0.467007E-09   0.144998E+01
    853  10499.039794119162  -0.690626E-18   0.728813E-10   0.184580E+01
    854  10499.039794119166   0.486564E-18   0.601479E-10  -0.192276E+00
    855  10499.039794119170   0.129845E-09  -0.741719E-17   0.833440E+00
    856  10499.039794119175   0.504145E-17  -0.934268E-10  -0.503164E+00
    857  10499.039794119182   0.388097E-07   0.119908E-17  -0.166285E+00
    858  10499.039794119184  -0.974003E-16  -0.174327E-09   0.129342E+01
    859  10499.039794119186   0.743078E-07  -0.243765E-17   0.112052E+01
    860  10499.039794119191  -0.352059E-14  -0.320346E-11   0.884743E+00
    861  10499.039794119193  -0.192074E-16   0.108098E-08   0.684322E+00
    862  10499.039794119193  -0.221455E-05  -0.129223E-18   0.986823E+00
    863  10499.039794119193   0.241693E-14  -0.275140E-10  -0.512180E-01
    864  10499.039794119200  -0.659407E-17  -0.707769E-09   0.378046E+00
    865  10499.039794119202   0.710080E-03  -0.442215E-20  -0.851906E+00
    866  10499.039794119206   0.965071E-16  -0.144986E-10   0.113352E+01
    867  10499.039794119208   0.645928E-13   0.788046E-12   0.956513E+00
    868  10499.039794119219   0.198358E-17   0.953741E-10   0.151259E+00
    869  10499.039794119222  -0.166948E-17  -0.184626E-09  -0.269371E+00
    870  10499.039794119228  -0.263979E+00   0.426549E-20  -0.861523E+00
    871  10499.039794119231   0.386658E-17   0.296024E-09   0.673195E+00
    872  10499.039794119231   0.360391E-18  -0.207677E-09   0.125080E+00
    873  10499.039794119231   0.739195E-17  -0.661326E-10   0.941910E+00
    874  10499.039794119251   0.256433E-16  -0.374656E-11  -0.177374E-02
    875  11624.110912167487   0.325379E-16   0.139726E-06   0.164002E+00
    876  11624.110912167487  -0.415067E-17  -0.219641E-12  -0.139154E+00
    877  11624.110912167498  -0.290804E-19  -0.285093E-15   0.144136E+00
    878  11624.110912167498   0.373964E-16  -0.384370E-15  -0.162639E+00
    879  11624.110912167504  -0.142607E-16   0.383482E-14   0.178854E+00
    880  11624.110912167505   0.117156E-16   0.280119E-07  -0.213907E+00
    881  11624.110912167511  -0.815083E-17  -0.154726E-08  -0.133058E+00
    882  11624.110912167525   0.154939E-18  -0.534872E-14   0.115722E-01
    883  11624.110912167527  -0.678271E-16  -0.983175E-16   0.152861E+00
    884  11624.110912167529   0.109435E-15   0.210997E-07   0.748991E-01
    885  11624.110912167529  -0.260899E-17  -0.104060E-08  -0.144893E+00
    886  11624.110912167531  -0.233644E-16   0.650006E-11   0.133181E+00
    887  11624.110912167534   0.528398E-01   0.208933E-20   0.129363E+00
    888  11624.110912167538  -0.142300E-17  -0.310733E-08  -0.826728E-01
    889  11624.110912167540   0.350896E-04  -0.317162E-20   0.152394E+00
    890  11624.110912167542  -0.801508E-10   0.214277E-17   0.941490E-01
    891  11624.110912167544  -0.186395E-16  -0.236046E-15  -0.609298E-01
    892  11624.110912167549   0.349096E-05  -0.411975E-18  -0.106377E+00
    893  11624.110912167551   0.360379E-16   0.639578E-08  -0.671799E-01
    894  11624.110912167553   0.194317E-12  -0.308475E-15   0.923542E-01
    895  11624.110912167553  -0.723782E-09   0.410446E-16  -0.235219E+00
    896  11624.110912167556   0.541163E-10   0.784437E-16  -0.113222E+00
    897  11624.110912167564   0.350539E-13  -0.145037E-15   0.126381E+00
    898  11624.110912167573   0.667799E-12  -0.246267E-16  -0.117246E-01
    899  11624.110912167576  -0.342183E-16   0.114556E-08   0.723007E-01
    900  11624.110912167582   0.523016E-12  -0.483321E-16   0.928568E-01
    901  11624.110912167593  -0.205883E-03   0.101411E-18  -0.127649E+00
    902  11624.110912167605   0.868136E-10  -0.287692E-17  -0.130129E+00
    903  11624.110912167618   0.168671E-15   0.189028E-09  -0.133825E+00
    904  11779.038150932769   0.475114E-16  -0.116431E-15  -0.204535E+00
    905  11779.038150932785   0.204508E-16   0.122984E-06   0.144602E-01
    906  11779.038150932789   0.131082E-07   0.713479E-18   0.206538E+00
    907  11779.038150932794  -0.590339E-16  -0.284230E-16   0.169835E+00
    908  11779.038150932794  -0.355076E-16   0.138276E-06  -0.280272E+00
    909  11779.038150932798  -0.303235E-16  -0.112166E-11  -0.227347E+00
    910  11779.038150932805   0.538963E-13   0.445402E-16  -0.211958E+00
    911  11779.038150932811  -0.558653E-16  -0.283273E-16   0.276448E+00
    912  11779.038150932811   0.110746E-18  -0.230466E-15  -0.276914E+00
    913  11779.038150932816  -0.476276E-16   0.309713E-15   0.229799E+00
    914  11779.038150932816  -0.694118E-15   0.571322E-15   0.194863E+00
    915  11779.038150932822   0.108076E-02  -0.576058E-19   0.247034E+00
    916  11779.038150932831  -0.612294E-04  -0.741139E-19  -0.204901E+00
    917  11779.038150932833   0.899557E-18   0.404197E-15   0.181438E-01
    918  11779.038150932833  -0.309510E-10  -0.168969E-14   0.179268E+00
    919  11779.038150932833  -0.512946E-02  -0.460335E-21  -0.149355E+00
    920  11779.038150932844   0.391834E-09   0.261227E-15  -0.249914E+00
    921  11779.038150932844   0.146902E-16   0.176807E-15   0.939985E-01
    922  11779.038150932845   0.377854E-16  -0.320091E-10   0.919188E-02
    923  11779.038150932847   0.186619E-16  -0.896575E-16  -0.230522E+00
    924  11779.038150932851   0.185948E-10  -0.238285E-15  -0.139851E+00
    925  11779.038150932851   0.420736E-17  -0.494838E-10   0.346283E+00
    926  11779.038150932856   0.138338E-16   0.179625E-10   0.754093E-01
    927  11779.038150932856  -0.769502E-17   0.159671E-10   0.330355E-01
    928  11779.038150932858  -0.126906E-04   0.134835E-19  -0.180422E+00
    929  11779.038150932858   0.281049E-16   0.135303E-12   0.238261E+00
    930  11779.038150932874  -0.305174E-17  -0.331343E-15   0.117308E+00
    931  11779.038150932882   0.221783E-19  -0.159721E-11  -0.227670E+00
    932  11779.038150932887   0.259501E-10   0.345005E-16  -0.206669E+00
    933  11994.686631106099   0.273998E-19  -0.828320E-10  -0.252153E+00
    934  11994.686631106113  -0.761833E-21   0.763062E-09   0.621339E+00
    935  11994.686631106115   0.243848E-15   0.174730E-15  -0.322310E+00
    936  11994.686631106119  -0.239882E-21  -0.993064E-08  -0.283521E+00
    937  11994.686631106122  -0.223877E-19   0.326851E-09  -0.203416E+00
    938  11994.686631106122   0.357324E-19   0.344950E-09   0.623975E-01
    939  11994.686631106131  -0.239228E-20  -0.114340E-08   0.176740E+00
    940  11994.686631106139   0.628748E-20   0.945077E-09  -0.818524E-01
    941  11994.686631106144   0.610181E-08   0.135601E-18   0.348325E+00
    942  11994.686631106148  -0.341890E-02   0.325983E-19  -0.246377E+00
    943  11994.686631106149  -0.708300E-13  -0.958201E-16  -0.291671E+00
    944  11994.686631106149   0.644538E-16  -0.584956E-10   0.171052E+00
    945  11994.686631106151  -0.195961E-20   0.171444E-08  -0.149502E+00
    946  11994.686631106153  -0.877148E-17   0.831978E-10   0.244154E+00
    947  11994.686631106153  -0.931077E-12  -0.495689E-16   0.206144E+00
    948  11994.686631106153   0.154582E+00   0.105806E-19   0.234191E+00
    949  11994.686631106159   0.425639E-18   0.175001E-10   0.280469E+00
    950  11994.686631106162   0.170210E-17   0.229686E-08  -0.103801E+00
    951  11994.686631106162   0.144553E-15   0.273292E-15  -0.266524E+00
    952  11994.686631106164   0.170614E-17  -0.199277E-09  -0.160264E-02
    953  11994.686631106166  -0.426390E-12  -0.351416E-15   0.167928E+00
    954  11994.686631106168   0.195784E-06   0.132194E-17  -0.206345E+00
    955  11994.686631106171  -0.556547E-17  -0.220483E-11  -0.155485E+00
    956  11994.686631106171  -0.321246E-13  -0.558728E-16   0.274806E+00
    957  11994.686631106171   0.184476E-06  -0.132149E-17  -0.170895E+00
    958  11994.686631106189  -0.938158E-16   0.204138E-10   0.147547E+00
    959  11994.686631106200   0.688215E-06  -0.100125E-18  -0.211669E+00
    960  11994.686631106209   0.129620E-16   0.588142E-11   0.233394E+00
    961  11994.686631106209   0.352649E-16   0.679877E-13   0.164242E+00
    962  11994.686631106213   0.719994E-05   0.327742E-19   0.239750E+00
    963  11994.686631106222   0.628903E-19   0.267274E-13   0.186060E+00
    964  11994.686631106239   0.139343E-12  -0.108007E-16   0.209452E+00
    965  12515.776015832920   0.228937-260   0.208807E-15   0.226606E+00
    966  12515.776015832940   0.000000E+00   0.340633E-15   0.637830E-01
    967  12515.776015832957   0.000000E+00   0.245613E-15  -0.638323E-01
    968  12515.776015832960   0.000000E+00   0.573884E-13   0.111038E+00
    969  12515.776015832962   0.000000E+00   0.607737E-15   0.169644E+00
    970  12515.776015832966   0.000000E+00   0.127351E-14   0.773158E-01
    971  12515.776015832971   0.474421E-05  -0.417142E-19   0.222870E+00
    972  12515.776015832973  -0.880404E-83  -0.314705E-15  -0.287701E+00
    973  12515.776015832973   0.000000E+00   0.123823E-13   0.336837E+00
    974  12515.776015832973   0.000000E+00  -0.275578E-13  -0.114885E+00
    975  12515.776015832975   0.522261-127   0.838732E-17   0.261293E+00
    976  12515.776015832977  -0.178661E-75  -0.881428E-17  -0.228902E+00
    977  12515.776015832980   0.886477-295  -0.155019E-15   0.235838E+00
    978  12515.776015832982   0.000000E+00  -0.461063E-16  -0.164570E+00
    979  12515.776015832993  -0.000000E+00  -0.121739E-15   0.889858E-01
    980  12515.776015832993   0.000000E+00   0.376017E-14   0.339628E+00
    981  12515.776015833000  -0.711054E-07   0.385691E-18   0.268337E+00
    982  12515.776015833004  -0.000000E+00  -0.294270E-15   0.288075E+00
    983  12515.776015833006   0.160379E-07   0.153907E-17   0.209744E+00
    984  12515.776015833007  -0.000000E+00   0.182099E-15   0.141008E+00
    985  12515.776015833007   0.226867E-81   0.113496E-15  -0.173477E+00
    986  12515.776015833011   0.000000E+00  -0.242374E-15   0.391860E+00
    987  12515.776015833013   0.272274-201  -0.139854E-15   0.209257E+00
    988  12515.776015833017   0.329767-278  -0.927898E-16  -0.226606E+00
    989  12515.776015833018  -0.169961E-08  -0.401637E-17   0.193888E+00
    990  12515.776015833020   0.863677E-79  -0.191086E-15  -0.358241E+00
    991  12515.776015833022   0.303376E-80   0.380700E-16  -0.205970E+00
    992  12515.776015833024   0.369133-296  -0.157883E-16  -0.216982E+00
    993  12515.776015833024   0.000000E+00   0.210307E-15   0.360891E+00
    994  12515.776015833027   0.159183E-77  -0.509935E-16  -0.227056E+00
    995  12515.776015833029  -0.634053E-78  -0.178278E-15   0.538801E-01
    996  12515.776015833029  -0.651068E-01  -0.841786E-21  -0.220002E+00
    997  12515.776015833037  -0.183005E-02   0.147021E-19  -0.237570E+00
    998  12515.776015833055  -0.142875E-80  -0.540201E-16   0.217784E+00
    999  12515.776015833075   0.107677E-78  -0.772826E-16   0.177972E+00
   1000  12515.776015833077   0.254561E-81  -0.192960E-15  -0.185891E+00
