 nr2,nr1=           5           5
 r1e,r2e=    0.0000000000000000        0.0000000000000000     
           1 -0.99004975124378114        27199.186875983232     
           2 -0.98009950248756228        26845.048142136184     
           3 -0.97014925373134342        26490.467103949224     
           4 -0.96019900497512456        26135.473728578960     
           5 -0.95024875621890570        25780.098807699316     
           6 -0.94029850746268684        25424.373978491578     
           7 -0.93034825870646798        25068.331745169326     
           8 -0.92039800995024912        24712.005501048010     
           9 -0.91044776119403026        24355.429551168923     
          10 -0.90049751243781140        23998.639135486890     
          11 -0.89054726368159254        23641.670452631457     
          12 -0.88059701492537368        23284.560684250486     
          13 -0.87064676616915482        22927.348019945923     
          14 -0.86069651741293596        22570.071682809925     
          15 -0.85074626865671710        22212.771955571297     
          16 -0.84079601990049824        21855.490207359733     
          17 -0.83084577114427938        21498.268921097184     
          18 -0.82089552238806052        21141.151721523973     
          19 -0.81094527363184166        20784.183403867934     
          20 -0.80099502487562280        20427.409963164024     
          21 -0.79104477611940394        20070.878624231736     
          22 -0.78109452736318508        19714.637872317395     
          23 -0.77114427860696622        19358.737484407971     
          24 -0.76119402985074736        19003.228561222648     
          25 -0.75124378109452850        18648.163559888100     
          26 -0.74129353233830964        18293.596327302803     
          27 -0.73134328358209078        17939.582134195472     
          28 -0.72139303482587191        17586.177709882344     
          29 -0.71144278606965305        17233.441277726997     
          30 -0.70149253731343419        16881.432591306653     
          31 -0.69154228855721533        16530.212971287641     
          32 -0.68159203980099647        16179.845343012776     
          33 -0.67164179104477761        15830.394274802537     
          34 -0.66169154228855875        15481.926016971051     
          35 -0.65174129353233989        15134.508541558074     
          36 -0.64179104477612103        14788.211582776778     
          37 -0.63184079601990217        14443.106678176926     
          38 -0.62189054726368331        14099.267210522246     
          39 -0.61194029850746445        13756.768450380347     
          40 -0.60199004975124559        13415.687599422636     
          41 -0.59203980099502673        13076.103834431244     
          42 -0.58208955223880787        12738.098352009183     
          43 -0.57213930348258901        12401.754413989634     
          44 -0.56218905472637015        12067.157393539252     
          45 -0.55223880597015129        11734.394821949958     
          46 -0.54228855721393243        11403.556436113438     
          47 -0.53233830845771357        11074.734226671573     
          48 -0.52238805970149471        10748.022486835758     
          49 -0.51243781094527585        10423.517861867749     
          50 -0.50248756218905699        10101.319399214228     
          51 -0.49253731343283808        9781.5285992869049     
          52 -0.48258706467661916        9464.2494668799809     
          53 -0.47263681592040024        9149.5885632164864     
          54 -0.46268656716418133        8837.6550586153080     
          55 -0.45273631840796241        8528.5607857704090     
          56 -0.44278606965174350        8222.4202936347101     
          57 -0.43283582089552458        7919.3509019007797     
          58 -0.42288557213930567        7619.4727560717774     
          59 -0.41293532338308675        7322.9088831166891     
          60 -0.40298507462686783        7029.7852477047572     
          61 -0.39303482587064892        6740.2308090158376     
          62 -0.38308457711443000        6454.3775781245640     
          63 -0.37313432835821109        6172.3606759583517     
          64 -0.36318407960199217        5894.3183918318218     
          65 -0.35323383084577326        5620.3922425620294     
          66 -0.34328358208955434        5350.7270321732458     
          67 -0.33333333333333542        5085.4709122023705     
          68 -0.32338308457711651        4824.7754426209167     
          69 -0.31343283582089759        4568.7956533937177     
          70 -0.30348258706467868        4317.6901066999380     
          71 -0.29353233830845976        4071.6209598477535     
          72 -0.28358208955224085        3830.7540289206027     
          73 -0.27363184079602193        3595.2588532006162     
          74 -0.26368159203980301        3365.3087604225288     
          75 -0.25373134328358410        3141.0809329212589     
          76 -0.24378109452736518        2922.7564747459096     
          77 -0.23383084577114627        2710.5204798246455     
          78 -0.22388059701492735        2504.5621012772212     
          79 -0.21393034825870844        2305.0746219857783     
          80 -0.20398009950248952        2112.2555265495707     
          81 -0.19402985074627060        1926.3065747662988     
          82 -0.18407960199005169        1747.4338768006039     
          83 -0.17412935323383277        1575.8479702207651     
          84 -0.16417910447761386        1411.7638991063895     
          85 -0.15422885572139494        1255.4012954541254     
          86 -0.14427860696517603        1106.9844631345547     
          87 -0.13432835820895711        966.74246468216506     
          88 -0.12437810945273821        834.90921123149667     
          89 -0.11442786069651931        711.72355594677674     
          90 -0.10447761194030040        597.42939132889865     
          91 -9.45273631840815032E-002   492.27575082442911     
          92 -8.45771144278626014E-002   396.51691520444228     
          93 -7.46268656716436996E-002   310.41252422866057     
          94 -6.46766169154247977E-002   234.22769416160466     
          95 -5.47263681592058959E-002   168.23314176315213     
          96 -4.47761194029869941E-002   112.70531543598877     
          97 -3.48258706467680923E-002   67.926534277744182     
          98 -2.48756218905491870E-002   34.185135855798620     
          99 -1.49253731343302817E-002   11.775633598983239     
         100 -4.97512437811137645E-003  0.99888478240605938     
         101  4.97512437810752883E-003   2.1622701702535352     
         102  1.49253731343264341E-002   15.579886477019116     
         103  2.48756218905453394E-002   41.572752910538810     
         104  3.48258706467642482E-002   80.469033171204089     
         105  4.47761194029831500E-002   132.60427440117951     
         106  5.47263681592020518E-002   198.32166470597613     
         107  6.46766169154209536E-002   277.97231100914991     
         108  7.46268656716398554E-002   371.91553914941960     
         109  8.45771144278587572E-002   480.51921828952032     
         110  9.45273631840776590E-002   604.16011187762888     
         111  0.10447761194029656        743.22425758671363     
         112  0.11442786069651546        898.10737885494439     
         113  0.12437810945273436        1069.2153308628074     
         114  0.13432835820895328        1256.9645840102153     
         115  0.14427860696517220        1461.7827482011910     
         116  0.15422885572139111        1684.1091415055785     
         117  0.16417910447761003        1924.3954070475143     
         118  0.17412935323382894        2183.1061822710203     
         119  0.18407960199004786        2460.7198250547340     
         120  0.19402985074626677        2757.7292014920813     
         121  0.20398009950248569        3074.6425405217456     
         122  0.21393034825870461        3411.9843609875657     
         123  0.22388059701492352        3770.2964771283669     
         124  0.23383084577114244        4150.1390889494824     
         125  0.24378109452736135        4552.0919644087789     
         126  0.25373134328358027        4976.7557208656435     
         127  0.26368159203979918        5424.7532137909484     
         128  0.27363184079601810        5896.7310413233854     
         129  0.28358208955223702        6393.3611738853033     
         130  0.29353233830845593        6915.3427187402385     
         131  0.30348258706467485        7463.4038300890661     
         132  0.31343283582089376        8038.3037760646966     
         133  0.32338308457711268        8640.8351747978359     
         134  0.33333333333333159        9271.8264125942278     
         135  0.34328358208955051        9932.1442581892115     
         136  0.35323383084576943        10622.696688030797     
         137  0.36318407960198834        11344.435938593620     
         138  0.37313432835820726        12098.361802846963     
         139  0.38308457711442617        12885.525189192020     
         140  0.39303482587064509        13707.031962455560     
         141  0.40298507462686400        14564.047087880434     
         142  0.41293532338308292        15457.799100494492     
         143  0.42288557213930184        16389.584923774826     
         144  0.43283582089552075        17360.775063156110     
         145  0.44278606965173967        18372.819201671125     
         146  0.45273631840795858        19427.252226860961     
         147  0.46268656716417750        20525.700720058809     
         148  0.47263681592039641        21669.889941245670     
         149  0.48258706467661533        22861.651344900307     
         150  0.49253731343283425        24102.930664634270     
         151  0.50248756218905311        25395.796606917029     
         152  0.51243781094527197        26742.450196872189     
         153  0.52238805970149083        28145.234821968239     
         154  0.53233830845770969        29606.647022447185     
         155  0.54228855721392855        31129.348080545366     
         156  0.55223880597014741        32716.176463969870     
         157  0.56218905472636627        34370.161182715827     
         158  0.57213930348258513        36094.536122156846     
         159  0.58208955223880399        37892.755419426532     
         160  0.59203980099502285        39768.509954444533     
         161  0.60199004975124171        41725.745031547078     
         162  0.61194029850746057        43768.679332568834     
         163  0.62189054726367943        45901.825227411355     
         164  0.63184079601989829        48130.010533636560     
         165  0.64179104477611715        50458.401822469976     
         166  0.65174129353233601        52892.529374790618     
         167  0.66169154228855487        55438.313897264612     
         168  0.67164179104477373        58102.095115749784     
         169  0.68159203980099259        60890.662370497907     
         170  0.69154228855721145        63811.287345523502     
         171  0.70149253731343031        66871.759072826957     
         172  0.71144278606964917        70080.421360976805     
         173  0.72139303482586803        73446.212806903961     
         174  0.73134328358208689        76978.709559672265     
         175  0.74129353233830575        80688.171015490589     
         176  0.75124378109452461        84585.588634361251     
         177  0.76119402985074347        88682.738080558716     
         178  0.77114427860696233        92992.234901621603     
         179  0.78109452736318119        97527.593973790907     
         180  0.79104477611940005        102303.29295584351     
         181  0.80099502487561891        107334.84000813430     
         182  0.81094527363183777        112638.84604938982     
         183  0.82089552238805663        118233.10184046325     
         184  0.83084577114427549        124136.66020190778     
         185  0.84079601990049435        130369.92369090517     
         186  0.85074626865671321        136954.73808287570     
         187  0.86069651741293207        143914.49202402835     
         188  0.87064676616915093        151274.22324328963     
         189  0.88059701492536979        159060.73173550333     
         190  0.89054726368158865        167302.70035263157     
         191  0.90049751243780751        176030.82326597191     
         192  0.91044776119402637        185277.94279020737     
         193  0.92039800995024523        195079.19508953809     
         194  0.93034825870646409        205472.16531727090     
         195  0.94029850746268295        216497.05277318257     
         196  0.95024875621890181        228196.84669781112     
         197  0.96019900497512067        240617.51335967719     
         198  0.97014925373133953        253808.19513042254     
         199  0.98009950248755839        267821.42228406429     
         200  0.99004975124377725        282713.33830016712     
  dd   1905.7255392142388        5652.0578629190877        9314.2577549523448        12893.196794585230        16391.111218890583        19822.252433736376        23250.925773418992        26819.251066088793        30666.366980078314        34845.240205758855     
  xrad2 -0.49534800956880437      -0.28176010254244771      -9.93442430289176448E-002  7.38048499702545768E-002  0.25534269988242320     
           1 -0.99004975124378114        169725.33247468108     
           2 -0.98009950248756228        161144.58818053265     
           3 -0.97014925373134342        153070.04342840597     
           4 -0.96019900497512456        145468.93293402967     
           5 -0.95024875621890570        138310.61523505423     
           6 -0.94029850746268684        131566.43985816758     
           7 -0.93034825870646798        125209.62245390797     
           8 -0.92039800995024912        119215.12744069955     
           9 -0.91044776119403026        113559.55772499458     
          10 -0.90049751243781140        108221.05108840510     
          11 -0.89054726368159254        103179.18285544431     
          12 -0.88059701492537368        98414.874477001387     
          13 -0.87064676616915482        93910.307685050269     
          14 -0.86069651741293596        89648.843893362442     
          15 -0.85074626865671710        85614.948537222648     
          16 -0.84079601990049824        81794.120062415357     
          17 -0.83084577114427938        78172.823290058514     
          18 -0.82089552238806052        74738.426899306083     
          19 -0.81094527363184166        71479.144784540054     
          20 -0.80099502487562280        68383.981057475874     
          21 -0.79104477611940394        65442.678477661044     
          22 -0.78109452736318508        62645.670107183672     
          23 -0.77114427860696622        59984.033997071441     
          24 -0.76119402985074736        57449.450723884926     
          25 -0.75124378109452850        55034.163605422778     
          26 -0.74129353233830964        52730.941434300126     
          27 -0.73134328358209078        50533.043577457880     
          28 -0.72139303482587191        48434.187298439341     
          29 -0.71144278606965305        46428.517167570499     
          30 -0.70149253731343419        44510.576433006921     
          31 -0.69154228855721533        42675.280233009056     
          32 -0.68159203980099647        40917.890536787461     
          33 -0.67164179104477761        39233.992707852165     
          34 -0.66169154228855875        37619.473590017718     
          35 -0.65174129353233989        36070.501022088261     
          36 -0.64179104477612103        34583.504692784350     
          37 -0.63184079601990217        33155.158252698624     
          38 -0.62189054726368331        31782.362604998678     
          39 -0.61194029850746445        30462.230301242307     
          40 -0.60199004975124559        29192.070973056867     
          41 -0.59203980099502673        27969.377734568297     
          42 -0.58208955223880787        26791.814494363298     
          43 -0.57213930348258901        25657.204119442198     
          44 -0.56218905472637015        24563.517397084059     
          45 -0.55223880597015129        23508.862743808819     
          46 -0.54228855721393243        22491.476613696970     
          47 -0.53233830845771357        21509.714561224064     
          48 -0.52238805970149471        20562.042916497969     
          49 -0.51243781094527585        19647.031033355172     
          50 -0.50248756218905699        18763.344073195985     
          51 -0.49253731343283808        17909.736289715558     
          52 -0.48258706467661916        17085.044781834393     
          53 -0.47263681592040024        16288.183684152506     
          54 -0.46268656716418133        15518.138766151049     
          55 -0.45273631840796241        14773.962413155354     
          56 -0.44278606965174350        14054.768963755832     
          57 -0.43283582089552458        13359.730379966571     
          58 -0.42288557213930567        12688.072227890831     
          59 -0.41293532338308675        12039.069948063308     
          60 -0.40298507462686783        11412.045395955525     
          61 -0.39303482587064892        10806.363634369434     
          62 -0.38308457711443000        10221.429960608000     
          63 -0.37313432835821109        9656.6871524049984     
          64 -0.36318407960199217        9111.6129176252543     
          65 -0.35323383084577326        8585.7175337112203     
          66 -0.34328358208955434        8078.5416637608205     
          67 -0.33333333333333542        7589.6543369722622     
          68 -0.32338308457711651        7118.6510819940713     
          69 -0.31343283582089759        6665.1522024689921     
          70 -0.30348258706467868        6228.8011847681119     
          71 -0.29353233830845976        5809.2632285733280     
          72 -0.28358208955224085        5406.2238915901671     
          73 -0.27363184079602193        5019.3878402569835     
          74 -0.26368159203980301        4648.4776988656495     
          75 -0.25373134328358410        4293.2329900240857     
          76 -0.24378109452736518        3953.4091598753339     
          77 -0.23383084577114627        3628.7766819419867     
          78 -0.22388059701492735        3319.1202338914950     
          79 -0.21393034825870844        3024.2379419192316     
          80 -0.20398009950248952        2743.9406878221253     
          81 -0.19402985074627060        2478.0514741904044     
          82 -0.18407960199005169        2226.4048434773308     
          83 -0.17412935323383277        1988.8463470198724     
          84 -0.16417910447761386        1765.2320603782234     
          85 -0.15422885572139494        1555.4281416391452     
          86 -0.14427860696517603        1359.3104295902101     
          87 -0.13432835820895711        1176.7640789182290     
          88 -0.12437810945273821        1007.6832298187985     
          89 -0.11442786069651931        851.97070962408975     
          90 -0.10447761194030040        709.53776426524689     
          91 -9.45273631840815032E-002   580.30381758349688     
          92 -8.45771144278626014E-002   464.19625669313228     
          93 -7.46268656716436996E-002   361.15024177882611     
          94 -6.46766169154247977E-002   271.10853888150797     
          95 -5.47263681592058959E-002   194.02137439152511     
          96 -4.47761194029869941E-002   129.84631012585004     
          97 -3.48258706467680923E-002   78.548138018536179     
          98 -2.48756218905491870E-002   40.098793601352270     
          99 -1.49253731343302817E-002   14.477287594752918     
         100 -4.97512437811137645E-003   1.6696550695902870     
         101  4.97512437810752883E-003   1.6689217770836298     
         102  1.49253731343264341E-002   14.475087379973846     
         103  2.48756218905453394E-002   40.095125451570077     
         104  3.48258706467642482E-002   78.543000242712964     
         105  4.47761194029831500E-002   129.83970034986172     
         106  5.47263681592020518E-002   194.01328955144436     
         107  6.46766169154209536E-002   271.09897521485192     
         108  7.46268656716398554E-002   361.13919481377206     
         109  8.45771144278587572E-002   464.18372123553974     
         110  9.45273631840776590E-002   580.28978770168601     
         111  0.10447761194029656        709.52223327242973     
         112  0.11442786069651546        851.95367005829416     
         113  0.12437810945273436        1007.6646734201618     
         114  0.13432835820895328        1176.7439966034826     
         115  0.14427860696517220        1359.2888114241659     
         116  0.15422885572139111        1555.4049768030266     
         117  0.16417910447761003        1765.2073371345671     
         118  0.17412935323382894        1988.8200526738026     
         119  0.18407960199004786        2226.3769643338483     
         120  0.19402985074626677        2478.0219955075572     
         121  0.20398009950248569        2743.9095937596253     
         122  0.21393034825870461        3024.2052154821999     
         123  0.22388059701492352        3319.0858568689632     
         124  0.23383084577114244        3628.7406348398372     
         125  0.24378109452736135        3953.3714218431860     
         126  0.25373134328358027        4293.1935387755420     
         127  0.26368159203979918        4648.4365105917659     
         128  0.27363184079601810        5019.3448895319898     
         129  0.28358208955223702        5406.1791512692498     
         130  0.29353233830845593        5809.2166696816257     
         131  0.30348258706467485        6228.7527763803128     
         132  0.31343283582089376        6665.1019115789122     
         133  0.32338308457711268        7118.5988733734112     
         134  0.33333333333333159        7589.6001730178514     
         135  0.34328358208955051        8078.4855043291382     
         136  0.35323383084576943        8585.6593359398139     
         137  0.36318407960198834        9111.5526357396193     
         138  0.37313432835820726        9656.6247375101666     
         139  0.38308457711442617        10221.365360463462     
         140  0.39303482587064509        10806.296793146637     
         141  0.40298507462686400        11411.976253976107     
         142  0.41293532338308292        12038.998441517293     
         143  0.42288557213930184        12687.998288532879     
         144  0.43283582089552075        13359.653934789232     
         145  0.44278606965173967        14054.689934637665     
         146  0.45273631840795858        14773.880716482607     
         147  0.46268656716417750        15518.054312410799     
         148  0.47263681592039641        16288.096377495449     
         149  0.48258706467661533        17084.954519605340     
         150  0.49253731343283425        17909.642961948895     
         151  0.50248756218905311        18763.247562074521     
         152  0.51243781094527197        19646.931212629195     
         153  0.52238805970149083        20561.939650862307     
         154  0.53233830845770969        21509.607705650298     
         155  0.54228855721392855        22491.366012717415     
         156  0.55223880597014741        23508.748230749919     
         157  0.56218905472636627        24563.398793244800     
         158  0.57213930348258513        25657.081233215184     
         159  0.58208955223880399        26791.687120293587     
         160  0.59203980099502285        27969.245652346970     
         161  0.60199004975124171        29191.933946444500     
         162  0.61194029850746057        30462.088076918077     
         163  0.62189054726367943        31782.214911330331     
         164  0.63184079601989829        33155.004798428505     
         165  0.64179104477611715        34583.345165626219     
         166  0.65174129353233601        36070.335087228646     
         167  0.66169154228855487        37619.300888516984     
         168  0.67164179104477373        39233.812854937896     
         169  0.68159203980099259        40917.703120034836     
         170  0.69154228855721145        42675.084810399690     
         171  0.70149253731343031        44510.372530860455     
         172  0.71144278606964917        46428.304278339965     
         173  0.72139303482586803        48433.964878362480     
         174  0.73134328358208689        50532.811044056238     
         175  0.74129353233830575        52730.698163715773     
         176  0.75124378109452461        55033.908929583886     
         177  0.76119402985074347        57449.183927490514     
         178  0.77114427860696233        59983.754314382662     
         179  0.78109452736318119        62645.376718612628     
         180  0.79104477611940005        65442.370506144434     
         181  0.80099502487561891        68383.657564620502     
         182  0.81094527363183777        71478.804766527828     
         183  0.82089552238805663        74738.069282544675     
         184  0.83084577114427549        78172.446926562785     
         185  0.84079601990049435        81793.723724905009     
         186  0.85074626865671321        85614.530913919865     
         187  0.86069651741293207        89648.403582472165     
         188  0.87064676616915093        93909.843188907820     
         189  0.88059701492536979        98414.384195864754     
         190  0.89054726368158865        103178.66508091803     
         191  0.90049751243780751        108220.50399646857     
         192  0.91044776119402637        113558.97936861961     
         193  0.92039800995024523        119214.51574203209     
         194  0.93034825870646409        125208.97519599090     
         195  0.94029850746268295        131565.75467618176     
         196  0.95024875621890181        138309.88960705212     
         197  0.96019900497512067        145468.16417113459     
         198  0.97014925373133953        153069.22866444985     
         199  0.98009950248755839        161143.72436110585     
         200  0.99004975124377725        169724.41634556078     
  dd   1994.7115129577890        6028.5217502778269        10154.826218586395        14380.787329553386        18713.879168772470        23161.458778733806        27730.421109667826        32426.958666669394        37256.426838199550        42223.300116683837     
  xrad2 -0.34049789319947821      -0.16252025079595880       5.56488019937129343E-007  0.16252136271517631       0.34049900166834984     
 vmin=  1.65670260480604717E-003
  7.38048499702545768E-002  5.56488019937129343E-007
 vmin(cm-1)=   363.60419348035435     
 initial state
  propagation begin
      1     0.0730447380717     0.0299347106378    -0.1687849750643
      2     0.0934566127889     0.0354609687908     1.6514295559320
      3     0.0719340990933     0.0263199526565    -1.4897412673081
      4     0.0655709854207     0.0313205679297     2.3907499898472
      5     0.0745297620553     0.0312504367531    -1.7374715187611
      6     0.0807510896261     0.0325208082832     0.6625457773918
      7     0.0922245314974     0.0293248146109    -0.1913319392767
      8     0.0964177888844     0.0177661725114    -0.1614581398896
      9     0.0999979865642     0.0133184643243    -0.1415076347632
     10     0.0815751517643     0.0135416209806     0.1130632569570
     11     0.0680244162296     0.0279068492141     0.3601712713665
     12     0.0728947628311     0.0218809212626    -0.4154000375568
     13     0.0789460078464     0.0091592954518    -0.3243674858442
     14     0.0820152253517     0.0172793955177     1.1849180172389
     15     0.0695555802261     0.0152182609073    -1.7401398420534
     16     0.0846806390188     0.0152894708509     1.3855809992042
     17     0.0833505437161     0.0139873257883    -0.5537466723739
     18     0.0862043236545     0.0132764211578     0.4600616151419
     19     0.0810405133874     0.0124424863223    -0.1777148008652
     20     0.0818832863019     0.0071981493605     1.2322768919446
     21     0.0656455278535     0.0136755122856    -0.6628516977789
     22     0.0713393351824     0.0093834800500     0.4156132072187
     23     0.0700376135574     0.0045533458944    -0.0861407889795
     24     0.0814115266478     0.0020637319202     0.9007426090676
     25     0.0684086962704     0.0000152764009    -0.7061419135191
