   kl=        1000
 kl,ierr=        1000           0
      1   4645.686987654243   0.535301E-04  -0.425715E-11  -0.114519E+03
      2   4645.686987656193  -0.811670E-03  -0.720312E-12  -0.592166E+02
      3   4645.686987657436  -0.123396E-02   0.289425E-12   0.196501E+03
      4   6228.217785564103  -0.258039E-03  -0.323588E-12   0.408934E+01
      5   6228.217785565499   0.865254E-04  -0.964848E-12   0.203555E+01
      6   6228.346533010754  -0.125638E-15   0.220293E-03  -0.328008E+01
      7   7777.701764949980  -0.142551E-03   0.236827E-11  -0.937650E+02
      8   7777.701766262772  -0.614752E-09  -0.549209E-06   0.937643E+02
      9   8302.771560121231  -0.348265E-02   0.490471E-10  -0.432406E+02
     10   8302.771564021596  -0.359296E-06  -0.475419E-06   0.432318E+02
     11   8388.300713771405   0.554278E-05  -0.253230E-14   0.395780E-05
     12   8900.083894779867   0.220703E-16   0.139934E-01  -0.361368E+01
     13   9313.575550838690   0.259668E-02  -0.718649E-12   0.194895E+00
     14   9313.710324890044  -0.562930E-11  -0.331938E-03   0.283115E+00
     15   9870.511201728365   0.254726E-03  -0.304260E-12   0.595643E+00
     16   9927.307523069603  -0.174313E-02  -0.547894E-13  -0.430628E-05
     17  10885.420468187262   0.806170E-03  -0.805376E-11   0.675874E+02
     18  11415.222563797870  -0.254775E-02  -0.834824E-08   0.262134E+02
     19  11434.844642999089   0.189519E-03  -0.138382E-06   0.211637E-04
     20  11845.001267974181   0.415965E-03   0.129832E-05  -0.134826E+03
     21  11882.669056833140  -0.309345E-02   0.240680E-06  -0.113428E-04
     22  12066.453519188764   0.154277E-02   0.226302E-06   0.505664E+02
     23  12536.010859393198  -0.112893E-02   0.111805E-05   0.572786E+01
     24  12929.852886032415   0.430441E-03   0.126854E-03  -0.482336E-01
     25  12993.413100967357  -0.850748E-03   0.935972E-04  -0.507229E+01
     26  13391.301915396467  -0.275640E-02  -0.186683E-03  -0.226027E+01
     27  13479.173137376398  -0.260857E-03   0.395759E-02  -0.130638E+01
     28  13573.262017397625   0.798732E-03   0.749095E-03   0.425560E+00
     29  14214.658421645698   0.300826E-02  -0.146472E-03  -0.356731E+02
     30  14466.692101124863  -0.152919E-02  -0.878371E-03   0.232414E+00
     31  14750.643908236147   0.415971E-02  -0.891651E-03   0.286928E+01
     32  14925.444135468337  -0.502100E-02  -0.898086E-03  -0.146822E+02
     33  15233.507717366907   0.204044E-02  -0.153122E-02  -0.198432E+02
     34  15642.793852542933  -0.245377E-02  -0.155925E-02  -0.340810E+01
     35  15921.308430487270   0.261757E-02  -0.167824E-02  -0.168481E+01
     36  16360.014439082906  -0.170530E-02  -0.338950E-02  -0.271329E+01
     37  16625.602286406000   0.170236E-02  -0.379104E-02  -0.104339E+01
     38  16988.483969303303  -0.264265E-02  -0.148880E-02  -0.185333E+01
     39  17678.777978114678   0.156331E-02  -0.429691E-02   0.723227E+01
     40  17996.685960391540  -0.363553E-02  -0.352918E-02   0.431181E+02
     41  18377.763473824845   0.372108E-02  -0.448590E-02   0.854386E+02
     42  18770.070982880232  -0.250931E-02  -0.769453E-02  -0.197616E+02
     43  19181.700234100485   0.342660E-02  -0.576179E-02   0.303390E+02
     44  19669.858680541602  -0.236099E-02  -0.105109E-01  -0.173744E+02
     45  20023.738856986114   0.382378E-02  -0.684820E-02  -0.838426E+01
     46  20469.268050740895  -0.339863E-02  -0.534193E-02  -0.668859E+01
     47  21048.362848080946   0.344199E-02  -0.432091E-02   0.344919E+02
     48  21610.421653954912  -0.431731E-02  -0.448726E-02  -0.160769E+02
     49  22069.537059628510   0.401801E-02  -0.568278E-02  -0.102984E+02
     50  22625.095648018851  -0.355474E-02  -0.733229E-02  -0.295953E+01
     51  23096.221072699966   0.324839E-02  -0.862059E-02  -0.623514E+01
     52  23652.954091086391  -0.454913E-02  -0.595251E-02  -0.228948E+01
     53  24167.465402019912   0.342119E-02  -0.719647E-02   0.343723E+02
     54  24822.207804941736  -0.412265E-02  -0.581109E-02  -0.271943E+02
     55  25413.888411695520   0.393089E-02  -0.760968E-02  -0.240394E+02
     56  25968.457934785354  -0.442043E-02  -0.779204E-02   0.132602E+01
     57  26511.899341269127   0.466082E-02  -0.671258E-02  -0.444910E+01
     58  27212.985240538797  -0.535836E-02  -0.567729E-02   0.493896E+02
     59  27810.414538008368   0.388752E-02  -0.874005E-02   0.376342E+01
     60  28435.883946964241  -0.515041E-02  -0.626801E-02  -0.153293E+02
     61  29199.371884873861   0.477308E-02  -0.825586E-02   0.586892E+01
     62  29799.697698604235  -0.768592E-02  -0.675764E-02   0.146225E+02
     63  30432.702550519916   0.726092E-02  -0.794612E-02  -0.499310E+02
     64  31062.643342259827  -0.519997E-02  -0.110305E-01  -0.762010E+01
     65  31757.083076494670   0.733515E-02  -0.746743E-02   0.198136E+02
     66  32467.119951216835  -0.888002E-02  -0.642593E-02  -0.148508E+02
     67  33144.671262964781   0.737472E-02  -0.774672E-02  -0.185454E+02
     68  33888.277798385679  -0.643585E-02  -0.867166E-02  -0.596816E+01
     69  34620.807253433741   0.598567E-02  -0.936956E-02   0.139302E+02
     70  35431.192433651297  -0.561892E-02  -0.113651E-01  -0.132431E+01
     71  36175.767730193198   0.110963E-01  -0.769778E-02  -0.870555E+01
     72  36777.007602293234  -0.919190E-02  -0.878732E-02   0.205852E+02
     73  37677.932671746719   0.678403E-02  -0.101619E-01  -0.599418E+01
     74  38499.812228062641  -0.913748E-02  -0.997353E-02   0.223380E+02
     75  39152.206156267872   0.106722E-01  -0.884265E-02  -0.450566E+01
     76  40054.009991912884  -0.832913E-02  -0.115631E-01  -0.999423E+01
     77  40719.127563125265   0.749064E-02  -0.125623E-01   0.115142E+02
     78  41625.434967394998  -0.884781E-02  -0.865948E-02  -0.115615E+02
     79  42530.995083352755   0.979604E-02  -0.882869E-02  -0.892995E+01
     80  43304.920883435458  -0.854363E-02  -0.106492E-01   0.283184E+01
     81  44229.509145404678   0.858410E-02  -0.108197E-01  -0.229500E+02
     82  45075.907451239029  -0.966621E-02  -0.107403E-01  -0.940303E+01
     83  45922.457512598121   0.109464E-01  -0.948943E-02   0.164431E+01
     84  46860.860808801779  -0.881783E-02  -0.122085E-01  -0.609962E+00
     85  47757.384317673095   0.103335E-01  -0.118118E-01  -0.717791E+01
     86  48653.588006374717  -0.107828E-01  -0.129934E-01   0.602470E+01
     87  49463.636302972431   0.112518E-01  -0.120569E-01  -0.803935E+01
     88  50427.020713346428  -0.954964E-02  -0.120989E-01   0.316190E+01
     89  51458.545944532372   0.103847E-01  -0.118626E-01  -0.863365E+01
     90  52391.297942915662  -0.118419E-01  -0.122287E-01   0.191932E+00
     91  53317.484272460155   0.124279E-01  -0.129248E-01  -0.281009E+01
     92  54168.733157068011  -0.115719E-01  -0.121828E-01  -0.101875E+02
     93  55404.304766591369   0.139228E-01  -0.114269E-01   0.588395E+01
     94  56193.482909294100  -0.119777E-01  -0.154058E-01  -0.497838E+00
     95  57252.915756352486   0.136589E-01  -0.133521E-01  -0.916275E+00
     96  58109.182799439710  -0.117286E-01  -0.143936E-01   0.528692E+01
     97  59254.972098993509   0.118375E-01  -0.122482E-01   0.422795E+01
     98  60270.086504910767  -0.120571E-01  -0.123916E-01  -0.582639E+01
     99  61334.337616970552   0.103210E-01  -0.142671E-01   0.405321E+01
    100  62422.715694992272  -0.119969E-01  -0.126965E-01  -0.847924E+01
    101  63516.952522077430   0.121292E-01  -0.139430E-01  -0.800220E+01
    102  64556.195161698168  -0.116663E-01  -0.156609E-01  -0.360888E+01
    103  65649.574355319826   0.149143E-01  -0.128591E-01  -0.263437E+01
    104  66732.360904669345  -0.150656E-01  -0.138286E-01  -0.170020E+01
    105  67746.802075210639   0.153666E-01  -0.128221E-01   0.292965E+01
    106  69002.654746509579  -0.146026E-01  -0.139082E-01   0.757438E-01
    107  70044.243698085556   0.151290E-01  -0.151238E-01   0.306759E+01
    108  71167.098835874087  -0.149598E-01  -0.154624E-01   0.819746E+01
    109  72275.324680044825   0.153120E-01  -0.150696E-01  -0.993489E+01
    110  73402.561297531181  -0.158547E-01  -0.136507E-01   0.696488E+00
    111  74591.047462702511   0.130973E-01  -0.153398E-01  -0.727021E+00
    112  75836.801774655731  -0.133814E-01  -0.155719E-01  -0.114500E+02
    113  77009.914616935042   0.162281E-01  -0.140857E-01  -0.100208E+01
    114  78179.889071925470  -0.149110E-01  -0.159606E-01   0.961177E+01
    115  79364.293730006073   0.149911E-01  -0.158482E-01  -0.173724E+01
    116  80567.278630591871  -0.148760E-01  -0.154786E-01  -0.333172E+01
    117  81783.719561283346   0.139296E-01  -0.151782E-01   0.302039E+01
    118  83188.714708649131  -0.160805E-01  -0.145570E-01  -0.122598E+02
    119  84344.984538257981   0.150404E-01  -0.184444E-01  -0.658123E+01
    120  85529.800749041489  -0.159051E-01  -0.171175E-01   0.578238E+01
    121  86789.640501217975   0.165140E-01  -0.150062E-01  -0.128413E+02
    122  88148.325425617877  -0.147735E-01  -0.167738E-01  -0.251696E+01
    123  89420.896100208498   0.160087E-01  -0.163762E-01  -0.324864E+01
    124  90743.698916047011  -0.165264E-01  -0.165833E-01  -0.611425E+00
    125  92062.471831587391   0.181696E-01  -0.165742E-01   0.512635E+01
    126  93316.051670864807  -0.174891E-01  -0.177732E-01  -0.334754E+01
    127  94682.466752066568   0.206552E-01  -0.153673E-01   0.175553E+01
    128  95996.553831261059  -0.188872E-01  -0.180376E-01  -0.411189E+01
    129  97298.908943309361   0.201285E-01  -0.171999E-01  -0.408196E+01
    130  98632.426309142247  -0.198423E-01  -0.167382E-01  -0.107521E+01
    131 100044.021981964237   0.188475E-01  -0.174793E-01  -0.480680E+01
    132 101456.142581994151  -0.194645E-01  -0.188153E-01  -0.473570E+01
    133 102738.118330384459   0.211230E-01  -0.179550E-01  -0.133852E+01
    134 104146.865688837468  -0.201548E-01  -0.180135E-01  -0.191615E+01
    135 105539.787424360606   0.203846E-01  -0.175274E-01  -0.450113E+01
    136 106979.611727157811  -0.200486E-01  -0.177884E-01  -0.831277E+00
    137 108416.045033778428   0.206624E-01  -0.180311E-01   0.213318E+00
    138 109823.897516448560  -0.212907E-01  -0.181821E-01   0.385100E+00
    139 111215.860814848129   0.187827E-01  -0.197862E-01  -0.311056E+01
    140 112730.419675715282  -0.205104E-01  -0.176079E-01   0.101882E+01
    141 114173.169878169312   0.210938E-01  -0.171430E-01  -0.188087E+01
    142 115708.140446756210  -0.206162E-01  -0.178141E-01  -0.197090E+01
    143 117213.681506901543   0.223938E-01  -0.180536E-01  -0.996791E+00
    144 118655.398742331410  -0.218696E-01  -0.196613E-01  -0.168226E+01
    145 120133.339493023610   0.225837E-01  -0.189634E-01   0.686877E-01
    146 121657.427060400893  -0.228118E-01  -0.188294E-01  -0.360657E+01
    147 123171.518447633411   0.223195E-01  -0.196174E-01  -0.628614E+00
    148 124688.913257876862  -0.224149E-01  -0.194464E-01  -0.378241E+01
    149 126273.446882588309   0.217415E-01  -0.206694E-01  -0.132210E+01
    150 127790.514259540621  -0.230390E-01  -0.203604E-01  -0.277836E+01
    151 129353.932584341630   0.237012E-01  -0.202215E-01  -0.351798E+00
    152 130892.233073237148  -0.245211E-01  -0.196620E-01  -0.142571E+01
    153 132497.546109127812   0.234294E-01  -0.208789E-01  -0.350496E+01
    154 134045.823580653087  -0.243019E-01  -0.202792E-01  -0.170557E+01
    155 135678.954683754971   0.249061E-01  -0.199003E-01  -0.117382E+01
    156 137274.485028161027  -0.241482E-01  -0.213242E-01  -0.298436E+01
    157 138871.845831516956   0.253765E-01  -0.205481E-01  -0.145404E+01
    158 140497.149118512345  -0.253654E-01  -0.206199E-01  -0.781866E+00
    159 142125.118825153710   0.243538E-01  -0.214014E-01  -0.345320E+00
    160 143826.817771140311  -0.269956E-01  -0.204901E-01  -0.226728E+01
    161 145371.975646175211   0.267899E-01  -0.208405E-01  -0.168179E+01
    162 147122.116058110347  -0.265333E-01  -0.211183E-01  -0.428040E+00
    163 148702.070813117636   0.269386E-01  -0.210922E-01  -0.147347E+01
    164 150445.844007972657  -0.265652E-01  -0.213562E-01   0.429957E+00
    165 152028.777128563961   0.253617E-01  -0.214172E-01  -0.139955E+01
    166 153909.063479295350  -0.265538E-01  -0.207461E-01  -0.198405E+01
    167 155511.499683731527   0.264481E-01  -0.225102E-01  -0.511337E+00
    168 157212.441683277342  -0.257625E-01  -0.219801E-01   0.901641E-01
    169 159020.170023009443   0.266077E-01  -0.217418E-01  -0.842814E+00
    170 160702.176262717025  -0.261951E-01  -0.230755E-01  -0.209486E+00
    171 162428.458442755742   0.254293E-01  -0.230452E-01  -0.655341E+00
    172 164235.786370137008  -0.269464E-01  -0.217345E-01  -0.280335E+00
    173 165983.282814963924   0.259928E-01  -0.229234E-01  -0.794656E+00
    174 167811.038912732591  -0.269835E-01  -0.230466E-01   0.799236E+00
    175 169543.427606240701   0.265824E-01  -0.245503E-01  -0.111224E+01
    176 171300.669703681051  -0.289270E-01  -0.219017E-01  -0.109900E+01
    177 173178.168567462097   0.279722E-01  -0.230148E-01  -0.130186E+01
    178 174937.872674190643  -0.278073E-01  -0.240796E-01  -0.800291E+00
    179 176754.843977706565   0.282705E-01  -0.234564E-01  -0.956498E+00
    180 178591.830489954096  -0.281001E-01  -0.235435E-01  -0.169825E+01
    181 180453.932905104186   0.288819E-01  -0.234318E-01  -0.981277E+00
    182 182286.533947497635  -0.288407E-01  -0.240656E-01  -0.960448E+00
    183 184159.122934115818   0.300042E-01  -0.238171E-01  -0.359794E+00
    184 185996.842099505622  -0.294192E-01  -0.250291E-01  -0.639677E+00
    185 187847.115244239045   0.304334E-01  -0.241374E-01  -0.491454E+00
    186 189716.498594304489  -0.286960E-01  -0.247938E-01  -0.889581E+00
    187 191683.431884688704   0.295848E-01  -0.244796E-01  -0.454202E+00
    188 193558.773325031245  -0.321147E-01  -0.238246E-01  -0.779201E+00
    189 195449.957962178218   0.317223E-01  -0.246076E-01  -0.200876E+00
    190 197345.654322263756  -0.299314E-01  -0.259403E-01  -0.459274E+00
    191 199308.669488687068   0.309641E-01  -0.255241E-01  -0.116469E+01
    192 201194.557526662102  -0.328103E-01  -0.243672E-01  -0.473507E-01
    193 203161.813910560304   0.291326E-01  -0.271994E-01  -0.546625E+00
    194 205117.602238430205  -0.321632E-01  -0.250769E-01  -0.454480E+00
    195 207078.261723157048   0.319721E-01  -0.258163E-01  -0.114689E+01
    196 209011.404147167428  -0.316462E-01  -0.259200E-01  -0.187459E+00
    197 211042.629126494430   0.318479E-01  -0.261864E-01  -0.536307E+00
    198 212954.168188329058  -0.318333E-01  -0.262094E-01  -0.746733E+00
    199 215012.193391631590   0.320540E-01  -0.258616E-01  -0.370212E+00
    200 216948.410175976023  -0.321790E-01  -0.254834E-01  -0.278643E+00
    201 219032.063714719436   0.328636E-01  -0.243777E-01  -0.595846E+00
    202 221054.635852878302  -0.317825E-01  -0.258008E-01  -0.134299E+00
    203 223098.542103251792   0.309887E-01  -0.269543E-01  -0.853332E+00
    204 225120.409670509398  -0.316467E-01  -0.264165E-01  -0.937275E-01
    205 227236.478176449775   0.335192E-01  -0.258732E-01  -0.715644E+00
    206 229224.626918822847  -0.310492E-01  -0.288662E-01  -0.683184E+00
    207 231287.069659911562   0.340352E-01  -0.255350E-01  -0.321746E-01
    208 233439.661245100579  -0.336982E-01  -0.266530E-01  -0.849314E+00
    209 235457.570953764371   0.335359E-01  -0.278245E-01  -0.132869E+01
    210 237555.856272729812  -0.339014E-01  -0.272703E-01  -0.106109E+01
    211 239695.994772768201   0.325886E-01  -0.297062E-01  -0.115116E+01
    212 241697.842627579317  -0.351151E-01  -0.276515E-01  -0.469653E+00
    213 243846.619690816646   0.327369E-01  -0.281637E-01  -0.862831E+00
    214 246006.382534077042  -0.335332E-01  -0.274944E-01  -0.111123E+01
    215 248158.796311332175   0.351565E-01  -0.269992E-01  -0.555283E+00
    216 250265.055070290662  -0.354664E-01  -0.267467E-01  -0.527426E+00
    217 252504.013003057538   0.351684E-01  -0.279461E-01  -0.355567E+00
    218 254597.960270376760  -0.355668E-01  -0.292129E-01  -0.563292E+00
    219 256730.516130792588   0.346890E-01  -0.295703E-01  -0.502928E+00
    220 258938.411680052086  -0.371843E-01  -0.277243E-01  -0.842304E+00
    221 261056.354308572627   0.356603E-01  -0.283912E-01  -0.623381E+00
    222 263351.070034188800  -0.334945E-01  -0.304874E-01  -0.941816E-01
    223 265485.708169915306   0.354190E-01  -0.299022E-01  -0.162650E+00
    224 267712.087699032330  -0.364560E-01  -0.293016E-01  -0.913449E+00
    225 269855.593962809187   0.358590E-01  -0.291103E-01  -0.502276E+00
    226 272163.003205208690  -0.365115E-01  -0.281034E-01  -0.393753E+00
    227 274372.914368447498   0.369784E-01  -0.285109E-01  -0.683368E+00
    228 276599.759813900164  -0.361207E-01  -0.289919E-01  -0.132086E+01
    229 278855.665125082422   0.353417E-01  -0.291168E-01  -0.421683E+00
    230 281152.038762320939  -0.357492E-01  -0.289142E-01  -0.575360E+00
    231 283419.004546191834   0.352790E-01  -0.297430E-01  -0.461613E+00
    232 285751.984801956336  -0.358576E-01  -0.308602E-01  -0.105061E+01
    233 287949.735958413105   0.380373E-01  -0.302174E-01  -0.112375E+00
    234 290219.041211037838  -0.372074E-01  -0.300065E-01  -0.594119E-01
    235 292547.728770166985   0.360594E-01  -0.304736E-01  -0.421993E+00
    236 294883.936511732929  -0.372682E-01  -0.301883E-01  -0.756933E+00
    237 297190.534165973368   0.385302E-01  -0.303918E-01  -0.100905E+01
    238 299445.618907428812  -0.385366E-01  -0.300122E-01  -0.904211E+00
    239 301859.268733914359   0.386389E-01  -0.301916E-01  -0.314768E+00
    240 304112.868104709312  -0.371812E-01  -0.317451E-01  -0.494092E+00
    241 306500.050329004589   0.375839E-01  -0.306834E-01  -0.536219E+00
    242 308875.666331041721  -0.377699E-01  -0.312737E-01  -0.561323E+00
    243 311201.358981514582   0.384228E-01  -0.308549E-01  -0.389647E+00
    244 313645.086306808982  -0.392248E-01  -0.312041E-01  -0.602203E+00
    245 315948.875138360891   0.406800E-01  -0.312826E-01  -0.363201E+00
    246 318320.964288183430  -0.401210E-01  -0.314240E-01  -0.475685E+00
    247 320721.592315333139   0.403780E-01  -0.315585E-01  -0.647089E+00
    248 323054.972519806935  -0.395681E-01  -0.316771E-01  -0.401928E+00
    249 325482.650573597755   0.391296E-01  -0.304570E-01  -0.238587E+00
    250 327968.214047402202  -0.386196E-01  -0.308756E-01  -0.470168E+00
    251 330419.336744752072   0.384481E-01  -0.328404E-01  -0.465069E+00
    252 332763.647101322829  -0.414219E-01  -0.307345E-01  -0.566948E+00
    253 335277.197584104666   0.397724E-01  -0.322840E-01  -0.703181E+00
    254 337647.589202915144  -0.406607E-01  -0.321728E-01  -0.575606E+00
    255 340117.530898250814   0.404417E-01  -0.318784E-01  -0.430510E+00
    256 342562.423410185322  -0.410101E-01  -0.312920E-01  -0.389487E+00
    257 345037.692669746873   0.414601E-01  -0.306337E-01  -0.365547E+00
    258 347500.323597045965  -0.399878E-01  -0.309847E-01  -0.239463E+00
    259 350073.951487015060   0.404588E-01  -0.309497E-01  -0.796011E+00
    260 352547.977103079786  -0.409417E-01  -0.319510E-01  -0.496531E+00
    261 355053.634749113582   0.416289E-01  -0.324756E-01  -0.872248E+00
    262 357514.804128637479  -0.413271E-01  -0.332449E-01  -0.696294E+00
    263 360030.085864250257  -0.428906E-01   0.320360E-01   0.192775E+00
    264 362516.186407314497   0.427301E-01   0.316028E-01   0.491839E+00
    265 365140.746441082098  -0.409881E-01   0.339339E-01   0.542369E+00
    266 367562.173789229069   0.419798E-01   0.337327E-01   0.442810E+00
    267 370177.779670491116  -0.420423E-01   0.336823E-01   0.384399E+00
    268 372646.291236163350   0.427998E-01   0.333670E-01   0.591155E+00
    269 375226.883961825864   0.428439E-01  -0.324243E-01  -0.714015E+00
    270 377819.321638396184  -0.413929E-01  -0.339113E-01  -0.648222E+00
    271 380376.037245799263   0.418471E-01  -0.341534E-01  -0.464468E+00
    272 382930.986606510065  -0.448392E-01  -0.316314E-01   0.413095E-01
    273 385553.838538246229  -0.418526E-01   0.339564E-01   0.552984E+00
    274 388127.735614406236   0.425553E-01   0.337367E-01   0.340745E+00
    275 390761.971126471006   0.422039E-01  -0.346696E-01  -0.615479E+00
    276 393321.951499382150  -0.459966E-01  -0.321309E-01  -0.554044E+00
    277 395991.639463598956  -0.435267E-01   0.346740E-01   0.523029E+00
    278 398556.635603856354   0.447099E-01   0.349147E-01   0.240687E+00
    279 401155.737047715520  -0.453901E-01   0.343735E-01   0.470498E+00
    280 403736.276917528827   0.429774E-01   0.350320E-01   0.460307E+00
    281 406435.178248534561   0.441298E-01  -0.329794E-01  -0.580925E+00
    282 409126.107055124827   0.428882E-01   0.347526E-01   0.521309E+00
    283 411741.902655370708  -0.456607E-01   0.330633E-01   0.515497E+00
    284 414442.211629478144  -0.435589E-01  -0.348406E-01  -0.423979E+00
    285 417120.356582372042  -0.448941E-01   0.350449E-01   0.540977E+00
    286 419765.830185174360   0.455937E-01   0.355190E-01   0.522807E+00
    287 422419.314206957817   0.454609E-01  -0.359112E-01  -0.193441E+00
    288 425079.901414145366   0.471767E-01   0.341909E-01   0.649559E+00
    289 427802.760898204462  -0.462920E-01   0.348034E-01   0.358952E+00
    290 430489.803635668126  -0.462230E-01  -0.354737E-01  -0.459815E+00
    291 433156.766500066558  -0.464950E-01   0.349763E-01   0.364849E+00
    292 435881.443517936685  -0.464002E-01  -0.343395E-01  -0.529507E+00
    293 438607.664157329593  -0.444745E-01   0.353347E-01   0.353621E+00
    294 441400.432557816384   0.462371E-01   0.349192E-01   0.370000E+00
    295 444046.225858882070   0.464092E-01  -0.350611E-01  -0.543010E+00
    296 446852.722357350111   0.456452E-01   0.354695E-01   0.452482E+00
    297 449555.193119357689   0.470107E-01  -0.348571E-01  -0.851474E-01
    298 452322.756835036271   0.463653E-01   0.349904E-01   0.572036E+00
    299 455097.935458166583   0.481008E-01  -0.338516E-01  -0.354800E+00
    300 457913.395257282420   0.485305E-01   0.350941E-01   0.460055E+00
    301 460583.694926790253   0.489200E-01  -0.355206E-01  -0.426866E+00
    302 463355.329056717281  -0.468113E-01  -0.357840E-01  -0.366757E+00
    303 466191.628824770101   0.469916E-01  -0.355877E-01  -0.426850E+00
    304 468960.879398783727  -0.490060E-01  -0.346027E-01  -0.135681E+00
    305 471758.831038185512   0.474874E-01  -0.356154E-01  -0.374280E+00
    306 474582.273934284400   0.474237E-01   0.360296E-01   0.313500E+00
    307 477376.141287451086   0.490511E-01  -0.352975E-01  -0.320445E+00
    308 480183.335143625620   0.475991E-01   0.363724E-01   0.419247E+00
    309 483004.737507292652   0.476214E-01  -0.360352E-01  -0.316671E+00
    310 485909.688662466418   0.470792E-01   0.378736E-01   0.384669E+00
    311 488663.011147904966   0.476484E-01  -0.392067E-01  -0.360672E+00
    312 491412.189368392399   0.493954E-01   0.363260E-01   0.367891E+00
    313 494334.487449748325   0.472079E-01  -0.363772E-01  -0.420224E+00
    314 497237.443613682233   0.483842E-01   0.364990E-01   0.432822E+00
    315 500062.301660403144   0.480047E-01  -0.379157E-01  -0.348990E+00
    316 502913.122796367563   0.491367E-01   0.373704E-01   0.420361E+00
    317 505751.578370636096   0.499614E-01  -0.365550E-01  -0.320693E+00
    318 508610.002429960819   0.480883E-01   0.367022E-01   0.472705E+00
    319 511590.015951098991   0.480996E-01  -0.368328E-01  -0.344268E+00
    320 514480.441261826491   0.500320E-01   0.374882E-01   0.358959E+00
    321 517289.802156031015   0.503664E-01  -0.375376E-01  -0.324245E+00
    322 520244.080053393671   0.489496E-01   0.388050E-01   0.331055E+00
    323 523069.675066462951   0.514179E-01  -0.369645E-01  -0.363370E+00
    324 526034.909034125041   0.499928E-01   0.375861E-01   0.333373E+00
    325 528948.820817595813   0.506461E-01  -0.380627E-01  -0.293388E+00
    326 531830.290273161256   0.513829E-01   0.376451E-01   0.437508E+00
    327 534776.746065767016   0.503219E-01  -0.383607E-01  -0.245458E+00
    328 537700.641374266241   0.515496E-01   0.378451E-01   0.402605E+00
    329 540632.966523584560   0.512581E-01  -0.384003E-01  -0.229493E+00
    330 543545.818501814618   0.512808E-01   0.381858E-01   0.295204E+00
    331 546519.681505173096   0.517686E-01  -0.377470E-01  -0.402779E+00
    332 549445.186114555225   0.500594E-01   0.389446E-01   0.233719E+00
    333 552442.618825417478   0.504278E-01  -0.387763E-01  -0.236064E+00
    334 555376.232562617282   0.503036E-01   0.391166E-01   0.246429E+00
    335 558370.813219179516   0.512128E-01  -0.384337E-01  -0.304025E+00
    336 561348.594750745920   0.500269E-01   0.400213E-01   0.374586E+00
    337 564314.724488441017   0.533277E-01  -0.380796E-01  -0.286700E+00
    338 567269.979513842147   0.524333E-01   0.385219E-01   0.384312E+00
    339 570277.178154288558   0.500369E-01  -0.398930E-01  -0.346985E+00
    340 573315.433638082934   0.518785E-01   0.394211E-01   0.374834E+00
    341 576254.147998255445   0.531489E-01  -0.391129E-01  -0.327780E+00
    342 579256.067009144579   0.541378E-01   0.379187E-01   0.310301E+00
    343 582247.330222497694   0.525953E-01  -0.381391E-01  -0.334967E+00
    344 585346.980527174775   0.533524E-01   0.379421E-01   0.273833E+00
    345 588314.527346145012   0.541331E-01  -0.381681E-01  -0.218084E+00
    346 591350.708338841796   0.512582E-01   0.399433E-01   0.356786E+00
    347 594421.799047439708   0.519882E-01  -0.402753E-01  -0.261888E+00
    348 597394.055679121637   0.522601E-01   0.404577E-01   0.378449E+00
    349 600459.335284596891   0.520425E-01  -0.402188E-01  -0.319086E+00
    350 603510.091258492321   0.523894E-01   0.403173E-01   0.189568E+00
    351 606556.909773112624   0.535609E-01  -0.397389E-01  -0.275848E+00
    352 609634.150058383821   0.554903E-01   0.392801E-01   0.306879E+00
    353 612613.882821935811   0.526989E-01  -0.412627E-01  -0.388246E+00
    354 615724.051855866564   0.523739E-01   0.408428E-01   0.285926E+00
    355 618775.007441008929   0.556089E-01  -0.384079E-01  -0.359218E+00
    356 621904.598190446966   0.553780E-01   0.391583E-01   0.281933E+00
    357 624930.284700426972   0.533224E-01  -0.412822E-01  -0.402366E+00
    358 628041.630957575864   0.548644E-01   0.402726E-01   0.319039E+00
    359 631108.420430715312   0.557090E-01  -0.403238E-01  -0.273915E+00
    360 634168.747343610274   0.539275E-01   0.414447E-01   0.287337E+00
    361 637268.832006850746   0.551563E-01  -0.398883E-01  -0.271775E+00
    362 640400.209397137980   0.543183E-01   0.406212E-01   0.352841E+00
    363 643508.497493871953   0.539758E-01  -0.418103E-01  -0.272935E+00
    364 646570.809357048245   0.533436E-01   0.425285E-01   0.317393E+00
    365 649654.288514476735   0.541205E-01  -0.406228E-01  -0.355546E+00
    366 652821.086791171343   0.534995E-01   0.399488E-01   0.262546E+00
    367 656021.539915305097   0.563191E-01  -0.390978E-01  -0.305554E+00
    368 659087.693539354717   0.550100E-01   0.412268E-01   0.381369E+00
    369 662214.075454128324   0.550521E-01  -0.409941E-01  -0.318631E+00
    370 665360.622596575413   0.556207E-01   0.409320E-01   0.346814E+00
    371 668437.248575436883   0.570468E-01  -0.392655E-01  -0.371768E+00
    372 671631.692424122477   0.560147E-01   0.387885E-01   0.210230E+00
    373 674844.308921456686   0.537321E-01  -0.413529E-01  -0.345764E+00
    374 677949.428338091704   0.535816E-01   0.421470E-01   0.284675E+00
    375 681170.849829578074   0.577509E-01  -0.400219E-01  -0.304506E+00
    376 684269.055692450143   0.549120E-01   0.435931E-01   0.334761E+00
    377 687353.424569566036   0.571546E-01  -0.405861E-01  -0.325276E+00
    378 690600.906847522361   0.568032E-01   0.397256E-01   0.262493E+00
    379 693779.438125363202   0.553113E-01  -0.414184E-01  -0.284685E+00
    380 696938.201416206080   0.569254E-01   0.401946E-01   0.314888E+00
    381 700143.598547631642   0.554636E-01  -0.409475E-01  -0.274757E+00
    382 703388.358488935512   0.579722E-01   0.404304E-01   0.235841E+00
    383 706529.054995685234   0.582083E-01  -0.418600E-01  -0.289933E+00
    384 709669.662336598383   0.560303E-01   0.433837E-01   0.295686E+00
    385 712855.698771186522   0.568617E-01  -0.418169E-01  -0.225728E+00
    386 716081.605630850070   0.540160E-01   0.436494E-01   0.289988E+00
    387 719284.708699463750   0.573635E-01  -0.412377E-01  -0.311349E+00
    388 722501.635722430423   0.556360E-01   0.428220E-01   0.277538E+00
    389 725684.862486279570   0.552048E-01  -0.430621E-01  -0.315558E+00
    390 728921.329939609044   0.567799E-01   0.416367E-01   0.288719E+00
    391 732143.800919590401   0.580862E-01  -0.411135E-01  -0.252234E+00
    392 735325.326509451959   0.570490E-01   0.413786E-01   0.264333E+00
    393 738616.432564857299   0.574302E-01  -0.411404E-01  -0.268740E+00
    394 741796.763912466937   0.581779E-01   0.409249E-01   0.263826E+00
    395 745052.069230413064   0.570919E-01  -0.412892E-01  -0.258597E+00
    396 748297.921217396040   0.564060E-01   0.420679E-01   0.297044E+00
    397 751516.428916246747   0.573461E-01  -0.411945E-01  -0.280485E+00
    398 754784.400129156304   0.555097E-01   0.420460E-01   0.236929E+00
    399 758099.057569596334   0.576005E-01  -0.417725E-01  -0.254231E+00
    400 761286.945765780751   0.566995E-01   0.438507E-01   0.273512E+00
    401 764494.894807407050   0.583176E-01  -0.418730E-01  -0.257443E+00
    402 767803.932801905321   0.598848E-01   0.404615E-01   0.245684E+00
    403 771053.995369247394   0.592169E-01  -0.416595E-01  -0.231359E+00
    404 774278.515180733171   0.584239E-01   0.419225E-01   0.249360E+00
    405 777589.913336615660   0.581986E-01  -0.421320E-01  -0.266111E+00
    406 780806.083602300263   0.579699E-01   0.422333E-01   0.252504E+00
    407 784127.475698995637   0.594412E-01  -0.411028E-01  -0.258650E+00
    408 787344.734576003393   0.576897E-01   0.420499E-01   0.258021E+00
    409 790685.865532664931   0.582661E-01  -0.412277E-01  -0.215745E+00
    410 793942.299510048935   0.573814E-01   0.419421E-01   0.254488E+00
    411 797291.195786507335   0.564314E-01  -0.432582E-01  -0.256897E+00
    412 800529.789627648192   0.565641E-01   0.440140E-01   0.261944E+00
    413 803824.517879235791   0.571280E-01  -0.435088E-01  -0.246458E+00
    414 807100.049266156275   0.587178E-01   0.421099E-01   0.257910E+00
    415 810416.186660095351   0.573476E-01  -0.427493E-01  -0.242984E+00
    416 813757.513048972236   0.582164E-01   0.429048E-01   0.250018E+00
    417 817036.893276310991   0.577427E-01  -0.444529E-01  -0.254402E+00
    418 820315.745373716345   0.593337E-01   0.436414E-01   0.254708E+00
    419 823609.728208039887   0.585628E-01  -0.442079E-01  -0.265320E+00
    420 826922.417336032842   0.581725E-01   0.448361E-01   0.268818E+00
    421 830188.434856475331   0.611446E-01  -0.425258E-01  -0.235569E+00
    422 833509.932912740973   0.585370E-01   0.438932E-01   0.244035E+00
    423 836800.040627758252   0.577310E-01  -0.438433E-01  -0.240891E+00
    424 840151.879599323496   0.573753E-01   0.436589E-01   0.254925E+00
    425 843456.700997556909   0.589076E-01  -0.424353E-01  -0.240749E+00
    426 846778.045352124725   0.581247E-01   0.423306E-01   0.228732E+00
    427 850132.954282598104   0.557362E-01  -0.438244E-01  -0.245309E+00
    428 853456.547812527861   0.559326E-01   0.434617E-01   0.237927E+00
    429 856835.455414780765   0.557835E-01  -0.440340E-01  -0.238953E+00
    430 860103.421658167616   0.561801E-01   0.433921E-01   0.245864E+00
    431 863537.985157485120   0.554115E-01  -0.440559E-01  -0.235535E+00
    432 866839.053697159979   0.588770E-01   0.427808E-01   0.218760E+00
    433 870137.024382792995   0.562843E-01  -0.442919E-01  -0.242890E+00
    434 873524.814190303208   0.559180E-01   0.443727E-01   0.235355E+00
    435 876855.884703966905   0.554654E-01  -0.455057E-01  -0.247251E+00
    436 880139.174972299603   0.569489E-01   0.433951E-01   0.229779E+00
    437 883569.729884042288   0.548987E-01  -0.445650E-01  -0.243218E+00
    438 886869.500188100152   0.550444E-01   0.446037E-01   0.239010E+00
    439 890256.870979821077   0.544057E-01  -0.446919E-01  -0.242154E+00
    440 893605.235887213377   0.559721E-01   0.436875E-01   0.230071E+00
    441 896925.060778122512   0.539516E-01  -0.443755E-01  -0.224130E+00
    442 900345.629771850188   0.538835E-01   0.436440E-01   0.231645E+00
    443 903723.677145192516   0.561540E-01  -0.421948E-01  -0.220697E+00
    444 907132.619674451533   0.563586E-01   0.432971E-01   0.225370E+00
    445 910431.092485514353   0.558626E-01  -0.445582E-01  -0.231897E+00
    446 913774.406040226924   0.537044E-01   0.454795E-01   0.237151E+00
    447 917167.210605880362   0.538950E-01  -0.447851E-01  -0.229769E+00
    448 920534.244495655410   0.554896E-01   0.435330E-01   0.226787E+00
    449 923875.905060957302   0.545384E-01  -0.433837E-01  -0.222686E+00
    450 927326.997651390266   0.540090E-01   0.437324E-01   0.218736E+00
    451 930664.460664835293   0.536606E-01  -0.446742E-01  -0.221896E+00
    452 934023.068967300118   0.524677E-01   0.449138E-01   0.228784E+00
    453 937441.755514968187   0.534813E-01  -0.438023E-01  -0.222123E+00
    454 940796.675793142756   0.545665E-01   0.429427E-01   0.214205E+00
    455 944153.750197579851   0.525248E-01  -0.431055E-01  -0.211916E+00
    456 947650.951233418076   0.528936E-01   0.427101E-01   0.208011E+00
    457 951014.258582324022   0.525429E-01  -0.444555E-01  -0.220762E+00
    458 954363.088410713011   0.513937E-01   0.455019E-01   0.222766E+00
    459 957715.318696508533   0.520593E-01  -0.432764E-01  -0.206378E+00
    460 961222.798838985967   0.514838E-01   0.436031E-01   0.208930E+00
    461 964569.214298010222   0.511565E-01  -0.449331E-01  -0.220373E+00
    462 967944.611801308114   0.522714E-01   0.432396E-01   0.205884E+00
    463 971394.750665000523   0.532373E-01  -0.423806E-01  -0.203451E+00
    464 974783.653429573169   0.519507E-01   0.443025E-01   0.215283E+00
    465 978136.770303576370   0.530912E-01  -0.431267E-01  -0.204393E+00
    466 981517.116400932311   0.519988E-01   0.422505E-01   0.196941E+00
    467 985041.302983197733   0.503759E-01  -0.435505E-01  -0.209699E+00
    468 988428.049541287473   0.528305E-01   0.432551E-01   0.206164E+00
    469 991770.002453610068   0.508855E-01  -0.445963E-01  -0.212696E+00
    470 995260.519853039412   0.522658E-01   0.436923E-01   0.202586E+00
    471 998612.533288246486   0.530749E-01  -0.441444E-01  -0.205495E+00
    4721002002.274577856995   0.526130E-01   0.444236E-01   0.210688E+00
    4731005378.006841588067   0.507417E-01  -0.452506E-01  -0.214403E+00
    4741008820.919164935825   0.509138E-01   0.443001E-01   0.207930E+00
    4751012289.867992238142   0.517428E-01  -0.449727E-01  -0.207802E+00
    4761015591.951386930770   0.512827E-01   0.458820E-01   0.213849E+00
    4771019003.539324218058   0.503340E-01  -0.451473E-01  -0.209372E+00
    4781022449.312812405056   0.488897E-01   0.459707E-01   0.202729E+00
    4791025844.926778842462   0.501815E-01  -0.444193E-01  -0.204236E+00
    4801029311.159444313729   0.493931E-01   0.453049E-01   0.208332E+00
    4811032693.900765274186   0.499387E-01  -0.453643E-01  -0.208367E+00
    4821036123.738768178271   0.512535E-01   0.447001E-01   0.200713E+00
    4831039437.485232845298   0.504081E-01  -0.443301E-01  -0.197781E+00
    4841042958.162737481180   0.505848E-01   0.432454E-01   0.194152E+00
    4851046313.845946276328   0.474352E-01  -0.460545E-01  -0.208722E+00
    4861049780.723252505297   0.484803E-01   0.443130E-01   0.198170E+00
    4871053204.172940166667   0.490465E-01  -0.439841E-01  -0.192363E+00
    4881056635.327783973422   0.480347E-01   0.451106E-01   0.203694E+00
    4891060064.281059918460   0.495487E-01  -0.443920E-01  -0.193258E+00
    4901063433.392352481140   0.499437E-01   0.439313E-01   0.191736E+00
    4911066855.388825824019   0.481339E-01  -0.443129E-01  -0.195624E+00
    4921070363.566532432102   0.478987E-01   0.452705E-01   0.199602E+00
    4931073691.145406692987   0.484208E-01  -0.452161E-01  -0.197011E+00
    4941077157.738139181864   0.474878E-01   0.454383E-01   0.196923E+00
    4951080565.818417473231   0.475072E-01  -0.455659E-01  -0.194354E+00
    4961084021.684461652068   0.474813E-01   0.463398E-01   0.197886E+00
    4971087354.960570024326   0.473559E-01  -0.461345E-01  -0.197328E+00
    4981090846.020734165562   0.478368E-01   0.450410E-01   0.193214E+00
    4991094253.338194208685   0.481897E-01  -0.456289E-01  -0.198394E+00
    5001097629.810692911968   0.483303E-01   0.453374E-01   0.190586E+00
    5011101048.112985005602   0.490137E-01  -0.439139E-01  -0.186966E+00
    5021104464.392266447423   0.464137E-01   0.455784E-01   0.193120E+00
    5031107907.208016525721   0.474196E-01  -0.440777E-01  -0.185864E+00
    5041111351.683896354167   0.465858E-01   0.451944E-01   0.190652E+00
    5051114746.090281633195   0.459585E-01  -0.460601E-01  -0.193078E+00
    5061118153.658245742554   0.459620E-01   0.455391E-01   0.190572E+00
    5071121580.193566980306   0.456880E-01  -0.452867E-01  -0.187148E+00
    5081125005.726164800581   0.473642E-01   0.435118E-01   0.178929E+00
    5091128396.962210596539   0.458808E-01  -0.441210E-01  -0.182795E+00
    5101131864.227677305462   0.457819E-01   0.435903E-01   0.179717E+00
    5111135288.197470796295   0.451297E-01  -0.444707E-01  -0.181593E+00
    5121138682.195878576953   0.470062E-01   0.419612E-01   0.173568E+00
    5131142208.499540481251   0.453079E-01  -0.441873E-01  -0.179288E+00
    5141145578.792064378504   0.458639E-01   0.456479E-01   0.186196E+00
    5151148919.037457953673   0.455205E-01  -0.456909E-01  -0.185430E+00
    5161152311.756461643381   0.455520E-01   0.435879E-01   0.178138E+00
    5171155829.278582321946   0.450619E-01  -0.438526E-01  -0.176594E+00
    5181159173.186694803182   0.432299E-01   0.459126E-01   0.184361E+00
    5191162625.637222314719   0.424216E-01  -0.457778E-01  -0.184034E+00
    5201166103.711217887700   0.429925E-01   0.467039E-01   0.185270E+00
    5211169381.560167070711   0.455232E-01  -0.442195E-01  -0.175255E+00
    5221172802.042800862808   0.437508E-01   0.434507E-01   0.173865E+00
    5231176289.134235376725   0.433852E-01  -0.430633E-01  -0.169785E+00
    5241179690.495908537647   0.433327E-01   0.430494E-01   0.168912E+00
    5251183162.702011026908   0.417302E-01  -0.451474E-01  -0.178744E+00
    5261186541.214230958140   0.426474E-01   0.450395E-01   0.175215E+00
    5271189940.841337222373   0.422753E-01  -0.454730E-01  -0.179742E+00
    5281193333.032391836634   0.426171E-01   0.450645E-01   0.176292E+00
    5291196673.178974229842   0.430141E-01  -0.429058E-01  -0.167347E+00
    5301200183.722933476791   0.422946E-01   0.421949E-01   0.163042E+00
    5311203652.162546025356   0.413379E-01  -0.449084E-01  -0.173693E+00
    5321206968.510511612985   0.401922E-01   0.469768E-01   0.182442E+00
    5331210404.415345247602   0.426328E-01  -0.441593E-01  -0.169141E+00
    5341213729.554541423917   0.427242E-01   0.434551E-01   0.167676E+00
    5351217151.880219125189   0.411989E-01  -0.430791E-01  -0.165183E+00
    5361220638.724472823553   0.400749E-01   0.443670E-01   0.168700E+00
    5371224000.561667979695   0.402691E-01  -0.446950E-01  -0.169877E+00
    5381227453.287707384210   0.419675E-01   0.437252E-01   0.166582E+00
    5391230746.043552125338   0.418696E-01  -0.438912E-01  -0.165195E+00
    5401234157.692242979072   0.386947E-01   0.456791E-01   0.171640E+00
    5411237592.781659484375   0.402125E-01  -0.435603E-01  -0.164450E+00
    5421240979.409858758328   0.389568E-01   0.450286E-01   0.169196E+00
    5431244374.235007606680   0.409777E-01  -0.425742E-01  -0.157623E+00
    5441247761.320237819571   0.394333E-01   0.438449E-01   0.164396E+00
    5451251147.248939184239   0.398998E-01  -0.422844E-01  -0.156925E+00
    5461254664.716361451894   0.383308E-01   0.454504E-01   0.168940E+00
    5471257921.145069753053   0.406062E-01  -0.440353E-01  -0.162363E+00
    5481261345.534426007187   0.395449E-01   0.446483E-01   0.164823E+00
    5491264693.852250197204   0.403945E-01  -0.440181E-01  -0.161669E+00
    5501268019.493759043282   0.379523E-01   0.453832E-01   0.165468E+00
    5511271460.197589341085   0.374631E-01  -0.445840E-01  -0.163946E+00
    5521274881.740486608353   0.376254E-01   0.452008E-01   0.165052E+00
    5531278210.810611038934   0.390989E-01  -0.441128E-01  -0.161248E+00
    5541281557.200612227200   0.375705E-01   0.450904E-01   0.163986E+00
    5551284928.468332844088   0.391811E-01  -0.419514E-01  -0.150853E+00
    5561288374.935572441667   0.378364E-01   0.439176E-01   0.158653E+00
    5571291605.214482971467   0.392852E-01  -0.411785E-01  -0.148460E+00
    5581295118.658204588108   0.372321E-01   0.417802E-01   0.150288E+00
    5591298504.081109959166   0.357184E-01  -0.451115E-01  -0.160304E+00
    5601301817.117847395362   0.357618E-01   0.453453E-01   0.162696E+00
    5611305204.432944368804   0.379777E-01  -0.423151E-01  -0.150066E+00
    5621308583.372972830432   0.387570E-01   0.421974E-01   0.150626E+00
    5631311858.548115208279   0.366089E-01  -0.439264E-01  -0.155204E+00
    5641315308.793746119365   0.363410E-01   0.435122E-01   0.152643E+00
    5651318671.032894879114   0.374584E-01  -0.435221E-01  -0.154033E+00
    5661322027.518886886537   0.378244E-01   0.450514E-01   0.158635E+00
    5671325233.474754150258   0.369020E-01  -0.458835E-01  -0.161426E+00
    5681328582.615632461850   0.359325E-01   0.440482E-01   0.153756E+00
    5691332082.853550746804   0.348711E-01  -0.465278E-01  -0.160898E+00
    5701335256.795425337972   0.371358E-01   0.445152E-01   0.155183E+00
    5711338637.121597216232   0.358469E-01  -0.444341E-01  -0.154384E+00
    5721341941.603533597663   0.367187E-01   0.424239E-01   0.146828E+00
    5731345350.966792381136   0.352487E-01  -0.441981E-01  -0.151938E+00
    5741348607.475440399256   0.337835E-01   0.462747E-01   0.159365E+00
    5751351934.983517535497   0.350423E-01  -0.430966E-01  -0.148425E+00
    5761355296.094429779565   0.327905E-01   0.451901E-01   0.154836E+00
    5771358672.309191039996   0.336746E-01  -0.453012E-01  -0.154364E+00
    5781361830.430431595538   0.343809E-01   0.431434E-01   0.146827E+00
    5791365308.638138556853   0.328024E-01  -0.439544E-01  -0.149639E+00
    5801368516.175176844699   0.334090E-01   0.432327E-01   0.147055E+00
    5811371862.519276804989   0.326272E-01  -0.423051E-01  -0.142812E+00
    5821375204.612865538104   0.321696E-01   0.421042E-01   0.142253E+00
    5831378536.136062554084   0.323119E-01  -0.416945E-01  -0.140315E+00
    5841381806.648240751121   0.316080E-01   0.411192E-01   0.138053E+00
    5851385311.563238197472   0.320409E-01  -0.418588E-01  -0.140088E+00
    5861388471.194854289293   0.319332E-01   0.442082E-01   0.147967E+00
    5871391717.512419133214   0.322945E-01  -0.415829E-01  -0.138679E+00
    5881395132.455746030435   0.321762E-01   0.411227E-01   0.137160E+00
    5891398421.267392109148   0.328955E-01  -0.419252E-01  -0.138773E+00
    5901401631.791581744095   0.313546E-01   0.438605E-01   0.145238E+00
    5911404949.030611908995   0.313726E-01  -0.428213E-01  -0.141100E+00
    5921408270.186318490189   0.315849E-01   0.434671E-01   0.143132E+00
    5931411454.243846952915   0.304656E-01  -0.450514E-01  -0.148029E+00
    5941414714.020901821321   0.299392E-01   0.433326E-01   0.142201E+00
    5951418113.221619713819   0.308843E-01  -0.419505E-01  -0.137125E+00
    5961421335.167284135707   0.312219E-01   0.430217E-01   0.140112E+00
    5971424550.590713269077   0.310867E-01  -0.429316E-01  -0.139617E+00
    5981427753.788124337094   0.288230E-01   0.439130E-01   0.142911E+00
    5991431099.806126877200   0.301368E-01  -0.400902E-01  -0.129882E+00
    6001434407.598478297004   0.304514E-01   0.400503E-01   0.129108E+00
    6011437657.946935454616   0.299866E-01  -0.414127E-01  -0.133472E+00
    6021440893.059379248880   0.299449E-01   0.416838E-01   0.134095E+00
    6031444120.900704110740   0.285538E-01  -0.433524E-01  -0.139404E+00
    6041447348.112883224385   0.276631E-01   0.435324E-01   0.139393E+00
    6051450683.597997706849   0.285321E-01  -0.429867E-01  -0.136932E+00
    6061453788.464277619729   0.281350E-01   0.438404E-01   0.139853E+00
    6071457007.044039086904   0.285866E-01  -0.402489E-01  -0.127982E+00
    6081460332.100270540221   0.285967E-01   0.387920E-01   0.123165E+00
    6091463629.879397221375   0.271324E-01  -0.423656E-01  -0.134063E+00
    6101466788.119244382018   0.266638E-01   0.447288E-01   0.141597E+00
    6111469873.445228792960   0.270871E-01  -0.412806E-01  -0.130275E+00
    6121473289.606815124862   0.275284E-01   0.391858E-01   0.123527E+00
    6131476427.937389512779   0.255601E-01  -0.428313E-01  -0.134512E+00
    6141479758.687915592454   0.271393E-01   0.417716E-01   0.130972E+00
    6151482764.026000283193   0.269454E-01  -0.420318E-01  -0.131162E+00
    6161486047.435828840127   0.274451E-01   0.387995E-01   0.120759E+00
    6171489268.131505259778   0.250450E-01  -0.426113E-01  -0.132771E+00
    6181492410.409878368722   0.258278E-01   0.403202E-01   0.124829E+00
    6191495689.577336275252   0.252607E-01  -0.406638E-01  -0.125934E+00
    6201498819.799398342380   0.241715E-01   0.419937E-01   0.129585E+00
    6211502152.489719254896   0.270815E-01  -0.386680E-01  -0.119326E+00
    6221505179.208831343334   0.247500E-01   0.439385E-01   0.135163E+00
    6231508258.037368050078   0.249155E-01  -0.399437E-01  -0.122477E+00
    6241511647.054268828826   0.261274E-01   0.372730E-01   0.114250E+00
    6251514663.879880189896   0.254531E-01  -0.380712E-01  -0.116258E+00
    6261518010.218214802444   0.251514E-01   0.380504E-01   0.116113E+00
    6271521120.352065272396   0.238098E-01  -0.424367E-01  -0.129068E+00
    6281524209.220644540852   0.255548E-01   0.391643E-01   0.118923E+00
    6291527395.885654225014   0.236461E-01  -0.417300E-01  -0.126469E+00
    6301530498.666929155588   0.239042E-01   0.407790E-01   0.123306E+00
    6311533678.434015996987   0.232453E-01  -0.413683E-01  -0.124880E+00
    6321536764.957547242986   0.240496E-01   0.390228E-01   0.117513E+00
    6331539980.223778871354   0.223274E-01  -0.411196E-01  -0.123566E+00
    6341543146.157167350641   0.241375E-01   0.393735E-01   0.117924E+00
    6351546203.903415817302   0.222573E-01  -0.432968E-01  -0.129659E+00
    6361549331.893211987335   0.234158E-01   0.408036E-01   0.121983E+00
    6371552408.660117178457   0.218807E-01  -0.431155E-01  -0.128623E+00
    6381555521.090765185189   0.216801E-01   0.423143E-01   0.125993E+00
    6391558641.015470290789   0.219302E-01  -0.409896E-01  -0.121635E+00
    6401561755.085169838043   0.226071E-01   0.390895E-01   0.115842E+00
    6411564928.464391750982   0.211848E-01  -0.428370E-01  -0.126752E+00
    6421567936.278413555585   0.215796E-01   0.432508E-01   0.127608E+00
    6431570970.540782257915   0.235945E-01  -0.384800E-01  -0.113131E+00
    6441574008.198822053382   0.210655E-01   0.403764E-01   0.118657E+00
    6451577146.909896274796   0.227838E-01  -0.348749E-01  -0.102260E+00
    6461580326.484099538764   0.188514E-01   0.420125E-01   0.123003E+00
    6471583439.990630840883   0.211691E-01  -0.400158E-01  -0.116878E+00
    6481586288.613040798577   0.225723E-01   0.362980E-01   0.105871E+00
    6491589470.069212530507   0.186302E-01  -0.393628E-01  -0.114682E+00
    6501592749.466516024899   0.191849E-01   0.407994E-01   0.118529E+00
    6511595635.803279194050   0.211140E-01  -0.395381E-01  -0.114770E+00
    6521598694.122617825400   0.201152E-01   0.407575E-01   0.117836E+00
    6531601734.326368149603   0.205227E-01  -0.402198E-01  -0.116140E+00
    6541604746.327944599558   0.202307E-01   0.410790E-01   0.118401E+00
    6551607729.873125612969   0.209859E-01  -0.390564E-01  -0.112306E+00
    6561610696.620030644815   0.198451E-01   0.386560E-01   0.110938E+00
    6571613863.798955662409   0.184192E-01  -0.406756E-01  -0.116538E+00
    6581616807.140520880697   0.190508E-01   0.393223E-01   0.112442E+00
    6591619902.728744433727   0.175821E-01  -0.416915E-01  -0.119000E+00
    6601623025.624062756309   0.212790E-01   0.379855E-01   0.108228E+00
    6611625761.717686860589   0.190884E-01  -0.431129E-01  -0.122572E+00
    6621628835.880895075388   0.190428E-01   0.406613E-01   0.115329E+00
    6631631761.607338837581   0.192009E-01  -0.396079E-01  -0.112152E+00
    6641634698.820046250010   0.169228E-01   0.412279E-01   0.116629E+00
    6651637857.729542881018   0.178232E-01  -0.376880E-01  -0.106480E+00
    6661640890.497719882755   0.185993E-01   0.389971E-01   0.109852E+00
    6671643736.007487652125   0.189393E-01  -0.393573E-01  -0.110656E+00
    6681646725.881950812414   0.175091E-01   0.422344E-01   0.118517E+00
    6691649584.242925313301   0.178000E-01  -0.404976E-01  -0.113423E+00
    6701652555.751088468125   0.174642E-01   0.384524E-01   0.107448E+00
    6711655604.938065615715   0.166179E-01  -0.399371E-01  -0.111451E+00
    6721658577.589579069754   0.179494E-01   0.391178E-01   0.108974E+00
    6731661412.566012933617   0.183041E-01  -0.393146E-01  -0.109209E+00
    6741664292.565479387762   0.195084E-01   0.356661E-01   0.989163E-01
    6751667204.937698041089   0.169456E-01  -0.398330E-01  -0.110348E+00
    6761669958.601212454960   0.182538E-01   0.326736E-01   0.905761E-01
    6771673197.213602292584   0.158378E-01  -0.350894E-01  -0.968693E-01
    6781676009.786546090618   0.163373E-01   0.347328E-01   0.957210E-01
    6791679018.899627542589   0.167607E-01  -0.326939E-01  -0.898674E-01
    6801682138.410618809517   0.171374E-01   0.372756E-01   0.102432E+00
    6811684685.936099788640   0.180855E-01  -0.378227E-01  -0.103736E+00
    6821687580.047538141254   0.144753E-01   0.432230E-01   0.118307E+00
    6831690469.039266302250   0.146231E-01  -0.417294E-01  -0.114030E+00
    6841693232.113238587510   0.152301E-01   0.370870E-01   0.101227E+00
    6851696306.010456952965   0.161087E-01  -0.340982E-01  -0.927958E-01
    6861699000.236909938743   0.151310E-01   0.354933E-01   0.965344E-01
    6871702042.429246789776   0.147437E-01  -0.347806E-01  -0.944078E-01
    6881704882.603986496804   0.152788E-01   0.349304E-01   0.946683E-01
    6891707754.782638383331   0.147345E-01  -0.379277E-01  -0.102561E+00
    6901710436.062503498280   0.153746E-01   0.358208E-01   0.967828E-01
    6911713273.089105083374   0.129811E-01  -0.384130E-01  -0.103524E+00
    6921716195.200190220261   0.141445E-01   0.334040E-01   0.898982E-01
    6931719094.652985563269   0.141428E-01  -0.339216E-01  -0.911007E-01
    6941721933.936900492292   0.147897E-01   0.342520E-01   0.918779E-01
    6951724626.454219271662   0.146820E-01  -0.340940E-01  -0.913116E-01
    6961727553.477167262929   0.139769E-01   0.359778E-01   0.961396E-01
    6971730122.189802814741   0.130072E-01  -0.361255E-01  -0.964308E-01
    6981733313.077889148146   0.145538E-01   0.321452E-01   0.856084E-01
    6991735984.742917423369   0.154100E-01  -0.356349E-01  -0.948521E-01
    7001738528.381822151830   0.130717E-01   0.401658E-01   0.106647E+00
    7011741581.164675937034   0.123765E-01  -0.440479E-01  -0.116722E+00
    7021743956.238411234692   0.169461E-01   0.322648E-01   0.853914E-01
    7031746850.382389765931   0.135181E-01  -0.350874E-01  -0.926711E-01
    7041749588.082988798851   0.123451E-01   0.367756E-01   0.970251E-01
    7051752438.773252987536   0.117804E-01  -0.381395E-01  -0.100480E+00
    7061755128.820731690852   0.119509E-01   0.377668E-01   0.992779E-01
    7071757949.857263203012   0.127396E-01  -0.364757E-01  -0.957500E-01
    7081760519.976589635946   0.110417E-01   0.422242E-01   0.110692E+00
    7091763172.645466043614   0.125849E-01  -0.321472E-01  -0.841367E-01
    7101766262.190804254962   0.110558E-01   0.382756E-01   0.100022E+00
    7111768644.002159808064   0.121793E-01  -0.359375E-01  -0.937184E-01
    7121771564.755374751985   0.124381E-01   0.337355E-01   0.878320E-01
    7131774083.880582686281   0.131615E-01  -0.315388E-01  -0.820747E-01
    7141776983.085855994374   0.130888E-01   0.312731E-01   0.811672E-01
    7151779635.759896321921   0.121692E-01  -0.372824E-01  -0.966672E-01
    7161782233.859809566056   0.136023E-01   0.358898E-01   0.929153E-01
    7171784622.812393462751   0.108871E-01  -0.403895E-01  -0.104403E+00
    7181787602.983020536136   0.115566E-01   0.354070E-01   0.913639E-01
    7191790144.076089926530   0.113084E-01  -0.396270E-01  -0.102137E+00
    7201792620.870166699402   0.114617E-01   0.364443E-01   0.938106E-01
    7211795412.677606472047   0.101940E-01  -0.391737E-01  -0.100656E+00
    7221797858.505034953821   0.117524E-01   0.327946E-01   0.841376E-01
    7231800520.659077041317   0.895047E-02  -0.375159E-01  -0.961503E-01
    7241803190.118148398120   0.103561E-01   0.289431E-01   0.740631E-01
    7251806094.967121764785   0.939883E-02  -0.338864E-01  -0.866026E-01
    7261808459.343337915139   0.122317E-01   0.267478E-01   0.681926E-01
    7271811328.773672948126   0.106996E-01  -0.317719E-01  -0.809166E-01
    7281813633.771757247392   0.121195E-01   0.288126E-01   0.732521E-01
    7291816400.656683600741   0.953227E-02  -0.360371E-01  -0.915001E-01
    7301818717.006570299156   0.937219E-02   0.355007E-01   0.899878E-01
    7311821424.577510865172   0.106686E-01  -0.275743E-01  -0.698628E-01
    7321824001.068660291145   0.849441E-02   0.336923E-01   0.851562E-01
    7331826658.489367458271   0.818288E-02  -0.358845E-01  -0.905810E-01
    7341829106.428867270006   0.109236E-01   0.277949E-01   0.700757E-01
    7351831429.506647029659   0.883205E-02  -0.284493E-01  -0.715945E-01
    7361834527.436879511224   0.871698E-02   0.269641E-01   0.677741E-01
    7371837116.297273851233   0.872583E-02  -0.372235E-01  -0.934182E-01
    7381839142.003819112899   0.110614E-01   0.293144E-01   0.734944E-01
    7391842027.596104853321   0.925855E-02  -0.340895E-01  -0.853507E-01
    7401844081.206915518269   0.102497E-01   0.299198E-01   0.748102E-01
    7411846978.733948166249   0.843002E-02  -0.344698E-01  -0.860634E-01
    7421849069.258574544219   0.100493E-01   0.284726E-01   0.709640E-01
    7431851716.138957212912   0.678179E-02  -0.337903E-01  -0.841436E-01
    7441854357.781225105980   0.937191E-02   0.237961E-01   0.591527E-01
    7451856962.701998767210   0.958140E-02  -0.260427E-01  -0.646548E-01
    7461859362.478947428055   0.905024E-02   0.319703E-01   0.792709E-01
    7471861561.235108179273   0.937950E-02  -0.296005E-01  -0.733125E-01
    7481864130.823887437815   0.847261E-02   0.293439E-01   0.725688E-01
    7491866571.903645948041   0.876052E-02  -0.282740E-01  -0.698356E-01
    7501869013.480369185098   0.779807E-02   0.318324E-01   0.785056E-01
    7511871309.126761061139   0.918193E-02  -0.244510E-01  -0.602444E-01
    7521874136.189006849658   0.807133E-02   0.302745E-01   0.744460E-01
    7531876189.714145668084   0.101950E-01  -0.259747E-01  -0.638054E-01
    7541878672.140516026178   0.812757E-02   0.292677E-01   0.717938E-01
    7551881110.285820158431   0.830500E-02  -0.290101E-01  -0.710710E-01
    7561883517.365124394884   0.765400E-02   0.342779E-01   0.838840E-01
    7571885627.261498066364   0.100105E-01  -0.245691E-01  -0.600501E-01
    7581888178.006044465117   0.682951E-02   0.313890E-01   0.766553E-01
    7591890598.655024450971   0.609083E-02  -0.366238E-01  -0.892860E-01
    7601892945.418121285737   0.957680E-02   0.253068E-01   0.615913E-01
    7611895070.619174955878   0.636580E-02  -0.365556E-01  -0.888999E-01
    7621897294.614973966265   0.666158E-02   0.261274E-01   0.634469E-01
    7631900318.161217306741   0.749356E-02  -0.238783E-01  -0.578874E-01
    7641902402.977778758621   0.763254E-02   0.289132E-01   0.700580E-01
    7651904824.910155095626   0.865981E-02  -0.292567E-01  -0.707727E-01
    7661906915.719510982977   0.759290E-02   0.393041E-01   0.949809E-01
    7671908767.629981966922   0.782376E-02  -0.309909E-01  -0.748295E-01
    7681911536.720094562508   0.666791E-02   0.288832E-01   0.696286E-01
    7691913724.804289089283   0.784719E-02  -0.268773E-01  -0.647393E-01
    7701915876.901909342501   0.946368E-02   0.201150E-01   0.483510E-01
    7711918395.120750297327   0.721337E-02  -0.253721E-01  -0.609489E-01
    7721920596.561476446455   0.560932E-02   0.351637E-01   0.843484E-01
    7731922790.513500872068   0.575087E-02  -0.323628E-01  -0.775279E-01
    7741925347.436389089562   0.723938E-02   0.289132E-01   0.691705E-01
    7751927532.376126026269   0.954353E-02  -0.324170E-01  -0.775088E-01
    7761929064.114186177729   0.869851E-02   0.322316E-01   0.769516E-01
    7771931732.552718845196   0.731948E-02  -0.280961E-01  -0.670040E-01
    7781933715.019570196513   0.695963E-02   0.284787E-01   0.678504E-01
    7791936276.089314419078   0.737337E-02  -0.282041E-01  -0.670992E-01
    7801938145.415492878063   0.539918E-02   0.411672E-01   0.978377E-01
    7811940382.153437677771   0.450474E-02  -0.432227E-01  -0.102628E+00
    7821942661.803768683923   0.763420E-02   0.265200E-01   0.628394E-01
    7831944679.046831037151   0.781028E-02  -0.263956E-01  -0.625109E-01
    7841946783.237822216935   0.698067E-02   0.255824E-01   0.605205E-01
    7851949296.562865680084   0.786422E-02  -0.255813E-01  -0.604560E-01
    7861951205.142396545969   0.769543E-02   0.335694E-01   0.792456E-01
    7871952903.913943948690   0.700499E-02  -0.313629E-01  -0.739346E-01
    7881955273.900445632869   0.477213E-02   0.340367E-01   0.801458E-01
    7891957400.213502558414   0.499161E-02  -0.315916E-01  -0.743430E-01
    7901959405.942517798161   0.726498E-02   0.186163E-01   0.437470E-01
    7911961891.467944055563   0.498808E-02  -0.269957E-01  -0.633760E-01
    7921963830.935083587421   0.637303E-02   0.233823E-01   0.548372E-01
    7931966103.902928664349   0.780919E-02  -0.227064E-01  -0.531827E-01
    7941967740.141534739640   0.559146E-02   0.318515E-01   0.745387E-01
    7951969896.444329168415   0.622294E-02  -0.219975E-01  -0.514211E-01
    7961972088.494924494764   0.686934E-02   0.195091E-01   0.455582E-01
    7971973970.370571300155   0.487012E-02  -0.251623E-01  -0.586926E-01
    7981976336.056557756849   0.501874E-02   0.232167E-01   0.540779E-01
    7991978439.655634956434   0.476542E-02  -0.322675E-01  -0.751011E-01
    8001980049.858197192661   0.521690E-02   0.282380E-01   0.656455E-01
    8011982510.221176061779   0.362215E-02  -0.396184E-01  -0.919998E-01
    8021984332.501233824762   0.646095E-02   0.283336E-01   0.657543E-01
    8031986045.326374577591   0.364118E-02  -0.463786E-01  -0.107547E+00
    8041988244.132932857843   0.781551E-02   0.206210E-01   0.477793E-01
    8051989910.201662932290   0.429288E-02  -0.349592E-01  -0.808836E-01
    8061992312.151235142257   0.501979E-02   0.323753E-01   0.748084E-01
    8071993836.584669231670   0.619564E-02  -0.293206E-01  -0.677123E-01
    8081995672.054554852424   0.406168E-02   0.338179E-01   0.779967E-01
    8091997833.450780671556   0.601947E-02  -0.205704E-01  -0.473945E-01
    8101999517.905637158314   0.501115E-02   0.220923E-01   0.508845E-01
    8112001821.471240173792   0.593038E-02  -0.177169E-01  -0.407317E-01
    8122003520.377146420069   0.518451E-02   0.222192E-01   0.510453E-01
    8132005289.360859412933   0.438123E-02  -0.208490E-01  -0.478508E-01
    8142007692.502585679991   0.348407E-02   0.281672E-01   0.645763E-01
    8152009327.190085260663   0.680465E-02  -0.188194E-01  -0.431061E-01
    8162010828.608858843334   0.478326E-02   0.213676E-01   0.488690E-01
    8172013387.600288575282   0.362888E-02  -0.324806E-01  -0.742523E-01
    8182014549.480439322069   0.551577E-02   0.226806E-01   0.518209E-01
    8192016639.183439221466   0.504699E-02  -0.171572E-01  -0.391572E-01
    8202018342.162905087229   0.369526E-02   0.205254E-01   0.468215E-01
    8212020443.992173075443   0.522189E-02  -0.134377E-01  -0.305741E-01
    8222022129.143319521565   0.213919E-02   0.325619E-01   0.741113E-01
    8232024130.230103195412   0.201334E-02  -0.338878E-01  -0.770998E-01
    8242025809.228973360965   0.631792E-02   0.105156E-01   0.239177E-01
    8252027988.310243574902   0.580419E-02  -0.137320E-01  -0.311504E-01
    8262029587.122129888041   0.852398E-02   0.132740E-01   0.300818E-01
    8272031033.764979396248   0.548092E-02  -0.205504E-01  -0.465787E-01
    8282032673.209876962705   0.441403E-02   0.187153E-01   0.423684E-01
    8292034847.712471849518   0.369300E-02  -0.245299E-01  -0.554891E-01
    8302036192.896897686413   0.463318E-02   0.224886E-01   0.508375E-01
    8312037782.908726573689   0.240752E-02  -0.346476E-01  -0.782567E-01
    8322039299.091862618923   0.196404E-02   0.283835E-01   0.640567E-01
    8332041181.239309392171   0.210155E-02  -0.141386E-01  -0.318938E-01
    8342043810.211839487543   0.188564E-02   0.182686E-01   0.411399E-01
    8352045403.696687385673   0.258413E-02  -0.227334E-01  -0.511344E-01
    8362047025.109090182930   0.346707E-02   0.268070E-01   0.602520E-01
    8372048131.525764666498   0.440729E-02  -0.195990E-01  -0.440247E-01
    8382050316.607399873668   0.414715E-02   0.212152E-01   0.476215E-01
    8392051372.415728352265   0.406296E-02  -0.221453E-01  -0.496880E-01
    8402053404.091153041460   0.542819E-02   0.145426E-01   0.325888E-01
    8412054716.742154549342   0.568650E-02  -0.165103E-01  -0.369903E-01
    8422056033.835020326311   0.316521E-02   0.231263E-01   0.517684E-01
    8432057470.235569160432   0.442526E-02  -0.878848E-02  -0.196493E-01
    8442059816.378322658595   0.180867E-02   0.170046E-01   0.379768E-01
    8452060872.759173654253   0.116032E-02  -0.227343E-01  -0.507538E-01
    8462063532.089451421052   0.378559E-02   0.556155E-02   0.123888E-01
    8472065225.434389544185   0.132057E-02  -0.336079E-01  -0.749066E-01
    8482066718.103006805992   0.365243E-02   0.254139E-01   0.565778E-01
    8492067790.508680568775   0.380604E-02  -0.301140E-01  -0.669907E-01
    8502069376.480947402073   0.558938E-02   0.251622E-01   0.559357E-01
    8512070317.916298021330   0.561706E-02  -0.236792E-01  -0.526268E-01
    8522071819.243547351332   0.480665E-02   0.150942E-01   0.335208E-01
    8532073595.959079605294   0.474804E-02  -0.143276E-01  -0.317800E-01
    8542074790.071155278012   0.253492E-02   0.264003E-01   0.585417E-01
    8552076416.336942844093   0.434649E-02  -0.145441E-01  -0.322075E-01
    8562077469.450394463260   0.520589E-02   0.100764E-01   0.223148E-01
    8572079296.814341319259   0.211902E-02  -0.200373E-01  -0.443046E-01
    8582080190.703702148283   0.187394E-02   0.182764E-01   0.404036E-01
    8592081992.774190688971   0.708374E-03  -0.212682E-01  -0.470194E-01
    8602083288.792396123288   0.282130E-03   0.318634E-01   0.703360E-01
    8612086386.098969018320   0.213215E-02  -0.106954E-01  -0.235815E-01
    8622087202.379939231090   0.453688E-02   0.109577E-01   0.241532E-01
    8632088038.323850275716   0.170692E-02  -0.246214E-01  -0.542398E-01
    8642089678.775710354559   0.268201E-02   0.101483E-01   0.223578E-01
    8652091183.859876452247   0.183219E-02  -0.218124E-01  -0.479682E-01
    8662092202.735686875647   0.225386E-02   0.205358E-01   0.451433E-01
    8672093475.941249078140   0.271854E-02  -0.142839E-01  -0.313766E-01
    8682094789.152357996907   0.217640E-02   0.173095E-01   0.380142E-01
    8692095794.028108152328   0.113928E-02  -0.245932E-01  -0.539736E-01
    8702097587.157116862945   0.137751E-02   0.164649E-01   0.361027E-01
    8712098809.566607126035   0.269728E-02  -0.191567E-01  -0.419986E-01
    8722099200.939285196830   0.193385E-02   0.209329E-01   0.458542E-01
    8732102107.915308808442   0.208197E-02  -0.300144E-01  -0.656992E-01
    8742102296.845596184023   0.899011E-03   0.745345E-01   0.163039E+00
    8752103723.804677467328   0.965196E-03  -0.122314E-01  -0.267896E-01
    8762105663.797634354793   0.167741E-02   0.115305E-01   0.251861E-01
    8772106555.193653353956   0.433581E-02  -0.809823E-02  -0.176819E-01
    8782107534.883186757565   0.288444E-02   0.158158E-01   0.345256E-01
    8792108248.621544127818   0.197198E-02  -0.176511E-01  -0.384930E-01
    8802109486.587797436398   0.420322E-02   0.336857E-02   0.734957E-02
    8812110964.229459048714   0.422293E-03  -0.250768E-01  -0.546291E-01
    8822112285.706894119736   0.188332E-02   0.892423E-02   0.194315E-01
    8832113325.066807173658   0.211905E-02  -0.188433E-01  -0.410029E-01
    8842113864.907160323579   0.116132E-02   0.387553E-01   0.843001E-01
    8852114617.107357436325   0.671461E-03  -0.322583E-01  -0.701696E-01
    8862115834.286435625516   0.198467E-02   0.962438E-02   0.209195E-01
    8872116064.455909283366   0.691572E-03  -0.201680E-01  -0.438323E-01
    8882118289.203688453417   0.119164E-02   0.646369E-03   0.139067E-02
    8892119117.489127919544   0.162678E-03  -0.560413E-02  -0.121604E-01
    8902119638.996753667481   0.152090E-03   0.315913E-02   0.684075E-02
    8912121015.553906123154   0.150489E-02  -0.287735E-04  -0.875329E-04
    8922123162.959389666561   0.159878E-03   0.532906E-04   0.109765E-03
    8932124780.418321076781   0.462601E-03  -0.163854E-04  -0.354593E-04
    8942126711.779965973925   0.524192E-03   0.513120E-04   0.110928E-03
    8952127880.264661444351   0.119308E-03  -0.191413E-02  -0.413539E-02
    8962128432.762475145049  -0.170232E-02  -0.403056E-03  -0.870276E-03
    8972128876.876278027426   0.832341E-03  -0.965737E-03  -0.210178E-02
    8982129556.960762738716   0.169127E-02   0.354333E-03   0.767267E-03
    8992130138.116301846225   0.122763E-02  -0.357826E-03  -0.772550E-03
    9002130599.102344286628   0.184193E-02   0.950531E-04   0.205171E-03
    9012132168.568450276274   0.186886E-02  -0.167523E-04  -0.361403E-04
    9022132756.878783533350   0.422859E-03   0.724672E-04   0.160791E-03
    9032133434.290823528543   0.144141E-02  -0.115619E-04  -0.276919E-04
    9042134146.661420673598  -0.395288E-03  -0.291404E-04  -0.627867E-04
    9052134364.421664830297   0.237821E-02  -0.260094E-05  -0.108138E-05
    9062136025.549245380331   0.283949E-02   0.136872E-07   0.306437E-07
    9072137601.851160190534   0.133018E-02  -0.391334E-08  -0.530403E-08
    9082138779.474395501893   0.154424E-02   0.197269E-08  -0.750035E-06
    9092139172.685201460030   0.643806E-03  -0.246198E-08   0.163162E-04
    9102141514.682256726548   0.473251E-03   0.107568E-09  -0.468547E-05
    9112142684.911629739217   0.101726E-11  -0.770858E-01  -0.165412E+00
    9122142953.055844395421  -0.831216E-03  -0.691669E-10   0.348879E-04
    9132144261.794267878868  -0.960790E-03   0.239720E-11   0.448193E-09
    9142147432.770604260266   0.402045E-02   0.166317E-12  -0.948459E-08
    9152148544.042157472111   0.389176E-03  -0.114474E-10  -0.445502E-08
    9162149049.969372070860   0.116797E-02   0.111710E-10  -0.863678E-08
    9172149337.966364816297   0.250076E-03  -0.462508E-10  -0.770507E-08
    9182149944.108041553758   0.242109E-02   0.123333E-11  -0.131882E-04
    9192150588.555018040352   0.291014E-03  -0.202920E-11  -0.107194E-08
    9202152218.362510961946   0.125196E-02   0.341971E-13  -0.905972E-08
    9212153287.636758427601   0.273018E-03  -0.770588E-13   0.297709E-04
    9222154542.214724876452   0.283405E-02   0.186067E-13   0.338600E-05
    9232154685.785245424137  -0.103846E-13   0.390759E-02   0.834133E-02
    9242156394.058784353081   0.279588E-02   0.463591E-14   0.314189E-08
    9252156772.594709255267   0.688576E-13  -0.810807E-03  -0.172838E-02
    9262156802.352969368454   0.236532E-02   0.207736E-13   0.621910E-09
    9272159630.820493601728   0.452914E-10  -0.496262E-04  -0.730495E-04
    9282159630.835852193646  -0.919621E-03  -0.244377E-11   0.325929E-04
    9292160671.905890851747   0.239156E-11  -0.971865E-04  -0.220764E-03
    9302160671.952122456394  -0.423621E-02  -0.554768E-13  -0.139792E-04
    9312163092.192866885103   0.523585E-08  -0.283480E-05  -0.184121E-04
    9322163092.192893919069  -0.101882E-02  -0.145691E-10  -0.123876E-04
    9332164036.493085908238   0.555883E-07  -0.750767E-06  -0.159486E-05
    9342164036.493087632582  -0.718918E-03  -0.580507E-10  -0.135636E-09
    9352168550.037599598058  -0.954230E-04   0.494043E-09   0.642787E-08
    9362168550.037599621806   0.181333E-02   0.259974E-10  -0.478723E-08
    9372169641.448331172112  -0.575396E-05   0.186054E-07   0.489142E-07
    9382169641.448331197258   0.437495E-03   0.244700E-09   0.102661E-07
    9392170833.184833625332  -0.374670E-07   0.363583E-06   0.771784E-06
    9402170833.184833873995   0.148921E-04   0.914734E-09   0.382953E-08
    9412171428.138218201697   0.154114E-04  -0.326568E-08   0.826178E-05
    9422171428.138218227774  -0.997261E-03  -0.504676E-10  -0.801712E-05
    9432172835.213965267409   0.186040E-04  -0.872532E-10   0.220870E-08
    9442172835.213965294417  -0.278885E-02  -0.581609E-12   0.242410E-08
    9452173387.488141187932   0.111889E-04  -0.169573E-10   0.866119E-05
    9462173387.488141213078   0.255730E-02   0.736831E-13  -0.873735E-05
    9472177205.063447862864   0.983892E-16   0.347057E-03   0.732717E-03
    9482177205.216508520767  -0.148694E-05  -0.370991E-11   0.287364E-09
    9492177205.216508548241   0.352994E-03  -0.155550E-13   0.297831E-09
    9502181362.438131672330   0.621107E-05   0.265410E-07  -0.212692E-04
    9512181362.438131679315  -0.577034E-04   0.369460E-08  -0.274922E-04
    9522181362.438131704926   0.230245E-02   0.209964E-10  -0.255726E-04
    9532183760.563814949244  -0.509660E-09   0.755869E-06  -0.360360E-04
    9542183760.563815393485  -0.228517E-05  -0.327634E-08  -0.371612E-04
    9552183760.563815417700   0.580046E-03  -0.122447E-10  -0.376117E-04
    9562184096.773942744359  -0.149445E-05  -0.525933E-07  -0.111538E-06
    9572184096.773942755070   0.396593E-04  -0.290432E-08  -0.705989E-08
    9582184096.773942778818   0.353763E-02   0.103413E-10   0.941319E-09
    9592190775.771464684978  -0.130182E-05   0.458521E-12   0.601988E-09
    9602190775.771464688238   0.338484E-04   0.202574E-13  -0.538179E-09
    9612190775.771464712918   0.158969E-02  -0.136875E-14   0.588755E-09
    9622191111.368190635461  -0.158553E-04  -0.379676E-13   0.495446E-08
    9632191111.368190637790   0.654061E-04  -0.106245E-13   0.849272E-08
    9642191111.368190660607   0.315973E-02  -0.200454E-15  -0.718266E-08
    9652193610.484025290236   0.167582E-04  -0.751315E-11  -0.390448E-04
    9662193610.484025295824  -0.603111E-04  -0.260337E-11   0.198663E-04
    9672193610.484025317244   0.169716E-02  -0.177829E-13  -0.293848E-04
    9682193610.509007243905  -0.337910E-16  -0.184388E-03  -0.416769E-03
    9692193799.705667722505  -0.608149E-07   0.895946E-13   0.307117E-08
    9702193799.705667729024   0.116088E-05   0.642846E-14  -0.267653E-08
    9712193799.705667750444  -0.868286E-03   0.258921E-15   0.287524E-08
    9722204483.285186766181   0.303115E-06   0.877748E-13   0.207450E-08
    9732204483.285186767578   0.837654E-07  -0.328687E-12  -0.126887E-08
    9742204483.285186785739   0.148721E-04   0.312005E-15  -0.186471E-08
    9752204483.285186801106  -0.110042E-02   0.537573E-15   0.173649E-08
    9762204584.426062930841  -0.338813E-18   0.127982E-04   0.501280E-05
    9772204584.426274377853  -0.208123E-05   0.140502E-09   0.313075E-04
    9782204584.426274391357   0.624786E-05   0.244662E-09   0.518024E-05
    9792204584.426274398342  -0.774266E-04   0.222944E-10   0.212015E-04
    9802204584.426274406724   0.142098E-02   0.344640E-12  -0.205193E-04
    9812213249.404291336425   0.118715E-07  -0.211286E-08  -0.336892E-08
    9822213249.404291344341   0.725409E-07   0.180056E-08   0.207054E-08
    9832213249.404291351791  -0.221842E-06   0.905459E-09  -0.317551E-08
    9842213249.404291359242  -0.227477E-05  -0.460951E-10   0.378411E-08
    9852213249.404291386250  -0.178190E-02   0.141592E-13  -0.377670E-08
    9862213249.404291390441   0.197340E-03   0.782679E-13  -0.322691E-08
    9872216480.877001686022   0.132662E-52   0.545255E-02   0.112838E-01
    9882216509.555772833526  -0.443097E-07  -0.919898E-12   0.720351E-05
    9892216509.555772843305  -0.327253E-06   0.699470E-12  -0.939526E-05
    9902216509.555772851687   0.117245E-05   0.422379E-12  -0.172066E-04
    9912216509.555772857275   0.242073E-05  -0.142249E-12   0.328303E-04
    9922216509.555772876833  -0.670648E-04  -0.119499E-15   0.179992E-04
    9932216509.555772884749   0.256595E-03   0.545183E-15   0.255155E-04
    9942223785.331734026317  -0.709453E-41  -0.113732E-14   0.909729E-09
    9952223785.331734032370   0.125346E-40   0.130764E-14  -0.169672E-09
    9962223785.331734035630   0.733921E-77   0.735891E-13   0.658873E-09
    9972223785.331734037958   0.525869E-28  -0.555000E-15  -0.657677E-09
    9982223785.331734047737   0.188229E-15  -0.363387E-15  -0.636167E-09
    9992223785.331734062638   0.731002E-03   0.268417E-15  -0.942492E-09
   10002223785.331734065898   0.103998E-02  -0.119378E-14  -0.142368E-09
